New log file opened at Tue May 12 11:38:32 CEST 2015 by 98996@Laban
Sending msg to client activator-52921316-71cf-4f17-ae1c-d9baa0c2fcab: DetachedLogEvent(LogMessage(debug,	[NOT REQUIRED] com.google.javascript#closure-compiler;v20130603!closure-compiler.jar))
Sending msg to client activator-52921316-71cf-4f17-ae1c-d9baa0c2fcab: DetachedLogEvent(LogMessage(debug,	[NOT REQUIRED] com.google.guava#guava;16.0.1!guava.jar(bundle)))
Sending msg to client activator-52921316-71cf-4f17-ae1c-d9baa0c2fcab: DetachedLogEvent(LogMessage(debug,	[NOT REQUIRED] org.avaje.ebeanorm#avaje-ebeanorm-agent;3.2.2!avaje-ebeanorm-agent.jar))
Sending msg to client activator-52921316-71cf-4f17-ae1c-d9baa0c2fcab: DetachedLogEvent(LogMessage(debug,	[NOT REQUIRED] com.h2database#h2;1.3.175!h2.jar))
Sending msg to client activator-52921316-71cf-4f17-ae1c-d9baa0c2fcab: DetachedLogEvent(LogMessage(debug,	[NOT REQUIRED] net.contentobjects.jnotify#jnotify;0.94!jnotify.jar))
Sending msg to client activator-52921316-71cf-4f17-ae1c-d9baa0c2fcab: DetachedLogEvent(LogMessage(debug,	[NOT REQUIRED] com.typesafe.sbt#sbt-twirl;1.0.2!sbt-twirl.jar))
Sending msg to client activator-52921316-71cf-4f17-ae1c-d9baa0c2fcab: DetachedLogEvent(LogMessage(debug,	[NOT REQUIRED] com.typesafe.sbteclipse#sbteclipse-plugin;3.0.0!sbteclipse-plugin.jar))
Sending msg to client activator-52921316-71cf-4f17-ae1c-d9baa0c2fcab: DetachedLogEvent(LogMessage(debug,	[NOT REQUIRED] com.github.mpeltonen#sbt-idea;1.5.1!sbt-idea.jar))
Sending msg to client activator-52921316-71cf-4f17-ae1c-d9baa0c2fcab: DetachedLogEvent(LogMessage(debug,	[NOT REQUIRED] com.typesafe.sbt#sbt-js-engine;1.0.1!sbt-js-engine.jar))
Sending msg to client activator-52921316-71cf-4f17-ae1c-d9baa0c2fcab: DetachedLogEvent(LogMessage(debug,	[NOT REQUIRED] com.typesafe.sbt#sbt-webdriver;1.0.0!sbt-webdriver.jar))
Sending msg to client activator-52921316-71cf-4f17-ae1c-d9baa0c2fcab: DetachedLogEvent(LogMessage(debug,	[NOT REQUIRED] org.json#json;20090211!json.jar))
Sending msg to client activator-52921316-71cf-4f17-ae1c-d9baa0c2fcab: DetachedLogEvent(LogMessage(debug,	[NOT REQUIRED] com.typesafe.play#twirl-compiler_2.10;1.0.2!twirl-compiler_2.10.jar))
Sending msg to client activator-52921316-71cf-4f17-ae1c-d9baa0c2fcab: DetachedLogEvent(LogMessage(debug,	[NOT REQUIRED] com.typesafe.play#twirl-api_2.10;1.0.2!twirl-api_2.10.jar))
Sending msg to client activator-52921316-71cf-4f17-ae1c-d9baa0c2fcab: DetachedLogEvent(LogMessage(debug,	[NOT REQUIRED] com.typesafe.play#twirl-parser_2.10;1.0.2!twirl-parser_2.10.jar))
Sending msg to client activator-52921316-71cf-4f17-ae1c-d9baa0c2fcab: DetachedLogEvent(LogMessage(debug,	[NOT REQUIRED] com.typesafe.sbteclipse#sbteclipse-core;3.0.0!sbteclipse-core.jar))
Sending msg to client activator-52921316-71cf-4f17-ae1c-d9baa0c2fcab: DetachedLogEvent(LogMessage(debug,	[NOT REQUIRED] org.scalaz#scalaz-core_2.10;7.0.2!scalaz-core_2.10.jar(bundle)))
Sending msg to client activator-52921316-71cf-4f17-ae1c-d9baa0c2fcab: DetachedLogEvent(LogMessage(debug,	[NOT REQUIRED] org.scalaz#scalaz-effect_2.10;7.0.2!scalaz-effect_2.10.jar(bundle)))
Sending msg to client activator-52921316-71cf-4f17-ae1c-d9baa0c2fcab: DetachedLogEvent(LogMessage(debug,	[NOT REQUIRED] com.typesafe#jse_2.10;1.0.0!jse_2.10.jar))
Sending msg to client activator-52921316-71cf-4f17-ae1c-d9baa0c2fcab: DetachedLogEvent(LogMessage(debug,	[NOT REQUIRED] com.typesafe#npm_2.10;1.0.0!npm_2.10.jar))
Sending msg to client activator-52921316-71cf-4f17-ae1c-d9baa0c2fcab: DetachedLogEvent(LogMessage(debug,	[NOT REQUIRED] com.typesafe.sbt#sbt-web;1.0.2!sbt-web.jar))
Sending msg to client activator-52921316-71cf-4f17-ae1c-d9baa0c2fcab: DetachedLogEvent(LogMessage(debug,	[NOT REQUIRED] com.typesafe.akka#akka-actor_2.10;2.3.2!akka-actor_2.10.jar))
Sending msg to client activator-52921316-71cf-4f17-ae1c-d9baa0c2fcab: DetachedLogEvent(LogMessage(debug,	[NOT REQUIRED] com.typesafe.akka#akka-contrib_2.10;2.3.2!akka-contrib_2.10.jar))
Sending msg to client activator-52921316-71cf-4f17-ae1c-d9baa0c2fcab: DetachedLogEvent(LogMessage(debug,	[NOT REQUIRED] io.apigee.trireme#trireme-core;0.7.5!trireme-core.jar))
Sending msg to client activator-52921316-71cf-4f17-ae1c-d9baa0c2fcab: DetachedLogEvent(LogMessage(debug,	[NOT REQUIRED] io.apigee.trireme#trireme-node10src;0.7.5!trireme-node10src.jar))
Sending msg to client activator-52921316-71cf-4f17-ae1c-d9baa0c2fcab: DetachedLogEvent(LogMessage(debug,	[NOT REQUIRED] io.spray#spray-json_2.10;1.2.6!spray-json_2.10.jar(bundle)))
Sending msg to client activator-52921316-71cf-4f17-ae1c-d9baa0c2fcab: DetachedLogEvent(LogMessage(debug,	[NOT REQUIRED] org.slf4j#slf4j-simple;1.7.7!slf4j-simple.jar))
Sending msg to client activator-52921316-71cf-4f17-ae1c-d9baa0c2fcab: DetachedLogEvent(LogMessage(debug,	[NOT REQUIRED] com.typesafe.akka#akka-remote_2.10;2.3.2!akka-remote_2.10.jar))
Sending msg to client activator-52921316-71cf-4f17-ae1c-d9baa0c2fcab: DetachedLogEvent(LogMessage(debug,	[NOT REQUIRED] com.typesafe.akka#akka-cluster_2.10;2.3.2!akka-cluster_2.10.jar))
Sending msg to client activator-52921316-71cf-4f17-ae1c-d9baa0c2fcab: DetachedLogEvent(LogMessage(debug,	[NOT REQUIRED] com.typesafe.akka#akka-persistence-experimental_2.10;2.3.2!akka-persistence-experimental_2.10.jar))
Sending msg to client activator-52921316-71cf-4f17-ae1c-d9baa0c2fcab: DetachedLogEvent(LogMessage(debug,	[NOT REQUIRED] io.netty#netty;3.8.0.Final!netty.jar(bundle)))
Sending msg to client activator-52921316-71cf-4f17-ae1c-d9baa0c2fcab: DetachedLogEvent(LogMessage(debug,	[NOT REQUIRED] com.google.protobuf#protobuf-java;2.5.0!protobuf-java.jar(bundle)))
Sending msg to client activator-52921316-71cf-4f17-ae1c-d9baa0c2fcab: DetachedLogEvent(LogMessage(debug,	[NOT REQUIRED] org.uncommons.maths#uncommons-maths;1.2.2a!uncommons-maths.jar))
Sending msg to client activator-52921316-71cf-4f17-ae1c-d9baa0c2fcab: DetachedLogEvent(LogMessage(debug,	[NOT REQUIRED] org.iq80.leveldb#leveldb;0.5!leveldb.jar))
Sending msg to client activator-52921316-71cf-4f17-ae1c-d9baa0c2fcab: DetachedLogEvent(LogMessage(debug,	[NOT REQUIRED] org.fusesource.leveldbjni#leveldbjni-all;1.7!leveldbjni-all.jar(bundle)))
Sending msg to client activator-52921316-71cf-4f17-ae1c-d9baa0c2fcab: DetachedLogEvent(LogMessage(debug,	[NOT REQUIRED] org.iq80.leveldb#leveldb-api;0.5!leveldb-api.jar))
Sending msg to client activator-52921316-71cf-4f17-ae1c-d9baa0c2fcab: DetachedLogEvent(LogMessage(debug,	[NOT REQUIRED] org.fusesource.leveldbjni#leveldbjni;1.7!leveldbjni.jar))
Sending msg to client activator-52921316-71cf-4f17-ae1c-d9baa0c2fcab: DetachedLogEvent(LogMessage(debug,	[NOT REQUIRED] org.fusesource.leveldbjni#leveldbjni-osx;1.5!leveldbjni-osx.jar))
Sending msg to client activator-52921316-71cf-4f17-ae1c-d9baa0c2fcab: DetachedLogEvent(LogMessage(debug,	[NOT REQUIRED] org.fusesource.leveldbjni#leveldbjni-linux32;1.5!leveldbjni-linux32.jar))
Sending msg to client activator-52921316-71cf-4f17-ae1c-d9baa0c2fcab: DetachedLogEvent(LogMessage(debug,	[NOT REQUIRED] org.fusesource.leveldbjni#leveldbjni-linux64;1.5!leveldbjni-linux64.jar))
Sending msg to client activator-52921316-71cf-4f17-ae1c-d9baa0c2fcab: DetachedLogEvent(LogMessage(debug,	[NOT REQUIRED] org.fusesource.leveldbjni#leveldbjni-win32;1.5!leveldbjni-win32.jar))
Sending msg to client activator-52921316-71cf-4f17-ae1c-d9baa0c2fcab: DetachedLogEvent(LogMessage(debug,	[NOT REQUIRED] org.fusesource.leveldbjni#leveldbjni-win64;1.5!leveldbjni-win64.jar))
Sending msg to client activator-52921316-71cf-4f17-ae1c-d9baa0c2fcab: DetachedLogEvent(LogMessage(debug,	[NOT REQUIRED] org.fusesource.hawtjni#hawtjni-runtime;1.8!hawtjni-runtime.jar))
Sending msg to client activator-52921316-71cf-4f17-ae1c-d9baa0c2fcab: DetachedLogEvent(LogMessage(debug,	[NOT REQUIRED] org.parboiled#parboiled-scala_2.10;1.1.6!parboiled-scala_2.10.jar(bundle)))
Sending msg to client activator-52921316-71cf-4f17-ae1c-d9baa0c2fcab: DetachedLogEvent(LogMessage(debug,	[NOT REQUIRED] org.parboiled#parboiled-core;1.1.6!parboiled-core.jar(bundle)))
Sending msg to client activator-52921316-71cf-4f17-ae1c-d9baa0c2fcab: DetachedLogEvent(LogMessage(debug,	[NOT REQUIRED] org.slf4j#slf4j-api;1.7.7!slf4j-api.jar))
Sending msg to client activator-52921316-71cf-4f17-ae1c-d9baa0c2fcab: DetachedLogEvent(LogMessage(debug,	[NOT REQUIRED] org.webjars#npm;1.3.26!npm.jar))
Sending msg to client activator-52921316-71cf-4f17-ae1c-d9baa0c2fcab: DetachedLogEvent(LogMessage(debug,	[NOT REQUIRED] org.webjars#webjars-locator;0.14!webjars-locator.jar))
Sending msg to client activator-52921316-71cf-4f17-ae1c-d9baa0c2fcab: DetachedLogEvent(LogMessage(debug,	[NOT REQUIRED] com.fasterxml.jackson.core#jackson-databind;2.3.3!jackson-databind.jar(bundle)))
Sending msg to client activator-52921316-71cf-4f17-ae1c-d9baa0c2fcab: DetachedLogEvent(LogMessage(debug,	[NOT REQUIRED] com.fasterxml.jackson.core#jackson-annotations;2.3.0!jackson-annotations.jar(bundle)))
Sending msg to client activator-52921316-71cf-4f17-ae1c-d9baa0c2fcab: DetachedLogEvent(LogMessage(debug,	[NOT REQUIRED] com.fasterxml.jackson.core#jackson-core;2.3.3!jackson-core.jar(bundle)))
Sending msg to client activator-52921316-71cf-4f17-ae1c-d9baa0c2fcab: DetachedLogEvent(LogMessage(debug,	[NOT REQUIRED] com.typesafe#webdriver_2.10;1.0.0!webdriver_2.10.jar))
Sending msg to client activator-52921316-71cf-4f17-ae1c-d9baa0c2fcab: DetachedLogEvent(LogMessage(debug,	[NOT REQUIRED] io.spray#spray-client;1.3.1!spray-client.jar(bundle)))
Sending msg to client activator-52921316-71cf-4f17-ae1c-d9baa0c2fcab: DetachedLogEvent(LogMessage(debug,	[NOT REQUIRED] net.sourceforge.htmlunit#htmlunit;2.14!htmlunit.jar))
Sending msg to client activator-52921316-71cf-4f17-ae1c-d9baa0c2fcab: DetachedLogEvent(LogMessage(debug,	[NOT REQUIRED] io.spray#spray-can;1.3.1!spray-can.jar(bundle)))
Sending msg to client activator-52921316-71cf-4f17-ae1c-d9baa0c2fcab: DetachedLogEvent(LogMessage(debug,	[NOT REQUIRED] io.spray#spray-http;1.3.1!spray-http.jar(bundle)))
Sending msg to client activator-52921316-71cf-4f17-ae1c-d9baa0c2fcab: DetachedLogEvent(LogMessage(debug,	[NOT REQUIRED] io.spray#spray-httpx;1.3.1!spray-httpx.jar(bundle)))
Sending msg to client activator-52921316-71cf-4f17-ae1c-d9baa0c2fcab: DetachedLogEvent(LogMessage(debug,	[NOT REQUIRED] io.spray#spray-util;1.3.1!spray-util.jar(bundle)))
Sending msg to client activator-52921316-71cf-4f17-ae1c-d9baa0c2fcab: DetachedLogEvent(LogMessage(debug,	[NOT REQUIRED] io.spray#spray-io;1.3.1!spray-io.jar(bundle)))
Sending msg to client activator-52921316-71cf-4f17-ae1c-d9baa0c2fcab: DetachedLogEvent(LogMessage(debug,	[NOT REQUIRED] org.jvnet.mimepull#mimepull;1.9.4!mimepull.jar))
Sending msg to client activator-52921316-71cf-4f17-ae1c-d9baa0c2fcab: DetachedLogEvent(LogMessage(debug,	[NOT REQUIRED] xalan#xalan;2.7.1!xalan.jar))
Sending msg to client activator-52921316-71cf-4f17-ae1c-d9baa0c2fcab: DetachedLogEvent(LogMessage(debug,	[NOT REQUIRED] commons-collections#commons-collections;3.2.1!commons-collections.jar))
Sending msg to client activator-52921316-71cf-4f17-ae1c-d9baa0c2fcab: DetachedLogEvent(LogMessage(debug,	[NOT REQUIRED] org.apache.commons#commons-lang3;3.2.1!commons-lang3.jar))
Sending msg to client activator-52921316-71cf-4f17-ae1c-d9baa0c2fcab: DetachedLogEvent(LogMessage(debug,	[NOT REQUIRED] org.apache.httpcomponents#httpclient;4.3.2!httpclient.jar))
Sending msg to client activator-52921316-71cf-4f17-ae1c-d9baa0c2fcab: DetachedLogEvent(LogMessage(debug,	[NOT REQUIRED] org.apache.httpcomponents#httpmime;4.3.2!httpmime.jar))
Sending msg to client activator-52921316-71cf-4f17-ae1c-d9baa0c2fcab: DetachedLogEvent(LogMessage(debug,	[NOT REQUIRED] commons-codec#commons-codec;1.9!commons-codec.jar))
Sending msg to client activator-52921316-71cf-4f17-ae1c-d9baa0c2fcab: DetachedLogEvent(LogMessage(debug,	[NOT REQUIRED] net.sourceforge.htmlunit#htmlunit-core-js;2.14!htmlunit-core-js.jar))
Sending msg to client activator-52921316-71cf-4f17-ae1c-d9baa0c2fcab: DetachedLogEvent(LogMessage(debug,	[NOT REQUIRED] xerces#xercesImpl;2.11.0!xercesImpl.jar))
Sending msg to client activator-52921316-71cf-4f17-ae1c-d9baa0c2fcab: DetachedLogEvent(LogMessage(debug,	[NOT REQUIRED] net.sourceforge.nekohtml#nekohtml;1.9.20!nekohtml.jar))
Sending msg to client activator-52921316-71cf-4f17-ae1c-d9baa0c2fcab: DetachedLogEvent(LogMessage(debug,	[NOT REQUIRED] net.sourceforge.cssparser#cssparser;0.9.13!cssparser.jar))
Sending msg to client activator-52921316-71cf-4f17-ae1c-d9baa0c2fcab: DetachedLogEvent(LogMessage(debug,	[NOT REQUIRED] commons-io#commons-io;2.4!commons-io.jar))
Sending msg to client activator-52921316-71cf-4f17-ae1c-d9baa0c2fcab: DetachedLogEvent(LogMessage(debug,	[NOT REQUIRED] commons-logging#commons-logging;1.1.3!commons-logging.jar))
Sending msg to client activator-52921316-71cf-4f17-ae1c-d9baa0c2fcab: DetachedLogEvent(LogMessage(debug,	[NOT REQUIRED] org.eclipse.jetty#jetty-websocket;8.1.14.v20131031!jetty-websocket.jar))
Sending msg to client activator-52921316-71cf-4f17-ae1c-d9baa0c2fcab: DetachedLogEvent(LogMessage(debug,	[NOT REQUIRED] xalan#serializer;2.7.1!serializer.jar))
Sending msg to client activator-52921316-71cf-4f17-ae1c-d9baa0c2fcab: DetachedLogEvent(LogMessage(debug,	[NOT REQUIRED] org.apache.httpcomponents#httpcore;4.3.1!httpcore.jar))
Sending msg to client activator-52921316-71cf-4f17-ae1c-d9baa0c2fcab: DetachedLogEvent(LogMessage(debug,	[NOT REQUIRED] xml-apis#xml-apis;1.4.01!xml-apis.jar))
Sending msg to client activator-52921316-71cf-4f17-ae1c-d9baa0c2fcab: DetachedLogEvent(LogMessage(debug,	[NOT REQUIRED] org.w3c.css#sac;1.3!sac.jar))
Sending msg to client activator-52921316-71cf-4f17-ae1c-d9baa0c2fcab: DetachedLogEvent(LogMessage(debug,	[NOT REQUIRED] org.eclipse.jetty#jetty-util;8.1.14.v20131031!jetty-util.jar))
Sending msg to client activator-52921316-71cf-4f17-ae1c-d9baa0c2fcab: DetachedLogEvent(LogMessage(debug,	[NOT REQUIRED] org.eclipse.jetty#jetty-io;8.1.14.v20131031!jetty-io.jar))
Sending msg to client activator-52921316-71cf-4f17-ae1c-d9baa0c2fcab: DetachedLogEvent(LogMessage(debug,	[NOT REQUIRED] org.eclipse.jetty#jetty-http;8.1.14.v20131031!jetty-http.jar))
Sending msg to client activator-52921316-71cf-4f17-ae1c-d9baa0c2fcab: DetachedLogEvent(LogMessage(debug,	[NOT REQUIRED] com.heroku.sdk#heroku-deploy;0.3.0!heroku-deploy.jar))
Sending msg to client activator-52921316-71cf-4f17-ae1c-d9baa0c2fcab: DetachedLogEvent(LogMessage(debug,	[NOT REQUIRED] org.vafer#jdeb;1.3!jdeb.jar))
Sending msg to client activator-52921316-71cf-4f17-ae1c-d9baa0c2fcab: DetachedLogEvent(LogMessage(debug,	[NOT REQUIRED] org.apache.commons#commons-compress;1.7!commons-compress.jar))
Sending msg to client activator-52921316-71cf-4f17-ae1c-d9baa0c2fcab: DetachedLogEvent(LogMessage(debug,	[NOT REQUIRED] org.apache.maven#maven-core;3.2.2!maven-core.jar))
Sending msg to client activator-52921316-71cf-4f17-ae1c-d9baa0c2fcab: DetachedLogEvent(LogMessage(debug,	[NOT REQUIRED] org.apache.maven#maven-plugin-api;3.2.2!maven-plugin-api.jar))
Sending msg to client activator-52921316-71cf-4f17-ae1c-d9baa0c2fcab: DetachedLogEvent(LogMessage(debug,	[NOT REQUIRED] org.apache.ant#ant;1.9.3!ant.jar))
Sending msg to client activator-52921316-71cf-4f17-ae1c-d9baa0c2fcab: DetachedLogEvent(LogMessage(debug,	[NOT REQUIRED] org.bouncycastle#bcpg-jdk15on;1.51!bcpg-jdk15on.jar))
Sending msg to client activator-52921316-71cf-4f17-ae1c-d9baa0c2fcab: DetachedLogEvent(LogMessage(debug,	[NOT REQUIRED] org.tukaani#xz;1.4!xz.jar))
Sending msg to client activator-52921316-71cf-4f17-ae1c-d9baa0c2fcab: DetachedLogEvent(LogMessage(debug,	[NOT REQUIRED] org.apache.maven#maven-model;3.2.2!maven-model.jar))
Sending msg to client activator-52921316-71cf-4f17-ae1c-d9baa0c2fcab: DetachedLogEvent(LogMessage(debug,	[NOT REQUIRED] org.apache.maven#maven-settings;3.2.2!maven-settings.jar))
Sending msg to client activator-52921316-71cf-4f17-ae1c-d9baa0c2fcab: DetachedLogEvent(LogMessage(debug,	[NOT REQUIRED] org.apache.maven#maven-settings-builder;3.2.2!maven-settings-builder.jar))
Sending msg to client activator-52921316-71cf-4f17-ae1c-d9baa0c2fcab: DetachedLogEvent(LogMessage(debug,	[NOT REQUIRED] org.apache.maven#maven-repository-metadata;3.2.2!maven-repository-metadata.jar))
Sending msg to client activator-52921316-71cf-4f17-ae1c-d9baa0c2fcab: DetachedLogEvent(LogMessage(debug,	[NOT REQUIRED] org.apache.maven#maven-artifact;3.2.2!maven-artifact.jar))
Sending msg to client activator-52921316-71cf-4f17-ae1c-d9baa0c2fcab: DetachedLogEvent(LogMessage(debug,	[NOT REQUIRED] org.apache.maven#maven-model-builder;3.2.2!maven-model-builder.jar))
Sending msg to client activator-52921316-71cf-4f17-ae1c-d9baa0c2fcab: DetachedLogEvent(LogMessage(debug,	[NOT REQUIRED] org.apache.maven#maven-aether-provider;3.2.2!maven-aether-provider.jar))
Sending msg to client activator-52921316-71cf-4f17-ae1c-d9baa0c2fcab: DetachedLogEvent(LogMessage(debug,	[NOT REQUIRED] org.eclipse.aether#aether-impl;0.9.0.M2!aether-impl.jar))
Sending msg to client activator-52921316-71cf-4f17-ae1c-d9baa0c2fcab: DetachedLogEvent(LogMessage(debug,	[NOT REQUIRED] org.eclipse.aether#aether-api;0.9.0.M2!aether-api.jar))
Sending msg to client activator-52921316-71cf-4f17-ae1c-d9baa0c2fcab: DetachedLogEvent(LogMessage(debug,	[NOT REQUIRED] org.eclipse.aether#aether-util;0.9.0.M2!aether-util.jar))
Sending msg to client activator-52921316-71cf-4f17-ae1c-d9baa0c2fcab: DetachedLogEvent(LogMessage(debug,	[NOT REQUIRED] org.eclipse.sisu#org.eclipse.sisu.plexus;0.0.0.M5!org.eclipse.sisu.plexus.jar(eclipse-plugin)))
Sending msg to client activator-52921316-71cf-4f17-ae1c-d9baa0c2fcab: DetachedLogEvent(LogMessage(debug,	[NOT REQUIRED] org.codehaus.plexus#plexus-interpolation;1.19!plexus-interpolation.jar))
Sending msg to client activator-52921316-71cf-4f17-ae1c-d9baa0c2fcab: DetachedLogEvent(LogMessage(debug,	[NOT REQUIRED] org.codehaus.plexus#plexus-utils;3.0.17!plexus-utils.jar))
Sending msg to client activator-52921316-71cf-4f17-ae1c-d9baa0c2fcab: DetachedLogEvent(LogMessage(debug,	[NOT REQUIRED] org.codehaus.plexus#plexus-classworlds;2.5.1!plexus-classworlds.jar(bundle)))
Sending msg to client activator-52921316-71cf-4f17-ae1c-d9baa0c2fcab: DetachedLogEvent(LogMessage(debug,	[NOT REQUIRED] org.codehaus.plexus#plexus-component-annotations;1.5.5!plexus-component-annotations.jar))
Sending msg to client activator-52921316-71cf-4f17-ae1c-d9baa0c2fcab: DetachedLogEvent(LogMessage(debug,	[NOT REQUIRED] org.sonatype.plexus#plexus-sec-dispatcher;1.3!plexus-sec-dispatcher.jar))
Sending msg to client activator-52921316-71cf-4f17-ae1c-d9baa0c2fcab: DetachedLogEvent(LogMessage(debug,	[NOT REQUIRED] org.sonatype.plexus#plexus-cipher;1.7!plexus-cipher.jar))
Sending msg to client activator-52921316-71cf-4f17-ae1c-d9baa0c2fcab: DetachedLogEvent(LogMessage(debug,	[NOT REQUIRED] javax.enterprise#cdi-api;1.0!cdi-api.jar))
Sending msg to client activator-52921316-71cf-4f17-ae1c-d9baa0c2fcab: DetachedLogEvent(LogMessage(debug,	[NOT REQUIRED] org.sonatype.sisu#sisu-guice;3.1.3!sisu-guice.jar))
Sending msg to client activator-52921316-71cf-4f17-ae1c-d9baa0c2fcab: DetachedLogEvent(LogMessage(debug,	[NOT REQUIRED] org.eclipse.sisu#org.eclipse.sisu.inject;0.0.0.M5!org.eclipse.sisu.inject.jar(eclipse-plugin)))
Sending msg to client activator-52921316-71cf-4f17-ae1c-d9baa0c2fcab: DetachedLogEvent(LogMessage(debug,	[NOT REQUIRED] javax.annotation#jsr250-api;1.0!jsr250-api.jar))
Sending msg to client activator-52921316-71cf-4f17-ae1c-d9baa0c2fcab: DetachedLogEvent(LogMessage(debug,	[NOT REQUIRED] javax.inject#javax.inject;1!javax.inject.jar))
Sending msg to client activator-52921316-71cf-4f17-ae1c-d9baa0c2fcab: DetachedLogEvent(LogMessage(debug,	[NOT REQUIRED] aopalliance#aopalliance;1.0!aopalliance.jar))
Sending msg to client activator-52921316-71cf-4f17-ae1c-d9baa0c2fcab: DetachedLogEvent(LogMessage(debug,	[NOT REQUIRED] org.eclipse.aether#aether-spi;0.9.0.M2!aether-spi.jar))
Sending msg to client activator-52921316-71cf-4f17-ae1c-d9baa0c2fcab: DetachedLogEvent(LogMessage(debug,	[NOT REQUIRED] org.apache.ant#ant-launcher;1.9.3!ant-launcher.jar))
Sending msg to client activator-52921316-71cf-4f17-ae1c-d9baa0c2fcab: DetachedLogEvent(LogMessage(debug,	[NOT REQUIRED] org.bouncycastle#bcprov-jdk15on;1.51!bcprov-jdk15on.jar))
Sending msg to client activator-52921316-71cf-4f17-ae1c-d9baa0c2fcab: DetachedLogEvent(LogMessage(debug,	[NOT REQUIRED] org.webjars#coffee-script-node;1.7.1!coffee-script-node.jar))
Sending msg to client activator-52921316-71cf-4f17-ae1c-d9baa0c2fcab: DetachedLogEvent(LogMessage(debug,	[NOT REQUIRED] org.webjars#mkdirp;0.3.5!mkdirp.jar))
Sending msg to client activator-52921316-71cf-4f17-ae1c-d9baa0c2fcab: DetachedLogEvent(LogMessage(debug,	[NOT REQUIRED] org.webjars#less-node;1.6.0-1!less-node.jar))
Sending msg to client activator-52921316-71cf-4f17-ae1c-d9baa0c2fcab: DetachedLogEvent(LogMessage(debug,	[NOT REQUIRED] org.webjars#source-map;0.1.31-2!source-map.jar))
Sending msg to client activator-52921316-71cf-4f17-ae1c-d9baa0c2fcab: DetachedLogEvent(LogMessage(debug,	[NOT REQUIRED] org.webjars#amdefine;0.1.0-1!amdefine.jar))
Sending msg to client activator-52921316-71cf-4f17-ae1c-d9baa0c2fcab: DetachedLogEvent(LogMessage(debug,	[NOT REQUIRED] org.webjars#jshint-node;2.4.1-1!jshint-node.jar))
Sending msg to client activator-52921316-71cf-4f17-ae1c-d9baa0c2fcab: DetachedLogEvent(LogMessage(debug,	[NOT REQUIRED] org.webjars#underscorejs;1.5.2-2!underscorejs.jar))
Sending msg to client activator-52921316-71cf-4f17-ae1c-d9baa0c2fcab: DetachedLogEvent(LogMessage(debug,	[NOT REQUIRED] org.webjars#console-browserify;0.1.6-1!console-browserify.jar))
Sending msg to client activator-52921316-71cf-4f17-ae1c-d9baa0c2fcab: DetachedLogEvent(LogMessage(debug,	[NOT REQUIRED] org.webjars#rjs;2.1.11-1-trireme!rjs.jar))
Sending msg to client activator-52921316-71cf-4f17-ae1c-d9baa0c2fcab: DetachedLogEvent(LogMessage(debug,	[NOT REQUIRED] org.webjars#mocha;1.17.1!mocha.jar))
Sending msg to client activator-52921316-71cf-4f17-ae1c-d9baa0c2fcab: DetachedLogEvent(LogMessage(debug,	[NOT REQUIRED] org.webjars#debug;0.7.4!debug.jar))
Sending msg to client activator-52921316-71cf-4f17-ae1c-d9baa0c2fcab: DetachedLogEvent(LogMessage(debug,	[NOT REQUIRED] org.webjars#diff;1.0.7!diff.jar))
Sending msg to client activator-52921316-71cf-4f17-ae1c-d9baa0c2fcab: DetachedLogEvent(LogMessage(debug,	[NOT REQUIRED] org.scala-sbt#sbt;0.13.8-M5!sbt.jar))
Sending msg to client activator-52921316-71cf-4f17-ae1c-d9baa0c2fcab: DetachedLogEvent(LogMessage(debug,	[NOT REQUIRED] org.scala-sbt#main;0.13.8-M5!main.jar))
Sending msg to client activator-52921316-71cf-4f17-ae1c-d9baa0c2fcab: DetachedLogEvent(LogMessage(debug,	[NOT REQUIRED] org.scala-sbt#compiler-interface;0.13.8-M5!compiler-interface-bin.jar))
Sending msg to client activator-52921316-71cf-4f17-ae1c-d9baa0c2fcab: DetachedLogEvent(LogMessage(debug,	[NOT REQUIRED] org.scala-sbt#compiler-interface;0.13.8-M5!compiler-interface-src.jar))
Sending msg to client activator-52921316-71cf-4f17-ae1c-d9baa0c2fcab: DetachedLogEvent(LogMessage(debug,	[NOT REQUIRED] org.scala-sbt#precompiled-2_8_2;0.13.8-M5!compiler-interface-bin.jar))
Sending msg to client activator-52921316-71cf-4f17-ae1c-d9baa0c2fcab: DetachedLogEvent(LogMessage(debug,	[NOT REQUIRED] org.scala-sbt#precompiled-2_9_2;0.13.8-M5!compiler-interface-bin.jar))
Sending msg to client activator-52921316-71cf-4f17-ae1c-d9baa0c2fcab: DetachedLogEvent(LogMessage(debug,	[NOT REQUIRED] org.scala-sbt#precompiled-2_9_3;0.13.8-M5!compiler-interface-bin.jar))
Sending msg to client activator-52921316-71cf-4f17-ae1c-d9baa0c2fcab: DetachedLogEvent(LogMessage(debug,	[NOT REQUIRED] org.scala-sbt#actions;0.13.8-M5!actions.jar))
Sending msg to client activator-52921316-71cf-4f17-ae1c-d9baa0c2fcab: DetachedLogEvent(LogMessage(debug,	[NOT REQUIRED] org.scala-sbt#main-settings;0.13.8-M5!main-settings.jar))
Sending msg to client activator-52921316-71cf-4f17-ae1c-d9baa0c2fcab: DetachedLogEvent(LogMessage(debug,	[NOT REQUIRED] org.scala-sbt#interface;0.13.8-M5!interface.jar))
Sending msg to client activator-52921316-71cf-4f17-ae1c-d9baa0c2fcab: DetachedLogEvent(LogMessage(debug,	[NOT REQUIRED] org.scala-sbt#io;0.13.8-M5!io.jar))
Sending msg to client activator-52921316-71cf-4f17-ae1c-d9baa0c2fcab: DetachedLogEvent(LogMessage(debug,	[NOT REQUIRED] org.scala-sbt#ivy;0.13.8-M5!ivy.jar))
Sending msg to client activator-52921316-71cf-4f17-ae1c-d9baa0c2fcab: DetachedLogEvent(LogMessage(debug,	[NOT REQUIRED] org.scala-sbt#launcher-interface;0.13.8-M5!launcher-interface.jar))
Sending msg to client activator-52921316-71cf-4f17-ae1c-d9baa0c2fcab: DetachedLogEvent(LogMessage(debug,	[NOT REQUIRED] org.scala-sbt#logging;0.13.8-M5!logging.jar))
Sending msg to client activator-52921316-71cf-4f17-ae1c-d9baa0c2fcab: DetachedLogEvent(LogMessage(debug,	[NOT REQUIRED] org.scala-sbt#logic;0.13.8-M5!logic.jar))
Sending msg to client activator-52921316-71cf-4f17-ae1c-d9baa0c2fcab: DetachedLogEvent(LogMessage(debug,	[NOT REQUIRED] org.scala-sbt#process;0.13.8-M5!process.jar))
Sending msg to client activator-52921316-71cf-4f17-ae1c-d9baa0c2fcab: DetachedLogEvent(LogMessage(debug,	[NOT REQUIRED] org.scala-sbt#run;0.13.8-M5!run.jar))
Sending msg to client activator-52921316-71cf-4f17-ae1c-d9baa0c2fcab: DetachedLogEvent(LogMessage(debug,	[NOT REQUIRED] org.scala-sbt#command;0.13.8-M5!command.jar))
Sending msg to client activator-52921316-71cf-4f17-ae1c-d9baa0c2fcab: DetachedLogEvent(LogMessage(debug,	[NOT REQUIRED] org.scala-sbt#classpath;0.13.8-M5!classpath.jar))
Sending msg to client activator-52921316-71cf-4f17-ae1c-d9baa0c2fcab: DetachedLogEvent(LogMessage(debug,	[NOT REQUIRED] org.scala-sbt#completion;0.13.8-M5!completion.jar))
Sending msg to client activator-52921316-71cf-4f17-ae1c-d9baa0c2fcab: DetachedLogEvent(LogMessage(debug,	[NOT REQUIRED] org.scala-sbt#api;0.13.8-M5!api.jar))
Sending msg to client activator-52921316-71cf-4f17-ae1c-d9baa0c2fcab: DetachedLogEvent(LogMessage(debug,	[NOT REQUIRED] org.scala-sbt#compiler-integration;0.13.8-M5!compiler-integration.jar))
Sending msg to client activator-52921316-71cf-4f17-ae1c-d9baa0c2fcab: DetachedLogEvent(LogMessage(debug,	[NOT REQUIRED] org.scala-sbt#compiler-ivy-integration;0.13.8-M5!compiler-ivy-integration.jar))
Sending msg to client activator-52921316-71cf-4f17-ae1c-d9baa0c2fcab: DetachedLogEvent(LogMessage(debug,	[NOT REQUIRED] org.scala-sbt#relation;0.13.8-M5!relation.jar))
Sending msg to client activator-52921316-71cf-4f17-ae1c-d9baa0c2fcab: DetachedLogEvent(LogMessage(debug,	[NOT REQUIRED] org.scala-sbt#task-system;0.13.8-M5!task-system.jar))
Sending msg to client activator-52921316-71cf-4f17-ae1c-d9baa0c2fcab: DetachedLogEvent(LogMessage(debug,	[NOT REQUIRED] org.scala-sbt#tasks;0.13.8-M5!tasks.jar))
Sending msg to client activator-52921316-71cf-4f17-ae1c-d9baa0c2fcab: DetachedLogEvent(LogMessage(debug,	[NOT REQUIRED] org.scala-sbt#tracking;0.13.8-M5!tracking.jar))
Sending msg to client activator-52921316-71cf-4f17-ae1c-d9baa0c2fcab: DetachedLogEvent(LogMessage(debug,	[NOT REQUIRED] org.scala-sbt#testing;0.13.8-M5!testing.jar))
Sending msg to client activator-52921316-71cf-4f17-ae1c-d9baa0c2fcab: DetachedLogEvent(LogMessage(debug,	[NOT REQUIRED] org.scala-sbt#control;0.13.8-M5!control.jar))
Sending msg to client activator-52921316-71cf-4f17-ae1c-d9baa0c2fcab: DetachedLogEvent(LogMessage(debug,	[NOT REQUIRED] org.scala-sbt#collections;0.13.8-M5!collections.jar))
Sending msg to client activator-52921316-71cf-4f17-ae1c-d9baa0c2fcab: DetachedLogEvent(LogMessage(debug,	[NOT REQUIRED] jline#jline;2.11!jline.jar))
Sending msg to client activator-52921316-71cf-4f17-ae1c-d9baa0c2fcab: DetachedLogEvent(LogMessage(debug,	[NOT REQUIRED] org.scala-sbt#incremental-compiler;0.13.8-M5!incremental-compiler.jar))
Sending msg to client activator-52921316-71cf-4f17-ae1c-d9baa0c2fcab: DetachedLogEvent(LogMessage(debug,	[NOT REQUIRED] org.scala-sbt#compile;0.13.8-M5!compile.jar))
Sending msg to client activator-52921316-71cf-4f17-ae1c-d9baa0c2fcab: DetachedLogEvent(LogMessage(debug,	[NOT REQUIRED] org.scala-sbt#persist;0.13.8-M5!persist.jar))
Sending msg to client activator-52921316-71cf-4f17-ae1c-d9baa0c2fcab: DetachedLogEvent(LogMessage(debug,	[NOT REQUIRED] org.scala-sbt#classfile;0.13.8-M5!classfile.jar))
Sending msg to client activator-52921316-71cf-4f17-ae1c-d9baa0c2fcab: DetachedLogEvent(LogMessage(debug,	[NOT REQUIRED] org.scala-tools.sbinary#sbinary_2.10;0.4.2!sbinary_2.10.jar))
Sending msg to client activator-52921316-71cf-4f17-ae1c-d9baa0c2fcab: DetachedLogEvent(LogMessage(debug,	[NOT REQUIRED] org.scala-sbt#cross;0.13.8-M5!cross.jar))
Sending msg to client activator-52921316-71cf-4f17-ae1c-d9baa0c2fcab: DetachedLogEvent(LogMessage(debug,	[NOT REQUIRED] org.scala-sbt.ivy#ivy;2.3.0-sbt-fccfbd44c9f64523b61398a0155784dcbaeae28f!ivy.jar))
Sending msg to client activator-52921316-71cf-4f17-ae1c-d9baa0c2fcab: DetachedLogEvent(LogMessage(debug,	[NOT REQUIRED] com.jcraft#jsch;0.1.46!jsch.jar))
Sending msg to client activator-52921316-71cf-4f17-ae1c-d9baa0c2fcab: DetachedLogEvent(LogMessage(debug,	[NOT REQUIRED] org.json4s#json4s-native_2.10;3.2.10!json4s-native_2.10.jar))
Sending msg to client activator-52921316-71cf-4f17-ae1c-d9baa0c2fcab: DetachedLogEvent(LogMessage(debug,	[NOT REQUIRED] org.scala-lang#scalap;2.10.0!scalap.jar))
Sending msg to client activator-52921316-71cf-4f17-ae1c-d9baa0c2fcab: DetachedLogEvent(LogMessage(debug,	[NOT REQUIRED] org.scala-sbt#cache;0.13.8-M5!cache.jar))
Sending msg to client activator-52921316-71cf-4f17-ae1c-d9baa0c2fcab: DetachedLogEvent(LogMessage(debug,	[NOT REQUIRED] org.scala-sbt#test-agent;0.13.8-M5!test-agent.jar))
Sending msg to client activator-52921316-71cf-4f17-ae1c-d9baa0c2fcab: DetachedLogEvent(LogMessage(debug,	[NOT REQUIRED] org.scala-sbt#apply-macro;0.13.8-M5!apply-macro.jar))
Sending msg to client activator-52921316-71cf-4f17-ae1c-d9baa0c2fcab: DetachedLogEvent(LogMessage(debug,	[NOT REQUIRED] org.scala-lang#jline;2.10.4!jline.jar))
Sending msg to client activator-52921316-71cf-4f17-ae1c-d9baa0c2fcab: DetachedLogEvent(LogMessage(debug,	[NOT REQUIRED] org.fusesource.jansi#jansi;1.4!jansi.jar))
Sending msg to client activator-52921316-71cf-4f17-ae1c-d9baa0c2fcab: DetachedLogEvent(LogMessage(debug,:: resolution report :: resolve 13174ms :: artifacts dl 207ms))
Sending msg to client activator-52921316-71cf-4f17-ae1c-d9baa0c2fcab: DetachedLogEvent(LogMessage(debug,	report for default#testapp-build;0.1-SNAPSHOT compile produced in C:\Users\svett_000\Documents\GitHub\testApp\project\target\resolution-cache\reports\default-testapp-build-compile.xml))
Sending msg to client activator-52921316-71cf-4f17-ae1c-d9baa0c2fcab: DetachedLogEvent(LogMessage(debug,	report for default#testapp-build;0.1-SNAPSHOT runtime produced in C:\Users\svett_000\Documents\GitHub\testApp\project\target\resolution-cache\reports\default-testapp-build-runtime.xml))
Sending msg to client activator-52921316-71cf-4f17-ae1c-d9baa0c2fcab: DetachedLogEvent(LogMessage(debug,	report for default#testapp-build;0.1-SNAPSHOT test produced in C:\Users\svett_000\Documents\GitHub\testApp\project\target\resolution-cache\reports\default-testapp-build-test.xml))
Sending msg to client activator-52921316-71cf-4f17-ae1c-d9baa0c2fcab: DetachedLogEvent(LogMessage(debug,	report for default#testapp-build;0.1-SNAPSHOT provided produced in C:\Users\svett_000\Documents\GitHub\testApp\project\target\resolution-cache\reports\default-testapp-build-provided.xml))
Sending msg to client activator-52921316-71cf-4f17-ae1c-d9baa0c2fcab: DetachedLogEvent(LogMessage(debug,	report for default#testapp-build;0.1-SNAPSHOT optional produced in C:\Users\svett_000\Documents\GitHub\testApp\project\target\resolution-cache\reports\default-testapp-build-optional.xml))
Sending msg to client activator-52921316-71cf-4f17-ae1c-d9baa0c2fcab: DetachedLogEvent(LogMessage(debug,	report for default#testapp-build;0.1-SNAPSHOT compile-internal produced in C:\Users\svett_000\Documents\GitHub\testApp\project\target\resolution-cache\reports\default-testapp-build-compile-internal.xml))
Sending msg to client activator-52921316-71cf-4f17-ae1c-d9baa0c2fcab: DetachedLogEvent(LogMessage(debug,	report for default#testapp-build;0.1-SNAPSHOT runtime-internal produced in C:\Users\svett_000\Documents\GitHub\testApp\project\target\resolution-cache\reports\default-testapp-build-runtime-internal.xml))
Sending msg to client activator-52921316-71cf-4f17-ae1c-d9baa0c2fcab: DetachedLogEvent(LogMessage(debug,	report for default#testapp-build;0.1-SNAPSHOT test-internal produced in C:\Users\svett_000\Documents\GitHub\testApp\project\target\resolution-cache\reports\default-testapp-build-test-internal.xml))
Sending msg to client activator-52921316-71cf-4f17-ae1c-d9baa0c2fcab: DetachedLogEvent(LogMessage(debug,	report for default#testapp-build;0.1-SNAPSHOT plugin produced in C:\Users\svett_000\Documents\GitHub\testApp\project\target\resolution-cache\reports\default-testapp-build-plugin.xml))
Sending msg to client activator-52921316-71cf-4f17-ae1c-d9baa0c2fcab: DetachedLogEvent(LogMessage(debug,	report for default#testapp-build;0.1-SNAPSHOT sources produced in C:\Users\svett_000\Documents\GitHub\testApp\project\target\resolution-cache\reports\default-testapp-build-sources.xml))
Sending msg to client activator-52921316-71cf-4f17-ae1c-d9baa0c2fcab: DetachedLogEvent(LogMessage(debug,	report for default#testapp-build;0.1-SNAPSHOT docs produced in C:\Users\svett_000\Documents\GitHub\testApp\project\target\resolution-cache\reports\default-testapp-build-docs.xml))
Sending msg to client activator-52921316-71cf-4f17-ae1c-d9baa0c2fcab: DetachedLogEvent(LogMessage(debug,	report for default#testapp-build;0.1-SNAPSHOT pom produced in C:\Users\svett_000\Documents\GitHub\testApp\project\target\resolution-cache\reports\default-testapp-build-pom.xml))
Sending msg to client activator-52921316-71cf-4f17-ae1c-d9baa0c2fcab: DetachedLogEvent(LogMessage(debug,	report for default#testapp-build;0.1-SNAPSHOT scala-tool produced in C:\Users\svett_000\Documents\GitHub\testApp\project\target\resolution-cache\reports\default-testapp-build-scala-tool.xml))
Sending msg to client activator-52921316-71cf-4f17-ae1c-d9baa0c2fcab: DetachedLogEvent(LogMessage(debug,	resolve done (13174ms resolve - 207ms download)))
Sending msg to client activator-52921316-71cf-4f17-ae1c-d9baa0c2fcab: DetachedLogEvent(LogStdOut([info] Done updating.))
Sending msg to client activator-52921316-71cf-4f17-ae1c-d9baa0c2fcab: DetachedLogEvent(LogMessage(info,Done updating.))
Sending msg to client activator-52921316-71cf-4f17-ae1c-d9baa0c2fcab: DetachedLogEvent(LogStdOut([warn] There may be incompatibilities among your library dependencies.))
Sending msg to client activator-52921316-71cf-4f17-ae1c-d9baa0c2fcab: DetachedLogEvent(LogMessage(warn,There may be incompatibilities among your library dependencies.))
Sending msg to client activator-52921316-71cf-4f17-ae1c-d9baa0c2fcab: DetachedLogEvent(LogStdOut([warn] Here are some of the libraries that were evicted:))
Sending msg to client activator-52921316-71cf-4f17-ae1c-d9baa0c2fcab: DetachedLogEvent(LogMessage(warn,Here are some of the libraries that were evicted:))
Sending msg to client activator-52921316-71cf-4f17-ae1c-d9baa0c2fcab: DetachedLogEvent(LogStdOut([warn] 	* com.typesafe.sbt:sbt-native-packager:0.7.4 -> 1.0.0-RC1))
Sending msg to client activator-52921316-71cf-4f17-ae1c-d9baa0c2fcab: DetachedLogEvent(LogMessage(warn,	* com.typesafe.sbt:sbt-native-packager:0.7.4 -> 1.0.0-RC1))
Sending msg to client activator-52921316-71cf-4f17-ae1c-d9baa0c2fcab: DetachedLogEvent(LogStdOut([warn] Run 'evicted' to see detailed eviction warnings))
Sending msg to client activator-52921316-71cf-4f17-ae1c-d9baa0c2fcab: DetachedLogEvent(LogMessage(warn,Run 'evicted' to see detailed eviction warnings))
Sending msg to client activator-52921316-71cf-4f17-ae1c-d9baa0c2fcab: DetachedLogEvent(LogMessage(debug,
Initial source changes: 
	removed:Set()
	added: Set()
	modified: Set()
Removed products: Set()
External API changes: API Changes: Set()
Modified binary dependencies: Set()
Initial directly invalidated sources: Set()

Sources indirectly invalidated by:
	product: Set()
	binary dep: Set()
	external source: Set()))
Sending msg to client activator-52921316-71cf-4f17-ae1c-d9baa0c2fcab: DetachedLogEvent(LogMessage(debug,All initially invalidated sources: Set()
))
Sending msg to client activator-52921316-71cf-4f17-ae1c-d9baa0c2fcab: DetachedLogEvent(LogMessage(debug,Copy resource mappings: 
	))
Sending msg to client activator-52921316-71cf-4f17-ae1c-d9baa0c2fcab: DetachedLogEvent(LogMessage(debug,[Loading] Scanning directory C:\Users\svett_000\Documents\GitHub\testApp))
Sending msg to client activator-52921316-71cf-4f17-ae1c-d9baa0c2fcab: DetachedLogEvent(LogMessage(debug,[Loading] Found root project root w/ remaining ))
Sending msg to client activator-52921316-71cf-4f17-ae1c-d9baa0c2fcab: DetachedLogEvent(LogMessage(debug,deducing auto plugins based on known facts Set(Atom(play.PlayJava), Atom(sbt.plugins.CorePlugin)) and clauses Clauses(List(Clause(Atom(sbt.plugins.JvmPlugin),Set(Atom(sbt.plugins.IvyPlugin))), Clause(Atom(sbt.plugins.JUnitXmlReportPlugin),Set(Atom(sbt.plugins.JvmPlugin))), Clause(Atom(com.typesafe.sbt.SbtEcho),Set(Atom(sbt.plugins.JvmPlugin))), Clause(Atom(com.typesafe.sbt.SbtEcho),Set(Atom(sbt.plugins.BackgroundRunPlugin))), Clause(Atom(sbt.plugins.BackgroundRunPlugin),Set(Atom(sbt.plugins.JvmPlugin))), Clause(Atom(play.sbt.forkrun.PlayForkRun),Set(Atom(sbt.plugins.BackgroundRunPlugin))), Clause(Atom(play.sbt.forkrun.PlayForkRun),Set(Atom(play.Play))), Clause(Atom(play.sbt.forkrun.PlayForkRun),Set(Atom(sbt.plugins.SerializersPlugin))), Clause(Atom(play.Play),Set(Atom(com.typesafe.sbt.webdriver.SbtWebDriver))), Clause(Atom(play.Play),Set(Atom(play.twirl.sbt.SbtTwirl))), Clause(Atom(play.Play),Set(Atom(com.typesafe.sbt.jse.SbtJsTask))), Clause(Atom(play.PlayJava),Set(Atom(play.Play))), Clause(Atom(play.PlayScala),Set(Atom(play.Play))), Clause(Atom(play.twirl.sbt.SbtTwirl),Set(Atom(sbt.plugins.JvmPlugin))), Clause(Atom(com.typesafe.sbt.packager.archetypes.AkkaAppPackaging),Set(Atom(com.typesafe.sbt.packager.archetypes.JavaAppPackaging))), Clause(Atom(com.typesafe.sbt.packager.archetypes.JavaAppPackaging),Set(Atom(com.typesafe.sbt.packager.windows.WindowsPlugin))), Clause(Atom(com.typesafe.sbt.packager.archetypes.JavaAppPackaging),Set(Atom(com.typesafe.sbt.packager.docker.DockerPlugin))), Clause(Atom(com.typesafe.sbt.packager.archetypes.JavaAppPackaging),Set(Atom(com.typesafe.sbt.packager.debian.DebianPlugin))), Clause(Atom(com.typesafe.sbt.packager.archetypes.JavaAppPackaging),Set(Atom(com.typesafe.sbt.packager.rpm.RpmPlugin))), Clause(Atom(com.typesafe.sbt.packager.archetypes.JavaServerAppPackaging),Set(Atom(com.typesafe.sbt.packager.archetypes.JavaAppPackaging))), Clause(Atom(com.typesafe.sbt.packager.archetypes.jar.ClasspathJarPlugin),Set(Atom(com.typesafe.sbt.packager.archetypes.JavaAppPackaging))), Clause(Atom(com.typesafe.sbt.packager.debian.DebianDeployPlugin),Set(Atom(com.typesafe.sbt.packager.debian.DebianPlugin))), Clause(Atom(com.typesafe.sbt.packager.debian.DebianPlugin),Set(Atom(com.typesafe.sbt.packager.linux.LinuxPlugin))), Clause(Atom(com.typesafe.sbt.packager.debian.JDebPackaging),Set(Atom(com.typesafe.sbt.packager.debian.DebianPlugin))), Clause(Atom(com.typesafe.sbt.packager.docker.DockerPlugin),Set(Atom(com.typesafe.sbt.packager.universal.UniversalPlugin))), Clause(Atom(com.typesafe.sbt.packager.jdkpackager.JDKPackagerDeployPlugin),Set(Atom(com.typesafe.sbt.packager.jdkpackager.JDKPackagerPlugin))), Clause(Atom(com.typesafe.sbt.packager.jdkpackager.JDKPackagerPlugin),Set(Atom(com.typesafe.sbt.packager.archetypes.JavaAppPackaging))), Clause(Atom(com.typesafe.sbt.packager.jdkpackager.JDKPackagerPlugin),Set(Atom(com.typesafe.sbt.packager.archetypes.jar.ClasspathJarPlugin))), Clause(Atom(com.typesafe.sbt.packager.linux.LinuxPlugin),Set(Atom(com.typesafe.sbt.packager.universal.UniversalPlugin))), Clause(Atom(com.typesafe.sbt.packager.rpm.RpmDeployPlugin),Set(Atom(com.typesafe.sbt.packager.rpm.RpmPlugin))), Clause(Atom(com.typesafe.sbt.packager.rpm.RpmPlugin),Set(Atom(com.typesafe.sbt.packager.linux.LinuxPlugin))), Clause(Atom(com.typesafe.sbt.packager.universal.UniversalDeployPlugin),Set(Atom(com.typesafe.sbt.packager.universal.UniversalPlugin))), Clause(Atom(com.typesafe.sbt.packager.universal.UniversalPlugin),Set(Atom(com.typesafe.sbt.SbtNativePackager))), Clause(Atom(com.typesafe.sbt.packager.windows.WindowsDeployPlugin),Set(Atom(com.typesafe.sbt.packager.windows.WindowsPlugin))), Clause(Atom(com.typesafe.sbt.packager.windows.WindowsPlugin),Set(Atom(com.typesafe.sbt.packager.universal.UniversalPlugin))), Clause(Atom(com.typesafe.sbt.jse.SbtJsEngine),Set(Atom(com.typesafe.sbt.web.SbtWeb))), Clause(Atom(com.typesafe.sbt.jse.SbtJsTask),Set(Atom(com.typesafe.sbt.jse.SbtJsEngine))), Clause(Atom(com.typesafe.sbt.webdriver.SbtWebDriver),Set(Atom(com.typesafe.sbt.web.SbtWeb))), Clause(Atom(com.heroku.sbt.HerokuPlugin),Set(Atom(sbt.plugins.JvmPlugin))), Clause(Atom(com.typesafe.sbt.coffeescript.SbtCoffeeScript),Set(Atom(com.typesafe.sbt.jse.SbtJsTask))), Clause(Atom(com.typesafe.sbt.less.SbtLess),Set(Atom(com.typesafe.sbt.jse.SbtJsTask))), Clause(Atom(com.typesafe.sbt.jshint.SbtJSHint),Set(Atom(com.typesafe.sbt.jse.SbtJsTask))), Clause(Atom(com.typesafe.sbt.rjs.SbtRjs),Set(Atom(com.typesafe.sbt.jse.SbtJsTask))), Clause(Atom(com.typesafe.sbt.digest.SbtDigest),Set(Atom(com.typesafe.sbt.web.SbtWeb))), Clause(Atom(com.typesafe.sbt.mocha.SbtMocha),Set(Atom(com.typesafe.sbt.jse.SbtJsTask))), Clause(Atom(sbt.plugins.CorePlugin),Set(Atom(sbt.plugins.IvyPlugin))), Clause(Atom(sbt.plugins.IvyPlugin),Set(Atom(sbt.plugins.JvmPlugin))), Clause(Atom(sbt.plugins.JvmPlugin),Set(Atom(sbt.plugins.JUnitXmlReportPlugin))), Clause(And(Set(Atom(sbt.plugins.JvmPlugin), Atom(sbt.plugins.BackgroundRunPlugin))),Set(Atom(com.typesafe.sbt.SbtEcho))), Clause(Atom(sbt.plugins.JvmPlugin),Set(Atom(sbt.plugins.BackgroundRunPlugin))), Clause(Atom(sbt.plugins.CorePlugin),Set(Atom(sbt.plugins.InteractionServicePlugin))), Clause(Atom(sbt.plugins.CorePlugin),Set(Atom(sbt.plugins.SendEventServicePlugin))), Clause(Atom(sbt.plugins.CorePlugin),Set(Atom(sbt.plugins.SerializersPlugin))), Clause(And(Set(Atom(sbt.plugins.BackgroundRunPlugin), Atom(play.Play), Atom(sbt.plugins.SerializersPlugin))),Set(Atom(play.sbt.forkrun.PlayForkRun))), Clause(Atom(com.typesafe.sbt.web.SbtWeb),Set(Atom(com.typesafe.sbt.jse.SbtJsEngine))), Clause(Atom(com.typesafe.sbt.jse.SbtJsEngine),Set(Atom(com.typesafe.sbt.jse.SbtJsTask))), Clause(Atom(com.typesafe.sbt.web.SbtWeb),Set(Atom(com.typesafe.sbt.webdriver.SbtWebDriver))), Clause(Atom(sbt.plugins.JvmPlugin),Set(Atom(com.heroku.sbt.HerokuPlugin))), Clause(Atom(com.typesafe.sbt.jse.SbtJsTask),Set(Atom(com.typesafe.sbt.coffeescript.SbtCoffeeScript))), Clause(Atom(com.typesafe.sbt.jse.SbtJsTask),Set(Atom(com.typesafe.sbt.less.SbtLess))), Clause(Atom(com.typesafe.sbt.jse.SbtJsTask),Set(Atom(com.typesafe.sbt.jshint.SbtJSHint))), Clause(Atom(com.typesafe.sbt.jse.SbtJsTask),Set(Atom(com.typesafe.sbt.rjs.SbtRjs))), Clause(Atom(com.typesafe.sbt.web.SbtWeb),Set(Atom(com.typesafe.sbt.digest.SbtDigest))), Clause(Atom(com.typesafe.sbt.jse.SbtJsTask),Set(Atom(com.typesafe.sbt.mocha.SbtMocha)))))))
Sending msg to client activator-52921316-71cf-4f17-ae1c-d9baa0c2fcab: DetachedLogEvent(LogMessage(debug,  :: deduced result: Matched(sbt.plugins.CorePlugin,play.PlayJava,sbt.plugins.InteractionServicePlugin,sbt.plugins.SendEventServicePlugin,play.Play,sbt.plugins.SerializersPlugin,sbt.plugins.IvyPlugin,sbt.plugins.JvmPlugin,com.typesafe.sbt.jse.SbtJsTask,play.twirl.sbt.SbtTwirl,com.typesafe.sbt.webdriver.SbtWebDriver,com.typesafe.sbt.jshint.SbtJSHint,sbt.plugins.JUnitXmlReportPlugin,com.typesafe.sbt.mocha.SbtMocha,com.typesafe.sbt.less.SbtLess,com.typesafe.sbt.web.SbtWeb,com.typesafe.sbt.rjs.SbtRjs,com.typesafe.sbt.jse.SbtJsEngine,com.typesafe.sbt.coffeescript.SbtCoffeeScript,com.heroku.sbt.HerokuPlugin,sbt.plugins.BackgroundRunPlugin,com.typesafe.sbt.digest.SbtDigest,play.sbt.forkrun.PlayForkRun,com.typesafe.sbt.SbtEcho)))
Sending msg to client activator-52921316-71cf-4f17-ae1c-d9baa0c2fcab: DetachedLogEvent(LogMessage(debug,sorting: ns: List(sbt.plugins.CorePlugin, play.PlayJava, sbt.plugins.InteractionServicePlugin, sbt.plugins.SendEventServicePlugin, play.Play, sbt.plugins.SerializersPlugin, sbt.plugins.IvyPlugin, sbt.plugins.JvmPlugin, com.typesafe.sbt.jse.SbtJsTask, play.twirl.sbt.SbtTwirl, com.typesafe.sbt.webdriver.SbtWebDriver, com.typesafe.sbt.jshint.SbtJSHint, sbt.plugins.JUnitXmlReportPlugin, com.typesafe.sbt.mocha.SbtMocha, com.typesafe.sbt.less.SbtLess, com.typesafe.sbt.web.SbtWeb, com.typesafe.sbt.rjs.SbtRjs, com.typesafe.sbt.jse.SbtJsEngine, com.typesafe.sbt.coffeescript.SbtCoffeeScript, com.heroku.sbt.HerokuPlugin, sbt.plugins.BackgroundRunPlugin, com.typesafe.sbt.digest.SbtDigest, play.sbt.forkrun.PlayForkRun, com.typesafe.sbt.SbtEcho)))
Sending msg to client activator-52921316-71cf-4f17-ae1c-d9baa0c2fcab: DetachedLogEvent(LogMessage(debug,  :: sorting:: found: List(sbt.plugins.CorePlugin, com.typesafe.sbt.web.SbtWeb) not found List(play.PlayJava, sbt.plugins.InteractionServicePlugin, sbt.plugins.SendEventServicePlugin, play.Play, sbt.plugins.SerializersPlugin, sbt.plugins.IvyPlugin, sbt.plugins.JvmPlugin, com.typesafe.sbt.jse.SbtJsTask, play.twirl.sbt.SbtTwirl, com.typesafe.sbt.webdriver.SbtWebDriver, com.typesafe.sbt.jshint.SbtJSHint, sbt.plugins.JUnitXmlReportPlugin, com.typesafe.sbt.mocha.SbtMocha, com.typesafe.sbt.less.SbtLess, com.typesafe.sbt.rjs.SbtRjs, com.typesafe.sbt.jse.SbtJsEngine, com.typesafe.sbt.coffeescript.SbtCoffeeScript, com.heroku.sbt.HerokuPlugin, sbt.plugins.BackgroundRunPlugin, com.typesafe.sbt.digest.SbtDigest, play.sbt.forkrun.PlayForkRun, com.typesafe.sbt.SbtEcho)))
Sending msg to client activator-52921316-71cf-4f17-ae1c-d9baa0c2fcab: DetachedLogEvent(LogMessage(debug,  :: sorting:: found: List(sbt.plugins.CorePlugin, com.typesafe.sbt.web.SbtWeb, sbt.plugins.InteractionServicePlugin, sbt.plugins.SendEventServicePlugin, sbt.plugins.SerializersPlugin, sbt.plugins.IvyPlugin, com.typesafe.sbt.webdriver.SbtWebDriver, com.typesafe.sbt.jse.SbtJsEngine, com.typesafe.sbt.digest.SbtDigest) not found List(play.PlayJava, play.Play, sbt.plugins.JvmPlugin, com.typesafe.sbt.jse.SbtJsTask, play.twirl.sbt.SbtTwirl, com.typesafe.sbt.jshint.SbtJSHint, sbt.plugins.JUnitXmlReportPlugin, com.typesafe.sbt.mocha.SbtMocha, com.typesafe.sbt.less.SbtLess, com.typesafe.sbt.rjs.SbtRjs, com.typesafe.sbt.coffeescript.SbtCoffeeScript, com.heroku.sbt.HerokuPlugin, sbt.plugins.BackgroundRunPlugin, play.sbt.forkrun.PlayForkRun, com.typesafe.sbt.SbtEcho)))
Sending msg to client activator-52921316-71cf-4f17-ae1c-d9baa0c2fcab: DetachedLogEvent(LogMessage(debug,  :: sorting:: found: List(sbt.plugins.CorePlugin, com.typesafe.sbt.web.SbtWeb, sbt.plugins.InteractionServicePlugin, sbt.plugins.SendEventServicePlugin, sbt.plugins.SerializersPlugin, sbt.plugins.IvyPlugin, com.typesafe.sbt.webdriver.SbtWebDriver, com.typesafe.sbt.jse.SbtJsEngine, com.typesafe.sbt.digest.SbtDigest, sbt.plugins.JvmPlugin, com.typesafe.sbt.jse.SbtJsTask) not found List(play.PlayJava, play.Play, play.twirl.sbt.SbtTwirl, com.typesafe.sbt.jshint.SbtJSHint, sbt.plugins.JUnitXmlReportPlugin, com.typesafe.sbt.mocha.SbtMocha, com.typesafe.sbt.less.SbtLess, com.typesafe.sbt.rjs.SbtRjs, com.typesafe.sbt.coffeescript.SbtCoffeeScript, com.heroku.sbt.HerokuPlugin, sbt.plugins.BackgroundRunPlugin, play.sbt.forkrun.PlayForkRun, com.typesafe.sbt.SbtEcho)))
Sending msg to client activator-52921316-71cf-4f17-ae1c-d9baa0c2fcab: DetachedLogEvent(LogMessage(debug,  :: sorting:: found: List(sbt.plugins.CorePlugin, com.typesafe.sbt.web.SbtWeb, sbt.plugins.InteractionServicePlugin, sbt.plugins.SendEventServicePlugin, sbt.plugins.SerializersPlugin, sbt.plugins.IvyPlugin, com.typesafe.sbt.webdriver.SbtWebDriver, com.typesafe.sbt.jse.SbtJsEngine, com.typesafe.sbt.digest.SbtDigest, sbt.plugins.JvmPlugin, com.typesafe.sbt.jse.SbtJsTask, play.twirl.sbt.SbtTwirl, com.typesafe.sbt.jshint.SbtJSHint, sbt.plugins.JUnitXmlReportPlugin, com.typesafe.sbt.mocha.SbtMocha, com.typesafe.sbt.less.SbtLess, com.typesafe.sbt.rjs.SbtRjs, com.typesafe.sbt.coffeescript.SbtCoffeeScript, com.heroku.sbt.HerokuPlugin, sbt.plugins.BackgroundRunPlugin) not found List(play.PlayJava, play.Play, play.sbt.forkrun.PlayForkRun, com.typesafe.sbt.SbtEcho)))
Sending msg to client activator-52921316-71cf-4f17-ae1c-d9baa0c2fcab: DetachedLogEvent(LogMessage(debug,  :: sorting:: found: List(sbt.plugins.CorePlugin, com.typesafe.sbt.web.SbtWeb, sbt.plugins.InteractionServicePlugin, sbt.plugins.SendEventServicePlugin, sbt.plugins.SerializersPlugin, sbt.plugins.IvyPlugin, com.typesafe.sbt.webdriver.SbtWebDriver, com.typesafe.sbt.jse.SbtJsEngine, com.typesafe.sbt.digest.SbtDigest, sbt.plugins.JvmPlugin, com.typesafe.sbt.jse.SbtJsTask, play.twirl.sbt.SbtTwirl, com.typesafe.sbt.jshint.SbtJSHint, sbt.plugins.JUnitXmlReportPlugin, com.typesafe.sbt.mocha.SbtMocha, com.typesafe.sbt.less.SbtLess, com.typesafe.sbt.rjs.SbtRjs, com.typesafe.sbt.coffeescript.SbtCoffeeScript, com.heroku.sbt.HerokuPlugin, sbt.plugins.BackgroundRunPlugin, play.Play, com.typesafe.sbt.SbtEcho) not found List(play.PlayJava, play.sbt.forkrun.PlayForkRun)))
Sending msg to client activator-52921316-71cf-4f17-ae1c-d9baa0c2fcab: DetachedLogEvent(LogMessage(debug,  :: sorting:: found: List(sbt.plugins.CorePlugin, com.typesafe.sbt.web.SbtWeb, sbt.plugins.InteractionServicePlugin, sbt.plugins.SendEventServicePlugin, sbt.plugins.SerializersPlugin, sbt.plugins.IvyPlugin, com.typesafe.sbt.webdriver.SbtWebDriver, com.typesafe.sbt.jse.SbtJsEngine, com.typesafe.sbt.digest.SbtDigest, sbt.plugins.JvmPlugin, com.typesafe.sbt.jse.SbtJsTask, play.twirl.sbt.SbtTwirl, com.typesafe.sbt.jshint.SbtJSHint, sbt.plugins.JUnitXmlReportPlugin, com.typesafe.sbt.mocha.SbtMocha, com.typesafe.sbt.less.SbtLess, com.typesafe.sbt.rjs.SbtRjs, com.typesafe.sbt.coffeescript.SbtCoffeeScript, com.heroku.sbt.HerokuPlugin, sbt.plugins.BackgroundRunPlugin, play.Play, com.typesafe.sbt.SbtEcho, play.PlayJava, play.sbt.forkrun.PlayForkRun) not found List()))
Sending msg to client activator-52921316-71cf-4f17-ae1c-d9baa0c2fcab: DetachedLogEvent(LogMessage(debug,  :: sorted deduced result: List(sbt.plugins.CorePlugin, com.typesafe.sbt.web.SbtWeb, sbt.plugins.InteractionServicePlugin, sbt.plugins.SendEventServicePlugin, sbt.plugins.SerializersPlugin, sbt.plugins.IvyPlugin, com.typesafe.sbt.webdriver.SbtWebDriver, com.typesafe.sbt.jse.SbtJsEngine, com.typesafe.sbt.digest.SbtDigest, sbt.plugins.JvmPlugin, com.typesafe.sbt.jse.SbtJsTask, play.twirl.sbt.SbtTwirl, com.typesafe.sbt.jshint.SbtJSHint, sbt.plugins.JUnitXmlReportPlugin, com.typesafe.sbt.mocha.SbtMocha, com.typesafe.sbt.less.SbtLess, com.typesafe.sbt.rjs.SbtRjs, com.typesafe.sbt.coffeescript.SbtCoffeeScript, com.heroku.sbt.HerokuPlugin, sbt.plugins.BackgroundRunPlugin, play.Play, com.typesafe.sbt.SbtEcho, play.PlayJava, play.sbt.forkrun.PlayForkRun)))
Got request: UnlistenToEvents()
Reading next message from client.
Sending msg to client activator-52921316-71cf-4f17-ae1c-d9baa0c2fcab: (12,ReceivedResponse())
Got request: UnlistenToBuildChange()
Reading next message from client.
Client activator-52921316-71cf-4f17-ae1c-d9baa0c2fcab EOF, shutting down.
Stopping client.
Dropping message (0,ReceivedResponse()) to dead client activator-52921316-71cf-4f17-ae1c-d9baa0c2fcab
Client activator-52921316-71cf-4f17-ae1c-d9baa0c2fcab thread exiting.
Dropping message (4,ReceivedResponse()) to dead client activator-52921316-71cf-4f17-ae1c-d9baa0c2fcab
Dropping message BuildStructureChanged(MinimalBuildStructure(Vector(file:/C:/Users/svett_000/Documents/GitHub/testApp/),Vector(MinimalProjectStructure(ProjectReference(file:/C:/Users/svett_000/Documents/GitHub/testApp/,root),Vector(sbt.plugins.CorePlugin, com.typesafe.sbt.web.SbtWeb, sbt.plugins.InteractionServicePlugin, sbt.plugins.SendEventServicePlugin, sbt.plugins.SerializersPlugin, sbt.plugins.IvyPlugin, com.typesafe.sbt.webdriver.SbtWebDriver, com.typesafe.sbt.jse.SbtJsEngine, com.typesafe.sbt.digest.SbtDigest, sbt.plugins.JvmPlugin, com.typesafe.sbt.jse.SbtJsTask, play.twirl.sbt.SbtTwirl, com.typesafe.sbt.jshint.SbtJSHint, sbt.plugins.JUnitXmlReportPlugin, com.typesafe.sbt.mocha.SbtMocha, com.typesafe.sbt.less.SbtLess, com.typesafe.sbt.rjs.SbtRjs, com.typesafe.sbt.coffeescript.SbtCoffeeScript, com.heroku.sbt.HerokuPlugin, sbt.plugins.BackgroundRunPlugin, play.Play, com.typesafe.sbt.SbtEcho, play.PlayJava, play.sbt.forkrun.PlayForkRun))))) to dead client activator-52921316-71cf-4f17-ae1c-d9baa0c2fcab
Dropping message (6,KeyLookupResponse(discoveredMainClasses,Vector(AttributeKey[scala.collection.Seq[java.lang.String]]("discoveredMainClasses") in Scope(Build: file:/C:/Users/svett_000/Documents/GitHub/testApp/, , Project: ProjectReference(file:/C:/Users/svett_000/Documents/GitHub/testApp/,root), Config: compile)))) to dead client activator-52921316-71cf-4f17-ae1c-d9baa0c2fcab
Dropping message (7,KeyLookupResponse(mainClass,Vector(AttributeKey[scala.Option[java.lang.String]]("mainClass") in Scope(Build: file:/C:/Users/svett_000/Documents/GitHub/testApp/, , Project: ProjectReference(file:/C:/Users/svett_000/Documents/GitHub/testApp/,root), Config: compile)))) to dead client activator-52921316-71cf-4f17-ae1c-d9baa0c2fcab
Dropping message (8,KeyLookupResponse(echo:echoTraceSupported,Vector(AttributeKey[boolean]("echoTraceSupported") in Scope(Build: file:/C:/Users/svett_000/Documents/GitHub/testApp/, , Project: ProjectReference(file:/C:/Users/svett_000/Documents/GitHub/testApp/,root), Config: echo)))) to dead client activator-52921316-71cf-4f17-ae1c-d9baa0c2fcab
Dropping message (9,KeyLookupResponse(echo:echoPlayVersionReport,Vector(AttributeKey[java.lang.String]("echoPlayVersionReport") in Scope(Build: file:/C:/Users/svett_000/Documents/GitHub/testApp/, , Project: ProjectReference(file:/C:/Users/svett_000/Documents/GitHub/testApp/,root), Config: echo)))) to dead client activator-52921316-71cf-4f17-ae1c-d9baa0c2fcab
Dropping message (10,KeyLookupResponse(echo:echoAkkaVersionReport,Vector(AttributeKey[java.lang.String]("echoAkkaVersionReport") in Scope(Build: file:/C:/Users/svett_000/Documents/GitHub/testApp/, , Project: ProjectReference(file:/C:/Users/svett_000/Documents/GitHub/testApp/,root), Config: echo)))) to dead client activator-52921316-71cf-4f17-ae1c-d9baa0c2fcab
Dropping message (11,KeyLookupResponse(echo:echoTracePlayVersion,Vector())) to dead client activator-52921316-71cf-4f17-ae1c-d9baa0c2fcab
Dropping message (13,ReceivedResponse()) to dead client activator-52921316-71cf-4f17-ae1c-d9baa0c2fcab
Dropping message BuildStructureChanged(MinimalBuildStructure(Vector(file:/C:/Users/svett_000/Documents/GitHub/testApp/),Vector(MinimalProjectStructure(ProjectReference(file:/C:/Users/svett_000/Documents/GitHub/testApp/,root),Vector(sbt.plugins.CorePlugin, com.typesafe.sbt.web.SbtWeb, sbt.plugins.InteractionServicePlugin, sbt.plugins.SendEventServicePlugin, sbt.plugins.SerializersPlugin, sbt.plugins.IvyPlugin, com.typesafe.sbt.webdriver.SbtWebDriver, com.typesafe.sbt.jse.SbtJsEngine, com.typesafe.sbt.digest.SbtDigest, sbt.plugins.JvmPlugin, com.typesafe.sbt.jse.SbtJsTask, play.twirl.sbt.SbtTwirl, com.typesafe.sbt.jshint.SbtJSHint, sbt.plugins.JUnitXmlReportPlugin, com.typesafe.sbt.mocha.SbtMocha, com.typesafe.sbt.less.SbtLess, com.typesafe.sbt.rjs.SbtRjs, com.typesafe.sbt.coffeescript.SbtCoffeeScript, com.heroku.sbt.HerokuPlugin, sbt.plugins.BackgroundRunPlugin, play.Play, com.typesafe.sbt.SbtEcho, play.PlayJava, play.sbt.forkrun.PlayForkRun))))) to dead client activator-52921316-71cf-4f17-ae1c-d9baa0c2fcab
