New log file opened at Fri May 08 11:20:55 CEST 2015 by 80052@Laban
Sending msg to client activator-9ac97b13-e967-492c-bf3d-7ce1733678b2: DetachedLogEvent(LogMessage(debug,sbt server socket logs are in: C:\Users\svett_000\Documents\GitHub\testApp\.sbtserver\connections\master.log))
Sending msg to client activator-9ac97b13-e967-492c-bf3d-7ce1733678b2: DetachedLogEvent(LogMessage(debug,sbt client logs are in: C:\Users\svett_000\Documents\GitHub\testApp\.sbtserver\connections\activator-9ac97b13-e967-492c-bf3d-7ce1733678b2.log))
Reading next message from client.
Sending msg to client activator-9ac97b13-e967-492c-bf3d-7ce1733678b2: DetachedLogEvent(LogMessage(debug,sbt general server logs are in: C:\Users\svett_000\Documents\GitHub\testApp\.sbtserver\master.log))
Got request: ListenToEvents()
Reading next message from client.
Got request: ListenToBuildChange()
Reading next message from client.
Got request: SendSyntheticBuildChanged()
Reading next message from client.
Sending msg to client activator-9ac97b13-e967-492c-bf3d-7ce1733678b2: DetachedLogEvent(LogMessage(debug,> --initialize))
Sending msg to client activator-9ac97b13-e967-492c-bf3d-7ce1733678b2: DetachedLogEvent(LogMessage(debug,> initialize))
Sending msg to client activator-9ac97b13-e967-492c-bf3d-7ce1733678b2: DetachedLogEvent(LogMessage(debug,> onFailure load-failed))
Sending msg to client activator-9ac97b13-e967-492c-bf3d-7ce1733678b2: DetachedLogEvent(LogMessage(debug,> boot))
Sending msg to client activator-9ac97b13-e967-492c-bf3d-7ce1733678b2: DetachedLogEvent(LogMessage(debug,> reload))
Sending msg to client activator-9ac97b13-e967-492c-bf3d-7ce1733678b2: DetachedLogEvent(LogMessage(debug,[Loading] Scanning directory C:\Users\svett_000\Documents\GitHub\testApp\project))
Got request: KeyLookupRequest(discoveredMainClasses)
Reading next message from client.
Got request: KeyLookupRequest(mainClass)
Reading next message from client.
Got request: KeyLookupRequest(echo:echoTraceSupported)
Reading next message from client.
Got request: KeyLookupRequest(echo:echoPlayVersionReport)
Reading next message from client.
Got request: KeyLookupRequest(echo:echoAkkaVersionReport)
Reading next message from client.
Got request: KeyLookupRequest(echo:echoTracePlayVersion)
Reading next message from client.
Sending msg to client activator-9ac97b13-e967-492c-bf3d-7ce1733678b2: (3,ReceivedResponse())
Sending msg to client activator-9ac97b13-e967-492c-bf3d-7ce1733678b2: DetachedLogEvent(LogMessage(debug,[Loading] Found non-root projects ))
Sending msg to client activator-9ac97b13-e967-492c-bf3d-7ce1733678b2: DetachedLogEvent(LogMessage(debug,[Loading] Done in C:\Users\svett_000\Documents\GitHub\testApp\project, returning: ()))
Got request: UnlistenToEvents()
Reading next message from client.
Sending msg to client activator-9ac97b13-e967-492c-bf3d-7ce1733678b2: (12,ReceivedResponse())
Got request: UnlistenToBuildChange()
Reading next message from client.
Client activator-9ac97b13-e967-492c-bf3d-7ce1733678b2 EOF, shutting down.
Stopping client.
Dropping message (0,ReceivedResponse()) to dead client activator-9ac97b13-e967-492c-bf3d-7ce1733678b2
Client activator-9ac97b13-e967-492c-bf3d-7ce1733678b2 thread exiting.
Dropping message (4,ReceivedResponse()) to dead client activator-9ac97b13-e967-492c-bf3d-7ce1733678b2
Dropping message BuildStructureChanged(MinimalBuildStructure(Vector(file:/C:/Users/svett_000/Documents/GitHub/testApp/),Vector(MinimalProjectStructure(ProjectReference(file:/C:/Users/svett_000/Documents/GitHub/testApp/,root),Vector(sbt.plugins.CorePlugin, com.typesafe.sbt.web.SbtWeb, sbt.plugins.InteractionServicePlugin, sbt.plugins.SendEventServicePlugin, sbt.plugins.SerializersPlugin, sbt.plugins.IvyPlugin, com.typesafe.sbt.webdriver.SbtWebDriver, com.typesafe.sbt.jse.SbtJsEngine, com.typesafe.sbt.digest.SbtDigest, sbt.plugins.JvmPlugin, com.typesafe.sbt.jse.SbtJsTask, play.twirl.sbt.SbtTwirl, com.typesafe.sbt.jshint.SbtJSHint, sbt.plugins.JUnitXmlReportPlugin, com.typesafe.sbt.mocha.SbtMocha, com.typesafe.sbt.less.SbtLess, com.typesafe.sbt.rjs.SbtRjs, com.typesafe.sbt.coffeescript.SbtCoffeeScript, com.heroku.sbt.HerokuPlugin, sbt.plugins.BackgroundRunPlugin, play.Play, com.typesafe.sbt.SbtEcho, play.PlayJava, play.sbt.forkrun.PlayForkRun))))) to dead client activator-9ac97b13-e967-492c-bf3d-7ce1733678b2
Dropping message (6,KeyLookupResponse(discoveredMainClasses,Vector(AttributeKey[scala.collection.Seq[java.lang.String]]("discoveredMainClasses") in Scope(Build: file:/C:/Users/svett_000/Documents/GitHub/testApp/, , Project: ProjectReference(file:/C:/Users/svett_000/Documents/GitHub/testApp/,root), Config: compile)))) to dead client activator-9ac97b13-e967-492c-bf3d-7ce1733678b2
Dropping message (7,KeyLookupResponse(mainClass,Vector(AttributeKey[scala.Option[java.lang.String]]("mainClass") in Scope(Build: file:/C:/Users/svett_000/Documents/GitHub/testApp/, , Project: ProjectReference(file:/C:/Users/svett_000/Documents/GitHub/testApp/,root), Config: compile)))) to dead client activator-9ac97b13-e967-492c-bf3d-7ce1733678b2
Dropping message (8,KeyLookupResponse(echo:echoTraceSupported,Vector(AttributeKey[boolean]("echoTraceSupported") in Scope(Build: file:/C:/Users/svett_000/Documents/GitHub/testApp/, , Project: ProjectReference(file:/C:/Users/svett_000/Documents/GitHub/testApp/,root), Config: echo)))) to dead client activator-9ac97b13-e967-492c-bf3d-7ce1733678b2
Dropping message (9,KeyLookupResponse(echo:echoPlayVersionReport,Vector(AttributeKey[java.lang.String]("echoPlayVersionReport") in Scope(Build: file:/C:/Users/svett_000/Documents/GitHub/testApp/, , Project: ProjectReference(file:/C:/Users/svett_000/Documents/GitHub/testApp/,root), Config: echo)))) to dead client activator-9ac97b13-e967-492c-bf3d-7ce1733678b2
Dropping message (10,KeyLookupResponse(echo:echoAkkaVersionReport,Vector(AttributeKey[java.lang.String]("echoAkkaVersionReport") in Scope(Build: file:/C:/Users/svett_000/Documents/GitHub/testApp/, , Project: ProjectReference(file:/C:/Users/svett_000/Documents/GitHub/testApp/,root), Config: echo)))) to dead client activator-9ac97b13-e967-492c-bf3d-7ce1733678b2
Dropping message (11,KeyLookupResponse(echo:echoTracePlayVersion,Vector())) to dead client activator-9ac97b13-e967-492c-bf3d-7ce1733678b2
Dropping message (13,ReceivedResponse()) to dead client activator-9ac97b13-e967-492c-bf3d-7ce1733678b2
Dropping message BuildStructureChanged(MinimalBuildStructure(Vector(file:/C:/Users/svett_000/Documents/GitHub/testApp/),Vector(MinimalProjectStructure(ProjectReference(file:/C:/Users/svett_000/Documents/GitHub/testApp/,root),Vector(sbt.plugins.CorePlugin, com.typesafe.sbt.web.SbtWeb, sbt.plugins.InteractionServicePlugin, sbt.plugins.SendEventServicePlugin, sbt.plugins.SerializersPlugin, sbt.plugins.IvyPlugin, com.typesafe.sbt.webdriver.SbtWebDriver, com.typesafe.sbt.jse.SbtJsEngine, com.typesafe.sbt.digest.SbtDigest, sbt.plugins.JvmPlugin, com.typesafe.sbt.jse.SbtJsTask, play.twirl.sbt.SbtTwirl, com.typesafe.sbt.jshint.SbtJSHint, sbt.plugins.JUnitXmlReportPlugin, com.typesafe.sbt.mocha.SbtMocha, com.typesafe.sbt.less.SbtLess, com.typesafe.sbt.rjs.SbtRjs, com.typesafe.sbt.coffeescript.SbtCoffeeScript, com.heroku.sbt.HerokuPlugin, sbt.plugins.BackgroundRunPlugin, play.Play, com.typesafe.sbt.SbtEcho, play.PlayJava, play.sbt.forkrun.PlayForkRun))))) to dead client activator-9ac97b13-e967-492c-bf3d-7ce1733678b2
