New log file opened at Fri May 08 11:38:21 CEST 2015 by 81712@Laban
Sending msg to client activator-bf9d9aec-3c6e-4184-9a63-9aa1340dba1d: DetachedLogEvent(LogMessage(debug,sbt server socket logs are in: C:\Users\svett_000\Documents\GitHub\testApp-master\.sbtserver\connections\master.log))
Sending msg to client activator-bf9d9aec-3c6e-4184-9a63-9aa1340dba1d: DetachedLogEvent(LogMessage(debug,sbt client logs are in: C:\Users\svett_000\Documents\GitHub\testApp-master\.sbtserver\connections\activator-bf9d9aec-3c6e-4184-9a63-9aa1340dba1d.log))
Sending msg to client activator-bf9d9aec-3c6e-4184-9a63-9aa1340dba1d: DetachedLogEvent(LogMessage(debug,sbt general server logs are in: C:\Users\svett_000\Documents\GitHub\testApp-master\.sbtserver\master.log))
Reading next message from client.
Got request: ListenToEvents()
Reading next message from client.
Got request: ListenToBuildChange()
Reading next message from client.
Got request: SendSyntheticBuildChanged()
Reading next message from client.
Got request: KeyLookupRequest(discoveredMainClasses)
Reading next message from client.
Sending msg to client activator-bf9d9aec-3c6e-4184-9a63-9aa1340dba1d: (3,ReceivedResponse())
Got request: KeyLookupRequest(mainClass)
Reading next message from client.
Got request: KeyLookupRequest(echo:echoTraceSupported)
Reading next message from client.
Got request: KeyLookupRequest(echo:echoPlayVersionReport)
Reading next message from client.
Got request: KeyLookupRequest(echo:echoAkkaVersionReport)
Reading next message from client.
Got request: KeyLookupRequest(echo:echoTracePlayVersion)
Reading next message from client.
Sending msg to client activator-bf9d9aec-3c6e-4184-9a63-9aa1340dba1d: DetachedLogEvent(LogMessage(debug,> initialize))
Sending msg to client activator-bf9d9aec-3c6e-4184-9a63-9aa1340dba1d: DetachedLogEvent(LogMessage(debug,> onFailure load-failed))
Sending msg to client activator-bf9d9aec-3c6e-4184-9a63-9aa1340dba1d: DetachedLogEvent(LogMessage(debug,> boot))
Sending msg to client activator-bf9d9aec-3c6e-4184-9a63-9aa1340dba1d: DetachedLogEvent(LogMessage(debug,> reload))
Sending msg to client activator-bf9d9aec-3c6e-4184-9a63-9aa1340dba1d: DetachedLogEvent(LogMessage(debug,[Loading] Scanning directory C:\Users\svett_000\Documents\GitHub\testApp-master\project))
Sending msg to client activator-bf9d9aec-3c6e-4184-9a63-9aa1340dba1d: DetachedLogEvent(LogMessage(debug,[Loading] Found non-root projects ))
Sending msg to client activator-bf9d9aec-3c6e-4184-9a63-9aa1340dba1d: DetachedLogEvent(LogMessage(debug,[Loading] Done in C:\Users\svett_000\Documents\GitHub\testApp-master\project, returning: ()))
Sending msg to client activator-bf9d9aec-3c6e-4184-9a63-9aa1340dba1d: DetachedLogEvent(LogMessage(debug,deducing auto plugins based on known facts Set(Atom(sbt.plugins.CorePlugin)) and clauses Clauses(List(Clause(Atom(sbt.plugins.JvmPlugin),Set(Atom(sbt.plugins.IvyPlugin))), Clause(Atom(sbt.plugins.JUnitXmlReportPlugin),Set(Atom(sbt.plugins.JvmPlugin))), Clause(Atom(sbt.plugins.CorePlugin),Set(Atom(sbt.plugins.IvyPlugin))), Clause(Atom(sbt.plugins.IvyPlugin),Set(Atom(sbt.plugins.JvmPlugin))), Clause(Atom(sbt.plugins.JvmPlugin),Set(Atom(sbt.plugins.JUnitXmlReportPlugin)))))))
Sending msg to client activator-bf9d9aec-3c6e-4184-9a63-9aa1340dba1d: DetachedLogEvent(LogMessage(debug,  :: deduced result: Matched(sbt.plugins.CorePlugin,sbt.plugins.IvyPlugin,sbt.plugins.JvmPlugin,sbt.plugins.JUnitXmlReportPlugin)))
Sending msg to client activator-bf9d9aec-3c6e-4184-9a63-9aa1340dba1d: DetachedLogEvent(LogMessage(debug,sorting: ns: List(sbt.plugins.CorePlugin, sbt.plugins.IvyPlugin, sbt.plugins.JvmPlugin, sbt.plugins.JUnitXmlReportPlugin)))
Sending msg to client activator-bf9d9aec-3c6e-4184-9a63-9aa1340dba1d: DetachedLogEvent(LogMessage(debug,  :: sorting:: found: List(sbt.plugins.CorePlugin) not found List(sbt.plugins.IvyPlugin, sbt.plugins.JvmPlugin, sbt.plugins.JUnitXmlReportPlugin)))
Sending msg to client activator-bf9d9aec-3c6e-4184-9a63-9aa1340dba1d: DetachedLogEvent(LogMessage(debug,  :: sorting:: found: List(sbt.plugins.CorePlugin, sbt.plugins.IvyPlugin) not found List(sbt.plugins.JvmPlugin, sbt.plugins.JUnitXmlReportPlugin)))
Sending msg to client activator-bf9d9aec-3c6e-4184-9a63-9aa1340dba1d: DetachedLogEvent(LogMessage(debug,  :: sorting:: found: List(sbt.plugins.CorePlugin, sbt.plugins.IvyPlugin, sbt.plugins.JvmPlugin) not found List(sbt.plugins.JUnitXmlReportPlugin)))
Sending msg to client activator-bf9d9aec-3c6e-4184-9a63-9aa1340dba1d: DetachedLogEvent(LogMessage(debug,  :: sorting:: found: List(sbt.plugins.CorePlugin, sbt.plugins.IvyPlugin, sbt.plugins.JvmPlugin, sbt.plugins.JUnitXmlReportPlugin) not found List()))
Sending msg to client activator-bf9d9aec-3c6e-4184-9a63-9aa1340dba1d: DetachedLogEvent(LogMessage(debug,  :: sorted deduced result: List(sbt.plugins.CorePlugin, sbt.plugins.IvyPlugin, sbt.plugins.JvmPlugin, sbt.plugins.JUnitXmlReportPlugin)))
Sending msg to client activator-bf9d9aec-3c6e-4184-9a63-9aa1340dba1d: DetachedLogEvent(LogMessage(debug,[Loading] Done in C:\Users\svett_000\Documents\GitHub\testApp-master\project, returning: (testapp-master-build)))
Sending msg to client activator-bf9d9aec-3c6e-4184-9a63-9aa1340dba1d: DetachedLogEvent(LogMessage(info,Loading project definition from C:\Users\svett_000\Documents\GitHub\testApp-master\project))
Sending msg to client activator-bf9d9aec-3c6e-4184-9a63-9aa1340dba1d: DetachedLogEvent(LogMessage(debug,Running task... Cancel: sbt.TaskCancellationStrategy$Null$@62ef5331, check cycles: false))
Sending msg to client activator-bf9d9aec-3c6e-4184-9a63-9aa1340dba1d: DetachedLogEvent(LogStdOut([info] Updating {file:/C:/Users/svett_000/Documents/GitHub/testApp-master/project/}testapp-master-build...))
Sending msg to client activator-bf9d9aec-3c6e-4184-9a63-9aa1340dba1d: DetachedLogEvent(LogMessage(info,Updating {file:/C:/Users/svett_000/Documents/GitHub/testApp-master/project/}testapp-master-build...))
Sending msg to client activator-bf9d9aec-3c6e-4184-9a63-9aa1340dba1d: DetachedLogEvent(LogMessage(debug,Other repositories:))
Sending msg to client activator-bf9d9aec-3c6e-4184-9a63-9aa1340dba1d: DetachedLogEvent(LogMessage(debug,Default repositories:))
Sending msg to client activator-bf9d9aec-3c6e-4184-9a63-9aa1340dba1d: DetachedLogEvent(LogMessage(debug,Using inline dependencies specified in Scala.))
Sending msg to client activator-bf9d9aec-3c6e-4184-9a63-9aa1340dba1d: DetachedLogEvent(LogMessage(debug,:: resolving dependencies :: default#testapp-master-build;0.1-SNAPSHOT))
Sending msg to client activator-bf9d9aec-3c6e-4184-9a63-9aa1340dba1d: DetachedLogEvent(LogMessage(debug,	confs: [compile, runtime, test, provided, optional, compile-internal, runtime-internal, test-internal, plugin, sources, docs, pom, scala-tool]))
Sending msg to client activator-bf9d9aec-3c6e-4184-9a63-9aa1340dba1d: DetachedLogEvent(LogMessage(debug,	validate = true))
Sending msg to client activator-bf9d9aec-3c6e-4184-9a63-9aa1340dba1d: DetachedLogEvent(LogMessage(debug,	refresh = false))
Sending msg to client activator-bf9d9aec-3c6e-4184-9a63-9aa1340dba1d: DetachedLogEvent(LogMessage(debug,resolving dependencies for configuration 'compile'))
Sending msg to client activator-bf9d9aec-3c6e-4184-9a63-9aa1340dba1d: DetachedLogEvent(LogMessage(debug,== resolving dependencies for default#testapp-master-build;0.1-SNAPSHOT [compile]))
Sending msg to client activator-bf9d9aec-3c6e-4184-9a63-9aa1340dba1d: DetachedLogEvent(LogMessage(debug,== resolving dependencies default#testapp-master-build;0.1-SNAPSHOT->com.typesafe.sbt#sbt-echo;0.1.14 [compile->default(compile)]))
Sending msg to client activator-bf9d9aec-3c6e-4184-9a63-9aa1340dba1d: DetachedLogEvent(LogStdOut([info] Resolving com.typesafe.sbt#sbt-echo;0.1.14 ...))
Sending msg to client activator-bf9d9aec-3c6e-4184-9a63-9aa1340dba1d: DetachedLogEvent(LogMessage(info,Resolving com.typesafe.sbt#sbt-echo;0.1.14 ...))
Sending msg to client activator-bf9d9aec-3c6e-4184-9a63-9aa1340dba1d: DetachedLogEvent(LogMessage(debug,sbt-chain: Checking cache for: dependency: com.typesafe.sbt#sbt-echo;0.1.14 {compile=[default(compile)]}))
Sending msg to client activator-bf9d9aec-3c6e-4184-9a63-9aa1340dba1d: DetachedLogEvent(LogMessage(debug,sbt-chain: module revision found in cache: com.typesafe.sbt#sbt-echo;0.1.14))
Sending msg to client activator-bf9d9aec-3c6e-4184-9a63-9aa1340dba1d: DetachedLogEvent(LogMessage(debug,	found com.typesafe.sbt#sbt-echo;0.1.14 in sbt-chain))
Sending msg to client activator-bf9d9aec-3c6e-4184-9a63-9aa1340dba1d: DetachedLogEvent(LogMessage(debug,== resolving dependencies com.typesafe.sbt#sbt-echo;0.1.14->org.scala-sbt#sbt-core-next;0.1.1 [compile->default(compile)]))
Sending msg to client activator-bf9d9aec-3c6e-4184-9a63-9aa1340dba1d: DetachedLogEvent(LogStdOut([info] Resolving org.scala-sbt#sbt-core-next;0.1.1 ...))
Sending msg to client activator-bf9d9aec-3c6e-4184-9a63-9aa1340dba1d: DetachedLogEvent(LogMessage(info,Resolving org.scala-sbt#sbt-core-next;0.1.1 ...))
Sending msg to client activator-bf9d9aec-3c6e-4184-9a63-9aa1340dba1d: DetachedLogEvent(LogMessage(debug,sbt-chain: Checking cache for: dependency: org.scala-sbt#sbt-core-next;0.1.1 {compile=[default(compile)]}))
Sending msg to client activator-bf9d9aec-3c6e-4184-9a63-9aa1340dba1d: DetachedLogEvent(LogMessage(debug,sbt-chain: module revision found in cache: org.scala-sbt#sbt-core-next;0.1.1))
Sending msg to client activator-bf9d9aec-3c6e-4184-9a63-9aa1340dba1d: DetachedLogEvent(LogMessage(debug,	found org.scala-sbt#sbt-core-next;0.1.1 in sbt-chain))
Sending msg to client activator-bf9d9aec-3c6e-4184-9a63-9aa1340dba1d: DetachedLogEvent(LogMessage(debug,== resolving dependencies org.scala-sbt#sbt-core-next;0.1.1->org.scala-sbt#core-next_2.10;0.1.1 [compile->default(compile)]))
Sending msg to client activator-bf9d9aec-3c6e-4184-9a63-9aa1340dba1d: DetachedLogEvent(LogStdOut([info] Resolving org.scala-sbt#core-next_2.10;0.1.1 ...))
Sending msg to client activator-bf9d9aec-3c6e-4184-9a63-9aa1340dba1d: DetachedLogEvent(LogMessage(info,Resolving org.scala-sbt#core-next_2.10;0.1.1 ...))
Sending msg to client activator-bf9d9aec-3c6e-4184-9a63-9aa1340dba1d: DetachedLogEvent(LogMessage(debug,sbt-chain: Checking cache for: dependency: org.scala-sbt#core-next_2.10;0.1.1 {compile=[default(compile)]}))
Sending msg to client activator-bf9d9aec-3c6e-4184-9a63-9aa1340dba1d: DetachedLogEvent(LogMessage(debug,sbt-chain: module revision found in cache: org.scala-sbt#core-next_2.10;0.1.1))
Sending msg to client activator-bf9d9aec-3c6e-4184-9a63-9aa1340dba1d: DetachedLogEvent(LogMessage(debug,	found org.scala-sbt#core-next_2.10;0.1.1 in sbt-chain))
Sending msg to client activator-bf9d9aec-3c6e-4184-9a63-9aa1340dba1d: DetachedLogEvent(LogMessage(debug,== resolving dependencies org.scala-sbt#core-next_2.10;0.1.1->org.scala-lang#scala-library;2.10.4 [compile->default(compile)]))
Sending msg to client activator-bf9d9aec-3c6e-4184-9a63-9aa1340dba1d: DetachedLogEvent(LogStdOut([info] Resolving org.scala-lang#scala-library;2.10.4 ...))
Sending msg to client activator-bf9d9aec-3c6e-4184-9a63-9aa1340dba1d: DetachedLogEvent(LogMessage(info,Resolving org.scala-lang#scala-library;2.10.4 ...))
Sending msg to client activator-bf9d9aec-3c6e-4184-9a63-9aa1340dba1d: DetachedLogEvent(LogMessage(debug,sbt-chain: Checking cache for: dependency: org.scala-lang#scala-library;2.10.4 {compile=[default(compile)]}))
Sending msg to client activator-bf9d9aec-3c6e-4184-9a63-9aa1340dba1d: DetachedLogEvent(LogMessage(debug,sbt-chain: module revision found in cache: org.scala-lang#scala-library;2.10.4))
Sending msg to client activator-bf9d9aec-3c6e-4184-9a63-9aa1340dba1d: DetachedLogEvent(LogMessage(debug,	found org.scala-lang#scala-library;2.10.4 in sbt-chain))
Sending msg to client activator-bf9d9aec-3c6e-4184-9a63-9aa1340dba1d: DetachedLogEvent(LogMessage(debug,	[2.10.4] org.scala-lang#scala-library;2.10.4))
Sending msg to client activator-bf9d9aec-3c6e-4184-9a63-9aa1340dba1d: DetachedLogEvent(LogMessage(debug,== resolving dependencies org.scala-sbt#core-next_2.10;0.1.1->org.scala-lang#scala-library;2.10.4 [compile->runtime]))
Sending msg to client activator-bf9d9aec-3c6e-4184-9a63-9aa1340dba1d: DetachedLogEvent(LogMessage(debug,== resolving dependencies org.scala-sbt#core-next_2.10;0.1.1->org.scala-lang#scala-library;2.10.4 [compile->compile]))
Sending msg to client activator-bf9d9aec-3c6e-4184-9a63-9aa1340dba1d: DetachedLogEvent(LogMessage(debug,== resolving dependencies org.scala-sbt#core-next_2.10;0.1.1->org.scala-lang#scala-library;2.10.4 [compile->master]))
Sending msg to client activator-bf9d9aec-3c6e-4184-9a63-9aa1340dba1d: DetachedLogEvent(LogMessage(debug,== resolving dependencies org.scala-sbt#core-next_2.10;0.1.1->org.scala-sbt#serialization_2.10;0.1.0 [compile->default(compile)]))
Sending msg to client activator-bf9d9aec-3c6e-4184-9a63-9aa1340dba1d: DetachedLogEvent(LogStdOut([info] Resolving org.scala-sbt#serialization_2.10;0.1.0 ...))
Sending msg to client activator-bf9d9aec-3c6e-4184-9a63-9aa1340dba1d: DetachedLogEvent(LogMessage(info,Resolving org.scala-sbt#serialization_2.10;0.1.0 ...))
Sending msg to client activator-bf9d9aec-3c6e-4184-9a63-9aa1340dba1d: DetachedLogEvent(LogMessage(debug,sbt-chain: Checking cache for: dependency: org.scala-sbt#serialization_2.10;0.1.0 {compile=[default(compile)]}))
Sending msg to client activator-bf9d9aec-3c6e-4184-9a63-9aa1340dba1d: DetachedLogEvent(LogMessage(debug,sbt-chain: module revision found in cache: org.scala-sbt#serialization_2.10;0.1.0))
Sending msg to client activator-bf9d9aec-3c6e-4184-9a63-9aa1340dba1d: DetachedLogEvent(LogMessage(debug,	found org.scala-sbt#serialization_2.10;0.1.0 in sbt-chain))
Sending msg to client activator-bf9d9aec-3c6e-4184-9a63-9aa1340dba1d: DetachedLogEvent(LogMessage(debug,== resolving dependencies org.scala-sbt#serialization_2.10;0.1.0->org.scala-lang#scala-library;2.10.4 [compile->default(compile)]))
Sending msg to client activator-bf9d9aec-3c6e-4184-9a63-9aa1340dba1d: DetachedLogEvent(LogMessage(debug,== resolving dependencies org.scala-sbt#serialization_2.10;0.1.0->org.scala-lang#scala-library;2.10.4 [compile->runtime]))
Sending msg to client activator-bf9d9aec-3c6e-4184-9a63-9aa1340dba1d: DetachedLogEvent(LogMessage(debug,== resolving dependencies org.scala-sbt#serialization_2.10;0.1.0->org.scala-lang#scala-library;2.10.4 [compile->compile]))
Sending msg to client activator-bf9d9aec-3c6e-4184-9a63-9aa1340dba1d: DetachedLogEvent(LogMessage(debug,== resolving dependencies org.scala-sbt#serialization_2.10;0.1.0->org.scala-lang#scala-library;2.10.4 [compile->master]))
Sending msg to client activator-bf9d9aec-3c6e-4184-9a63-9aa1340dba1d: DetachedLogEvent(LogMessage(debug,== resolving dependencies org.scala-sbt#serialization_2.10;0.1.0->org.scala-lang.modules#scala-pickling_2.10;0.10.0 [compile->default(compile)]))
Sending msg to client activator-bf9d9aec-3c6e-4184-9a63-9aa1340dba1d: DetachedLogEvent(LogStdOut([info] Resolving org.scala-lang.modules#scala-pickling_2.10;0.10.0 ...))
Sending msg to client activator-bf9d9aec-3c6e-4184-9a63-9aa1340dba1d: DetachedLogEvent(LogMessage(info,Resolving org.scala-lang.modules#scala-pickling_2.10;0.10.0 ...))
Sending msg to client activator-bf9d9aec-3c6e-4184-9a63-9aa1340dba1d: DetachedLogEvent(LogMessage(debug,sbt-chain: Checking cache for: dependency: org.scala-lang.modules#scala-pickling_2.10;0.10.0 {compile=[default(compile)]}))
Sending msg to client activator-bf9d9aec-3c6e-4184-9a63-9aa1340dba1d: DetachedLogEvent(LogMessage(debug,sbt-chain: module revision found in cache: org.scala-lang.modules#scala-pickling_2.10;0.10.0))
Sending msg to client activator-bf9d9aec-3c6e-4184-9a63-9aa1340dba1d: DetachedLogEvent(LogMessage(debug,	found org.scala-lang.modules#scala-pickling_2.10;0.10.0 in sbt-chain))
Sending msg to client activator-bf9d9aec-3c6e-4184-9a63-9aa1340dba1d: DetachedLogEvent(LogMessage(debug,== resolving dependencies org.scala-sbt#serialization_2.10;0.1.0->org.scala-lang.modules#scala-pickling_2.10;0.10.0 [compile->runtime]))
Sending msg to client activator-bf9d9aec-3c6e-4184-9a63-9aa1340dba1d: DetachedLogEvent(LogMessage(debug,== resolving dependencies org.scala-sbt#serialization_2.10;0.1.0->org.scala-lang.modules#scala-pickling_2.10;0.10.0 [compile->compile]))
Sending msg to client activator-bf9d9aec-3c6e-4184-9a63-9aa1340dba1d: DetachedLogEvent(LogMessage(debug,== resolving dependencies org.scala-lang.modules#scala-pickling_2.10;0.10.0->org.scala-lang#scala-compiler;2.10.4 [compile->master(*)]))
Sending msg to client activator-bf9d9aec-3c6e-4184-9a63-9aa1340dba1d: DetachedLogEvent(LogStdOut([info] Resolving org.scala-lang#scala-compiler;2.10.4 ...))
Sending msg to client activator-bf9d9aec-3c6e-4184-9a63-9aa1340dba1d: DetachedLogEvent(LogMessage(info,Resolving org.scala-lang#scala-compiler;2.10.4 ...))
Sending msg to client activator-bf9d9aec-3c6e-4184-9a63-9aa1340dba1d: DetachedLogEvent(LogMessage(debug,sbt-chain: Checking cache for: dependency: org.scala-lang#scala-compiler;2.10.4 {compile=[compile(*), master(*)], runtime=[runtime(*)]}))
Sending msg to client activator-bf9d9aec-3c6e-4184-9a63-9aa1340dba1d: DetachedLogEvent(LogMessage(debug,sbt-chain: module revision found in cache: org.scala-lang#scala-compiler;2.10.4))
Sending msg to client activator-bf9d9aec-3c6e-4184-9a63-9aa1340dba1d: DetachedLogEvent(LogMessage(debug,	found org.scala-lang#scala-compiler;2.10.4 in sbt-chain))
Sending msg to client activator-bf9d9aec-3c6e-4184-9a63-9aa1340dba1d: DetachedLogEvent(LogMessage(debug,== resolving dependencies org.scala-lang.modules#scala-pickling_2.10;0.10.0->org.scala-lang#scala-compiler;2.10.4 [compile->compile(*)]))
Sending msg to client activator-bf9d9aec-3c6e-4184-9a63-9aa1340dba1d: DetachedLogEvent(LogMessage(debug,== resolving dependencies org.scala-lang#scala-compiler;2.10.4->org.scala-lang#scala-library;2.10.4 [compile->master(*)]))
Sending msg to client activator-bf9d9aec-3c6e-4184-9a63-9aa1340dba1d: DetachedLogEvent(LogMessage(debug,== resolving dependencies org.scala-lang#scala-compiler;2.10.4->org.scala-lang#scala-library;2.10.4 [compile->compile(*)]))
Sending msg to client activator-bf9d9aec-3c6e-4184-9a63-9aa1340dba1d: DetachedLogEvent(LogMessage(debug,== resolving dependencies org.scala-lang#scala-compiler;2.10.4->org.scala-lang#scala-library;2.10.4 [compile->runtime(*)]))
Sending msg to client activator-bf9d9aec-3c6e-4184-9a63-9aa1340dba1d: DetachedLogEvent(LogMessage(debug,== resolving dependencies org.scala-lang#scala-compiler;2.10.4->org.scala-lang#scala-library;2.10.4 [compile->compile]))
Sending msg to client activator-bf9d9aec-3c6e-4184-9a63-9aa1340dba1d: DetachedLogEvent(LogMessage(debug,== resolving dependencies org.scala-lang#scala-compiler;2.10.4->org.scala-lang#scala-reflect;2.10.4 [compile->master(*)]))
Sending msg to client activator-bf9d9aec-3c6e-4184-9a63-9aa1340dba1d: DetachedLogEvent(LogStdOut([info] Resolving org.scala-lang#scala-reflect;2.10.4 ...))
Sending msg to client activator-bf9d9aec-3c6e-4184-9a63-9aa1340dba1d: DetachedLogEvent(LogMessage(info,Resolving org.scala-lang#scala-reflect;2.10.4 ...))
Sending msg to client activator-bf9d9aec-3c6e-4184-9a63-9aa1340dba1d: DetachedLogEvent(LogMessage(debug,sbt-chain: Checking cache for: dependency: org.scala-lang#scala-reflect;2.10.4 {compile=[compile(*), master(*)], runtime=[runtime(*)]}))
Sending msg to client activator-bf9d9aec-3c6e-4184-9a63-9aa1340dba1d: DetachedLogEvent(LogMessage(debug,sbt-chain: module revision found in cache: org.scala-lang#scala-reflect;2.10.4))
Sending msg to client activator-bf9d9aec-3c6e-4184-9a63-9aa1340dba1d: DetachedLogEvent(LogMessage(debug,	found org.scala-lang#scala-reflect;2.10.4 in sbt-chain))
Sending msg to client activator-bf9d9aec-3c6e-4184-9a63-9aa1340dba1d: DetachedLogEvent(LogMessage(debug,	[2.10.4] org.scala-lang#scala-reflect;2.10.4))
Sending msg to client activator-bf9d9aec-3c6e-4184-9a63-9aa1340dba1d: DetachedLogEvent(LogMessage(debug,== resolving dependencies org.scala-lang#scala-compiler;2.10.4->org.scala-lang#scala-reflect;2.10.4 [compile->compile(*)]))
Sending msg to client activator-bf9d9aec-3c6e-4184-9a63-9aa1340dba1d: DetachedLogEvent(LogMessage(debug,== resolving dependencies org.scala-lang#scala-reflect;2.10.4->org.scala-lang#scala-library;2.10.4 [compile->master(*)]))
Sending msg to client activator-bf9d9aec-3c6e-4184-9a63-9aa1340dba1d: DetachedLogEvent(LogMessage(debug,== resolving dependencies org.scala-lang#scala-reflect;2.10.4->org.scala-lang#scala-library;2.10.4 [compile->compile(*)]))
Sending msg to client activator-bf9d9aec-3c6e-4184-9a63-9aa1340dba1d: DetachedLogEvent(LogMessage(debug,== resolving dependencies org.scala-lang#scala-compiler;2.10.4->org.scala-lang#scala-reflect;2.10.4 [compile->runtime(*)]))
Sending msg to client activator-bf9d9aec-3c6e-4184-9a63-9aa1340dba1d: DetachedLogEvent(LogMessage(debug,== resolving dependencies org.scala-lang#scala-compiler;2.10.4->org.scala-lang#scala-reflect;2.10.4 [compile->compile]))
Sending msg to client activator-bf9d9aec-3c6e-4184-9a63-9aa1340dba1d: DetachedLogEvent(LogMessage(debug,== resolving dependencies org.scala-lang#scala-reflect;2.10.4->org.scala-lang#scala-library;2.10.4 [runtime->runtime(*)]))
Sending msg to client activator-bf9d9aec-3c6e-4184-9a63-9aa1340dba1d: DetachedLogEvent(LogMessage(debug,== resolving dependencies org.scala-lang#scala-reflect;2.10.4->org.scala-lang#scala-library;2.10.4 [runtime->compile]))
Sending msg to client activator-bf9d9aec-3c6e-4184-9a63-9aa1340dba1d: DetachedLogEvent(LogMessage(debug,== resolving dependencies org.scala-lang.modules#scala-pickling_2.10;0.10.0->org.scala-lang#scala-compiler;2.10.4 [compile->runtime(*)]))
Sending msg to client activator-bf9d9aec-3c6e-4184-9a63-9aa1340dba1d: DetachedLogEvent(LogMessage(debug,== resolving dependencies org.scala-lang.modules#scala-pickling_2.10;0.10.0->org.scala-lang#scala-compiler;2.10.4 [compile->compile]))
Sending msg to client activator-bf9d9aec-3c6e-4184-9a63-9aa1340dba1d: DetachedLogEvent(LogMessage(debug,== resolving dependencies org.scala-lang#scala-compiler;2.10.4->org.scala-lang#scala-library;2.10.4 [runtime->runtime(*)]))
Sending msg to client activator-bf9d9aec-3c6e-4184-9a63-9aa1340dba1d: DetachedLogEvent(LogMessage(debug,== resolving dependencies org.scala-lang#scala-compiler;2.10.4->org.scala-lang#scala-library;2.10.4 [runtime->compile]))
Sending msg to client activator-bf9d9aec-3c6e-4184-9a63-9aa1340dba1d: DetachedLogEvent(LogMessage(debug,== resolving dependencies org.scala-lang#scala-compiler;2.10.4->org.scala-lang#scala-reflect;2.10.4 [runtime->runtime(*)]))
Sending msg to client activator-bf9d9aec-3c6e-4184-9a63-9aa1340dba1d: DetachedLogEvent(LogMessage(debug,== resolving dependencies org.scala-lang#scala-compiler;2.10.4->org.scala-lang#scala-reflect;2.10.4 [runtime->compile]))
Sending msg to client activator-bf9d9aec-3c6e-4184-9a63-9aa1340dba1d: DetachedLogEvent(LogMessage(debug,== resolving dependencies org.scala-lang.modules#scala-pickling_2.10;0.10.0->org.scala-lang#scala-library;2.10.4 [compile->master(*)]))
Sending msg to client activator-bf9d9aec-3c6e-4184-9a63-9aa1340dba1d: DetachedLogEvent(LogMessage(debug,== resolving dependencies org.scala-lang.modules#scala-pickling_2.10;0.10.0->org.scala-lang#scala-library;2.10.4 [compile->compile(*)]))
Sending msg to client activator-bf9d9aec-3c6e-4184-9a63-9aa1340dba1d: DetachedLogEvent(LogMessage(debug,== resolving dependencies org.scala-lang.modules#scala-pickling_2.10;0.10.0->org.scala-lang#scala-reflect;2.10.4 [compile->master(*)]))
Sending msg to client activator-bf9d9aec-3c6e-4184-9a63-9aa1340dba1d: DetachedLogEvent(LogMessage(debug,== resolving dependencies org.scala-lang.modules#scala-pickling_2.10;0.10.0->org.scala-lang#scala-reflect;2.10.4 [compile->compile(*)]))
Sending msg to client activator-bf9d9aec-3c6e-4184-9a63-9aa1340dba1d: DetachedLogEvent(LogMessage(debug,== resolving dependencies org.scala-lang.modules#scala-pickling_2.10;0.10.0->org.scalamacros#quasiquotes_2.10;2.0.1 [compile->master(*)]))
Sending msg to client activator-bf9d9aec-3c6e-4184-9a63-9aa1340dba1d: DetachedLogEvent(LogStdOut([info] Resolving org.scalamacros#quasiquotes_2.10;2.0.1 ...))
Sending msg to client activator-bf9d9aec-3c6e-4184-9a63-9aa1340dba1d: DetachedLogEvent(LogMessage(info,Resolving org.scalamacros#quasiquotes_2.10;2.0.1 ...))
Sending msg to client activator-bf9d9aec-3c6e-4184-9a63-9aa1340dba1d: DetachedLogEvent(LogMessage(debug,sbt-chain: Checking cache for: dependency: org.scalamacros#quasiquotes_2.10;2.0.1 {compile=[compile(*), master(*)], runtime=[runtime(*)]}))
Sending msg to client activator-bf9d9aec-3c6e-4184-9a63-9aa1340dba1d: DetachedLogEvent(LogMessage(debug,sbt-chain: module revision found in cache: org.scalamacros#quasiquotes_2.10;2.0.1))
Sending msg to client activator-bf9d9aec-3c6e-4184-9a63-9aa1340dba1d: DetachedLogEvent(LogMessage(debug,	found org.scalamacros#quasiquotes_2.10;2.0.1 in sbt-chain))
Sending msg to client activator-bf9d9aec-3c6e-4184-9a63-9aa1340dba1d: DetachedLogEvent(LogMessage(debug,== resolving dependencies org.scala-lang.modules#scala-pickling_2.10;0.10.0->org.scalamacros#quasiquotes_2.10;2.0.1 [compile->compile(*)]))
Sending msg to client activator-bf9d9aec-3c6e-4184-9a63-9aa1340dba1d: DetachedLogEvent(LogMessage(debug,== resolving dependencies org.scalamacros#quasiquotes_2.10;2.0.1->org.scala-lang#scala-library;2.10.4 [compile->master(*)]))
Sending msg to client activator-bf9d9aec-3c6e-4184-9a63-9aa1340dba1d: DetachedLogEvent(LogMessage(debug,== resolving dependencies org.scalamacros#quasiquotes_2.10;2.0.1->org.scala-lang#scala-library;2.10.4 [compile->compile(*)]))
Sending msg to client activator-bf9d9aec-3c6e-4184-9a63-9aa1340dba1d: DetachedLogEvent(LogMessage(debug,== resolving dependencies org.scalamacros#quasiquotes_2.10;2.0.1->org.scala-lang#scala-reflect;2.10.4 [compile->master(*)]))
Sending msg to client activator-bf9d9aec-3c6e-4184-9a63-9aa1340dba1d: DetachedLogEvent(LogMessage(debug,== resolving dependencies org.scalamacros#quasiquotes_2.10;2.0.1->org.scala-lang#scala-reflect;2.10.4 [compile->compile(*)]))
Sending msg to client activator-bf9d9aec-3c6e-4184-9a63-9aa1340dba1d: DetachedLogEvent(LogMessage(debug,== resolving dependencies org.scala-lang.modules#scala-pickling_2.10;0.10.0->org.scalamacros#quasiquotes_2.10;2.0.1 [compile->runtime(*)]))
Sending msg to client activator-bf9d9aec-3c6e-4184-9a63-9aa1340dba1d: DetachedLogEvent(LogMessage(debug,== resolving dependencies org.scala-lang.modules#scala-pickling_2.10;0.10.0->org.scalamacros#quasiquotes_2.10;2.0.1 [compile->compile]))
Sending msg to client activator-bf9d9aec-3c6e-4184-9a63-9aa1340dba1d: DetachedLogEvent(LogMessage(debug,== resolving dependencies org.scalamacros#quasiquotes_2.10;2.0.1->org.scala-lang#scala-library;2.10.4 [runtime->runtime(*)]))
Sending msg to client activator-bf9d9aec-3c6e-4184-9a63-9aa1340dba1d: DetachedLogEvent(LogMessage(debug,== resolving dependencies org.scalamacros#quasiquotes_2.10;2.0.1->org.scala-lang#scala-library;2.10.4 [runtime->compile]))
Sending msg to client activator-bf9d9aec-3c6e-4184-9a63-9aa1340dba1d: DetachedLogEvent(LogMessage(debug,== resolving dependencies org.scalamacros#quasiquotes_2.10;2.0.1->org.scala-lang#scala-reflect;2.10.4 [runtime->runtime(*)]))
Sending msg to client activator-bf9d9aec-3c6e-4184-9a63-9aa1340dba1d: DetachedLogEvent(LogMessage(debug,== resolving dependencies org.scalamacros#quasiquotes_2.10;2.0.1->org.scala-lang#scala-reflect;2.10.4 [runtime->compile]))
Sending msg to client activator-bf9d9aec-3c6e-4184-9a63-9aa1340dba1d: DetachedLogEvent(LogMessage(debug,== resolving dependencies org.scala-lang.modules#scala-pickling_2.10;0.10.0->org.scala-lang#scala-compiler;2.10.4 [runtime->runtime(*)]))
Sending msg to client activator-bf9d9aec-3c6e-4184-9a63-9aa1340dba1d: DetachedLogEvent(LogMessage(debug,== resolving dependencies org.scala-lang.modules#scala-pickling_2.10;0.10.0->org.scala-lang#scala-compiler;2.10.4 [runtime->compile]))
Sending msg to client activator-bf9d9aec-3c6e-4184-9a63-9aa1340dba1d: DetachedLogEvent(LogMessage(debug,== resolving dependencies org.scala-lang.modules#scala-pickling_2.10;0.10.0->org.scala-lang#scala-library;2.10.4 [runtime->runtime(*)]))
Sending msg to client activator-bf9d9aec-3c6e-4184-9a63-9aa1340dba1d: DetachedLogEvent(LogMessage(debug,== resolving dependencies org.scala-lang.modules#scala-pickling_2.10;0.10.0->org.scala-lang#scala-library;2.10.4 [runtime->compile]))
Sending msg to client activator-bf9d9aec-3c6e-4184-9a63-9aa1340dba1d: DetachedLogEvent(LogMessage(debug,== resolving dependencies org.scala-lang.modules#scala-pickling_2.10;0.10.0->org.scala-lang#scala-reflect;2.10.4 [runtime->runtime(*)]))
Sending msg to client activator-bf9d9aec-3c6e-4184-9a63-9aa1340dba1d: DetachedLogEvent(LogMessage(debug,== resolving dependencies org.scala-lang.modules#scala-pickling_2.10;0.10.0->org.scala-lang#scala-reflect;2.10.4 [runtime->compile]))
Sending msg to client activator-bf9d9aec-3c6e-4184-9a63-9aa1340dba1d: DetachedLogEvent(LogMessage(debug,== resolving dependencies org.scala-lang.modules#scala-pickling_2.10;0.10.0->org.scalamacros#quasiquotes_2.10;2.0.1 [runtime->runtime(*)]))
Sending msg to client activator-bf9d9aec-3c6e-4184-9a63-9aa1340dba1d: DetachedLogEvent(LogMessage(debug,== resolving dependencies org.scala-lang.modules#scala-pickling_2.10;0.10.0->org.scalamacros#quasiquotes_2.10;2.0.1 [runtime->compile]))
Sending msg to client activator-bf9d9aec-3c6e-4184-9a63-9aa1340dba1d: DetachedLogEvent(LogMessage(debug,== resolving dependencies org.scala-sbt#serialization_2.10;0.1.0->org.scala-lang.modules#scala-pickling_2.10;0.10.0 [compile->master]))
Sending msg to client activator-bf9d9aec-3c6e-4184-9a63-9aa1340dba1d: DetachedLogEvent(LogMessage(debug,== resolving dependencies org.scala-sbt#serialization_2.10;0.1.0->org.json4s#json4s-core_2.10;3.2.10 [compile->default(compile)]))
Sending msg to client activator-bf9d9aec-3c6e-4184-9a63-9aa1340dba1d: DetachedLogEvent(LogStdOut([info] Resolving org.json4s#json4s-core_2.10;3.2.10 ...))
Sending msg to client activator-bf9d9aec-3c6e-4184-9a63-9aa1340dba1d: DetachedLogEvent(LogMessage(info,Resolving org.json4s#json4s-core_2.10;3.2.10 ...))
Sending msg to client activator-bf9d9aec-3c6e-4184-9a63-9aa1340dba1d: DetachedLogEvent(LogMessage(debug,sbt-chain: Checking cache for: dependency: org.json4s#json4s-core_2.10;3.2.10 {compile=[default(compile)]}))
Sending msg to client activator-bf9d9aec-3c6e-4184-9a63-9aa1340dba1d: DetachedLogEvent(LogMessage(debug,sbt-chain: module revision found in cache: org.json4s#json4s-core_2.10;3.2.10))
Sending msg to client activator-bf9d9aec-3c6e-4184-9a63-9aa1340dba1d: DetachedLogEvent(LogMessage(debug,	found org.json4s#json4s-core_2.10;3.2.10 in sbt-chain))
Sending msg to client activator-bf9d9aec-3c6e-4184-9a63-9aa1340dba1d: DetachedLogEvent(LogMessage(debug,== resolving dependencies org.scala-sbt#serialization_2.10;0.1.0->org.json4s#json4s-core_2.10;3.2.10 [compile->runtime]))
Sending msg to client activator-bf9d9aec-3c6e-4184-9a63-9aa1340dba1d: DetachedLogEvent(LogMessage(debug,== resolving dependencies org.scala-sbt#serialization_2.10;0.1.0->org.json4s#json4s-core_2.10;3.2.10 [compile->compile]))
Sending msg to client activator-bf9d9aec-3c6e-4184-9a63-9aa1340dba1d: DetachedLogEvent(LogMessage(debug,dependency descriptor has been mediated: dependency: org.scala-lang#scala-library;2.10.0 {compile=[compile(*), master(*)], runtime=[runtime(*)]} => dependency: org.scala-lang#scala-library;2.10.4 {compile=[compile(*), master(*)], runtime=[runtime(*)]}))
Sending msg to client activator-bf9d9aec-3c6e-4184-9a63-9aa1340dba1d: DetachedLogEvent(LogMessage(debug,excluding dependency: org.scala-lang#scalap;2.10.0 {compile=[compile(*), master(*)], runtime=[runtime(*)]} in compile))
Sending msg to client activator-bf9d9aec-3c6e-4184-9a63-9aa1340dba1d: DetachedLogEvent(LogMessage(debug,== resolving dependencies org.json4s#json4s-core_2.10;3.2.10->org.scala-lang#scala-library;2.10.4 [compile->master(*)]))
Sending msg to client activator-bf9d9aec-3c6e-4184-9a63-9aa1340dba1d: DetachedLogEvent(LogMessage(debug,dependency descriptor has been mediated: dependency: org.scala-lang#scala-library;2.10.0 {compile=[compile(*), master(*)], runtime=[runtime(*)]} => dependency: org.scala-lang#scala-library;2.10.4 {compile=[compile(*), master(*)], runtime=[runtime(*)]}))
Sending msg to client activator-bf9d9aec-3c6e-4184-9a63-9aa1340dba1d: DetachedLogEvent(LogMessage(debug,dependency descriptor has been mediated: dependency: org.scala-lang#scala-library;2.10.0 {compile=[compile(*), master(*)], runtime=[runtime(*)]} => dependency: org.scala-lang#scala-library;2.10.4 {compile=[compile(*), master(*)], runtime=[runtime(*)]}))
Sending msg to client activator-bf9d9aec-3c6e-4184-9a63-9aa1340dba1d: DetachedLogEvent(LogMessage(debug,excluding dependency: org.scala-lang#scalap;2.10.0 {compile=[compile(*), master(*)], runtime=[runtime(*)]} in compile))
Sending msg to client activator-bf9d9aec-3c6e-4184-9a63-9aa1340dba1d: DetachedLogEvent(LogMessage(debug,dependency descriptor has been mediated: dependency: org.scala-lang#scala-library;2.10.0 {compile=[compile(*), master(*)], runtime=[runtime(*)]} => dependency: org.scala-lang#scala-library;2.10.4 {compile=[compile(*), master(*)], runtime=[runtime(*)]}))
Sending msg to client activator-bf9d9aec-3c6e-4184-9a63-9aa1340dba1d: DetachedLogEvent(LogMessage(debug,excluding dependency: org.scala-lang#scalap;2.10.0 {compile=[compile(*), master(*)], runtime=[runtime(*)]} in runtime))
Sending msg to client activator-bf9d9aec-3c6e-4184-9a63-9aa1340dba1d: DetachedLogEvent(LogMessage(debug,dependency descriptor has been mediated: dependency: org.scala-lang#scala-library;2.10.0 {compile=[compile(*), master(*)], runtime=[runtime(*)]} => dependency: org.scala-lang#scala-library;2.10.4 {compile=[compile(*), master(*)], runtime=[runtime(*)]}))
Sending msg to client activator-bf9d9aec-3c6e-4184-9a63-9aa1340dba1d: DetachedLogEvent(LogMessage(debug,dependency descriptor has been mediated: dependency: org.scala-lang#scala-library;2.10.0 {compile=[compile(*), master(*)], runtime=[runtime(*)]} => dependency: org.scala-lang#scala-library;2.10.4 {compile=[compile(*), master(*)], runtime=[runtime(*)]}))
Sending msg to client activator-bf9d9aec-3c6e-4184-9a63-9aa1340dba1d: DetachedLogEvent(LogMessage(debug,== resolving dependencies org.json4s#json4s-core_2.10;3.2.10->org.scala-lang#scala-library;2.10.4 [compile->compile(*)]))
Sending msg to client activator-bf9d9aec-3c6e-4184-9a63-9aa1340dba1d: DetachedLogEvent(LogMessage(debug,== resolving dependencies org.json4s#json4s-core_2.10;3.2.10->org.json4s#json4s-ast_2.10;3.2.10 [compile->master(*)]))
Sending msg to client activator-bf9d9aec-3c6e-4184-9a63-9aa1340dba1d: DetachedLogEvent(LogMessage(debug,dependency descriptor has been mediated: dependency: org.scala-lang#scala-library;2.10.0 {compile=[compile(*), master(*)], runtime=[runtime(*)]} => dependency: org.scala-lang#scala-library;2.10.4 {compile=[compile(*), master(*)], runtime=[runtime(*)]}))
Sending msg to client activator-bf9d9aec-3c6e-4184-9a63-9aa1340dba1d: DetachedLogEvent(LogMessage(debug,dependency descriptor has been mediated: dependency: org.scala-lang#scala-library;2.10.0 {compile=[compile(*), master(*)], runtime=[runtime(*)]} => dependency: org.scala-lang#scala-library;2.10.4 {compile=[compile(*), master(*)], runtime=[runtime(*)]}))
Sending msg to client activator-bf9d9aec-3c6e-4184-9a63-9aa1340dba1d: DetachedLogEvent(LogMessage(debug,excluding dependency: org.scala-lang#scalap;2.10.0 {compile=[compile(*), master(*)], runtime=[runtime(*)]} in compile))
Sending msg to client activator-bf9d9aec-3c6e-4184-9a63-9aa1340dba1d: DetachedLogEvent(LogMessage(debug,dependency descriptor has been mediated: dependency: org.scala-lang#scala-library;2.10.0 {compile=[compile(*), master(*)], runtime=[runtime(*)]} => dependency: org.scala-lang#scala-library;2.10.4 {compile=[compile(*), master(*)], runtime=[runtime(*)]}))
Sending msg to client activator-bf9d9aec-3c6e-4184-9a63-9aa1340dba1d: DetachedLogEvent(LogMessage(debug,excluding dependency: org.scala-lang#scalap;2.10.0 {compile=[compile(*), master(*)], runtime=[runtime(*)]} in runtime))
Sending msg to client activator-bf9d9aec-3c6e-4184-9a63-9aa1340dba1d: DetachedLogEvent(LogMessage(debug,dependency descriptor has been mediated: dependency: org.scala-lang#scala-library;2.10.0 {compile=[compile(*), master(*)], runtime=[runtime(*)]} => dependency: org.scala-lang#scala-library;2.10.4 {compile=[compile(*), master(*)], runtime=[runtime(*)]}))
Sending msg to client activator-bf9d9aec-3c6e-4184-9a63-9aa1340dba1d: DetachedLogEvent(LogMessage(debug,dependency descriptor has been mediated: dependency: org.scala-lang#scala-library;2.10.0 {compile=[compile(*), master(*)], runtime=[runtime(*)]} => dependency: org.scala-lang#scala-library;2.10.4 {compile=[compile(*), master(*)], runtime=[runtime(*)]}))
Sending msg to client activator-bf9d9aec-3c6e-4184-9a63-9aa1340dba1d: DetachedLogEvent(LogStdOut([info] Resolving org.json4s#json4s-ast_2.10;3.2.10 ...))
Sending msg to client activator-bf9d9aec-3c6e-4184-9a63-9aa1340dba1d: DetachedLogEvent(LogMessage(info,Resolving org.json4s#json4s-ast_2.10;3.2.10 ...))
Sending msg to client activator-bf9d9aec-3c6e-4184-9a63-9aa1340dba1d: DetachedLogEvent(LogMessage(debug,sbt-chain: Checking cache for: dependency: org.json4s#json4s-ast_2.10;3.2.10 {compile=[compile(*), master(*)], runtime=[runtime(*)]}))
Sending msg to client activator-bf9d9aec-3c6e-4184-9a63-9aa1340dba1d: DetachedLogEvent(LogMessage(debug,sbt-chain: module revision found in cache: org.json4s#json4s-ast_2.10;3.2.10))
Sending msg to client activator-bf9d9aec-3c6e-4184-9a63-9aa1340dba1d: DetachedLogEvent(LogMessage(debug,	found org.json4s#json4s-ast_2.10;3.2.10 in sbt-chain))
Sending msg to client activator-bf9d9aec-3c6e-4184-9a63-9aa1340dba1d: DetachedLogEvent(LogMessage(debug,dependency descriptor has been mediated: dependency: org.scala-lang#scala-library;2.10.0 {compile=[compile(*), master(*)], runtime=[runtime(*)]} => dependency: org.scala-lang#scala-library;2.10.4 {compile=[compile(*), master(*)], runtime=[runtime(*)]}))
Sending msg to client activator-bf9d9aec-3c6e-4184-9a63-9aa1340dba1d: DetachedLogEvent(LogMessage(debug,== resolving dependencies org.json4s#json4s-core_2.10;3.2.10->org.json4s#json4s-ast_2.10;3.2.10 [compile->compile(*)]))
Sending msg to client activator-bf9d9aec-3c6e-4184-9a63-9aa1340dba1d: DetachedLogEvent(LogMessage(debug,dependency descriptor has been mediated: dependency: org.scala-lang#scala-library;2.10.0 {compile=[compile(*), master(*)], runtime=[runtime(*)]} => dependency: org.scala-lang#scala-library;2.10.4 {compile=[compile(*), master(*)], runtime=[runtime(*)]}))
Sending msg to client activator-bf9d9aec-3c6e-4184-9a63-9aa1340dba1d: DetachedLogEvent(LogMessage(debug,== resolving dependencies org.json4s#json4s-ast_2.10;3.2.10->org.scala-lang#scala-library;2.10.4 [compile->master(*)]))
Sending msg to client activator-bf9d9aec-3c6e-4184-9a63-9aa1340dba1d: DetachedLogEvent(LogMessage(debug,dependency descriptor has been mediated: dependency: org.scala-lang#scala-library;2.10.0 {compile=[compile(*), master(*)], runtime=[runtime(*)]} => dependency: org.scala-lang#scala-library;2.10.4 {compile=[compile(*), master(*)], runtime=[runtime(*)]}))
Sending msg to client activator-bf9d9aec-3c6e-4184-9a63-9aa1340dba1d: DetachedLogEvent(LogMessage(debug,dependency descriptor has been mediated: dependency: org.scala-lang#scala-library;2.10.0 {compile=[compile(*), master(*)], runtime=[runtime(*)]} => dependency: org.scala-lang#scala-library;2.10.4 {compile=[compile(*), master(*)], runtime=[runtime(*)]}))
Sending msg to client activator-bf9d9aec-3c6e-4184-9a63-9aa1340dba1d: DetachedLogEvent(LogMessage(debug,dependency descriptor has been mediated: dependency: org.scala-lang#scala-library;2.10.0 {compile=[compile(*), master(*)], runtime=[runtime(*)]} => dependency: org.scala-lang#scala-library;2.10.4 {compile=[compile(*), master(*)], runtime=[runtime(*)]}))
Sending msg to client activator-bf9d9aec-3c6e-4184-9a63-9aa1340dba1d: DetachedLogEvent(LogMessage(debug,dependency descriptor has been mediated: dependency: org.scala-lang#scala-library;2.10.0 {compile=[compile(*), master(*)], runtime=[runtime(*)]} => dependency: org.scala-lang#scala-library;2.10.4 {compile=[compile(*), master(*)], runtime=[runtime(*)]}))
Sending msg to client activator-bf9d9aec-3c6e-4184-9a63-9aa1340dba1d: DetachedLogEvent(LogMessage(debug,dependency descriptor has been mediated: dependency: org.scala-lang#scala-library;2.10.0 {compile=[compile(*), master(*)], runtime=[runtime(*)]} => dependency: org.scala-lang#scala-library;2.10.4 {compile=[compile(*), master(*)], runtime=[runtime(*)]}))
Sending msg to client activator-bf9d9aec-3c6e-4184-9a63-9aa1340dba1d: DetachedLogEvent(LogMessage(debug,== resolving dependencies org.json4s#json4s-ast_2.10;3.2.10->org.scala-lang#scala-library;2.10.4 [compile->compile(*)]))
Sending msg to client activator-bf9d9aec-3c6e-4184-9a63-9aa1340dba1d: DetachedLogEvent(LogMessage(debug,== resolving dependencies org.json4s#json4s-core_2.10;3.2.10->org.json4s#json4s-ast_2.10;3.2.10 [compile->runtime(*)]))
Sending msg to client activator-bf9d9aec-3c6e-4184-9a63-9aa1340dba1d: DetachedLogEvent(LogMessage(debug,== resolving dependencies org.json4s#json4s-core_2.10;3.2.10->org.json4s#json4s-ast_2.10;3.2.10 [compile->compile]))
Sending msg to client activator-bf9d9aec-3c6e-4184-9a63-9aa1340dba1d: DetachedLogEvent(LogMessage(debug,dependency descriptor has been mediated: dependency: org.scala-lang#scala-library;2.10.0 {compile=[compile(*), master(*)], runtime=[runtime(*)]} => dependency: org.scala-lang#scala-library;2.10.4 {compile=[compile(*), master(*)], runtime=[runtime(*)]}))
Sending msg to client activator-bf9d9aec-3c6e-4184-9a63-9aa1340dba1d: DetachedLogEvent(LogMessage(debug,== resolving dependencies org.json4s#json4s-ast_2.10;3.2.10->org.scala-lang#scala-library;2.10.4 [runtime->runtime(*)]))
Sending msg to client activator-bf9d9aec-3c6e-4184-9a63-9aa1340dba1d: DetachedLogEvent(LogMessage(debug,== resolving dependencies org.json4s#json4s-ast_2.10;3.2.10->org.scala-lang#scala-library;2.10.4 [runtime->compile]))
Sending msg to client activator-bf9d9aec-3c6e-4184-9a63-9aa1340dba1d: DetachedLogEvent(LogMessage(debug,== resolving dependencies org.json4s#json4s-core_2.10;3.2.10->com.thoughtworks.paranamer#paranamer;2.6 [compile->master(*)]))
Sending msg to client activator-bf9d9aec-3c6e-4184-9a63-9aa1340dba1d: DetachedLogEvent(LogMessage(debug,dependency descriptor has been mediated: dependency: org.scala-lang#scala-library;2.10.0 {compile=[compile(*), master(*)], runtime=[runtime(*)]} => dependency: org.scala-lang#scala-library;2.10.4 {compile=[compile(*), master(*)], runtime=[runtime(*)]}))
Sending msg to client activator-bf9d9aec-3c6e-4184-9a63-9aa1340dba1d: DetachedLogEvent(LogMessage(debug,dependency descriptor has been mediated: dependency: org.scala-lang#scala-library;2.10.0 {compile=[compile(*), master(*)], runtime=[runtime(*)]} => dependency: org.scala-lang#scala-library;2.10.4 {compile=[compile(*), master(*)], runtime=[runtime(*)]}))
Sending msg to client activator-bf9d9aec-3c6e-4184-9a63-9aa1340dba1d: DetachedLogEvent(LogMessage(debug,excluding dependency: org.scala-lang#scalap;2.10.0 {compile=[compile(*), master(*)], runtime=[runtime(*)]} in compile))
Sending msg to client activator-bf9d9aec-3c6e-4184-9a63-9aa1340dba1d: DetachedLogEvent(LogMessage(debug,dependency descriptor has been mediated: dependency: org.scala-lang#scala-library;2.10.0 {compile=[compile(*), master(*)], runtime=[runtime(*)]} => dependency: org.scala-lang#scala-library;2.10.4 {compile=[compile(*), master(*)], runtime=[runtime(*)]}))
Sending msg to client activator-bf9d9aec-3c6e-4184-9a63-9aa1340dba1d: DetachedLogEvent(LogMessage(debug,excluding dependency: org.scala-lang#scalap;2.10.0 {compile=[compile(*), master(*)], runtime=[runtime(*)]} in runtime))
Sending msg to client activator-bf9d9aec-3c6e-4184-9a63-9aa1340dba1d: DetachedLogEvent(LogMessage(debug,dependency descriptor has been mediated: dependency: org.scala-lang#scala-library;2.10.0 {compile=[compile(*), master(*)], runtime=[runtime(*)]} => dependency: org.scala-lang#scala-library;2.10.4 {compile=[compile(*), master(*)], runtime=[runtime(*)]}))
Sending msg to client activator-bf9d9aec-3c6e-4184-9a63-9aa1340dba1d: DetachedLogEvent(LogMessage(debug,dependency descriptor has been mediated: dependency: org.scala-lang#scala-library;2.10.0 {compile=[compile(*), master(*)], runtime=[runtime(*)]} => dependency: org.scala-lang#scala-library;2.10.4 {compile=[compile(*), master(*)], runtime=[runtime(*)]}))
Sending msg to client activator-bf9d9aec-3c6e-4184-9a63-9aa1340dba1d: DetachedLogEvent(LogStdOut([info] Resolving com.thoughtworks.paranamer#paranamer;2.6 ...))
Sending msg to client activator-bf9d9aec-3c6e-4184-9a63-9aa1340dba1d: DetachedLogEvent(LogMessage(info,Resolving com.thoughtworks.paranamer#paranamer;2.6 ...))
Sending msg to client activator-bf9d9aec-3c6e-4184-9a63-9aa1340dba1d: DetachedLogEvent(LogMessage(debug,sbt-chain: Checking cache for: dependency: com.thoughtworks.paranamer#paranamer;2.6 {compile=[compile(*), master(*)], runtime=[runtime(*)]}))
Sending msg to client activator-bf9d9aec-3c6e-4184-9a63-9aa1340dba1d: DetachedLogEvent(LogMessage(debug,sbt-chain: module revision found in cache: com.thoughtworks.paranamer#paranamer;2.6))
Sending msg to client activator-bf9d9aec-3c6e-4184-9a63-9aa1340dba1d: DetachedLogEvent(LogMessage(debug,	found com.thoughtworks.paranamer#paranamer;2.6 in sbt-chain))
Sending msg to client activator-bf9d9aec-3c6e-4184-9a63-9aa1340dba1d: DetachedLogEvent(LogMessage(debug,== resolving dependencies org.json4s#json4s-core_2.10;3.2.10->com.thoughtworks.paranamer#paranamer;2.6 [compile->compile(*)]))
Sending msg to client activator-bf9d9aec-3c6e-4184-9a63-9aa1340dba1d: DetachedLogEvent(LogMessage(debug,== resolving dependencies org.json4s#json4s-core_2.10;3.2.10->com.thoughtworks.paranamer#paranamer;2.6 [compile->runtime(*)]))
Sending msg to client activator-bf9d9aec-3c6e-4184-9a63-9aa1340dba1d: DetachedLogEvent(LogMessage(debug,== resolving dependencies org.json4s#json4s-core_2.10;3.2.10->com.thoughtworks.paranamer#paranamer;2.6 [compile->compile]))
Sending msg to client activator-bf9d9aec-3c6e-4184-9a63-9aa1340dba1d: DetachedLogEvent(LogMessage(debug,dependency descriptor has been mediated: dependency: org.scala-lang#scala-library;2.10.0 {compile=[compile(*), master(*)], runtime=[runtime(*)]} => dependency: org.scala-lang#scala-library;2.10.4 {compile=[compile(*), master(*)], runtime=[runtime(*)]}))
Sending msg to client activator-bf9d9aec-3c6e-4184-9a63-9aa1340dba1d: DetachedLogEvent(LogMessage(debug,excluding dependency: org.scala-lang#scalap;2.10.0 {compile=[compile(*), master(*)], runtime=[runtime(*)]} in runtime))
Sending msg to client activator-bf9d9aec-3c6e-4184-9a63-9aa1340dba1d: DetachedLogEvent(LogMessage(debug,== resolving dependencies org.json4s#json4s-core_2.10;3.2.10->org.scala-lang#scala-library;2.10.4 [runtime->runtime(*)]))
Sending msg to client activator-bf9d9aec-3c6e-4184-9a63-9aa1340dba1d: DetachedLogEvent(LogMessage(debug,== resolving dependencies org.json4s#json4s-core_2.10;3.2.10->org.scala-lang#scala-library;2.10.4 [runtime->compile]))
Sending msg to client activator-bf9d9aec-3c6e-4184-9a63-9aa1340dba1d: DetachedLogEvent(LogMessage(debug,== resolving dependencies org.json4s#json4s-core_2.10;3.2.10->org.json4s#json4s-ast_2.10;3.2.10 [runtime->runtime(*)]))
Sending msg to client activator-bf9d9aec-3c6e-4184-9a63-9aa1340dba1d: DetachedLogEvent(LogMessage(debug,== resolving dependencies org.json4s#json4s-core_2.10;3.2.10->org.json4s#json4s-ast_2.10;3.2.10 [runtime->compile]))
Sending msg to client activator-bf9d9aec-3c6e-4184-9a63-9aa1340dba1d: DetachedLogEvent(LogMessage(debug,== resolving dependencies org.json4s#json4s-core_2.10;3.2.10->com.thoughtworks.paranamer#paranamer;2.6 [runtime->runtime(*)]))
Sending msg to client activator-bf9d9aec-3c6e-4184-9a63-9aa1340dba1d: DetachedLogEvent(LogMessage(debug,== resolving dependencies org.json4s#json4s-core_2.10;3.2.10->com.thoughtworks.paranamer#paranamer;2.6 [runtime->compile]))
Sending msg to client activator-bf9d9aec-3c6e-4184-9a63-9aa1340dba1d: DetachedLogEvent(LogMessage(debug,== resolving dependencies org.scala-sbt#serialization_2.10;0.1.0->org.json4s#json4s-core_2.10;3.2.10 [compile->master]))
Sending msg to client activator-bf9d9aec-3c6e-4184-9a63-9aa1340dba1d: DetachedLogEvent(LogMessage(debug,dependency descriptor has been mediated: dependency: org.scala-lang#scala-library;2.10.0 {compile=[compile(*), master(*)], runtime=[runtime(*)]} => dependency: org.scala-lang#scala-library;2.10.4 {compile=[compile(*), master(*)], runtime=[runtime(*)]}))
Sending msg to client activator-bf9d9aec-3c6e-4184-9a63-9aa1340dba1d: DetachedLogEvent(LogMessage(debug,dependency descriptor has been mediated: dependency: org.scala-lang#scala-library;2.10.0 {compile=[compile(*), master(*)], runtime=[runtime(*)]} => dependency: org.scala-lang#scala-library;2.10.4 {compile=[compile(*), master(*)], runtime=[runtime(*)]}))
Sending msg to client activator-bf9d9aec-3c6e-4184-9a63-9aa1340dba1d: DetachedLogEvent(LogMessage(debug,== resolving dependencies org.scala-sbt#serialization_2.10;0.1.0->org.spire-math#jawn-parser_2.10;0.6.0 [compile->default(compile)]))
Sending msg to client activator-bf9d9aec-3c6e-4184-9a63-9aa1340dba1d: DetachedLogEvent(LogStdOut([info] Resolving org.spire-math#jawn-parser_2.10;0.6.0 ...))
Sending msg to client activator-bf9d9aec-3c6e-4184-9a63-9aa1340dba1d: DetachedLogEvent(LogMessage(info,Resolving org.spire-math#jawn-parser_2.10;0.6.0 ...))
Sending msg to client activator-bf9d9aec-3c6e-4184-9a63-9aa1340dba1d: DetachedLogEvent(LogMessage(debug,sbt-chain: Checking cache for: dependency: org.spire-math#jawn-parser_2.10;0.6.0 {compile=[default(compile)]}))
Sending msg to client activator-bf9d9aec-3c6e-4184-9a63-9aa1340dba1d: DetachedLogEvent(LogMessage(debug,sbt-chain: module revision found in cache: org.spire-math#jawn-parser_2.10;0.6.0))
Sending msg to client activator-bf9d9aec-3c6e-4184-9a63-9aa1340dba1d: DetachedLogEvent(LogMessage(debug,	found org.spire-math#jawn-parser_2.10;0.6.0 in sbt-chain))
Sending msg to client activator-bf9d9aec-3c6e-4184-9a63-9aa1340dba1d: DetachedLogEvent(LogMessage(debug,== resolving dependencies org.scala-sbt#serialization_2.10;0.1.0->org.spire-math#jawn-parser_2.10;0.6.0 [compile->runtime]))
Sending msg to client activator-bf9d9aec-3c6e-4184-9a63-9aa1340dba1d: DetachedLogEvent(LogMessage(debug,== resolving dependencies org.scala-sbt#serialization_2.10;0.1.0->org.spire-math#jawn-parser_2.10;0.6.0 [compile->compile]))
Sending msg to client activator-bf9d9aec-3c6e-4184-9a63-9aa1340dba1d: DetachedLogEvent(LogMessage(debug,== resolving dependencies org.spire-math#jawn-parser_2.10;0.6.0->org.scala-lang#scala-library;2.10.4 [compile->master(*)]))
Sending msg to client activator-bf9d9aec-3c6e-4184-9a63-9aa1340dba1d: DetachedLogEvent(LogMessage(debug,== resolving dependencies org.spire-math#jawn-parser_2.10;0.6.0->org.scala-lang#scala-library;2.10.4 [compile->compile(*)]))
Sending msg to client activator-bf9d9aec-3c6e-4184-9a63-9aa1340dba1d: DetachedLogEvent(LogMessage(debug,== resolving dependencies org.spire-math#jawn-parser_2.10;0.6.0->org.scala-lang#scala-library;2.10.4 [runtime->runtime(*)]))
Sending msg to client activator-bf9d9aec-3c6e-4184-9a63-9aa1340dba1d: DetachedLogEvent(LogMessage(debug,== resolving dependencies org.spire-math#jawn-parser_2.10;0.6.0->org.scala-lang#scala-library;2.10.4 [runtime->compile]))
Sending msg to client activator-bf9d9aec-3c6e-4184-9a63-9aa1340dba1d: DetachedLogEvent(LogMessage(debug,== resolving dependencies org.scala-sbt#serialization_2.10;0.1.0->org.spire-math#jawn-parser_2.10;0.6.0 [compile->master]))
Sending msg to client activator-bf9d9aec-3c6e-4184-9a63-9aa1340dba1d: DetachedLogEvent(LogMessage(debug,== resolving dependencies org.scala-sbt#serialization_2.10;0.1.0->org.spire-math#json4s-support_2.10;0.6.0 [compile->default(compile)]))
Sending msg to client activator-bf9d9aec-3c6e-4184-9a63-9aa1340dba1d: DetachedLogEvent(LogStdOut([info] Resolving org.spire-math#json4s-support_2.10;0.6.0 ...))
Sending msg to client activator-bf9d9aec-3c6e-4184-9a63-9aa1340dba1d: DetachedLogEvent(LogMessage(info,Resolving org.spire-math#json4s-support_2.10;0.6.0 ...))
Sending msg to client activator-bf9d9aec-3c6e-4184-9a63-9aa1340dba1d: DetachedLogEvent(LogMessage(debug,sbt-chain: Checking cache for: dependency: org.spire-math#json4s-support_2.10;0.6.0 {compile=[default(compile)]}))
Sending msg to client activator-bf9d9aec-3c6e-4184-9a63-9aa1340dba1d: DetachedLogEvent(LogMessage(debug,sbt-chain: module revision found in cache: org.spire-math#json4s-support_2.10;0.6.0))
Sending msg to client activator-bf9d9aec-3c6e-4184-9a63-9aa1340dba1d: DetachedLogEvent(LogMessage(debug,	found org.spire-math#json4s-support_2.10;0.6.0 in sbt-chain))
Sending msg to client activator-bf9d9aec-3c6e-4184-9a63-9aa1340dba1d: DetachedLogEvent(LogMessage(debug,== resolving dependencies org.scala-sbt#serialization_2.10;0.1.0->org.spire-math#json4s-support_2.10;0.6.0 [compile->runtime]))
Sending msg to client activator-bf9d9aec-3c6e-4184-9a63-9aa1340dba1d: DetachedLogEvent(LogMessage(debug,== resolving dependencies org.scala-sbt#serialization_2.10;0.1.0->org.spire-math#json4s-support_2.10;0.6.0 [compile->compile]))
Sending msg to client activator-bf9d9aec-3c6e-4184-9a63-9aa1340dba1d: DetachedLogEvent(LogMessage(debug,== resolving dependencies org.spire-math#json4s-support_2.10;0.6.0->org.scala-lang#scala-library;2.10.4 [compile->master(*)]))
Sending msg to client activator-bf9d9aec-3c6e-4184-9a63-9aa1340dba1d: DetachedLogEvent(LogMessage(debug,== resolving dependencies org.spire-math#json4s-support_2.10;0.6.0->org.scala-lang#scala-library;2.10.4 [compile->compile(*)]))
Sending msg to client activator-bf9d9aec-3c6e-4184-9a63-9aa1340dba1d: DetachedLogEvent(LogMessage(debug,== resolving dependencies org.spire-math#json4s-support_2.10;0.6.0->org.spire-math#jawn-parser_2.10;0.6.0 [compile->master(*)]))
Sending msg to client activator-bf9d9aec-3c6e-4184-9a63-9aa1340dba1d: DetachedLogEvent(LogMessage(debug,== resolving dependencies org.spire-math#json4s-support_2.10;0.6.0->org.spire-math#jawn-parser_2.10;0.6.0 [compile->compile(*)]))
Sending msg to client activator-bf9d9aec-3c6e-4184-9a63-9aa1340dba1d: DetachedLogEvent(LogMessage(debug,== resolving dependencies org.spire-math#json4s-support_2.10;0.6.0->org.spire-math#jawn-parser_2.10;0.6.0 [compile->runtime(*)]))
Sending msg to client activator-bf9d9aec-3c6e-4184-9a63-9aa1340dba1d: DetachedLogEvent(LogMessage(debug,== resolving dependencies org.spire-math#json4s-support_2.10;0.6.0->org.spire-math#jawn-parser_2.10;0.6.0 [compile->compile]))
Sending msg to client activator-bf9d9aec-3c6e-4184-9a63-9aa1340dba1d: DetachedLogEvent(LogMessage(debug,== resolving dependencies org.spire-math#json4s-support_2.10;0.6.0->org.json4s#json4s-ast_2.10;3.2.10 [compile->master(*)]))
Sending msg to client activator-bf9d9aec-3c6e-4184-9a63-9aa1340dba1d: DetachedLogEvent(LogMessage(debug,== resolving dependencies org.spire-math#json4s-support_2.10;0.6.0->org.json4s#json4s-ast_2.10;3.2.10 [compile->compile(*)]))
Sending msg to client activator-bf9d9aec-3c6e-4184-9a63-9aa1340dba1d: DetachedLogEvent(LogMessage(debug,== resolving dependencies org.spire-math#json4s-support_2.10;0.6.0->org.scala-lang#scala-library;2.10.4 [runtime->runtime(*)]))
Sending msg to client activator-bf9d9aec-3c6e-4184-9a63-9aa1340dba1d: DetachedLogEvent(LogMessage(debug,== resolving dependencies org.spire-math#json4s-support_2.10;0.6.0->org.scala-lang#scala-library;2.10.4 [runtime->compile]))
Sending msg to client activator-bf9d9aec-3c6e-4184-9a63-9aa1340dba1d: DetachedLogEvent(LogMessage(debug,== resolving dependencies org.spire-math#json4s-support_2.10;0.6.0->org.spire-math#jawn-parser_2.10;0.6.0 [runtime->runtime(*)]))
Sending msg to client activator-bf9d9aec-3c6e-4184-9a63-9aa1340dba1d: DetachedLogEvent(LogMessage(debug,== resolving dependencies org.spire-math#json4s-support_2.10;0.6.0->org.spire-math#jawn-parser_2.10;0.6.0 [runtime->compile]))
Sending msg to client activator-bf9d9aec-3c6e-4184-9a63-9aa1340dba1d: DetachedLogEvent(LogMessage(debug,== resolving dependencies org.spire-math#json4s-support_2.10;0.6.0->org.json4s#json4s-ast_2.10;3.2.10 [runtime->runtime(*)]))
Sending msg to client activator-bf9d9aec-3c6e-4184-9a63-9aa1340dba1d: DetachedLogEvent(LogMessage(debug,== resolving dependencies org.spire-math#json4s-support_2.10;0.6.0->org.json4s#json4s-ast_2.10;3.2.10 [runtime->compile]))
Sending msg to client activator-bf9d9aec-3c6e-4184-9a63-9aa1340dba1d: DetachedLogEvent(LogMessage(debug,== resolving dependencies org.scala-sbt#serialization_2.10;0.1.0->org.spire-math#json4s-support_2.10;0.6.0 [compile->master]))
Sending msg to client activator-bf9d9aec-3c6e-4184-9a63-9aa1340dba1d: DetachedLogEvent(LogMessage(debug,== resolving dependencies default#testapp-master-build;0.1-SNAPSHOT->com.typesafe.play#sbt-fork-run-plugin;2.3.8 [compile->default(compile)]))
Sending msg to client activator-bf9d9aec-3c6e-4184-9a63-9aa1340dba1d: DetachedLogEvent(LogStdOut([info] Resolving com.typesafe.play#sbt-fork-run-plugin;2.3.8 ...))
Sending msg to client activator-bf9d9aec-3c6e-4184-9a63-9aa1340dba1d: DetachedLogEvent(LogMessage(info,Resolving com.typesafe.play#sbt-fork-run-plugin;2.3.8 ...))
Sending msg to client activator-bf9d9aec-3c6e-4184-9a63-9aa1340dba1d: DetachedLogEvent(LogMessage(debug,sbt-chain: Checking cache for: dependency: com.typesafe.play#sbt-fork-run-plugin;2.3.8 {compile=[default(compile)]}))
Sending msg to client activator-bf9d9aec-3c6e-4184-9a63-9aa1340dba1d: DetachedLogEvent(LogMessage(debug,sbt-chain: module revision found in cache: com.typesafe.play#sbt-fork-run-plugin;2.3.8))
Sending msg to client activator-bf9d9aec-3c6e-4184-9a63-9aa1340dba1d: DetachedLogEvent(LogMessage(debug,	found com.typesafe.play#sbt-fork-run-plugin;2.3.8 in sbt-chain))
Sending msg to client activator-bf9d9aec-3c6e-4184-9a63-9aa1340dba1d: DetachedLogEvent(LogMessage(debug,== resolving dependencies com.typesafe.play#sbt-fork-run-plugin;2.3.8->com.typesafe.play#sbt-fork-run-protocol_2.10;2.3.8 [compile->default(compile)]))
Sending msg to client activator-bf9d9aec-3c6e-4184-9a63-9aa1340dba1d: DetachedLogEvent(LogStdOut([info] Resolving com.typesafe.play#sbt-fork-run-protocol_2.10;2.3.8 ...))
Sending msg to client activator-bf9d9aec-3c6e-4184-9a63-9aa1340dba1d: DetachedLogEvent(LogMessage(info,Resolving com.typesafe.play#sbt-fork-run-protocol_2.10;2.3.8 ...))
Sending msg to client activator-bf9d9aec-3c6e-4184-9a63-9aa1340dba1d: DetachedLogEvent(LogMessage(debug,sbt-chain: Checking cache for: dependency: com.typesafe.play#sbt-fork-run-protocol_2.10;2.3.8 {compile=[default(compile)]}))
Sending msg to client activator-bf9d9aec-3c6e-4184-9a63-9aa1340dba1d: DetachedLogEvent(LogMessage(debug,sbt-chain: module revision found in cache: com.typesafe.play#sbt-fork-run-protocol_2.10;2.3.8))
Sending msg to client activator-bf9d9aec-3c6e-4184-9a63-9aa1340dba1d: DetachedLogEvent(LogMessage(debug,	found com.typesafe.play#sbt-fork-run-protocol_2.10;2.3.8 in sbt-chain))
Sending msg to client activator-bf9d9aec-3c6e-4184-9a63-9aa1340dba1d: DetachedLogEvent(LogMessage(debug,== resolving dependencies com.typesafe.play#sbt-fork-run-plugin;2.3.8->com.typesafe.play#sbt-fork-run-protocol_2.10;2.3.8 [compile->runtime]))
Sending msg to client activator-bf9d9aec-3c6e-4184-9a63-9aa1340dba1d: DetachedLogEvent(LogMessage(debug,== resolving dependencies com.typesafe.play#sbt-fork-run-plugin;2.3.8->com.typesafe.play#sbt-fork-run-protocol_2.10;2.3.8 [compile->compile]))
Sending msg to client activator-bf9d9aec-3c6e-4184-9a63-9aa1340dba1d: DetachedLogEvent(LogMessage(debug,== resolving dependencies com.typesafe.play#sbt-fork-run-protocol_2.10;2.3.8->org.scala-lang#scala-library;2.10.4 [compile->master(*)]))
Sending msg to client activator-bf9d9aec-3c6e-4184-9a63-9aa1340dba1d: DetachedLogEvent(LogMessage(debug,== resolving dependencies com.typesafe.play#sbt-fork-run-protocol_2.10;2.3.8->org.scala-lang#scala-library;2.10.4 [compile->compile(*)]))
Sending msg to client activator-bf9d9aec-3c6e-4184-9a63-9aa1340dba1d: DetachedLogEvent(LogMessage(debug,== resolving dependencies com.typesafe.play#sbt-fork-run-protocol_2.10;2.3.8->com.typesafe.play#sbt-run-support_2.10;2.3.8 [compile->master(*)]))
Sending msg to client activator-bf9d9aec-3c6e-4184-9a63-9aa1340dba1d: DetachedLogEvent(LogStdOut([info] Resolving com.typesafe.play#sbt-run-support_2.10;2.3.8 ...))
Sending msg to client activator-bf9d9aec-3c6e-4184-9a63-9aa1340dba1d: DetachedLogEvent(LogMessage(info,Resolving com.typesafe.play#sbt-run-support_2.10;2.3.8 ...))
Sending msg to client activator-bf9d9aec-3c6e-4184-9a63-9aa1340dba1d: DetachedLogEvent(LogMessage(debug,sbt-chain: Checking cache for: dependency: com.typesafe.play#sbt-run-support_2.10;2.3.8 {compile=[compile(*), master(*)], runtime=[runtime(*)]}))
Sending msg to client activator-bf9d9aec-3c6e-4184-9a63-9aa1340dba1d: DetachedLogEvent(LogMessage(debug,sbt-chain: module revision found in cache: com.typesafe.play#sbt-run-support_2.10;2.3.8))
Sending msg to client activator-bf9d9aec-3c6e-4184-9a63-9aa1340dba1d: DetachedLogEvent(LogMessage(debug,	found com.typesafe.play#sbt-run-support_2.10;2.3.8 in sbt-chain))
Sending msg to client activator-bf9d9aec-3c6e-4184-9a63-9aa1340dba1d: DetachedLogEvent(LogMessage(debug,== resolving dependencies com.typesafe.play#sbt-fork-run-protocol_2.10;2.3.8->com.typesafe.play#sbt-run-support_2.10;2.3.8 [compile->compile(*)]))
Sending msg to client activator-bf9d9aec-3c6e-4184-9a63-9aa1340dba1d: DetachedLogEvent(LogMessage(debug,== resolving dependencies com.typesafe.play#sbt-run-support_2.10;2.3.8->org.scala-lang#scala-library;2.10.4 [compile->master(*)]))
Sending msg to client activator-bf9d9aec-3c6e-4184-9a63-9aa1340dba1d: DetachedLogEvent(LogMessage(debug,== resolving dependencies com.typesafe.play#sbt-run-support_2.10;2.3.8->org.scala-lang#scala-library;2.10.4 [compile->compile(*)]))
Sending msg to client activator-bf9d9aec-3c6e-4184-9a63-9aa1340dba1d: DetachedLogEvent(LogMessage(debug,== resolving dependencies com.typesafe.play#sbt-run-support_2.10;2.3.8->com.typesafe.play#build-link;2.3.8 [compile->master(*)]))
Sending msg to client activator-bf9d9aec-3c6e-4184-9a63-9aa1340dba1d: DetachedLogEvent(LogStdOut([info] Resolving com.typesafe.play#build-link;2.3.8 ...))
Sending msg to client activator-bf9d9aec-3c6e-4184-9a63-9aa1340dba1d: DetachedLogEvent(LogMessage(info,Resolving com.typesafe.play#build-link;2.3.8 ...))
Sending msg to client activator-bf9d9aec-3c6e-4184-9a63-9aa1340dba1d: DetachedLogEvent(LogMessage(debug,sbt-chain: Checking cache for: dependency: com.typesafe.play#build-link;2.3.8 {compile=[compile(*), master(*)], runtime=[runtime(*)]}))
Sending msg to client activator-bf9d9aec-3c6e-4184-9a63-9aa1340dba1d: DetachedLogEvent(LogMessage(debug,sbt-chain: module revision found in cache: com.typesafe.play#build-link;2.3.8))
Sending msg to client activator-bf9d9aec-3c6e-4184-9a63-9aa1340dba1d: DetachedLogEvent(LogMessage(debug,	found com.typesafe.play#build-link;2.3.8 in sbt-chain))
Sending msg to client activator-bf9d9aec-3c6e-4184-9a63-9aa1340dba1d: DetachedLogEvent(LogMessage(debug,== resolving dependencies com.typesafe.play#sbt-run-support_2.10;2.3.8->com.typesafe.play#build-link;2.3.8 [compile->compile(*)]))
Sending msg to client activator-bf9d9aec-3c6e-4184-9a63-9aa1340dba1d: DetachedLogEvent(LogMessage(debug,== resolving dependencies com.typesafe.play#build-link;2.3.8->com.typesafe.play#play-exceptions;2.3.8 [compile->master(*)]))
Sending msg to client activator-bf9d9aec-3c6e-4184-9a63-9aa1340dba1d: DetachedLogEvent(LogStdOut([info] Resolving com.typesafe.play#play-exceptions;2.3.8 ...))
Sending msg to client activator-bf9d9aec-3c6e-4184-9a63-9aa1340dba1d: DetachedLogEvent(LogMessage(info,Resolving com.typesafe.play#play-exceptions;2.3.8 ...))
Sending msg to client activator-bf9d9aec-3c6e-4184-9a63-9aa1340dba1d: DetachedLogEvent(LogMessage(debug,sbt-chain: Checking cache for: dependency: com.typesafe.play#play-exceptions;2.3.8 {compile=[compile(*), master(*)], runtime=[runtime(*)]}))
Sending msg to client activator-bf9d9aec-3c6e-4184-9a63-9aa1340dba1d: DetachedLogEvent(LogMessage(debug,sbt-chain: module revision found in cache: com.typesafe.play#play-exceptions;2.3.8))
Sending msg to client activator-bf9d9aec-3c6e-4184-9a63-9aa1340dba1d: DetachedLogEvent(LogMessage(debug,	found com.typesafe.play#play-exceptions;2.3.8 in sbt-chain))
Sending msg to client activator-bf9d9aec-3c6e-4184-9a63-9aa1340dba1d: DetachedLogEvent(LogMessage(debug,== resolving dependencies com.typesafe.play#build-link;2.3.8->com.typesafe.play#play-exceptions;2.3.8 [compile->compile(*)]))
Sending msg to client activator-bf9d9aec-3c6e-4184-9a63-9aa1340dba1d: DetachedLogEvent(LogMessage(debug,== resolving dependencies com.typesafe.play#build-link;2.3.8->org.javassist#javassist;3.18.2-GA [compile->master(*)]))
Sending msg to client activator-bf9d9aec-3c6e-4184-9a63-9aa1340dba1d: DetachedLogEvent(LogStdOut([info] Resolving org.javassist#javassist;3.18.2-GA ...))
Sending msg to client activator-bf9d9aec-3c6e-4184-9a63-9aa1340dba1d: DetachedLogEvent(LogMessage(info,Resolving org.javassist#javassist;3.18.2-GA ...))
Sending msg to client activator-bf9d9aec-3c6e-4184-9a63-9aa1340dba1d: DetachedLogEvent(LogMessage(debug,sbt-chain: Checking cache for: dependency: org.javassist#javassist;3.18.2-GA {compile=[compile(*), master(*)], runtime=[runtime(*)]}))
Sending msg to client activator-bf9d9aec-3c6e-4184-9a63-9aa1340dba1d: DetachedLogEvent(LogMessage(debug,sbt-chain: module revision found in cache: org.javassist#javassist;3.18.2-GA))
Sending msg to client activator-bf9d9aec-3c6e-4184-9a63-9aa1340dba1d: DetachedLogEvent(LogMessage(debug,	found org.javassist#javassist;3.18.2-GA in sbt-chain))
Sending msg to client activator-bf9d9aec-3c6e-4184-9a63-9aa1340dba1d: DetachedLogEvent(LogMessage(debug,== resolving dependencies com.typesafe.play#build-link;2.3.8->org.javassist#javassist;3.18.2-GA [compile->compile(*)]))
Sending msg to client activator-bf9d9aec-3c6e-4184-9a63-9aa1340dba1d: DetachedLogEvent(LogMessage(debug,== resolving dependencies com.typesafe.play#sbt-fork-run-protocol_2.10;2.3.8->com.typesafe.play#sbt-run-support_2.10;2.3.8 [compile->runtime(*)]))
Sending msg to client activator-bf9d9aec-3c6e-4184-9a63-9aa1340dba1d: DetachedLogEvent(LogMessage(debug,== resolving dependencies com.typesafe.play#sbt-fork-run-protocol_2.10;2.3.8->com.typesafe.play#sbt-run-support_2.10;2.3.8 [compile->compile]))
Sending msg to client activator-bf9d9aec-3c6e-4184-9a63-9aa1340dba1d: DetachedLogEvent(LogMessage(debug,== resolving dependencies com.typesafe.play#sbt-run-support_2.10;2.3.8->org.scala-lang#scala-library;2.10.4 [runtime->runtime(*)]))
Sending msg to client activator-bf9d9aec-3c6e-4184-9a63-9aa1340dba1d: DetachedLogEvent(LogMessage(debug,== resolving dependencies com.typesafe.play#sbt-run-support_2.10;2.3.8->org.scala-lang#scala-library;2.10.4 [runtime->compile]))
Sending msg to client activator-bf9d9aec-3c6e-4184-9a63-9aa1340dba1d: DetachedLogEvent(LogMessage(debug,== resolving dependencies com.typesafe.play#sbt-run-support_2.10;2.3.8->com.typesafe.play#build-link;2.3.8 [runtime->runtime(*)]))
Sending msg to client activator-bf9d9aec-3c6e-4184-9a63-9aa1340dba1d: DetachedLogEvent(LogMessage(debug,== resolving dependencies com.typesafe.play#sbt-run-support_2.10;2.3.8->com.typesafe.play#build-link;2.3.8 [runtime->compile]))
Sending msg to client activator-bf9d9aec-3c6e-4184-9a63-9aa1340dba1d: DetachedLogEvent(LogMessage(debug,== resolving dependencies com.typesafe.play#build-link;2.3.8->com.typesafe.play#play-exceptions;2.3.8 [runtime->runtime(*)]))
Sending msg to client activator-bf9d9aec-3c6e-4184-9a63-9aa1340dba1d: DetachedLogEvent(LogMessage(debug,== resolving dependencies com.typesafe.play#build-link;2.3.8->com.typesafe.play#play-exceptions;2.3.8 [runtime->compile]))
Sending msg to client activator-bf9d9aec-3c6e-4184-9a63-9aa1340dba1d: DetachedLogEvent(LogMessage(debug,== resolving dependencies com.typesafe.play#build-link;2.3.8->org.javassist#javassist;3.18.2-GA [runtime->runtime(*)]))
Sending msg to client activator-bf9d9aec-3c6e-4184-9a63-9aa1340dba1d: DetachedLogEvent(LogMessage(debug,== resolving dependencies com.typesafe.play#build-link;2.3.8->org.javassist#javassist;3.18.2-GA [runtime->compile]))
Sending msg to client activator-bf9d9aec-3c6e-4184-9a63-9aa1340dba1d: DetachedLogEvent(LogMessage(debug,== resolving dependencies com.typesafe.play#sbt-fork-run-protocol_2.10;2.3.8->com.typesafe.sbtrc#client-2-10;0.3.1 [compile->master(*)]))
Sending msg to client activator-bf9d9aec-3c6e-4184-9a63-9aa1340dba1d: DetachedLogEvent(LogStdOut([info] Resolving com.typesafe.sbtrc#client-2-10;0.3.1 ...))
Sending msg to client activator-bf9d9aec-3c6e-4184-9a63-9aa1340dba1d: DetachedLogEvent(LogMessage(info,Resolving com.typesafe.sbtrc#client-2-10;0.3.1 ...))
Sending msg to client activator-bf9d9aec-3c6e-4184-9a63-9aa1340dba1d: DetachedLogEvent(LogMessage(debug,sbt-chain: Checking cache for: dependency: com.typesafe.sbtrc#client-2-10;0.3.1 {compile=[compile(*), master(*)], runtime=[runtime(*)]}))
Sending msg to client activator-bf9d9aec-3c6e-4184-9a63-9aa1340dba1d: DetachedLogEvent(LogMessage(debug,sbt-chain: module revision found in cache: com.typesafe.sbtrc#client-2-10;0.3.1))
Sending msg to client activator-bf9d9aec-3c6e-4184-9a63-9aa1340dba1d: DetachedLogEvent(LogMessage(debug,	found com.typesafe.sbtrc#client-2-10;0.3.1 in sbt-chain))
Sending msg to client activator-bf9d9aec-3c6e-4184-9a63-9aa1340dba1d: DetachedLogEvent(LogMessage(debug,== resolving dependencies com.typesafe.sbtrc#client-2-10;0.3.1->org.scala-lang#scala-library;2.10.4 [compile->default(compile)]))
Sending msg to client activator-bf9d9aec-3c6e-4184-9a63-9aa1340dba1d: DetachedLogEvent(LogMessage(debug,== resolving dependencies com.typesafe.sbtrc#client-2-10;0.3.1->org.scala-lang#scala-library;2.10.4 [compile->runtime]))
Sending msg to client activator-bf9d9aec-3c6e-4184-9a63-9aa1340dba1d: DetachedLogEvent(LogMessage(debug,== resolving dependencies com.typesafe.sbtrc#client-2-10;0.3.1->org.scala-lang#scala-library;2.10.4 [compile->compile]))
Sending msg to client activator-bf9d9aec-3c6e-4184-9a63-9aa1340dba1d: DetachedLogEvent(LogMessage(debug,== resolving dependencies com.typesafe.sbtrc#client-2-10;0.3.1->org.scala-lang#scala-library;2.10.4 [compile->master]))
Sending msg to client activator-bf9d9aec-3c6e-4184-9a63-9aa1340dba1d: DetachedLogEvent(LogMessage(debug,== resolving dependencies com.typesafe.sbtrc#client-2-10;0.3.1->org.scala-lang#scala-reflect;2.10.4 [compile->default(compile)]))
Sending msg to client activator-bf9d9aec-3c6e-4184-9a63-9aa1340dba1d: DetachedLogEvent(LogMessage(debug,== resolving dependencies com.typesafe.sbtrc#client-2-10;0.3.1->org.scala-lang#scala-reflect;2.10.4 [compile->runtime]))
Sending msg to client activator-bf9d9aec-3c6e-4184-9a63-9aa1340dba1d: DetachedLogEvent(LogMessage(debug,== resolving dependencies com.typesafe.sbtrc#client-2-10;0.3.1->org.scala-lang#scala-reflect;2.10.4 [compile->compile]))
Sending msg to client activator-bf9d9aec-3c6e-4184-9a63-9aa1340dba1d: DetachedLogEvent(LogMessage(debug,== resolving dependencies com.typesafe.sbtrc#client-2-10;0.3.1->org.scala-lang#scala-reflect;2.10.4 [compile->master]))
Sending msg to client activator-bf9d9aec-3c6e-4184-9a63-9aa1340dba1d: DetachedLogEvent(LogMessage(debug,== resolving dependencies com.typesafe.sbtrc#client-2-10;0.3.1->org.scala-sbt#serialization_2.10;0.1.0 [compile->default(compile)]))
Sending msg to client activator-bf9d9aec-3c6e-4184-9a63-9aa1340dba1d: DetachedLogEvent(LogMessage(debug,== resolving dependencies com.typesafe.sbtrc#client-2-10;0.3.1->org.scala-sbt#launcher-interface;0.13.8-M3 [compile->default(compile)]))
Sending msg to client activator-bf9d9aec-3c6e-4184-9a63-9aa1340dba1d: DetachedLogEvent(LogStdOut([info] Resolving org.scala-sbt#launcher-interface;0.13.8-M3 ...))
Sending msg to client activator-bf9d9aec-3c6e-4184-9a63-9aa1340dba1d: DetachedLogEvent(LogMessage(info,Resolving org.scala-sbt#launcher-interface;0.13.8-M3 ...))
Sending msg to client activator-bf9d9aec-3c6e-4184-9a63-9aa1340dba1d: DetachedLogEvent(LogMessage(debug,sbt-chain: Checking cache for: dependency: org.scala-sbt#launcher-interface;0.13.8-M3 {compile=[default(compile)]}))
Sending msg to client activator-bf9d9aec-3c6e-4184-9a63-9aa1340dba1d: DetachedLogEvent(LogMessage(debug,sbt-chain: module revision found in cache: org.scala-sbt#launcher-interface;0.13.8-M3))
Sending msg to client activator-bf9d9aec-3c6e-4184-9a63-9aa1340dba1d: DetachedLogEvent(LogMessage(debug,	found org.scala-sbt#launcher-interface;0.13.8-M3 in sbt-chain))
Sending msg to client activator-bf9d9aec-3c6e-4184-9a63-9aa1340dba1d: DetachedLogEvent(LogMessage(debug,== resolving dependencies org.scala-sbt#launcher-interface;0.13.8-M3->org.scala-lang#scala-library;2.10.4 [compile->default(compile)]))
Sending msg to client activator-bf9d9aec-3c6e-4184-9a63-9aa1340dba1d: DetachedLogEvent(LogMessage(debug,== resolving dependencies org.scala-sbt#launcher-interface;0.13.8-M3->org.scala-lang#scala-library;2.10.4 [compile->runtime]))
Sending msg to client activator-bf9d9aec-3c6e-4184-9a63-9aa1340dba1d: DetachedLogEvent(LogMessage(debug,== resolving dependencies org.scala-sbt#launcher-interface;0.13.8-M3->org.scala-lang#scala-library;2.10.4 [compile->compile]))
Sending msg to client activator-bf9d9aec-3c6e-4184-9a63-9aa1340dba1d: DetachedLogEvent(LogMessage(debug,== resolving dependencies org.scala-sbt#launcher-interface;0.13.8-M3->org.scala-lang#scala-library;2.10.4 [compile->master]))
Sending msg to client activator-bf9d9aec-3c6e-4184-9a63-9aa1340dba1d: DetachedLogEvent(LogMessage(debug,== resolving dependencies com.typesafe.sbtrc#client-2-10;0.3.1->org.scala-sbt#interface;0.13.8-M3 [compile->default(compile)]))
Sending msg to client activator-bf9d9aec-3c6e-4184-9a63-9aa1340dba1d: DetachedLogEvent(LogStdOut([info] Resolving org.scala-sbt#interface;0.13.8-M3 ...))
Sending msg to client activator-bf9d9aec-3c6e-4184-9a63-9aa1340dba1d: DetachedLogEvent(LogMessage(info,Resolving org.scala-sbt#interface;0.13.8-M3 ...))
Sending msg to client activator-bf9d9aec-3c6e-4184-9a63-9aa1340dba1d: DetachedLogEvent(LogMessage(debug,sbt-chain: Checking cache for: dependency: org.scala-sbt#interface;0.13.8-M3 {compile=[default(compile)]}))
Sending msg to client activator-bf9d9aec-3c6e-4184-9a63-9aa1340dba1d: DetachedLogEvent(LogMessage(debug,sbt-chain: module revision found in cache: org.scala-sbt#interface;0.13.8-M3))
Sending msg to client activator-bf9d9aec-3c6e-4184-9a63-9aa1340dba1d: DetachedLogEvent(LogMessage(debug,	found org.scala-sbt#interface;0.13.8-M3 in sbt-chain))
Sending msg to client activator-bf9d9aec-3c6e-4184-9a63-9aa1340dba1d: DetachedLogEvent(LogMessage(debug,	[0.13.8-M3] org.scala-sbt#interface;0.13.8-M3))
Sending msg to client activator-bf9d9aec-3c6e-4184-9a63-9aa1340dba1d: DetachedLogEvent(LogMessage(debug,== resolving dependencies org.scala-sbt#interface;0.13.8-M3->org.scala-lang#scala-library;2.10.4 [compile->default(compile)]))
Sending msg to client activator-bf9d9aec-3c6e-4184-9a63-9aa1340dba1d: DetachedLogEvent(LogMessage(debug,== resolving dependencies org.scala-sbt#interface;0.13.8-M3->org.scala-lang#scala-library;2.10.4 [compile->runtime]))
Sending msg to client activator-bf9d9aec-3c6e-4184-9a63-9aa1340dba1d: DetachedLogEvent(LogMessage(debug,== resolving dependencies org.scala-sbt#interface;0.13.8-M3->org.scala-lang#scala-library;2.10.4 [compile->compile]))
Sending msg to client activator-bf9d9aec-3c6e-4184-9a63-9aa1340dba1d: DetachedLogEvent(LogMessage(debug,== resolving dependencies org.scala-sbt#interface;0.13.8-M3->org.scala-lang#scala-library;2.10.4 [compile->master]))
Sending msg to client activator-bf9d9aec-3c6e-4184-9a63-9aa1340dba1d: DetachedLogEvent(LogMessage(debug,== resolving dependencies com.typesafe.sbtrc#client-2-10;0.3.1->org.scala-sbt#io;0.13.8-M3 [compile->default(compile)]))
Sending msg to client activator-bf9d9aec-3c6e-4184-9a63-9aa1340dba1d: DetachedLogEvent(LogStdOut([info] Resolving org.scala-sbt#io;0.13.8-M3 ...))
Sending msg to client activator-bf9d9aec-3c6e-4184-9a63-9aa1340dba1d: DetachedLogEvent(LogMessage(info,Resolving org.scala-sbt#io;0.13.8-M3 ...))
Sending msg to client activator-bf9d9aec-3c6e-4184-9a63-9aa1340dba1d: DetachedLogEvent(LogMessage(debug,sbt-chain: Checking cache for: dependency: org.scala-sbt#io;0.13.8-M3 {compile=[default(compile)]}))
Sending msg to client activator-bf9d9aec-3c6e-4184-9a63-9aa1340dba1d: DetachedLogEvent(LogMessage(debug,sbt-chain: module revision found in cache: org.scala-sbt#io;0.13.8-M3))
Sending msg to client activator-bf9d9aec-3c6e-4184-9a63-9aa1340dba1d: DetachedLogEvent(LogMessage(debug,	found org.scala-sbt#io;0.13.8-M3 in sbt-chain))
Sending msg to client activator-bf9d9aec-3c6e-4184-9a63-9aa1340dba1d: DetachedLogEvent(LogMessage(debug,== resolving dependencies org.scala-sbt#io;0.13.8-M3->org.scala-lang#scala-library;2.10.4 [compile->default(compile)]))
Sending msg to client activator-bf9d9aec-3c6e-4184-9a63-9aa1340dba1d: DetachedLogEvent(LogMessage(debug,== resolving dependencies org.scala-sbt#io;0.13.8-M3->org.scala-lang#scala-library;2.10.4 [compile->runtime]))
Sending msg to client activator-bf9d9aec-3c6e-4184-9a63-9aa1340dba1d: DetachedLogEvent(LogMessage(debug,== resolving dependencies org.scala-sbt#io;0.13.8-M3->org.scala-lang#scala-library;2.10.4 [compile->compile]))
Sending msg to client activator-bf9d9aec-3c6e-4184-9a63-9aa1340dba1d: DetachedLogEvent(LogMessage(debug,== resolving dependencies org.scala-sbt#io;0.13.8-M3->org.scala-lang#scala-library;2.10.4 [compile->master]))
Sending msg to client activator-bf9d9aec-3c6e-4184-9a63-9aa1340dba1d: DetachedLogEvent(LogMessage(debug,== resolving dependencies org.scala-sbt#io;0.13.8-M3->org.scala-sbt#control;0.13.8-M3 [compile->default(compile)]))
Sending msg to client activator-bf9d9aec-3c6e-4184-9a63-9aa1340dba1d: DetachedLogEvent(LogStdOut([info] Resolving org.scala-sbt#control;0.13.8-M3 ...))
Sending msg to client activator-bf9d9aec-3c6e-4184-9a63-9aa1340dba1d: DetachedLogEvent(LogMessage(info,Resolving org.scala-sbt#control;0.13.8-M3 ...))
Sending msg to client activator-bf9d9aec-3c6e-4184-9a63-9aa1340dba1d: DetachedLogEvent(LogMessage(debug,sbt-chain: Checking cache for: dependency: org.scala-sbt#control;0.13.8-M3 {compile=[default(compile)]}))
Sending msg to client activator-bf9d9aec-3c6e-4184-9a63-9aa1340dba1d: DetachedLogEvent(LogMessage(debug,sbt-chain: module revision found in cache: org.scala-sbt#control;0.13.8-M3))
Sending msg to client activator-bf9d9aec-3c6e-4184-9a63-9aa1340dba1d: DetachedLogEvent(LogMessage(debug,	found org.scala-sbt#control;0.13.8-M3 in sbt-chain))
Sending msg to client activator-bf9d9aec-3c6e-4184-9a63-9aa1340dba1d: DetachedLogEvent(LogMessage(debug,== resolving dependencies org.scala-sbt#control;0.13.8-M3->org.scala-lang#scala-library;2.10.4 [compile->default(compile)]))
Sending msg to client activator-bf9d9aec-3c6e-4184-9a63-9aa1340dba1d: DetachedLogEvent(LogMessage(debug,== resolving dependencies org.scala-sbt#control;0.13.8-M3->org.scala-lang#scala-library;2.10.4 [compile->runtime]))
Sending msg to client activator-bf9d9aec-3c6e-4184-9a63-9aa1340dba1d: DetachedLogEvent(LogMessage(debug,== resolving dependencies org.scala-sbt#control;0.13.8-M3->org.scala-lang#scala-library;2.10.4 [compile->compile]))
Sending msg to client activator-bf9d9aec-3c6e-4184-9a63-9aa1340dba1d: DetachedLogEvent(LogMessage(debug,== resolving dependencies org.scala-sbt#control;0.13.8-M3->org.scala-lang#scala-library;2.10.4 [compile->master]))
Sending msg to client activator-bf9d9aec-3c6e-4184-9a63-9aa1340dba1d: DetachedLogEvent(LogMessage(debug,== resolving dependencies com.typesafe.sbtrc#client-2-10;0.3.1->org.scala-sbt#collections;0.13.8-M3 [compile->default(compile)]))
Sending msg to client activator-bf9d9aec-3c6e-4184-9a63-9aa1340dba1d: DetachedLogEvent(LogStdOut([info] Resolving org.scala-sbt#collections;0.13.8-M3 ...))
Sending msg to client activator-bf9d9aec-3c6e-4184-9a63-9aa1340dba1d: DetachedLogEvent(LogMessage(info,Resolving org.scala-sbt#collections;0.13.8-M3 ...))
Sending msg to client activator-bf9d9aec-3c6e-4184-9a63-9aa1340dba1d: DetachedLogEvent(LogMessage(debug,sbt-chain: Checking cache for: dependency: org.scala-sbt#collections;0.13.8-M3 {compile=[default(compile)]}))
Sending msg to client activator-bf9d9aec-3c6e-4184-9a63-9aa1340dba1d: DetachedLogEvent(LogMessage(debug,sbt-chain: module revision found in cache: org.scala-sbt#collections;0.13.8-M3))
Sending msg to client activator-bf9d9aec-3c6e-4184-9a63-9aa1340dba1d: DetachedLogEvent(LogMessage(debug,	found org.scala-sbt#collections;0.13.8-M3 in sbt-chain))
Sending msg to client activator-bf9d9aec-3c6e-4184-9a63-9aa1340dba1d: DetachedLogEvent(LogMessage(debug,== resolving dependencies org.scala-sbt#collections;0.13.8-M3->org.scala-lang#scala-library;2.10.4 [compile->default(compile)]))
Sending msg to client activator-bf9d9aec-3c6e-4184-9a63-9aa1340dba1d: DetachedLogEvent(LogMessage(debug,== resolving dependencies org.scala-sbt#collections;0.13.8-M3->org.scala-lang#scala-library;2.10.4 [compile->runtime]))
Sending msg to client activator-bf9d9aec-3c6e-4184-9a63-9aa1340dba1d: DetachedLogEvent(LogMessage(debug,== resolving dependencies org.scala-sbt#collections;0.13.8-M3->org.scala-lang#scala-library;2.10.4 [compile->compile]))
Sending msg to client activator-bf9d9aec-3c6e-4184-9a63-9aa1340dba1d: DetachedLogEvent(LogMessage(debug,== resolving dependencies org.scala-sbt#collections;0.13.8-M3->org.scala-lang#scala-library;2.10.4 [compile->master]))
Sending msg to client activator-bf9d9aec-3c6e-4184-9a63-9aa1340dba1d: DetachedLogEvent(LogMessage(debug,== resolving dependencies com.typesafe.play#sbt-fork-run-protocol_2.10;2.3.8->com.typesafe.sbtrc#client-2-10;0.3.1 [compile->compile]))
Sending msg to client activator-bf9d9aec-3c6e-4184-9a63-9aa1340dba1d: DetachedLogEvent(LogMessage(debug,== resolving dependencies com.typesafe.play#sbt-fork-run-protocol_2.10;2.3.8->com.typesafe.sbtrc#client-2-10;0.3.1 [compile->runtime]))
Sending msg to client activator-bf9d9aec-3c6e-4184-9a63-9aa1340dba1d: DetachedLogEvent(LogMessage(debug,== resolving dependencies com.typesafe.play#sbt-fork-run-protocol_2.10;2.3.8->com.typesafe.sbtrc#client-2-10;0.3.1 [compile->compile]))
Sending msg to client activator-bf9d9aec-3c6e-4184-9a63-9aa1340dba1d: DetachedLogEvent(LogMessage(debug,== resolving dependencies com.typesafe.sbtrc#client-2-10;0.3.1->com.novocode#junit-interface;0.11 [test->default(compile)]))
Sending msg to client activator-bf9d9aec-3c6e-4184-9a63-9aa1340dba1d: DetachedLogEvent(LogStdOut([info] Resolving com.novocode#junit-interface;0.11 ...))
Sending msg to client activator-bf9d9aec-3c6e-4184-9a63-9aa1340dba1d: DetachedLogEvent(LogMessage(info,Resolving com.novocode#junit-interface;0.11 ...))
Sending msg to client activator-bf9d9aec-3c6e-4184-9a63-9aa1340dba1d: DetachedLogEvent(LogMessage(debug,sbt-chain: Checking cache for: dependency: com.novocode#junit-interface;0.11 {test=[default(compile)]}))
Sending msg to client activator-bf9d9aec-3c6e-4184-9a63-9aa1340dba1d: DetachedLogEvent(LogMessage(debug,sbt-chain: module revision found in cache: com.novocode#junit-interface;0.11))
Sending msg to client activator-bf9d9aec-3c6e-4184-9a63-9aa1340dba1d: DetachedLogEvent(LogMessage(debug,	found com.novocode#junit-interface;0.11 in sbt-chain))
Sending msg to client activator-bf9d9aec-3c6e-4184-9a63-9aa1340dba1d: DetachedLogEvent(LogMessage(debug,== resolving dependencies com.typesafe.sbtrc#client-2-10;0.3.1->com.novocode#junit-interface;0.11 [test->runtime]))
Sending msg to client activator-bf9d9aec-3c6e-4184-9a63-9aa1340dba1d: DetachedLogEvent(LogMessage(debug,== resolving dependencies com.typesafe.sbtrc#client-2-10;0.3.1->com.novocode#junit-interface;0.11 [test->compile]))
Sending msg to client activator-bf9d9aec-3c6e-4184-9a63-9aa1340dba1d: DetachedLogEvent(LogMessage(debug,== resolving dependencies com.novocode#junit-interface;0.11->junit#junit;4.11 [compile->master(*)]))
Sending msg to client activator-bf9d9aec-3c6e-4184-9a63-9aa1340dba1d: DetachedLogEvent(LogStdOut([info] Resolving junit#junit;4.11 ...))
Sending msg to client activator-bf9d9aec-3c6e-4184-9a63-9aa1340dba1d: DetachedLogEvent(LogMessage(info,Resolving junit#junit;4.11 ...))
Sending msg to client activator-bf9d9aec-3c6e-4184-9a63-9aa1340dba1d: DetachedLogEvent(LogMessage(debug,sbt-chain: Checking cache for: dependency: junit#junit;4.11 {compile=[compile(*), master(*)], runtime=[runtime(*)]}))
Sending msg to client activator-bf9d9aec-3c6e-4184-9a63-9aa1340dba1d: DetachedLogEvent(LogMessage(debug,sbt-chain: module revision found in cache: junit#junit;4.11))
Sending msg to client activator-bf9d9aec-3c6e-4184-9a63-9aa1340dba1d: DetachedLogEvent(LogMessage(debug,	found junit#junit;4.11 in sbt-chain))
Sending msg to client activator-bf9d9aec-3c6e-4184-9a63-9aa1340dba1d: DetachedLogEvent(LogMessage(debug,== resolving dependencies com.novocode#junit-interface;0.11->junit#junit;4.11 [compile->compile(*)]))
Sending msg to client activator-bf9d9aec-3c6e-4184-9a63-9aa1340dba1d: DetachedLogEvent(LogMessage(debug,== resolving dependencies junit#junit;4.11->org.hamcrest#hamcrest-core;1.3 [compile->master(*)]))
Sending msg to client activator-bf9d9aec-3c6e-4184-9a63-9aa1340dba1d: DetachedLogEvent(LogStdOut([info] Resolving org.hamcrest#hamcrest-core;1.3 ...))
Sending msg to client activator-bf9d9aec-3c6e-4184-9a63-9aa1340dba1d: DetachedLogEvent(LogMessage(info,Resolving org.hamcrest#hamcrest-core;1.3 ...))
Sending msg to client activator-bf9d9aec-3c6e-4184-9a63-9aa1340dba1d: DetachedLogEvent(LogMessage(debug,sbt-chain: Checking cache for: dependency: org.hamcrest#hamcrest-core;1.3 {compile=[compile(*), master(*)], runtime=[runtime(*)]}))
Sending msg to client activator-bf9d9aec-3c6e-4184-9a63-9aa1340dba1d: DetachedLogEvent(LogMessage(debug,sbt-chain: module revision found in cache: org.hamcrest#hamcrest-core;1.3))
Sending msg to client activator-bf9d9aec-3c6e-4184-9a63-9aa1340dba1d: DetachedLogEvent(LogMessage(debug,	found org.hamcrest#hamcrest-core;1.3 in sbt-chain))
Sending msg to client activator-bf9d9aec-3c6e-4184-9a63-9aa1340dba1d: DetachedLogEvent(LogMessage(debug,== resolving dependencies junit#junit;4.11->org.hamcrest#hamcrest-core;1.3 [compile->compile(*)]))
Sending msg to client activator-bf9d9aec-3c6e-4184-9a63-9aa1340dba1d: DetachedLogEvent(LogMessage(debug,== resolving dependencies com.novocode#junit-interface;0.11->junit#junit;4.11 [compile->runtime(*)]))
Sending msg to client activator-bf9d9aec-3c6e-4184-9a63-9aa1340dba1d: DetachedLogEvent(LogMessage(debug,== resolving dependencies com.novocode#junit-interface;0.11->junit#junit;4.11 [compile->compile]))
Sending msg to client activator-bf9d9aec-3c6e-4184-9a63-9aa1340dba1d: DetachedLogEvent(LogMessage(debug,== resolving dependencies junit#junit;4.11->org.hamcrest#hamcrest-core;1.3 [runtime->runtime(*)]))
Sending msg to client activator-bf9d9aec-3c6e-4184-9a63-9aa1340dba1d: DetachedLogEvent(LogMessage(debug,== resolving dependencies junit#junit;4.11->org.hamcrest#hamcrest-core;1.3 [runtime->compile]))
Sending msg to client activator-bf9d9aec-3c6e-4184-9a63-9aa1340dba1d: DetachedLogEvent(LogMessage(debug,== resolving dependencies com.novocode#junit-interface;0.11->org.scala-sbt#test-interface;1.0 [compile->master(*)]))
Sending msg to client activator-bf9d9aec-3c6e-4184-9a63-9aa1340dba1d: DetachedLogEvent(LogStdOut([info] Resolving org.scala-sbt#test-interface;1.0 ...))
Sending msg to client activator-bf9d9aec-3c6e-4184-9a63-9aa1340dba1d: DetachedLogEvent(LogMessage(info,Resolving org.scala-sbt#test-interface;1.0 ...))
Sending msg to client activator-bf9d9aec-3c6e-4184-9a63-9aa1340dba1d: DetachedLogEvent(LogMessage(debug,sbt-chain: Checking cache for: dependency: org.scala-sbt#test-interface;1.0 {compile=[compile(*), master(*)], runtime=[runtime(*)]}))
Sending msg to client activator-bf9d9aec-3c6e-4184-9a63-9aa1340dba1d: DetachedLogEvent(LogMessage(debug,sbt-chain: module revision found in cache: org.scala-sbt#test-interface;1.0))
Sending msg to client activator-bf9d9aec-3c6e-4184-9a63-9aa1340dba1d: DetachedLogEvent(LogMessage(debug,	found org.scala-sbt#test-interface;1.0 in sbt-chain))
Sending msg to client activator-bf9d9aec-3c6e-4184-9a63-9aa1340dba1d: DetachedLogEvent(LogMessage(debug,== resolving dependencies com.novocode#junit-interface;0.11->org.scala-sbt#test-interface;1.0 [compile->compile(*)]))
Sending msg to client activator-bf9d9aec-3c6e-4184-9a63-9aa1340dba1d: DetachedLogEvent(LogMessage(debug,== resolving dependencies com.novocode#junit-interface;0.11->org.scala-sbt#test-interface;1.0 [compile->runtime(*)]))
Sending msg to client activator-bf9d9aec-3c6e-4184-9a63-9aa1340dba1d: DetachedLogEvent(LogMessage(debug,== resolving dependencies com.novocode#junit-interface;0.11->org.scala-sbt#test-interface;1.0 [compile->compile]))
Sending msg to client activator-bf9d9aec-3c6e-4184-9a63-9aa1340dba1d: DetachedLogEvent(LogMessage(debug,== resolving dependencies com.novocode#junit-interface;0.11->junit#junit;4.11 [runtime->runtime(*)]))
Sending msg to client activator-bf9d9aec-3c6e-4184-9a63-9aa1340dba1d: DetachedLogEvent(LogMessage(debug,== resolving dependencies com.novocode#junit-interface;0.11->junit#junit;4.11 [runtime->compile]))
Sending msg to client activator-bf9d9aec-3c6e-4184-9a63-9aa1340dba1d: DetachedLogEvent(LogMessage(debug,== resolving dependencies com.novocode#junit-interface;0.11->org.scala-sbt#test-interface;1.0 [runtime->runtime(*)]))
Sending msg to client activator-bf9d9aec-3c6e-4184-9a63-9aa1340dba1d: DetachedLogEvent(LogMessage(debug,== resolving dependencies com.novocode#junit-interface;0.11->org.scala-sbt#test-interface;1.0 [runtime->compile]))
Sending msg to client activator-bf9d9aec-3c6e-4184-9a63-9aa1340dba1d: DetachedLogEvent(LogMessage(debug,== resolving dependencies com.typesafe.sbtrc#client-2-10;0.3.1->com.novocode#junit-interface;0.11 [test->master]))
Sending msg to client activator-bf9d9aec-3c6e-4184-9a63-9aa1340dba1d: DetachedLogEvent(LogMessage(debug,== resolving dependencies com.typesafe.sbtrc#client-2-10;0.3.1->org.scalacheck#scalacheck_2.10;1.11.5 [test->default(compile)]))
Sending msg to client activator-bf9d9aec-3c6e-4184-9a63-9aa1340dba1d: DetachedLogEvent(LogStdOut([info] Resolving org.scalacheck#scalacheck_2.10;1.11.5 ...))
Sending msg to client activator-bf9d9aec-3c6e-4184-9a63-9aa1340dba1d: DetachedLogEvent(LogMessage(info,Resolving org.scalacheck#scalacheck_2.10;1.11.5 ...))
Sending msg to client activator-bf9d9aec-3c6e-4184-9a63-9aa1340dba1d: DetachedLogEvent(LogMessage(debug,sbt-chain: Checking cache for: dependency: org.scalacheck#scalacheck_2.10;1.11.5 {test=[default(compile)]}))
Got request: UnlistenToEvents()
Reading next message from client.
Got request: UnlistenToBuildChange()
Reading next message from client.
Client activator-bf9d9aec-3c6e-4184-9a63-9aa1340dba1d EOF, shutting down.
Stopping client.
Dropping message (12,ReceivedResponse()) to dead client activator-bf9d9aec-3c6e-4184-9a63-9aa1340dba1d
Dropping message (0,ReceivedResponse()) to dead client activator-bf9d9aec-3c6e-4184-9a63-9aa1340dba1d
Client activator-bf9d9aec-3c6e-4184-9a63-9aa1340dba1d thread exiting.
Dropping message (4,ReceivedResponse()) to dead client activator-bf9d9aec-3c6e-4184-9a63-9aa1340dba1d
Dropping message BuildStructureChanged(MinimalBuildStructure(Vector(file:/C:/Users/svett_000/Documents/GitHub/testApp-master/),Vector(MinimalProjectStructure(ProjectReference(file:/C:/Users/svett_000/Documents/GitHub/testApp-master/,root),Vector(sbt.plugins.CorePlugin, com.typesafe.sbt.web.SbtWeb, sbt.plugins.InteractionServicePlugin, sbt.plugins.SendEventServicePlugin, sbt.plugins.SerializersPlugin, sbt.plugins.IvyPlugin, com.typesafe.sbt.webdriver.SbtWebDriver, com.typesafe.sbt.jse.SbtJsEngine, com.typesafe.sbt.digest.SbtDigest, sbt.plugins.JvmPlugin, com.typesafe.sbt.jse.SbtJsTask, play.twirl.sbt.SbtTwirl, com.typesafe.sbt.jshint.SbtJSHint, sbt.plugins.JUnitXmlReportPlugin, com.typesafe.sbt.mocha.SbtMocha, com.typesafe.sbt.less.SbtLess, com.typesafe.sbt.rjs.SbtRjs, com.typesafe.sbt.coffeescript.SbtCoffeeScript, com.heroku.sbt.HerokuPlugin, sbt.plugins.BackgroundRunPlugin, play.Play, com.typesafe.sbt.SbtEcho, play.PlayJava, play.sbt.forkrun.PlayForkRun))))) to dead client activator-bf9d9aec-3c6e-4184-9a63-9aa1340dba1d
Dropping message (6,KeyLookupResponse(discoveredMainClasses,Vector(AttributeKey[scala.collection.Seq[java.lang.String]]("discoveredMainClasses") in Scope(Build: file:/C:/Users/svett_000/Documents/GitHub/testApp-master/, , Project: ProjectReference(file:/C:/Users/svett_000/Documents/GitHub/testApp-master/,root), Config: compile)))) to dead client activator-bf9d9aec-3c6e-4184-9a63-9aa1340dba1d
Dropping message (7,KeyLookupResponse(mainClass,Vector(AttributeKey[scala.Option[java.lang.String]]("mainClass") in Scope(Build: file:/C:/Users/svett_000/Documents/GitHub/testApp-master/, , Project: ProjectReference(file:/C:/Users/svett_000/Documents/GitHub/testApp-master/,root), Config: compile)))) to dead client activator-bf9d9aec-3c6e-4184-9a63-9aa1340dba1d
Dropping message (8,KeyLookupResponse(echo:echoTraceSupported,Vector(AttributeKey[boolean]("echoTraceSupported") in Scope(Build: file:/C:/Users/svett_000/Documents/GitHub/testApp-master/, , Project: ProjectReference(file:/C:/Users/svett_000/Documents/GitHub/testApp-master/,root), Config: echo)))) to dead client activator-bf9d9aec-3c6e-4184-9a63-9aa1340dba1d
Dropping message (9,KeyLookupResponse(echo:echoPlayVersionReport,Vector(AttributeKey[java.lang.String]("echoPlayVersionReport") in Scope(Build: file:/C:/Users/svett_000/Documents/GitHub/testApp-master/, , Project: ProjectReference(file:/C:/Users/svett_000/Documents/GitHub/testApp-master/,root), Config: echo)))) to dead client activator-bf9d9aec-3c6e-4184-9a63-9aa1340dba1d
Dropping message (10,KeyLookupResponse(echo:echoAkkaVersionReport,Vector(AttributeKey[java.lang.String]("echoAkkaVersionReport") in Scope(Build: file:/C:/Users/svett_000/Documents/GitHub/testApp-master/, , Project: ProjectReference(file:/C:/Users/svett_000/Documents/GitHub/testApp-master/,root), Config: echo)))) to dead client activator-bf9d9aec-3c6e-4184-9a63-9aa1340dba1d
Dropping message (11,KeyLookupResponse(echo:echoTracePlayVersion,Vector())) to dead client activator-bf9d9aec-3c6e-4184-9a63-9aa1340dba1d
Dropping message (13,ReceivedResponse()) to dead client activator-bf9d9aec-3c6e-4184-9a63-9aa1340dba1d
