New log file opened at Thu May 07 17:49:59 CEST 2015 by 3602@captiveportal-23-110.local.su.se
Taking next connection to: 51910
New client attempting to connect on port: 51911-51910
  Address = /10.100.23.110:51910
This client on port 51911 has uuid 46022bda-4dc8-4515-98c7-db568547d62e configName play-fork-run humanReadableName Play Fork Run protocolVersion 1 featureTags Vector()
Connected Clients: play-fork-run-46022bda-4dc8-4515-98c7-db568547d62e
Taking next connection to: 51910
Checking to see if clients are empty...
We have 1 non-daemon clients, continuing serving connections.
Taking next connection to: 51910
Checking to see if clients are empty...
We have 1 non-daemon clients, continuing serving connections.
Taking next connection to: 51910
Checking to see if clients are empty...
We have 1 non-daemon clients, continuing serving connections.
Taking next connection to: 51910
Checking to see if clients are empty...
We have 1 non-daemon clients, continuing serving connections.
Taking next connection to: 51910
Checking to see if clients are empty...
We have 1 non-daemon clients, continuing serving connections.
Taking next connection to: 51910
