New log file opened at Wed Apr 22 15:35:44 CEST 2015 by 9632@Henrik-Dator
Sending msg to client play-fork-run-a072f81a-8924-4279-9727-b8726a0dc545: DetachedLogEvent(LogMessage(debug,sbt server socket logs are in: C:\Users\Henrik\Desktop\activator-1.3.2-minimal\testApp\.sbtserver\connections\master.log))
Sending msg to client play-fork-run-a072f81a-8924-4279-9727-b8726a0dc545: DetachedLogEvent(LogMessage(debug,sbt client logs are in: C:\Users\Henrik\Desktop\activator-1.3.2-minimal\testApp\.sbtserver\connections\play-fork-run-a072f81a-8924-4279-9727-b8726a0dc545.log))
Sending msg to client play-fork-run-a072f81a-8924-4279-9727-b8726a0dc545: DetachedLogEvent(LogMessage(debug,sbt general server logs are in: C:\Users\Henrik\Desktop\activator-1.3.2-minimal\testApp\.sbtserver\master.log))
Reading next message from client.
Got request: DaemonRequest(true)
Reading next message from client.
Sending msg to client play-fork-run-a072f81a-8924-4279-9727-b8726a0dc545: (3,ReceivedResponse())
Got request: ListenToEvents()
Reading next message from client.
Sending msg to client play-fork-run-a072f81a-8924-4279-9727-b8726a0dc545: BackgroundJobStarted(24,BackgroundJobInfo(4,backgroundRun,AttributeKey[sbt.BackgroundJobHandle]("backgroundRun") in Scope(Build: file:/C:/Users/Henrik/Desktop/activator-1.3.2-minimal/testApp/, , Project: ProjectReference(file:/C:/Users/Henrik/Desktop/activator-1.3.2-minimal/testApp/,root), Config: compile)))
Sending msg to client play-fork-run-a072f81a-8924-4279-9727-b8726a0dc545: (4,ReceivedResponse())
Got request: KeyLookupRequest(root/playForkConfig)
Reading next message from client.
Sending msg to client play-fork-run-a072f81a-8924-4279-9727-b8726a0dc545: (5,KeyLookupResponse(root/playForkConfig,Vector(AttributeKey[play.forkrun.protocol.ForkConfig]("playForkConfig") in Scope(Build: file:/C:/Users/Henrik/Desktop/activator-1.3.2-minimal/testApp/, , Project: ProjectReference(file:/C:/Users/Henrik/Desktop/activator-1.3.2-minimal/testApp/,root)))))
Got request: ListenToValue(AttributeKey[play.forkrun.protocol.ForkConfig]("playForkConfig") in Scope(Build: file:/C:/Users/Henrik/Desktop/activator-1.3.2-minimal/testApp/, , Project: ProjectReference(file:/C:/Users/Henrik/Desktop/activator-1.3.2-minimal/testApp/,root)))
Reading next message from client.
Sending msg to client play-fork-run-a072f81a-8924-4279-9727-b8726a0dc545: (6,ReceivedResponse())
Got request: KeyExecutionRequest(AttributeKey[play.forkrun.protocol.ForkConfig]("playForkConfig") in Scope(Build: file:/C:/Users/Henrik/Desktop/activator-1.3.2-minimal/testApp/, , Project: ProjectReference(file:/C:/Users/Henrik/Desktop/activator-1.3.2-minimal/testApp/,root)))
Reading next message from client.
Sending msg to client play-fork-run-a072f81a-8924-4279-9727-b8726a0dc545: (7,ExecutionRequestReceived(25))
Sending msg to client play-fork-run-a072f81a-8924-4279-9727-b8726a0dc545: ExecutionWaiting(25,{file:/C:/Users/Henrik/Desktop/activator-1.3.2-minimal/testApp/}root/*:playForkConfig,ClientInfo(a072f81a-8924-4279-9727-b8726a0dc545,play-fork-run,Play Fork Run,1,Vector()))
Sending msg to client play-fork-run-a072f81a-8924-4279-9727-b8726a0dc545: ExecutionStarting(25)
Sending msg to client play-fork-run-a072f81a-8924-4279-9727-b8726a0dc545: DetachedLogEvent(LogMessage(debug,> {file:/C:/Users/Henrik/Desktop/activator-1.3.2-minimal/testApp/}root/*:playForkConfig))
Sending msg to client play-fork-run-a072f81a-8924-4279-9727-b8726a0dc545: DetachedLogEvent(LogMessage(debug,Evaluating tasks: *:playForkConfig))
Sending msg to client play-fork-run-a072f81a-8924-4279-9727-b8726a0dc545: DetachedLogEvent(LogMessage(debug,Running task... Cancel: sbt.server.ServerTaskCancellation@37bebe06, check cycles: false))
Sending msg to client play-fork-run-a072f81a-8924-4279-9727-b8726a0dc545: DetachedLogEvent(LogMessage(debug,cancel strategy start enabled=true lastCommand=Some(LastCommand(CommandExecutionWork(ExecutionId(25),{file:/C:/Users/Henrik/Desktop/activator-1.3.2-minimal/testApp/}root/*:playForkConfig,Set(LiveClient(play-fork-run a072f81a-8924-4279-9727-b8726a0dc545)),sbt.server.WorkCancellationStatus$$anon$1@4137f1fb)))))
Sending msg to client play-fork-run-a072f81a-8924-4279-9727-b8726a0dc545: TaskStarted(25,1417,Some(AttributeKey[boolean]("skip") in Scope(Global)))
Sending msg to client play-fork-run-a072f81a-8924-4279-9727-b8726a0dc545: TaskStarted(25,1420,None)
Sending msg to client play-fork-run-a072f81a-8924-4279-9727-b8726a0dc545: TaskStarted(25,1421,Some(AttributeKey[java.lang.String]("updateCacheName") in Scope(Build: file:/C:/Users/Henrik/Desktop/activator-1.3.2-minimal/testApp/, , Project: ProjectReference(file:/C:/Users/Henrik/Desktop/activator-1.3.2-minimal/testApp/,root))))
Sending msg to client play-fork-run-a072f81a-8924-4279-9727-b8726a0dc545: TaskStarted(25,1423,None)
Sending msg to client play-fork-run-a072f81a-8924-4279-9727-b8726a0dc545: TaskStarted(25,1424,None)
Sending msg to client play-fork-run-a072f81a-8924-4279-9727-b8726a0dc545: TaskStarted(25,1426,None)
Sending msg to client play-fork-run-a072f81a-8924-4279-9727-b8726a0dc545: TaskStarted(25,1427,None)
Sending msg to client play-fork-run-a072f81a-8924-4279-9727-b8726a0dc545: TaskStarted(25,1429,None)
Sending msg to client play-fork-run-a072f81a-8924-4279-9727-b8726a0dc545: TaskStarted(25,1438,Some(AttributeKey[scala.Option[java.lang.String]]("echoTraceAkkaVersion") in Scope(Build: file:/C:/Users/Henrik/Desktop/activator-1.3.2-minimal/testApp/, , Project: ProjectReference(file:/C:/Users/Henrik/Desktop/activator-1.3.2-minimal/testApp/,root), Config: echo)))
Sending msg to client play-fork-run-a072f81a-8924-4279-9727-b8726a0dc545: TaskStarted(25,1443,Some(AttributeKey[scala.collection.Seq[sbt.Credentials]]("credentials") in Scope(Global)))
Sending msg to client play-fork-run-a072f81a-8924-4279-9727-b8726a0dc545: TaskStarted(25,1450,Some(AttributeKey[scala.collection.Seq[sbt.Resolver]]("externalResolvers") in Scope(Build: file:/C:/Users/Henrik/Desktop/activator-1.3.2-minimal/testApp/, , Project: ProjectReference(file:/C:/Users/Henrik/Desktop/activator-1.3.2-minimal/testApp/,root))))
Sending msg to client play-fork-run-a072f81a-8924-4279-9727-b8726a0dc545: TaskStarted(25,1451,Some(AttributeKey[scala.Option[scala.collection.Seq[sbt.Resolver]]]("bootResolvers") in Scope(Build: file:/C:/Users/Henrik/Desktop/activator-1.3.2-minimal/testApp/, , Project: ProjectReference(file:/C:/Users/Henrik/Desktop/activator-1.3.2-minimal/testApp/,root))))
Sending msg to client play-fork-run-a072f81a-8924-4279-9727-b8726a0dc545: TaskStarted(25,1463,None)
Sending msg to client play-fork-run-a072f81a-8924-4279-9727-b8726a0dc545: TaskStarted(25,1469,Some(AttributeKey[scala.Tuple2[java.lang.String,java.io.File]]("playPrefixAndAssets") in Scope(Build: file:/C:/Users/Henrik/Desktop/activator-1.3.2-minimal/testApp/, , Project: ProjectReference(file:/C:/Users/Henrik/Desktop/activator-1.3.2-minimal/testApp/,root))))
Sending msg to client play-fork-run-a072f81a-8924-4279-9727-b8726a0dc545: TaskStarted(25,1470,Some(AttributeKey[scala.collection.Seq[java.lang.String]]("javaOptions") in Scope(Global)))
Sending msg to client play-fork-run-a072f81a-8924-4279-9727-b8726a0dc545: TaskFinished(25,1417,Some(AttributeKey[boolean]("skip") in Scope(Global)),true,None)
Sending msg to client play-fork-run-a072f81a-8924-4279-9727-b8726a0dc545: TaskFinished(25,1421,Some(AttributeKey[java.lang.String]("updateCacheName") in Scope(Build: file:/C:/Users/Henrik/Desktop/activator-1.3.2-minimal/testApp/, , Project: ProjectReference(file:/C:/Users/Henrik/Desktop/activator-1.3.2-minimal/testApp/,root))),true,None)
Sending msg to client play-fork-run-a072f81a-8924-4279-9727-b8726a0dc545: TaskFinished(25,1423,None,true,None)
Sending msg to client play-fork-run-a072f81a-8924-4279-9727-b8726a0dc545: TaskStarted(25,1422,None)
Sending msg to client play-fork-run-a072f81a-8924-4279-9727-b8726a0dc545: TaskStarted(25,1432,None)
Sending msg to client play-fork-run-a072f81a-8924-4279-9727-b8726a0dc545: TaskStarted(25,1442,None)
Sending msg to client play-fork-run-a072f81a-8924-4279-9727-b8726a0dc545: TaskStarted(25,1445,None)
Sending msg to client play-fork-run-a072f81a-8924-4279-9727-b8726a0dc545: TaskStarted(25,1449,None)
Sending msg to client play-fork-run-a072f81a-8924-4279-9727-b8726a0dc545: TaskStarted(25,1456,None)
Sending msg to client play-fork-run-a072f81a-8924-4279-9727-b8726a0dc545: TaskStarted(25,1464,None)
Sending msg to client play-fork-run-a072f81a-8924-4279-9727-b8726a0dc545: TaskStarted(25,1465,None)
Sending msg to client play-fork-run-a072f81a-8924-4279-9727-b8726a0dc545: TaskFinished(25,1424,None,true,None)
Sending msg to client play-fork-run-a072f81a-8924-4279-9727-b8726a0dc545: TaskFinished(25,1426,None,true,None)
Sending msg to client play-fork-run-a072f81a-8924-4279-9727-b8726a0dc545: TaskFinished(25,1427,None,true,None)
Sending msg to client play-fork-run-a072f81a-8924-4279-9727-b8726a0dc545: TaskStarted(25,1425,Some(AttributeKey[scala.collection.Seq[sbt.UpdateReport]]("transitiveUpdate") in Scope(Build: file:/C:/Users/Henrik/Desktop/activator-1.3.2-minimal/testApp/, , Project: ProjectReference(file:/C:/Users/Henrik/Desktop/activator-1.3.2-minimal/testApp/,root))))
Sending msg to client play-fork-run-a072f81a-8924-4279-9727-b8726a0dc545: TaskFinished(25,1429,None,true,None)
Sending msg to client play-fork-run-a072f81a-8924-4279-9727-b8726a0dc545: TaskFinished(25,1420,None,true,None)
Sending msg to client play-fork-run-a072f81a-8924-4279-9727-b8726a0dc545: TaskStarted(25,1431,Some(AttributeKey[sbt.BuildStructure]("buildStructure") in Scope(Global)))
Sending msg to client play-fork-run-a072f81a-8924-4279-9727-b8726a0dc545: TaskStarted(25,1433,Some(AttributeKey[java.io.File]("dependencyCacheDirectory") in Scope(Build: file:/C:/Users/Henrik/Desktop/activator-1.3.2-minimal/testApp/, , Project: ProjectReference(file:/C:/Users/Henrik/Desktop/activator-1.3.2-minimal/testApp/,root))))
Sending msg to client play-fork-run-a072f81a-8924-4279-9727-b8726a0dc545: TaskStarted(25,1452,Some(AttributeKey[scala.collection.Seq[java.lang.String]]("playMonitoredFiles") in Scope(Build: file:/C:/Users/Henrik/Desktop/activator-1.3.2-minimal/testApp/, , Project: ProjectReference(file:/C:/Users/Henrik/Desktop/activator-1.3.2-minimal/testApp/,root))))
Sending msg to client play-fork-run-a072f81a-8924-4279-9727-b8726a0dc545: TaskFinished(25,1438,Some(AttributeKey[scala.Option[java.lang.String]]("echoTraceAkkaVersion") in Scope(Build: file:/C:/Users/Henrik/Desktop/activator-1.3.2-minimal/testApp/, , Project: ProjectReference(file:/C:/Users/Henrik/Desktop/activator-1.3.2-minimal/testApp/,root), Config: echo)),true,None)
Sending msg to client play-fork-run-a072f81a-8924-4279-9727-b8726a0dc545: TaskStarted(25,1437,Some(AttributeKey[scala.collection.Seq[sbt.ModuleID]]("echoTraceDependencies") in Scope(Build: file:/C:/Users/Henrik/Desktop/activator-1.3.2-minimal/testApp/, , Project: ProjectReference(file:/C:/Users/Henrik/Desktop/activator-1.3.2-minimal/testApp/,root), Config: echo)))
Sending msg to client play-fork-run-a072f81a-8924-4279-9727-b8726a0dc545: TaskFinished(25,1443,Some(AttributeKey[scala.collection.Seq[sbt.Credentials]]("credentials") in Scope(Global)),true,None)
Sending msg to client play-fork-run-a072f81a-8924-4279-9727-b8726a0dc545: TaskFinished(25,1450,Some(AttributeKey[scala.collection.Seq[sbt.Resolver]]("externalResolvers") in Scope(Build: file:/C:/Users/Henrik/Desktop/activator-1.3.2-minimal/testApp/, , Project: ProjectReference(file:/C:/Users/Henrik/Desktop/activator-1.3.2-minimal/testApp/,root))),true,None)
Sending msg to client play-fork-run-a072f81a-8924-4279-9727-b8726a0dc545: TaskFinished(25,1451,Some(AttributeKey[scala.Option[scala.collection.Seq[sbt.Resolver]]]("bootResolvers") in Scope(Build: file:/C:/Users/Henrik/Desktop/activator-1.3.2-minimal/testApp/, , Project: ProjectReference(file:/C:/Users/Henrik/Desktop/activator-1.3.2-minimal/testApp/,root))),true,None)
Sending msg to client play-fork-run-a072f81a-8924-4279-9727-b8726a0dc545: TaskFinished(25,1463,None,true,None)
Sending msg to client play-fork-run-a072f81a-8924-4279-9727-b8726a0dc545: TaskFinished(25,1469,Some(AttributeKey[scala.Tuple2[java.lang.String,java.io.File]]("playPrefixAndAssets") in Scope(Build: file:/C:/Users/Henrik/Desktop/activator-1.3.2-minimal/testApp/, , Project: ProjectReference(file:/C:/Users/Henrik/Desktop/activator-1.3.2-minimal/testApp/,root))),true,None)
Sending msg to client play-fork-run-a072f81a-8924-4279-9727-b8726a0dc545: TaskStarted(25,1468,None)
Sending msg to client play-fork-run-a072f81a-8924-4279-9727-b8726a0dc545: TaskFinished(25,1432,None,true,None)
Sending msg to client play-fork-run-a072f81a-8924-4279-9727-b8726a0dc545: TaskFinished(25,1445,None,true,None)
Sending msg to client play-fork-run-a072f81a-8924-4279-9727-b8726a0dc545: TaskFinished(25,1442,None,true,None)
Sending msg to client play-fork-run-a072f81a-8924-4279-9727-b8726a0dc545: TaskFinished(25,1422,None,true,None)
Sending msg to client play-fork-run-a072f81a-8924-4279-9727-b8726a0dc545: TaskStarted(25,1419,Some(AttributeKey[scala.collection.immutable.Map[sbt.ModuleID,sbt.SourcePosition]]("dependencyPositions") in Scope(Build: file:/C:/Users/Henrik/Desktop/activator-1.3.2-minimal/testApp/, , Project: ProjectReference(file:/C:/Users/Henrik/Desktop/activator-1.3.2-minimal/testApp/,root))))
Sending msg to client play-fork-run-a072f81a-8924-4279-9727-b8726a0dc545: TaskFinished(25,1456,None,true,None)
Sending msg to client play-fork-run-a072f81a-8924-4279-9727-b8726a0dc545: TaskFinished(25,1465,None,true,None)
Sending msg to client play-fork-run-a072f81a-8924-4279-9727-b8726a0dc545: TaskFinished(25,1464,None,true,None)
Sending msg to client play-fork-run-a072f81a-8924-4279-9727-b8726a0dc545: TaskFinished(25,1425,Some(AttributeKey[scala.collection.Seq[sbt.UpdateReport]]("transitiveUpdate") in Scope(Build: file:/C:/Users/Henrik/Desktop/activator-1.3.2-minimal/testApp/, , Project: ProjectReference(file:/C:/Users/Henrik/Desktop/activator-1.3.2-minimal/testApp/,root))),true,None)
Sending msg to client play-fork-run-a072f81a-8924-4279-9727-b8726a0dc545: TaskFinished(25,1431,Some(AttributeKey[sbt.BuildStructure]("buildStructure") in Scope(Global)),true,None)
Sending msg to client play-fork-run-a072f81a-8924-4279-9727-b8726a0dc545: TaskStarted(25,1430,Some(AttributeKey[sbt.Settings[sbt.Scope]]("settingsData") in Scope(Global)))
Sending msg to client play-fork-run-a072f81a-8924-4279-9727-b8726a0dc545: TaskFinished(25,1433,Some(AttributeKey[java.io.File]("dependencyCacheDirectory") in Scope(Build: file:/C:/Users/Henrik/Desktop/activator-1.3.2-minimal/testApp/, , Project: ProjectReference(file:/C:/Users/Henrik/Desktop/activator-1.3.2-minimal/testApp/,root))),true,None)
Sending msg to client play-fork-run-a072f81a-8924-4279-9727-b8726a0dc545: TaskFinished(25,1470,Some(AttributeKey[scala.collection.Seq[java.lang.String]]("javaOptions") in Scope(Global)),true,None)
Sending msg to client play-fork-run-a072f81a-8924-4279-9727-b8726a0dc545: TaskFinished(25,1437,Some(AttributeKey[scala.collection.Seq[sbt.ModuleID]]("echoTraceDependencies") in Scope(Build: file:/C:/Users/Henrik/Desktop/activator-1.3.2-minimal/testApp/, , Project: ProjectReference(file:/C:/Users/Henrik/Desktop/activator-1.3.2-minimal/testApp/,root), Config: echo)),true,None)
Sending msg to client play-fork-run-a072f81a-8924-4279-9727-b8726a0dc545: TaskFinished(25,1468,None,true,None)
Sending msg to client play-fork-run-a072f81a-8924-4279-9727-b8726a0dc545: TaskStarted(25,1467,None)
Sending msg to client play-fork-run-a072f81a-8924-4279-9727-b8726a0dc545: TaskFinished(25,1430,Some(AttributeKey[sbt.Settings[sbt.Scope]]("settingsData") in Scope(Global)),true,None)
Sending msg to client play-fork-run-a072f81a-8924-4279-9727-b8726a0dc545: TaskStarted(25,1428,None)
Sending msg to client play-fork-run-a072f81a-8924-4279-9727-b8726a0dc545: TaskStarted(25,1440,Some(AttributeKey[scala.collection.Seq[sbt.ModuleID]]("projectDependencies") in Scope(Build: file:/C:/Users/Henrik/Desktop/activator-1.3.2-minimal/testApp/, , Project: ProjectReference(file:/C:/Users/Henrik/Desktop/activator-1.3.2-minimal/testApp/,root))))
Sending msg to client play-fork-run-a072f81a-8924-4279-9727-b8726a0dc545: TaskStarted(25,1457,None)
Sending msg to client play-fork-run-a072f81a-8924-4279-9727-b8726a0dc545: TaskFinished(25,1467,None,true,None)
Sending msg to client play-fork-run-a072f81a-8924-4279-9727-b8726a0dc545: TaskStarted(25,1466,Some(AttributeKey[scala.collection.Seq[scala.Tuple2[java.lang.String,java.io.File]]]("playAllAssets") in Scope(Build: file:/C:/Users/Henrik/Desktop/activator-1.3.2-minimal/testApp/, , Project: ProjectReference(file:/C:/Users/Henrik/Desktop/activator-1.3.2-minimal/testApp/,root))))
Sending msg to client play-fork-run-a072f81a-8924-4279-9727-b8726a0dc545: TaskStarted(25,1471,None)
Sending msg to client play-fork-run-a072f81a-8924-4279-9727-b8726a0dc545: TaskFinished(25,1440,Some(AttributeKey[scala.collection.Seq[sbt.ModuleID]]("projectDependencies") in Scope(Build: file:/C:/Users/Henrik/Desktop/activator-1.3.2-minimal/testApp/, , Project: ProjectReference(file:/C:/Users/Henrik/Desktop/activator-1.3.2-minimal/testApp/,root))),true,None)
Sending msg to client play-fork-run-a072f81a-8924-4279-9727-b8726a0dc545: TaskStarted(25,1439,Some(AttributeKey[scala.collection.Seq[sbt.ModuleID]]("allDependencies") in Scope(Build: file:/C:/Users/Henrik/Desktop/activator-1.3.2-minimal/testApp/, , Project: ProjectReference(file:/C:/Users/Henrik/Desktop/activator-1.3.2-minimal/testApp/,root))))
Sending msg to client play-fork-run-a072f81a-8924-4279-9727-b8726a0dc545: TaskStarted(25,1475,None)
Sending msg to client play-fork-run-a072f81a-8924-4279-9727-b8726a0dc545: TaskStarted(25,1476,None)
Sending msg to client play-fork-run-a072f81a-8924-4279-9727-b8726a0dc545: TaskStarted(25,1479,None)
Sending msg to client play-fork-run-a072f81a-8924-4279-9727-b8726a0dc545: TaskStarted(25,1480,None)
Sending msg to client play-fork-run-a072f81a-8924-4279-9727-b8726a0dc545: TaskStarted(25,1482,None)
Sending msg to client play-fork-run-a072f81a-8924-4279-9727-b8726a0dc545: TaskFinished(25,1466,Some(AttributeKey[scala.collection.Seq[scala.Tuple2[java.lang.String,java.io.File]]]("playAllAssets") in Scope(Build: file:/C:/Users/Henrik/Desktop/activator-1.3.2-minimal/testApp/, , Project: ProjectReference(file:/C:/Users/Henrik/Desktop/activator-1.3.2-minimal/testApp/,root))),true,None)
Sending msg to client play-fork-run-a072f81a-8924-4279-9727-b8726a0dc545: TaskFinished(25,1475,None,true,None)
Sending msg to client play-fork-run-a072f81a-8924-4279-9727-b8726a0dc545: TaskFinished(25,1476,None,true,None)
Sending msg to client play-fork-run-a072f81a-8924-4279-9727-b8726a0dc545: TaskStarted(25,1474,Some(AttributeKey[scala.collection.Seq[sbt.Attributed[java.io.File]]]("unmanagedJars") in Scope(Build: file:/C:/Users/Henrik/Desktop/activator-1.3.2-minimal/testApp/, , Project: ProjectReference(file:/C:/Users/Henrik/Desktop/activator-1.3.2-minimal/testApp/,root), Config: runtime)))
Sending msg to client play-fork-run-a072f81a-8924-4279-9727-b8726a0dc545: TaskFinished(25,1479,None,true,None)
Sending msg to client play-fork-run-a072f81a-8924-4279-9727-b8726a0dc545: TaskFinished(25,1480,None,true,None)
Sending msg to client play-fork-run-a072f81a-8924-4279-9727-b8726a0dc545: TaskStarted(25,1478,Some(AttributeKey[scala.collection.Seq[sbt.Attributed[java.io.File]]]("unmanagedJars") in Scope(Build: file:/C:/Users/Henrik/Desktop/activator-1.3.2-minimal/testApp/, , Project: ProjectReference(file:/C:/Users/Henrik/Desktop/activator-1.3.2-minimal/testApp/,root), Config: compile)))
Sending msg to client play-fork-run-a072f81a-8924-4279-9727-b8726a0dc545: TaskFinished(25,1482,None,true,None)
Sending msg to client play-fork-run-a072f81a-8924-4279-9727-b8726a0dc545: TaskStarted(25,1481,None)
Sending msg to client play-fork-run-a072f81a-8924-4279-9727-b8726a0dc545: TaskFinished(25,1471,None,true,None)
Sending msg to client play-fork-run-a072f81a-8924-4279-9727-b8726a0dc545: TaskFinished(25,1428,None,true,None)
Sending msg to client play-fork-run-a072f81a-8924-4279-9727-b8726a0dc545: TaskFinished(25,1474,Some(AttributeKey[scala.collection.Seq[sbt.Attributed[java.io.File]]]("unmanagedJars") in Scope(Build: file:/C:/Users/Henrik/Desktop/activator-1.3.2-minimal/testApp/, , Project: ProjectReference(file:/C:/Users/Henrik/Desktop/activator-1.3.2-minimal/testApp/,root), Config: runtime)),true,None)
Sending msg to client play-fork-run-a072f81a-8924-4279-9727-b8726a0dc545: TaskStarted(25,1483,None)
Sending msg to client play-fork-run-a072f81a-8924-4279-9727-b8726a0dc545: TaskFinished(25,1483,None,true,None)
Sending msg to client play-fork-run-a072f81a-8924-4279-9727-b8726a0dc545: TaskFinished(25,1481,None,true,None)
Sending msg to client play-fork-run-a072f81a-8924-4279-9727-b8726a0dc545: TaskFinished(25,1452,Some(AttributeKey[scala.collection.Seq[java.lang.String]]("playMonitoredFiles") in Scope(Build: file:/C:/Users/Henrik/Desktop/activator-1.3.2-minimal/testApp/, , Project: ProjectReference(file:/C:/Users/Henrik/Desktop/activator-1.3.2-minimal/testApp/,root))),true,None)
Sending msg to client play-fork-run-a072f81a-8924-4279-9727-b8726a0dc545: TaskFinished(25,1478,Some(AttributeKey[scala.collection.Seq[sbt.Attributed[java.io.File]]]("unmanagedJars") in Scope(Build: file:/C:/Users/Henrik/Desktop/activator-1.3.2-minimal/testApp/, , Project: ProjectReference(file:/C:/Users/Henrik/Desktop/activator-1.3.2-minimal/testApp/,root), Config: compile)),true,None)
Sending msg to client play-fork-run-a072f81a-8924-4279-9727-b8726a0dc545: TaskStarted(25,1477,Some(AttributeKey[scala.collection.Seq[sbt.Attributed[java.io.File]]]("unmanagedJars") in Scope(Build: file:/C:/Users/Henrik/Desktop/activator-1.3.2-minimal/testApp/, , Project: ProjectReference(file:/C:/Users/Henrik/Desktop/activator-1.3.2-minimal/testApp/,root), Config: compile)))
Sending msg to client play-fork-run-a072f81a-8924-4279-9727-b8726a0dc545: TaskFinished(25,1419,Some(AttributeKey[scala.collection.immutable.Map[sbt.ModuleID,sbt.SourcePosition]]("dependencyPositions") in Scope(Build: file:/C:/Users/Henrik/Desktop/activator-1.3.2-minimal/testApp/, , Project: ProjectReference(file:/C:/Users/Henrik/Desktop/activator-1.3.2-minimal/testApp/,root))),true,None)
Sending msg to client play-fork-run-a072f81a-8924-4279-9727-b8726a0dc545: TaskStarted(25,1418,Some(AttributeKey[sbt.UnresolvedWarningConfiguration]("unresolvedWarningConfiguration") in Scope(Build: file:/C:/Users/Henrik/Desktop/activator-1.3.2-minimal/testApp/, , Project: ProjectReference(file:/C:/Users/Henrik/Desktop/activator-1.3.2-minimal/testApp/,root), Task: AttributeKey[sbt.UpdateReport]("update"))))
Sending msg to client play-fork-run-a072f81a-8924-4279-9727-b8726a0dc545: TaskFinished(25,1439,Some(AttributeKey[scala.collection.Seq[sbt.ModuleID]]("allDependencies") in Scope(Build: file:/C:/Users/Henrik/Desktop/activator-1.3.2-minimal/testApp/, , Project: ProjectReference(file:/C:/Users/Henrik/Desktop/activator-1.3.2-minimal/testApp/,root))),true,None)
Sending msg to client play-fork-run-a072f81a-8924-4279-9727-b8726a0dc545: TaskStarted(25,1436,Some(AttributeKey[scala.collection.Seq[sbt.ModuleID]]("allDependencies") in Scope(Build: file:/C:/Users/Henrik/Desktop/activator-1.3.2-minimal/testApp/, , Project: ProjectReference(file:/C:/Users/Henrik/Desktop/activator-1.3.2-minimal/testApp/,root))))
Sending msg to client play-fork-run-a072f81a-8924-4279-9727-b8726a0dc545: TaskFinished(25,1477,Some(AttributeKey[scala.collection.Seq[sbt.Attributed[java.io.File]]]("unmanagedJars") in Scope(Build: file:/C:/Users/Henrik/Desktop/activator-1.3.2-minimal/testApp/, , Project: ProjectReference(file:/C:/Users/Henrik/Desktop/activator-1.3.2-minimal/testApp/,root), Config: compile)),true,None)
Sending msg to client play-fork-run-a072f81a-8924-4279-9727-b8726a0dc545: TaskStarted(25,1473,None)
Sending msg to client play-fork-run-a072f81a-8924-4279-9727-b8726a0dc545: TaskFinished(25,1436,Some(AttributeKey[scala.collection.Seq[sbt.ModuleID]]("allDependencies") in Scope(Build: file:/C:/Users/Henrik/Desktop/activator-1.3.2-minimal/testApp/, , Project: ProjectReference(file:/C:/Users/Henrik/Desktop/activator-1.3.2-minimal/testApp/,root))),true,None)
Sending msg to client play-fork-run-a072f81a-8924-4279-9727-b8726a0dc545: TaskStarted(25,1435,Some(AttributeKey[sbt.ModuleSettings]("moduleSettings") in Scope(Build: file:/C:/Users/Henrik/Desktop/activator-1.3.2-minimal/testApp/, , Project: ProjectReference(file:/C:/Users/Henrik/Desktop/activator-1.3.2-minimal/testApp/,root))))
Sending msg to client play-fork-run-a072f81a-8924-4279-9727-b8726a0dc545: TaskFinished(25,1473,None,true,None)
Sending msg to client play-fork-run-a072f81a-8924-4279-9727-b8726a0dc545: TaskStarted(25,1472,None)
Sending msg to client play-fork-run-a072f81a-8924-4279-9727-b8726a0dc545: TaskFinished(25,1472,None,true,None)
Sending msg to client play-fork-run-a072f81a-8924-4279-9727-b8726a0dc545: TaskFinished(25,1457,None,true,None)
Sending msg to client play-fork-run-a072f81a-8924-4279-9727-b8726a0dc545: TaskStarted(25,1455,Some(AttributeKey[scala.collection.Seq[sbt.Attributed[java.io.File]]]("unmanagedClasspath") in Scope(Build: file:/C:/Users/Henrik/Desktop/activator-1.3.2-minimal/testApp/, , Project: ProjectReference(file:/C:/Users/Henrik/Desktop/activator-1.3.2-minimal/testApp/,root), Config: runtime)))
Sending msg to client play-fork-run-a072f81a-8924-4279-9727-b8726a0dc545: TaskFinished(25,1435,Some(AttributeKey[sbt.ModuleSettings]("moduleSettings") in Scope(Build: file:/C:/Users/Henrik/Desktop/activator-1.3.2-minimal/testApp/, , Project: ProjectReference(file:/C:/Users/Henrik/Desktop/activator-1.3.2-minimal/testApp/,root))),true,None)
Sending msg to client play-fork-run-a072f81a-8924-4279-9727-b8726a0dc545: TaskFinished(25,1455,Some(AttributeKey[scala.collection.Seq[sbt.Attributed[java.io.File]]]("unmanagedClasspath") in Scope(Build: file:/C:/Users/Henrik/Desktop/activator-1.3.2-minimal/testApp/, , Project: ProjectReference(file:/C:/Users/Henrik/Desktop/activator-1.3.2-minimal/testApp/,root), Config: runtime)),true,None)
Sending msg to client play-fork-run-a072f81a-8924-4279-9727-b8726a0dc545: TaskFinished(25,1449,None,true,None)
Sending msg to client play-fork-run-a072f81a-8924-4279-9727-b8726a0dc545: TaskStarted(25,1448,Some(AttributeKey[scala.collection.immutable.Map[org.apache.ivy.core.module.id.ModuleRevisionId,org.apache.ivy.core.module.descriptor.ModuleDescriptor]]("projectDescriptors") in Scope(Build: file:/C:/Users/Henrik/Desktop/activator-1.3.2-minimal/testApp/, , Project: ProjectReference(file:/C:/Users/Henrik/Desktop/activator-1.3.2-minimal/testApp/,root))))
Sending msg to client play-fork-run-a072f81a-8924-4279-9727-b8726a0dc545: TaskFinished(25,1418,Some(AttributeKey[sbt.UnresolvedWarningConfiguration]("unresolvedWarningConfiguration") in Scope(Build: file:/C:/Users/Henrik/Desktop/activator-1.3.2-minimal/testApp/, , Project: ProjectReference(file:/C:/Users/Henrik/Desktop/activator-1.3.2-minimal/testApp/,root), Task: AttributeKey[sbt.UpdateReport]("update"))),true,None)
Sending msg to client play-fork-run-a072f81a-8924-4279-9727-b8726a0dc545: TaskStarted(25,1485,None)
Sending msg to client play-fork-run-a072f81a-8924-4279-9727-b8726a0dc545: TaskFinished(25,1485,None,true,None)
Sending msg to client play-fork-run-a072f81a-8924-4279-9727-b8726a0dc545: TaskStarted(25,1484,None)
Sending msg to client play-fork-run-a072f81a-8924-4279-9727-b8726a0dc545: TaskFinished(25,1484,None,true,None)
Sending msg to client play-fork-run-a072f81a-8924-4279-9727-b8726a0dc545: TaskFinished(25,1448,Some(AttributeKey[scala.collection.immutable.Map[org.apache.ivy.core.module.id.ModuleRevisionId,org.apache.ivy.core.module.descriptor.ModuleDescriptor]]("projectDescriptors") in Scope(Build: file:/C:/Users/Henrik/Desktop/activator-1.3.2-minimal/testApp/, , Project: ProjectReference(file:/C:/Users/Henrik/Desktop/activator-1.3.2-minimal/testApp/,root))),true,None)
Sending msg to client play-fork-run-a072f81a-8924-4279-9727-b8726a0dc545: TaskStarted(25,1447,Some(AttributeKey[sbt.Resolver]("projectResolver") in Scope(Build: file:/C:/Users/Henrik/Desktop/activator-1.3.2-minimal/testApp/, , Project: ProjectReference(file:/C:/Users/Henrik/Desktop/activator-1.3.2-minimal/testApp/,root))))
Sending msg to client play-fork-run-a072f81a-8924-4279-9727-b8726a0dc545: TaskFinished(25,1447,Some(AttributeKey[sbt.Resolver]("projectResolver") in Scope(Build: file:/C:/Users/Henrik/Desktop/activator-1.3.2-minimal/testApp/, , Project: ProjectReference(file:/C:/Users/Henrik/Desktop/activator-1.3.2-minimal/testApp/,root))),true,None)
Sending msg to client play-fork-run-a072f81a-8924-4279-9727-b8726a0dc545: TaskStarted(25,1446,Some(AttributeKey[scala.collection.Seq[sbt.Resolver]]("fullResolvers") in Scope(Build: file:/C:/Users/Henrik/Desktop/activator-1.3.2-minimal/testApp/, , Project: ProjectReference(file:/C:/Users/Henrik/Desktop/activator-1.3.2-minimal/testApp/,root))))
Sending msg to client play-fork-run-a072f81a-8924-4279-9727-b8726a0dc545: TaskFinished(25,1446,Some(AttributeKey[scala.collection.Seq[sbt.Resolver]]("fullResolvers") in Scope(Build: file:/C:/Users/Henrik/Desktop/activator-1.3.2-minimal/testApp/, , Project: ProjectReference(file:/C:/Users/Henrik/Desktop/activator-1.3.2-minimal/testApp/,root))),true,None)
Sending msg to client play-fork-run-a072f81a-8924-4279-9727-b8726a0dc545: TaskStarted(25,1444,Some(AttributeKey[sbt.IvyConfiguration]("ivyConfiguration") in Scope(Build: file:/C:/Users/Henrik/Desktop/activator-1.3.2-minimal/testApp/, , Project: ProjectReference(file:/C:/Users/Henrik/Desktop/activator-1.3.2-minimal/testApp/,root))))
Sending msg to client play-fork-run-a072f81a-8924-4279-9727-b8726a0dc545: TaskFinished(25,1444,Some(AttributeKey[sbt.IvyConfiguration]("ivyConfiguration") in Scope(Build: file:/C:/Users/Henrik/Desktop/activator-1.3.2-minimal/testApp/, , Project: ProjectReference(file:/C:/Users/Henrik/Desktop/activator-1.3.2-minimal/testApp/,root))),true,None)
Sending msg to client play-fork-run-a072f81a-8924-4279-9727-b8726a0dc545: TaskStarted(25,1441,Some(AttributeKey[sbt.IvySbt]("ivySbt") in Scope(Build: file:/C:/Users/Henrik/Desktop/activator-1.3.2-minimal/testApp/, , Project: ProjectReference(file:/C:/Users/Henrik/Desktop/activator-1.3.2-minimal/testApp/,root))))
Sending msg to client play-fork-run-a072f81a-8924-4279-9727-b8726a0dc545: TaskFinished(25,1441,Some(AttributeKey[sbt.IvySbt]("ivySbt") in Scope(Build: file:/C:/Users/Henrik/Desktop/activator-1.3.2-minimal/testApp/, , Project: ProjectReference(file:/C:/Users/Henrik/Desktop/activator-1.3.2-minimal/testApp/,root))),true,None)
Sending msg to client play-fork-run-a072f81a-8924-4279-9727-b8726a0dc545: TaskStarted(25,1434,Some(AttributeKey[sbt.IvySbt$Module]("ivyModule") in Scope(Build: file:/C:/Users/Henrik/Desktop/activator-1.3.2-minimal/testApp/, , Project: ProjectReference(file:/C:/Users/Henrik/Desktop/activator-1.3.2-minimal/testApp/,root))))
Sending msg to client play-fork-run-a072f81a-8924-4279-9727-b8726a0dc545: TaskFinished(25,1434,Some(AttributeKey[sbt.IvySbt$Module]("ivyModule") in Scope(Build: file:/C:/Users/Henrik/Desktop/activator-1.3.2-minimal/testApp/, , Project: ProjectReference(file:/C:/Users/Henrik/Desktop/activator-1.3.2-minimal/testApp/,root))),true,None)
Sending msg to client play-fork-run-a072f81a-8924-4279-9727-b8726a0dc545: TaskStarted(25,1416,Some(AttributeKey[sbt.UpdateReport]("update") in Scope(Build: file:/C:/Users/Henrik/Desktop/activator-1.3.2-minimal/testApp/, , Project: ProjectReference(file:/C:/Users/Henrik/Desktop/activator-1.3.2-minimal/testApp/,root))))
Sending msg to client play-fork-run-a072f81a-8924-4279-9727-b8726a0dc545: TaskFinished(25,1416,Some(AttributeKey[sbt.UpdateReport]("update") in Scope(Build: file:/C:/Users/Henrik/Desktop/activator-1.3.2-minimal/testApp/, , Project: ProjectReference(file:/C:/Users/Henrik/Desktop/activator-1.3.2-minimal/testApp/,root))),true,None)
Sending msg to client play-fork-run-a072f81a-8924-4279-9727-b8726a0dc545: TaskStarted(25,1415,Some(AttributeKey[sbt.UpdateReport]("update") in Scope(Build: file:/C:/Users/Henrik/Desktop/activator-1.3.2-minimal/testApp/, , Project: ProjectReference(file:/C:/Users/Henrik/Desktop/activator-1.3.2-minimal/testApp/,root))))
Sending msg to client play-fork-run-a072f81a-8924-4279-9727-b8726a0dc545: TaskFinished(25,1415,Some(AttributeKey[sbt.UpdateReport]("update") in Scope(Build: file:/C:/Users/Henrik/Desktop/activator-1.3.2-minimal/testApp/, , Project: ProjectReference(file:/C:/Users/Henrik/Desktop/activator-1.3.2-minimal/testApp/,root))),true,None)
Sending msg to client play-fork-run-a072f81a-8924-4279-9727-b8726a0dc545: TaskStarted(25,1414,Some(AttributeKey[scala.collection.Seq[sbt.Attributed[java.io.File]]]("managedClasspath") in Scope(Build: file:/C:/Users/Henrik/Desktop/activator-1.3.2-minimal/testApp/, , Project: ProjectReference(file:/C:/Users/Henrik/Desktop/activator-1.3.2-minimal/testApp/,root), Config: docs)))
Sending msg to client play-fork-run-a072f81a-8924-4279-9727-b8726a0dc545: TaskStarted(25,1462,Some(AttributeKey[sbt.Configuration]("classpathConfiguration") in Scope(Build: file:/C:/Users/Henrik/Desktop/activator-1.3.2-minimal/testApp/, , Project: ProjectReference(file:/C:/Users/Henrik/Desktop/activator-1.3.2-minimal/testApp/,root), Config: compile)))
Sending msg to client play-fork-run-a072f81a-8924-4279-9727-b8726a0dc545: TaskFinished(25,1414,Some(AttributeKey[scala.collection.Seq[sbt.Attributed[java.io.File]]]("managedClasspath") in Scope(Build: file:/C:/Users/Henrik/Desktop/activator-1.3.2-minimal/testApp/, , Project: ProjectReference(file:/C:/Users/Henrik/Desktop/activator-1.3.2-minimal/testApp/,root), Config: docs)),true,None)
Sending msg to client play-fork-run-a072f81a-8924-4279-9727-b8726a0dc545: TaskFinished(25,1462,Some(AttributeKey[sbt.Configuration]("classpathConfiguration") in Scope(Build: file:/C:/Users/Henrik/Desktop/activator-1.3.2-minimal/testApp/, , Project: ProjectReference(file:/C:/Users/Henrik/Desktop/activator-1.3.2-minimal/testApp/,root), Config: compile)),true,None)
Sending msg to client play-fork-run-a072f81a-8924-4279-9727-b8726a0dc545: TaskStarted(25,1461,None)
Sending msg to client play-fork-run-a072f81a-8924-4279-9727-b8726a0dc545: TaskFinished(25,1461,None,true,None)
Sending msg to client play-fork-run-a072f81a-8924-4279-9727-b8726a0dc545: TaskStarted(25,1460,Some(AttributeKey[sbt.Configuration]("classpathConfiguration") in Scope(Build: file:/C:/Users/Henrik/Desktop/activator-1.3.2-minimal/testApp/, , Project: ProjectReference(file:/C:/Users/Henrik/Desktop/activator-1.3.2-minimal/testApp/,root), Config: runtime)))
Sending msg to client play-fork-run-a072f81a-8924-4279-9727-b8726a0dc545: TaskFinished(25,1460,Some(AttributeKey[sbt.Configuration]("classpathConfiguration") in Scope(Build: file:/C:/Users/Henrik/Desktop/activator-1.3.2-minimal/testApp/, , Project: ProjectReference(file:/C:/Users/Henrik/Desktop/activator-1.3.2-minimal/testApp/,root), Config: runtime)),true,None)
Sending msg to client play-fork-run-a072f81a-8924-4279-9727-b8726a0dc545: TaskStarted(25,1459,None)
Sending msg to client play-fork-run-a072f81a-8924-4279-9727-b8726a0dc545: TaskFinished(25,1459,None,true,None)
Sending msg to client play-fork-run-a072f81a-8924-4279-9727-b8726a0dc545: TaskStarted(25,1458,Some(AttributeKey[scala.collection.Seq[sbt.Attributed[java.io.File]]]("managedClasspath") in Scope(Build: file:/C:/Users/Henrik/Desktop/activator-1.3.2-minimal/testApp/, , Project: ProjectReference(file:/C:/Users/Henrik/Desktop/activator-1.3.2-minimal/testApp/,root), Config: runtime)))
Sending msg to client play-fork-run-a072f81a-8924-4279-9727-b8726a0dc545: TaskFinished(25,1458,Some(AttributeKey[scala.collection.Seq[sbt.Attributed[java.io.File]]]("managedClasspath") in Scope(Build: file:/C:/Users/Henrik/Desktop/activator-1.3.2-minimal/testApp/, , Project: ProjectReference(file:/C:/Users/Henrik/Desktop/activator-1.3.2-minimal/testApp/,root), Config: runtime)),true,None)
Sending msg to client play-fork-run-a072f81a-8924-4279-9727-b8726a0dc545: TaskStarted(25,1454,None)
Sending msg to client play-fork-run-a072f81a-8924-4279-9727-b8726a0dc545: TaskFinished(25,1454,None,true,None)
Sending msg to client play-fork-run-a072f81a-8924-4279-9727-b8726a0dc545: TaskStarted(25,1453,Some(AttributeKey[scala.collection.Seq[sbt.Attributed[java.io.File]]]("playDependencyClasspath") in Scope(Build: file:/C:/Users/Henrik/Desktop/activator-1.3.2-minimal/testApp/, , Project: ProjectReference(file:/C:/Users/Henrik/Desktop/activator-1.3.2-minimal/testApp/,root))))
Sending msg to client play-fork-run-a072f81a-8924-4279-9727-b8726a0dc545: TaskFinished(25,1453,Some(AttributeKey[scala.collection.Seq[sbt.Attributed[java.io.File]]]("playDependencyClasspath") in Scope(Build: file:/C:/Users/Henrik/Desktop/activator-1.3.2-minimal/testApp/, , Project: ProjectReference(file:/C:/Users/Henrik/Desktop/activator-1.3.2-minimal/testApp/,root))),true,None)
Sending msg to client play-fork-run-a072f81a-8924-4279-9727-b8726a0dc545: TaskStarted(25,1413,Some(AttributeKey[play.forkrun.protocol.ForkConfig]("playForkConfig") in Scope(Build: file:/C:/Users/Henrik/Desktop/activator-1.3.2-minimal/testApp/, , Project: ProjectReference(file:/C:/Users/Henrik/Desktop/activator-1.3.2-minimal/testApp/,root))))
Sending msg to client play-fork-run-a072f81a-8924-4279-9727-b8726a0dc545: TaskFinished(25,1413,Some(AttributeKey[play.forkrun.protocol.ForkConfig]("playForkConfig") in Scope(Build: file:/C:/Users/Henrik/Desktop/activator-1.3.2-minimal/testApp/, , Project: ProjectReference(file:/C:/Users/Henrik/Desktop/activator-1.3.2-minimal/testApp/,root))),true,None)
Sending msg to client play-fork-run-a072f81a-8924-4279-9727-b8726a0dc545: ValueChanged(AttributeKey[play.forkrun.protocol.ForkConfig]("playForkConfig") in Scope(Build: file:/C:/Users/Henrik/Desktop/activator-1.3.2-minimal/testApp/, , Project: ProjectReference(file:/C:/Users/Henrik/Desktop/activator-1.3.2-minimal/testApp/,root)),TaskSuccess(BuildValue(LazyValue(ForkConfig(C:\Users\Henrik\Desktop\activator-1.3.2-minimal\testApp,List(),List(C:\Users\Henrik\.ivy2\cache\org.scala-lang\scala-library\jars\scala-library-2.11.1.jar, C:\Users\Henrik\.ivy2\cache\com.typesafe.play\twirl-api_2.11\jars\twirl-api_2.11-1.0.2.jar, C:\Users\Henrik\.ivy2\cache\org.apache.commons\commons-lang3\jars\commons-lang3-3.1.jar, C:\Users\Henrik\.ivy2\cache\org.scala-lang.modules\scala-xml_2.11\bundles\scala-xml_2.11-1.0.1.jar, C:\Users\Henrik\.ivy2\cache\com.typesafe.play\play_2.11\jars\play_2.11-2.3.8.jar, C:\Users\Henrik\.ivy2\cache\com.typesafe.play\build-link\jars\build-link-2.3.8.jar, C:\Users\Henrik\.ivy2\cache\com.typesafe.play\play-exceptions\jars\play-exceptions-2.3.8.jar, C:\Users\Henrik\.ivy2\cache\com.typesafe.play\play-iteratees_2.11\jars\play-iteratees_2.11-2.3.8.jar, C:\Users\Henrik\.ivy2\cache\org.scala-stm\scala-stm_2.11\jars\scala-stm_2.11-0.7.jar, C:\Users\Henrik\.ivy2\cache\com.typesafe\config\bundles\config-1.2.1.jar, C:\Users\Henrik\.ivy2\cache\com.typesafe.play\play-json_2.11\jars\play-json_2.11-2.3.8.jar, C:\Users\Henrik\.ivy2\cache\com.typesafe.play\play-functional_2.11\jars\play-functional_2.11-2.3.8.jar, C:\Users\Henrik\.ivy2\cache\com.typesafe.play\play-datacommons_2.11\jars\play-datacommons_2.11-2.3.8.jar, C:\Users\Henrik\.ivy2\cache\joda-time\joda-time\jars\joda-time-2.3.jar, C:\Users\Henrik\.ivy2\cache\org.joda\joda-convert\jars\joda-convert-1.6.jar, C:\Users\Henrik\.ivy2\cache\com.fasterxml.jackson.core\jackson-annotations\bundles\jackson-annotations-2.3.2.jar, C:\Users\Henrik\.ivy2\cache\com.fasterxml.jackson.core\jackson-core\bundles\jackson-core-2.3.2.jar, C:\Users\Henrik\.ivy2\cache\com.fasterxml.jackson.core\jackson-databind\bundles\jackson-databind-2.3.2.jar, C:\Users\Henrik\.ivy2\cache\org.scala-lang\scala-reflect\jars\scala-reflect-2.11.1.jar, C:\Users\Henrik\.ivy2\cache\org.scala-lang.modules\scala-parser-combinators_2.11\bundles\scala-parser-combinators_2.11-1.0.1.jar, C:\Users\Henrik\.ivy2\cache\io.netty\netty\bundles\netty-3.9.3.Final.jar, C:\Users\Henrik\.ivy2\cache\com.typesafe.netty\netty-http-pipelining\jars\netty-http-pipelining-1.1.2.jar, C:\Users\Henrik\.ivy2\cache\org.slf4j\slf4j-api\jars\slf4j-api-1.7.6.jar, C:\Users\Henrik\.ivy2\cache\org.slf4j\jul-to-slf4j\jars\jul-to-slf4j-1.7.6.jar, C:\Users\Henrik\.ivy2\cache\org.slf4j\jcl-over-slf4j\jars\jcl-over-slf4j-1.7.6.jar, C:\Users\Henrik\.ivy2\cache\ch.qos.logback\logback-core\jars\logback-core-1.1.1.jar, C:\Users\Henrik\.ivy2\cache\ch.qos.logback\logback-classic\jars\logback-classic-1.1.1.jar, C:\Users\Henrik\.ivy2\cache\com.typesafe.akka\akka-actor_2.11\jars\akka-actor_2.11-2.3.4.jar, C:\Users\Henrik\.ivy2\cache\com.typesafe.akka\akka-slf4j_2.11\jars\akka-slf4j_2.11-2.3.4.jar, C:\Users\Henrik\.ivy2\cache\commons-codec\commons-codec\jars\commons-codec-1.9.jar, C:\Users\Henrik\.ivy2\cache\xerces\xercesImpl\jars\xercesImpl-2.11.0.jar, C:\Users\Henrik\.ivy2\cache\xml-apis\xml-apis\jars\xml-apis-1.4.01.jar, C:\Users\Henrik\.ivy2\cache\javax.transaction\jta\jars\jta-1.1.jar, C:\Users\Henrik\.ivy2\cache\com.typesafe.play\play-java_2.11\jars\play-java_2.11-2.3.8.jar, C:\Users\Henrik\.ivy2\cache\org.yaml\snakeyaml\bundles\snakeyaml-1.13.jar, C:\Users\Henrik\.ivy2\cache\org.hibernate\hibernate-validator\jars\hibernate-validator-5.0.3.Final.jar, C:\Users\Henrik\.ivy2\cache\javax.validation\validation-api\jars\validation-api-1.1.0.Final.jar, C:\Users\Henrik\.ivy2\cache\com.fasterxml\classmate\bundles\classmate-1.0.0.jar, C:\Users\Henrik\.ivy2\cache\org.jboss.logging\jboss-logging\jars\jboss-logging-3.2.0.Final.jar, C:\Users\Henrik\.ivy2\cache\org.springframework\spring-context\jars\spring-context-4.0.3.RELEASE.jar, C:\Users\Henrik\.ivy2\cache\org.springframework\spring-core\jars\spring-core-4.0.3.RELEASE.jar, C:\Users\Henrik\.ivy2\cache\org.springframework\spring-beans\jars\spring-beans-4.0.3.RELEASE.jar, C:\Users\Henrik\.ivy2\cache\org.javassist\javassist\bundles\javassist-3.19.0-GA.jar, C:\Users\Henrik\.ivy2\cache\org.reflections\reflections\jars\reflections-0.9.8.jar, C:\Users\Henrik\.ivy2\cache\com.google.guava\guava\bundles\guava-16.0.1.jar, C:\Users\Henrik\.ivy2\cache\dom4j\dom4j\jars\dom4j-1.6.1.jar, C:\Users\Henrik\.ivy2\cache\com.google.code.findbugs\jsr305\jars\jsr305-2.0.3.jar, C:\Users\Henrik\.ivy2\cache\org.apache.tomcat\tomcat-servlet-api\jars\tomcat-servlet-api-8.0.5.jar, C:\Users\Henrik\.ivy2\cache\mysql\mysql-connector-java\jars\mysql-connector-java-5.1.27.jar, C:\Users\Henrik\.ivy2\cache\com.typesafe.play\play-java-jdbc_2.11\jars\play-java-jdbc_2.11-2.3.8.jar, C:\Users\Henrik\.ivy2\cache\com.typesafe.play\play-jdbc_2.11\jars\play-jdbc_2.11-2.3.8.jar, C:\Users\Henrik\.ivy2\cache\com.jolbox\bonecp\bundles\bonecp-0.8.0.RELEASE.jar, C:\Users\Henrik\.ivy2\cache\com.h2database\h2\jars\h2-1.3.175.jar, C:\Users\Henrik\.ivy2\cache\tyrex\tyrex\jars\tyrex-1.0.1.jar, C:\Users\Henrik\.ivy2\cache\com.typesafe.play\play-java-ebean_2.11\jars\play-java-ebean_2.11-2.3.8.jar, C:\Users\Henrik\.ivy2\cache\org.avaje.ebeanorm\avaje-ebeanorm\jars\avaje-ebeanorm-3.3.4.jar, C:\Users\Henrik\.ivy2\cache\org.avaje.ebeanorm\avaje-ebeanorm-agent\jars\avaje-ebeanorm-agent-3.2.2.jar, C:\Users\Henrik\.ivy2\cache\org.hibernate.javax.persistence\hibernate-jpa-2.0-api\jars\hibernate-jpa-2.0-api-1.0.1.Final.jar, C:\Users\Henrik\.ivy2\cache\com.typesafe.play\play-cache_2.11\jars\play-cache_2.11-2.3.8.jar, C:\Users\Henrik\.ivy2\cache\net.sf.ehcache\ehcache-core\jars\ehcache-core-2.6.8.jar, C:\Users\Henrik\.ivy2\cache\com.typesafe.play\play-java-ws_2.11\jars\play-java-ws_2.11-2.3.8.jar, C:\Users\Henrik\.ivy2\cache\com.typesafe.play\play-ws_2.11\jars\play-ws_2.11-2.3.8.jar, C:\Users\Henrik\.ivy2\cache\com.ning\async-http-client\jars\async-http-client-1.8.15.jar, C:\Users\Henrik\.ivy2\cache\oauth.signpost\signpost-core\jars\signpost-core-1.2.1.2.jar, C:\Users\Henrik\.ivy2\cache\oauth.signpost\signpost-commonshttp4\jars\signpost-commonshttp4-1.2.1.2.jar, C:\Users\Henrik\.ivy2\cache\org.apache.httpcomponents\httpcore\jars\httpcore-4.0.1.jar, C:\Users\Henrik\.ivy2\cache\org.apache.httpcomponents\httpclient\jars\httpclient-4.0.1.jar, C:\Users\Henrik\.ivy2\cache\commons-logging\commons-logging\jars\commons-logging-1.1.1.jar),List((public/,C:\Users\Henrik\Desktop\activator-1.3.2-minimal\testApp\target\web\public\main)),List(C:\Users\Henrik\.ivy2\cache\com.typesafe.play\play-docs_2.11\jars\play-docs_2.11-2.3.8.jar, C:\Users\Henrik\.ivy2\cache\org.scala-lang\scala-library\jars\scala-library-2.11.1.jar, C:\Users\Henrik\.ivy2\cache\com.typesafe.play\play_2.11\jars\play_2.11-2.3.8.jar, C:\Users\Henrik\.ivy2\cache\com.typesafe.play\build-link\jars\build-link-2.3.8.jar, C:\Users\Henrik\.ivy2\cache\com.typesafe.play\play-exceptions\jars\play-exceptions-2.3.8.jar, C:\Users\Henrik\.ivy2\cache\org.javassist\javassist\bundles\javassist-3.18.2-GA.jar, C:\Users\Henrik\.ivy2\cache\com.typesafe.play\play-iteratees_2.11\jars\play-iteratees_2.11-2.3.8.jar, C:\Users\Henrik\.ivy2\cache\org.scala-stm\scala-stm_2.11\jars\scala-stm_2.11-0.7.jar, C:\Users\Henrik\.ivy2\cache\com.typesafe\config\bundles\config-1.2.1.jar, C:\Users\Henrik\.ivy2\cache\com.typesafe.play\play-json_2.11\jars\play-json_2.11-2.3.8.jar, C:\Users\Henrik\.ivy2\cache\com.typesafe.play\play-functional_2.11\jars\play-functional_2.11-2.3.8.jar, C:\Users\Henrik\.ivy2\cache\com.typesafe.play\play-datacommons_2.11\jars\play-datacommons_2.11-2.3.8.jar, C:\Users\Henrik\.ivy2\cache\joda-time\joda-time\jars\joda-time-2.3.jar, C:\Users\Henrik\.ivy2\cache\org.joda\joda-convert\jars\joda-convert-1.6.jar, C:\Users\Henrik\.ivy2\cache\com.fasterxml.jackson.core\jackson-annotations\bundles\jackson-annotations-2.3.2.jar, C:\Users\Henrik\.ivy2\cache\com.fasterxml.jackson.core\jackson-core\bundles\jackson-core-2.3.2.jar, C:\Users\Henrik\.ivy2\cache\com.fasterxml.jackson.core\jackson-databind\bundles\jackson-databind-2.3.2.jar, C:\Users\Henrik\.ivy2\cache\org.scala-lang\scala-reflect\jars\scala-reflect-2.11.1.jar, C:\Users\Henrik\.ivy2\cache\com.typesafe.play\twirl-api_2.11\jars\twirl-api_2.11-1.0.2.jar, C:\Users\Henrik\.ivy2\cache\org.apache.commons\commons-lang3\jars\commons-lang3-3.1.jar, C:\Users\Henrik\.ivy2\cache\org.scala-lang.modules\scala-xml_2.11\bundles\scala-xml_2.11-1.0.1.jar, C:\Users\Henrik\.ivy2\cache\org.scala-lang.modules\scala-parser-combinators_2.11\bundles\scala-parser-combinators_2.11-1.0.1.jar, C:\Users\Henrik\.ivy2\cache\io.netty\netty\bundles\netty-3.9.3.Final.jar, C:\Users\Henrik\.ivy2\cache\com.typesafe.netty\netty-http-pipelining\jars\netty-http-pipelining-1.1.2.jar, C:\Users\Henrik\.ivy2\cache\org.slf4j\slf4j-api\jars\slf4j-api-1.7.6.jar, C:\Users\Henrik\.ivy2\cache\org.slf4j\jul-to-slf4j\jars\jul-to-slf4j-1.7.6.jar, C:\Users\Henrik\.ivy2\cache\org.slf4j\jcl-over-slf4j\jars\jcl-over-slf4j-1.7.6.jar, C:\Users\Henrik\.ivy2\cache\ch.qos.logback\logback-core\jars\logback-core-1.1.1.jar, C:\Users\Henrik\.ivy2\cache\ch.qos.logback\logback-classic\jars\logback-classic-1.1.1.jar, C:\Users\Henrik\.ivy2\cache\com.typesafe.akka\akka-actor_2.11\jars\akka-actor_2.11-2.3.4.jar, C:\Users\Henrik\.ivy2\cache\com.typesafe.akka\akka-slf4j_2.11\jars\akka-slf4j_2.11-2.3.4.jar, C:\Users\Henrik\.ivy2\cache\commons-codec\commons-codec\jars\commons-codec-1.9.jar, C:\Users\Henrik\.ivy2\cache\xerces\xercesImpl\jars\xercesImpl-2.11.0.jar, C:\Users\Henrik\.ivy2\cache\xml-apis\xml-apis\jars\xml-apis-1.4.01.jar, C:\Users\Henrik\.ivy2\cache\javax.transaction\jta\jars\jta-1.1.jar, C:\Users\Henrik\.ivy2\cache\com.typesafe.play\play-doc_2.11\jars\play-doc_2.11-1.1.0.jar, C:\Users\Henrik\.ivy2\cache\org.pegdown\pegdown\jars\pegdown-1.4.0.jar, C:\Users\Henrik\.ivy2\cache\org.parboiled\parboiled-java\bundles\parboiled-java-1.1.5.jar, C:\Users\Henrik\.ivy2\cache\org.parboiled\parboiled-core\bundles\parboiled-core-1.1.5.jar, C:\Users\Henrik\.ivy2\cache\org.ow2.asm\asm\jars\asm-4.1.jar, C:\Users\Henrik\.ivy2\cache\org.ow2.asm\asm-tree\jars\asm-tree-4.1.jar, C:\Users\Henrik\.ivy2\cache\org.ow2.asm\asm-analysis\jars\asm-analysis-4.1.jar, C:\Users\Henrik\.ivy2\cache\org.ow2.asm\asm-util\jars\asm-util-4.1.jar, C:\Users\Henrik\.ivy2\cache\commons-io\commons-io\jars\commons-io-2.4.jar),List(),9000,DefaultWatchService,List(C:\Users\Henrik\Desktop\activator-1.3.2-minimal\testApp\app-2.11, C:\Users\Henrik\Desktop\activator-1.3.2-minimal\testApp\app, C:\Users\Henrik\Desktop\activator-1.3.2-minimal\testApp\conf, C:\Users\Henrik\Desktop\activator-1.3.2-minimal\testApp\app\assets, C:\Users\Henrik\Desktop\activator-1.3.2-minimal\testApp\public),C:\Users\Henrik\Desktop\activator-1.3.2-minimal\testApp\target,500,root/playForkNotifyStart,root/playForkReload,300000),scala.pickling.PicklerUnpickler$DelegatingPicklerUnpickler@79acb83c),ForkConfig(C:\Users\Henrik\Desktop\activator-1.3.2-minimal\testApp,List(),List(C:\Users\Henrik\.ivy2\cache\org.scala-lang\scala-library\jars\scala-library-2.11.1.jar, C:\Users\Henrik\.ivy2\cache\com.typesafe.play\twirl-api_2.11\jars\twirl-api_2.11-1.0.2.jar, C:\Users\Henrik\.ivy2\cache\org.apache.commons\commons-lang3\jars\commons-lang3-3.1.jar, C:\Users\Henrik\.ivy2\cache\org.scala-lang.modules\scala-xml_2.11\bundles\scala-xml_2.11-1.0.1.jar, C:\Users\Henrik\.ivy2\cache\com.typesafe.play\play_2.11\jars\play_2.11-2.3.8.jar, C:\Users\Henrik\.ivy2\cache\com.typesafe.play\build-link\jars\build-link-2.3.8.jar, C:\Users\Henrik\.ivy2\cache\com.typesafe.play\play-exceptions\jars\play-exceptions-2.3.8.jar, C:\Users\Henrik\.ivy2\cache\com.typesafe.play\play-iteratees_2.11\jars\play-iteratees_2.11-2.3.8.jar, C:\Users\Henrik\.ivy2\cache\org.scala-stm\scala-stm_2.11\jars\scala-stm_2.11-0.7.jar, C:\Users\Henrik\.ivy2\cache\com.typesafe\config\bundles\config-1.2.1.jar, C:\Users\Henrik\.ivy2\cache\com.typesafe.play\play-json_2.11\jars\play-json_2.11-2.3.8.jar, C:\Users\Henrik\.ivy2\cache\com.typesafe.play\play-functional_2.11\jars\play-functional_2.11-2.3.8.jar, C:\Users\Henrik\.ivy2\cache\com.typesafe.play\play-datacommons_2.11\jars\play-datacommons_2.11-2.3.8.jar, C:\Users\Henrik\.ivy2\cache\joda-time\joda-time\jars\joda-time-2.3.jar, C:\Users\Henrik\.ivy2\cache\org.joda\joda-convert\jars\joda-convert-1.6.jar, C:\Users\Henrik\.ivy2\cache\com.fasterxml.jackson.core\jackson-annotations\bundles\jackson-annotations-2.3.2.jar, C:\Users\Henrik\.ivy2\cache\com.fasterxml.jackson.core\jackson-core\bundles\jackson-core-2.3.2.jar, C:\Users\Henrik\.ivy2\cache\com.fasterxml.jackson.core\jackson-databind\bundles\jackson-databind-2.3.2.jar, C:\Users\Henrik\.ivy2\cache\org.scala-lang\scala-reflect\jars\scala-reflect-2.11.1.jar, C:\Users\Henrik\.ivy2\cache\org.scala-lang.modules\scala-parser-combinators_2.11\bundles\scala-parser-combinators_2.11-1.0.1.jar, C:\Users\Henrik\.ivy2\cache\io.netty\netty\bundles\netty-3.9.3.Final.jar, C:\Users\Henrik\.ivy2\cache\com.typesafe.netty\netty-http-pipelining\jars\netty-http-pipelining-1.1.2.jar, C:\Users\Henrik\.ivy2\cache\org.slf4j\slf4j-api\jars\slf4j-api-1.7.6.jar, C:\Users\Henrik\.ivy2\cache\org.slf4j\jul-to-slf4j\jars\jul-to-slf4j-1.7.6.jar, C:\Users\Henrik\.ivy2\cache\org.slf4j\jcl-over-slf4j\jars\jcl-over-slf4j-1.7.6.jar, C:\Users\Henrik\.ivy2\cache\ch.qos.logback\logback-core\jars\logback-core-1.1.1.jar, C:\Users\Henrik\.ivy2\cache\ch.qos.logback\logback-classic\jars\logback-classic-1.1.1.jar, C:\Users\Henrik\.ivy2\cache\com.typesafe.akka\akka-actor_2.11\jars\akka-actor_2.11-2.3.4.jar, C:\Users\Henrik\.ivy2\cache\com.typesafe.akka\akka-slf4j_2.11\jars\akka-slf4j_2.11-2.3.4.jar, C:\Users\Henrik\.ivy2\cache\commons-codec\commons-codec\jars\commons-codec-1.9.jar, C:\Users\Henrik\.ivy2\cache\xerces\xercesImpl\jars\xercesImpl-2.11.0.jar, C:\Users\Henrik\.ivy2\cache\xml-apis\xml-apis\jars\xml-apis-1.4.01.jar, C:\Users\Henrik\.ivy2\cache\javax.transaction\jta\jars\jta-1.1.jar, C:\Users\Henrik\.ivy2\cache\com.typesafe.play\play-java_2.11\jars\play-java_2.11-2.3.8.jar, C:\Users\Henrik\.ivy2\cache\org.yaml\snakeyaml\bundles\snakeyaml-1.13.jar, C:\Users\Henrik\.ivy2\cache\org.hibernate\hibernate-validator\jars\hibernate-validator-5.0.3.Final.jar, C:\Users\Henrik\.ivy2\cache\javax.validation\validation-api\jars\validation-api-1.1.0.Final.jar, C:\Users\Henrik\.ivy2\cache\com.fasterxml\classmate\bundles\classmate-1.0.0.jar, C:\Users\Henrik\.ivy2\cache\org.jboss.logging\jboss-logging\jars\jboss-logging-3.2.0.Final.jar, C:\Users\Henrik\.ivy2\cache\org.springframework\spring-context\jars\spring-context-4.0.3.RELEASE.jar, C:\Users\Henrik\.ivy2\cache\org.springframework\spring-core\jars\spring-core-4.0.3.RELEASE.jar, C:\Users\Henrik\.ivy2\cache\org.springframework\spring-beans\jars\spring-beans-4.0.3.RELEASE.jar, C:\Users\Henrik\.ivy2\cache\org.javassist\javassist\bundles\javassist-3.19.0-GA.jar, C:\Users\Henrik\.ivy2\cache\org.reflections\reflections\jars\reflections-0.9.8.jar, C:\Users\Henrik\.ivy2\cache\com.google.guava\guava\bundles\guava-16.0.1.jar, C:\Users\Henrik\.ivy2\cache\dom4j\dom4j\jars\dom4j-1.6.1.jar, C:\Users\Henrik\.ivy2\cache\com.google.code.findbugs\jsr305\jars\jsr305-2.0.3.jar, C:\Users\Henrik\.ivy2\cache\org.apache.tomcat\tomcat-servlet-api\jars\tomcat-servlet-api-8.0.5.jar, C:\Users\Henrik\.ivy2\cache\mysql\mysql-connector-java\jars\mysql-connector-java-5.1.27.jar, C:\Users\Henrik\.ivy2\cache\com.typesafe.play\play-java-jdbc_2.11\jars\play-java-jdbc_2.11-2.3.8.jar, C:\Users\Henrik\.ivy2\cache\com.typesafe.play\play-jdbc_2.11\jars\play-jdbc_2.11-2.3.8.jar, C:\Users\Henrik\.ivy2\cache\com.jolbox\bonecp\bundles\bonecp-0.8.0.RELEASE.jar, C:\Users\Henrik\.ivy2\cache\com.h2database\h2\jars\h2-1.3.175.jar, C:\Users\Henrik\.ivy2\cache\tyrex\tyrex\jars\tyrex-1.0.1.jar, C:\Users\Henrik\.ivy2\cache\com.typesafe.play\play-java-ebean_2.11\jars\play-java-ebean_2.11-2.3.8.jar, C:\Users\Henrik\.ivy2\cache\org.avaje.ebeanorm\avaje-ebeanorm\jars\avaje-ebeanorm-3.3.4.jar, C:\Users\Henrik\.ivy2\cache\org.avaje.ebeanorm\avaje-ebeanorm-agent\jars\avaje-ebeanorm-agent-3.2.2.jar, C:\Users\Henrik\.ivy2\cache\org.hibernate.javax.persistence\hibernate-jpa-2.0-api\jars\hibernate-jpa-2.0-api-1.0.1.Final.jar, C:\Users\Henrik\.ivy2\cache\com.typesafe.play\play-cache_2.11\jars\play-cache_2.11-2.3.8.jar, C:\Users\Henrik\.ivy2\cache\net.sf.ehcache\ehcache-core\jars\ehcache-core-2.6.8.jar, C:\Users\Henrik\.ivy2\cache\com.typesafe.play\play-java-ws_2.11\jars\play-java-ws_2.11-2.3.8.jar, C:\Users\Henrik\.ivy2\cache\com.typesafe.play\play-ws_2.11\jars\play-ws_2.11-2.3.8.jar, C:\Users\Henrik\.ivy2\cache\com.ning\async-http-client\jars\async-http-client-1.8.15.jar, C:\Users\Henrik\.ivy2\cache\oauth.signpost\signpost-core\jars\signpost-core-1.2.1.2.jar, C:\Users\Henrik\.ivy2\cache\oauth.signpost\signpost-commonshttp4\jars\signpost-commonshttp4-1.2.1.2.jar, C:\Users\Henrik\.ivy2\cache\org.apache.httpcomponents\httpcore\jars\httpcore-4.0.1.jar, C:\Users\Henrik\.ivy2\cache\org.apache.httpcomponents\httpclient\jars\httpclient-4.0.1.jar, C:\Users\Henrik\.ivy2\cache\commons-logging\commons-logging\jars\commons-logging-1.1.1.jar),List((public/,C:\Users\Henrik\Desktop\activator-1.3.2-minimal\testApp\target\web\public\main)),List(C:\Users\Henrik\.ivy2\cache\com.typesafe.play\play-docs_2.11\jars\play-docs_2.11-2.3.8.jar, C:\Users\Henrik\.ivy2\cache\org.scala-lang\scala-library\jars\scala-library-2.11.1.jar, C:\Users\Henrik\.ivy2\cache\com.typesafe.play\play_2.11\jars\play_2.11-2.3.8.jar, C:\Users\Henrik\.ivy2\cache\com.typesafe.play\build-link\jars\build-link-2.3.8.jar, C:\Users\Henrik\.ivy2\cache\com.typesafe.play\play-exceptions\jars\play-exceptions-2.3.8.jar, C:\Users\Henrik\.ivy2\cache\org.javassist\javassist\bundles\javassist-3.18.2-GA.jar, C:\Users\Henrik\.ivy2\cache\com.typesafe.play\play-iteratees_2.11\jars\play-iteratees_2.11-2.3.8.jar, C:\Users\Henrik\.ivy2\cache\org.scala-stm\scala-stm_2.11\jars\scala-stm_2.11-0.7.jar, C:\Users\Henrik\.ivy2\cache\com.typesafe\config\bundles\config-1.2.1.jar, C:\Users\Henrik\.ivy2\cache\com.typesafe.play\play-json_2.11\jars\play-json_2.11-2.3.8.jar, C:\Users\Henrik\.ivy2\cache\com.typesafe.play\play-functional_2.11\jars\play-functional_2.11-2.3.8.jar, C:\Users\Henrik\.ivy2\cache\com.typesafe.play\play-datacommons_2.11\jars\play-datacommons_2.11-2.3.8.jar, C:\Users\Henrik\.ivy2\cache\joda-time\joda-time\jars\joda-time-2.3.jar, C:\Users\Henrik\.ivy2\cache\org.joda\joda-convert\jars\joda-convert-1.6.jar, C:\Users\Henrik\.ivy2\cache\com.fasterxml.jackson.core\jackson-annotations\bundles\jackson-annotations-2.3.2.jar, C:\Users\Henrik\.ivy2\cache\com.fasterxml.jackson.core\jackson-core\bundles\jackson-core-2.3.2.jar, C:\Users\Henrik\.ivy2\cache\com.fasterxml.jackson.core\jackson-databind\bundles\jackson-databind-2.3.2.jar, C:\Users\Henrik\.ivy2\cache\org.scala-lang\scala-reflect\jars\scala-reflect-2.11.1.jar, C:\Users\Henrik\.ivy2\cache\com.typesafe.play\twirl-api_2.11\jars\twirl-api_2.11-1.0.2.jar, C:\Users\Henrik\.ivy2\cache\org.apache.commons\commons-lang3\jars\commons-lang3-3.1.jar, C:\Users\Henrik\.ivy2\cache\org.scala-lang.modules\scala-xml_2.11\bundles\scala-xml_2.11-1.0.1.jar, C:\Users\Henrik\.ivy2\cache\org.scala-lang.modules\scala-parser-combinators_2.11\bundles\scala-parser-combinators_2.11-1.0.1.jar, C:\Users\Henrik\.ivy2\cache\io.netty\netty\bundles\netty-3.9.3.Final.jar, C:\Users\Henrik\.ivy2\cache\com.typesafe.netty\netty-http-pipelining\jars\netty-http-pipelining-1.1.2.jar, C:\Users\Henrik\.ivy2\cache\org.slf4j\slf4j-api\jars\slf4j-api-1.7.6.jar, C:\Users\Henrik\.ivy2\cache\org.slf4j\jul-to-slf4j\jars\jul-to-slf4j-1.7.6.jar, C:\Users\Henrik\.ivy2\cache\org.slf4j\jcl-over-slf4j\jars\jcl-over-slf4j-1.7.6.jar, C:\Users\Henrik\.ivy2\cache\ch.qos.logback\logback-core\jars\logback-core-1.1.1.jar, C:\Users\Henrik\.ivy2\cache\ch.qos.logback\logback-classic\jars\logback-classic-1.1.1.jar, C:\Users\Henrik\.ivy2\cache\com.typesafe.akka\akka-actor_2.11\jars\akka-actor_2.11-2.3.4.jar, C:\Users\Henrik\.ivy2\cache\com.typesafe.akka\akka-slf4j_2.11\jars\akka-slf4j_2.11-2.3.4.jar, C:\Users\Henrik\.ivy2\cache\commons-codec\commons-codec\jars\commons-codec-1.9.jar, C:\Users\Henrik\.ivy2\cache\xerces\xercesImpl\jars\xercesImpl-2.11.0.jar, C:\Users\Henrik\.ivy2\cache\xml-apis\xml-apis\jars\xml-apis-1.4.01.jar, C:\Users\Henrik\.ivy2\cache\javax.transaction\jta\jars\jta-1.1.jar, C:\Users\Henrik\.ivy2\cache\com.typesafe.play\play-doc_2.11\jars\play-doc_2.11-1.1.0.jar, C:\Users\Henrik\.ivy2\cache\org.pegdown\pegdown\jars\pegdown-1.4.0.jar, C:\Users\Henrik\.ivy2\cache\org.parboiled\parboiled-java\bundles\parboiled-java-1.1.5.jar, C:\Users\Henrik\.ivy2\cache\org.parboiled\parboiled-core\bundles\parboiled-core-1.1.5.jar, C:\Users\Henrik\.ivy2\cache\org.ow2.asm\asm\jars\asm-4.1.jar, C:\Users\Henrik\.ivy2\cache\org.ow2.asm\asm-tree\jars\asm-tree-4.1.jar, C:\Users\Henrik\.ivy2\cache\org.ow2.asm\asm-analysis\jars\asm-analysis-4.1.jar, C:\Users\Henrik\.ivy2\cache\org.ow2.asm\asm-util\jars\asm-util-4.1.jar, C:\Users\Henrik\.ivy2\cache\commons-io\commons-io\jars\commons-io-2.4.jar),List(),9000,DefaultWatchService,List(C:\Users\Henrik\Desktop\activator-1.3.2-minimal\testApp\app-2.11, C:\Users\Henrik\Desktop\activator-1.3.2-minimal\testApp\app, C:\Users\Henrik\Desktop\activator-1.3.2-minimal\testApp\conf, C:\Users\Henrik\Desktop\activator-1.3.2-minimal\testApp\app\assets, C:\Users\Henrik\Desktop\activator-1.3.2-minimal\testApp\public),C:\Users\Henrik\Desktop\activator-1.3.2-minimal\testApp\target,500,root/playForkNotifyStart,root/playForkReload,300000))))
Sending msg to client play-fork-run-a072f81a-8924-4279-9727-b8726a0dc545: TaskStarted(25,1412,None)
Sending msg to client play-fork-run-a072f81a-8924-4279-9727-b8726a0dc545: TaskFinished(25,1412,None,true,None)
Sending msg to client play-fork-run-a072f81a-8924-4279-9727-b8726a0dc545: TaskStarted(25,1411,None)
Sending msg to client play-fork-run-a072f81a-8924-4279-9727-b8726a0dc545: TaskFinished(25,1411,None,true,None)
Sending msg to client play-fork-run-a072f81a-8924-4279-9727-b8726a0dc545: DetachedLogEvent(LogMessage(debug,cancel strategy finish enabled=false lastCommand=Some(LastCommand(CommandExecutionWork(ExecutionId(25),{file:/C:/Users/Henrik/Desktop/activator-1.3.2-minimal/testApp/}root/*:playForkConfig,Set(LiveClient(play-fork-run a072f81a-8924-4279-9727-b8726a0dc545)),sbt.server.WorkCancellationStatus$$anon$1@4137f1fb)))))
Sending msg to client play-fork-run-a072f81a-8924-4279-9727-b8726a0dc545: DetachedLogEvent(LogSuccess(Total time: 0 s, completed 2015-apr-22 15:35:44))
Sending msg to client play-fork-run-a072f81a-8924-4279-9727-b8726a0dc545: DetachedLogEvent(LogMessage(debug,> server-post-command-cleanup))
Sending msg to client play-fork-run-a072f81a-8924-4279-9727-b8726a0dc545: ExecutionSuccess(25)
Sending msg to client play-fork-run-a072f81a-8924-4279-9727-b8726a0dc545: DetachedLogEvent(LogMessage(debug,> server-handle-next-server-request))
Sending msg to client play-fork-run-a072f81a-8924-4279-9727-b8726a0dc545: BackgroundJobLogEvent(4,LogMessage(info,))
Sending msg to client play-fork-run-a072f81a-8924-4279-9727-b8726a0dc545: BackgroundJobLogEvent(4,LogMessage(info,--- (Running the application, auto-reloading is enabled) ---))
Sending msg to client play-fork-run-a072f81a-8924-4279-9727-b8726a0dc545: BackgroundJobLogEvent(4,LogMessage(info,))
Sending msg to client play-fork-run-a072f81a-8924-4279-9727-b8726a0dc545: BackgroundJobLogEvent(4,LogMessage(info,play - Listening for HTTP on /0:0:0:0:0:0:0:0:9000))
Sending msg to client play-fork-run-a072f81a-8924-4279-9727-b8726a0dc545: BackgroundJobLogEvent(4,LogMessage(info,))
Sending msg to client play-fork-run-a072f81a-8924-4279-9727-b8726a0dc545: BackgroundJobLogEvent(4,LogMessage(info,(Server started, use Ctrl+D to stop and go back to the console...)))
Sending msg to client play-fork-run-a072f81a-8924-4279-9727-b8726a0dc545: BackgroundJobLogEvent(4,LogMessage(info,))
Got request: ExecutionRequest(root/playForkNotifyStart http://localhost:9000)
Reading next message from client.
Sending msg to client play-fork-run-a072f81a-8924-4279-9727-b8726a0dc545: (8,ExecutionRequestReceived(26))
Sending msg to client play-fork-run-a072f81a-8924-4279-9727-b8726a0dc545: ExecutionWaiting(26,root/playForkNotifyStart http://localhost:9000,ClientInfo(a072f81a-8924-4279-9727-b8726a0dc545,play-fork-run,Play Fork Run,1,Vector()))
Sending msg to client play-fork-run-a072f81a-8924-4279-9727-b8726a0dc545: ExecutionStarting(26)
Sending msg to client play-fork-run-a072f81a-8924-4279-9727-b8726a0dc545: DetachedLogEvent(LogMessage(debug,> root/playForkNotifyStart http://localhost:9000))
Sending msg to client play-fork-run-a072f81a-8924-4279-9727-b8726a0dc545: DetachedLogEvent(LogMessage(debug,Evaluating tasks: *:playForkNotifyStart))
Sending msg to client play-fork-run-a072f81a-8924-4279-9727-b8726a0dc545: DetachedLogEvent(LogMessage(debug,Running task... Cancel: sbt.server.ServerTaskCancellation@1f50d35b, check cycles: false))
Sending msg to client play-fork-run-a072f81a-8924-4279-9727-b8726a0dc545: DetachedLogEvent(LogMessage(debug,cancel strategy start enabled=true lastCommand=Some(LastCommand(CommandExecutionWork(ExecutionId(26),root/playForkNotifyStart http://localhost:9000,Set(LiveClient(play-fork-run a072f81a-8924-4279-9727-b8726a0dc545)),sbt.server.WorkCancellationStatus$$anon$1@49867562)))))
Sending msg to client play-fork-run-a072f81a-8924-4279-9727-b8726a0dc545: TaskStarted(26,1490,Some(AttributeKey[sbt.SendEventService]("sendEventService") in Scope(Global)))
Sending msg to client play-fork-run-a072f81a-8924-4279-9727-b8726a0dc545: TaskFinished(26,1490,Some(AttributeKey[sbt.SendEventService]("sendEventService") in Scope(Global)),true,None)
Sending msg to client play-fork-run-a072f81a-8924-4279-9727-b8726a0dc545: TaskStarted(26,1489,Some(AttributeKey[scala.Function1[java.lang.String,void]]("playForkStarted") in Scope(Build: file:/C:/Users/Henrik/Desktop/activator-1.3.2-minimal/testApp/, , Project: ProjectReference(file:/C:/Users/Henrik/Desktop/activator-1.3.2-minimal/testApp/,root))))
Sending msg to client play-fork-run-a072f81a-8924-4279-9727-b8726a0dc545: TaskFinished(26,1489,Some(AttributeKey[scala.Function1[java.lang.String,void]]("playForkStarted") in Scope(Build: file:/C:/Users/Henrik/Desktop/activator-1.3.2-minimal/testApp/, , Project: ProjectReference(file:/C:/Users/Henrik/Desktop/activator-1.3.2-minimal/testApp/,root))),true,None)
Sending msg to client play-fork-run-a072f81a-8924-4279-9727-b8726a0dc545: TaskStarted(26,1488,Some(AttributeKey[void]("playForkNotifyStart") in Scope(Build: file:/C:/Users/Henrik/Desktop/activator-1.3.2-minimal/testApp/, , Project: ProjectReference(file:/C:/Users/Henrik/Desktop/activator-1.3.2-minimal/testApp/,root))))
Sending msg to client play-fork-run-a072f81a-8924-4279-9727-b8726a0dc545: TaskEvent(1488,LazyValue(PlayServerStarted(http://localhost:9000),play.forkrun.protocol.Serializers$PlayForkrunProtocolPlayServerStartedPickler1$2$@2d98c7e5))
Sending msg to client play-fork-run-a072f81a-8924-4279-9727-b8726a0dc545: TaskFinished(26,1488,Some(AttributeKey[void]("playForkNotifyStart") in Scope(Build: file:/C:/Users/Henrik/Desktop/activator-1.3.2-minimal/testApp/, , Project: ProjectReference(file:/C:/Users/Henrik/Desktop/activator-1.3.2-minimal/testApp/,root))),true,None)
Sending msg to client play-fork-run-a072f81a-8924-4279-9727-b8726a0dc545: TaskStarted(26,1487,None)
Sending msg to client play-fork-run-a072f81a-8924-4279-9727-b8726a0dc545: TaskFinished(26,1487,None,true,None)
Sending msg to client play-fork-run-a072f81a-8924-4279-9727-b8726a0dc545: TaskStarted(26,1486,None)
Sending msg to client play-fork-run-a072f81a-8924-4279-9727-b8726a0dc545: TaskFinished(26,1486,None,true,None)
Sending msg to client play-fork-run-a072f81a-8924-4279-9727-b8726a0dc545: DetachedLogEvent(LogMessage(debug,cancel strategy finish enabled=false lastCommand=Some(LastCommand(CommandExecutionWork(ExecutionId(26),root/playForkNotifyStart http://localhost:9000,Set(LiveClient(play-fork-run a072f81a-8924-4279-9727-b8726a0dc545)),sbt.server.WorkCancellationStatus$$anon$1@49867562)))))
Sending msg to client play-fork-run-a072f81a-8924-4279-9727-b8726a0dc545: DetachedLogEvent(LogSuccess(Total time: 0 s, completed 2015-apr-22 15:35:45))
Sending msg to client play-fork-run-a072f81a-8924-4279-9727-b8726a0dc545: DetachedLogEvent(LogMessage(debug,> server-post-command-cleanup))
Sending msg to client play-fork-run-a072f81a-8924-4279-9727-b8726a0dc545: ExecutionSuccess(26)
Sending msg to client play-fork-run-a072f81a-8924-4279-9727-b8726a0dc545: DetachedLogEvent(LogMessage(debug,> server-handle-next-server-request))
Sending msg to client play-fork-run-a072f81a-8924-4279-9727-b8726a0dc545: ExecutionWaiting(27,jobStop 4,ClientInfo(f411267e-e5ca-4a66-b113-9d910835878b,activator,Activator,1,Vector()))
Sending msg to client play-fork-run-a072f81a-8924-4279-9727-b8726a0dc545: ExecutionStarting(27)
Sending msg to client play-fork-run-a072f81a-8924-4279-9727-b8726a0dc545: DetachedLogEvent(LogMessage(debug,> jobStop 4))
Sending msg to client play-fork-run-a072f81a-8924-4279-9727-b8726a0dc545: DetachedLogEvent(LogMessage(debug,Evaluating tasks: *:jobStop))
Sending msg to client play-fork-run-a072f81a-8924-4279-9727-b8726a0dc545: DetachedLogEvent(LogMessage(debug,Running task... Cancel: sbt.server.ServerTaskCancellation@7b87c92b, check cycles: false))
Sending msg to client play-fork-run-a072f81a-8924-4279-9727-b8726a0dc545: DetachedLogEvent(LogMessage(debug,cancel strategy start enabled=true lastCommand=Some(LastCommand(CommandExecutionWork(ExecutionId(27),jobStop 4,Set(LiveClient(activator f411267e-e5ca-4a66-b113-9d910835878b)),sbt.server.WorkCancellationStatus$$anon$1@1d7989ce)))))
Sending msg to client play-fork-run-a072f81a-8924-4279-9727-b8726a0dc545: TaskStarted(27,1493,Some(AttributeKey[void]("jobStop") in Scope(Global)))
Sending msg to client play-fork-run-a072f81a-8924-4279-9727-b8726a0dc545: TaskFinished(27,1493,Some(AttributeKey[void]("jobStop") in Scope(Global)),true,None)
Sending msg to client play-fork-run-a072f81a-8924-4279-9727-b8726a0dc545: TaskStarted(27,1492,None)
Sending msg to client play-fork-run-a072f81a-8924-4279-9727-b8726a0dc545: TaskFinished(27,1492,None,true,None)
Sending msg to client play-fork-run-a072f81a-8924-4279-9727-b8726a0dc545: TaskStarted(27,1491,None)
Sending msg to client play-fork-run-a072f81a-8924-4279-9727-b8726a0dc545: TaskFinished(27,1491,None,true,None)
Sending msg to client play-fork-run-a072f81a-8924-4279-9727-b8726a0dc545: BackgroundJobLogEvent(4,LogMessage(info,Stopping Play fork run ...))
Sending msg to client play-fork-run-a072f81a-8924-4279-9727-b8726a0dc545: DetachedLogEvent(LogMessage(debug,cancel strategy finish enabled=false lastCommand=Some(LastCommand(CommandExecutionWork(ExecutionId(27),jobStop 4,Set(LiveClient(activator f411267e-e5ca-4a66-b113-9d910835878b)),sbt.server.WorkCancellationStatus$$anon$1@1d7989ce)))))
Sending msg to client play-fork-run-a072f81a-8924-4279-9727-b8726a0dc545: DetachedLogEvent(LogSuccess(Total time: 0 s, completed 2015-apr-22 15:36:33))
Sending msg to client play-fork-run-a072f81a-8924-4279-9727-b8726a0dc545: DetachedLogEvent(LogMessage(debug,> server-post-command-cleanup))
Sending msg to client play-fork-run-a072f81a-8924-4279-9727-b8726a0dc545: ExecutionSuccess(27)
Sending msg to client play-fork-run-a072f81a-8924-4279-9727-b8726a0dc545: DetachedLogEvent(LogMessage(debug,> server-handle-next-server-request))
Got request: UnlistenToEvents()
Reading next message from client.
Sending msg to client play-fork-run-a072f81a-8924-4279-9727-b8726a0dc545: (9,ReceivedResponse())
Got request: UnlistenToValue(AttributeKey[play.forkrun.protocol.ForkConfig]("playForkConfig") in Scope(Build: file:/C:/Users/Henrik/Desktop/activator-1.3.2-minimal/testApp/, , Project: ProjectReference(file:/C:/Users/Henrik/Desktop/activator-1.3.2-minimal/testApp/,root)))
Reading next message from client.
Client play-fork-run-a072f81a-8924-4279-9727-b8726a0dc545 EOF, shutting down.
Stopping client.
Client play-fork-run-a072f81a-8924-4279-9727-b8726a0dc545 thread exiting.
Dropping message (10,ReceivedResponse()) to dead client play-fork-run-a072f81a-8924-4279-9727-b8726a0dc545
Dropping message (0,ReceivedResponse()) to dead client play-fork-run-a072f81a-8924-4279-9727-b8726a0dc545
