New log file opened at Tue Apr 21 16:41:14 CEST 2015 by 8116@Henrik-Dator
Sending msg to client play-fork-run-c51bc121-aed8-4313-819b-acf9489d77f1: DetachedLogEvent(LogMessage(debug,sbt server socket logs are in: C:\Users\Henrik\Desktop\activator-1.3.2-minimal\testApp\.sbtserver\connections\master.log))
Sending msg to client play-fork-run-c51bc121-aed8-4313-819b-acf9489d77f1: DetachedLogEvent(LogMessage(debug,sbt client logs are in: C:\Users\Henrik\Desktop\activator-1.3.2-minimal\testApp\.sbtserver\connections\play-fork-run-c51bc121-aed8-4313-819b-acf9489d77f1.log))
Sending msg to client play-fork-run-c51bc121-aed8-4313-819b-acf9489d77f1: DetachedLogEvent(LogMessage(debug,sbt general server logs are in: C:\Users\Henrik\Desktop\activator-1.3.2-minimal\testApp\.sbtserver\master.log))
Reading next message from client.
Got request: DaemonRequest(true)
Reading next message from client.
Sending msg to client play-fork-run-c51bc121-aed8-4313-819b-acf9489d77f1: (3,ReceivedResponse())
Got request: ListenToEvents()
Reading next message from client.
Sending msg to client play-fork-run-c51bc121-aed8-4313-819b-acf9489d77f1: BackgroundJobStarted(12,BackgroundJobInfo(1,backgroundRun,AttributeKey[sbt.BackgroundJobHandle]("backgroundRun") in Scope(Build: file:/C:/Users/Henrik/Desktop/activator-1.3.2-minimal/testApp/, , Project: ProjectReference(file:/C:/Users/Henrik/Desktop/activator-1.3.2-minimal/testApp/,root), Config: compile)))
Sending msg to client play-fork-run-c51bc121-aed8-4313-819b-acf9489d77f1: (4,ReceivedResponse())
Got request: KeyLookupRequest(root/playForkConfig)
Reading next message from client.
Sending msg to client play-fork-run-c51bc121-aed8-4313-819b-acf9489d77f1: (5,KeyLookupResponse(root/playForkConfig,Vector(AttributeKey[play.forkrun.protocol.ForkConfig]("playForkConfig") in Scope(Build: file:/C:/Users/Henrik/Desktop/activator-1.3.2-minimal/testApp/, , Project: ProjectReference(file:/C:/Users/Henrik/Desktop/activator-1.3.2-minimal/testApp/,root)))))
Got request: ListenToValue(AttributeKey[play.forkrun.protocol.ForkConfig]("playForkConfig") in Scope(Build: file:/C:/Users/Henrik/Desktop/activator-1.3.2-minimal/testApp/, , Project: ProjectReference(file:/C:/Users/Henrik/Desktop/activator-1.3.2-minimal/testApp/,root)))
Reading next message from client.
Sending msg to client play-fork-run-c51bc121-aed8-4313-819b-acf9489d77f1: (6,ReceivedResponse())
Got request: KeyExecutionRequest(AttributeKey[play.forkrun.protocol.ForkConfig]("playForkConfig") in Scope(Build: file:/C:/Users/Henrik/Desktop/activator-1.3.2-minimal/testApp/, , Project: ProjectReference(file:/C:/Users/Henrik/Desktop/activator-1.3.2-minimal/testApp/,root)))
Reading next message from client.
Sending msg to client play-fork-run-c51bc121-aed8-4313-819b-acf9489d77f1: (7,ExecutionRequestReceived(13))
Sending msg to client play-fork-run-c51bc121-aed8-4313-819b-acf9489d77f1: ExecutionWaiting(13,{file:/C:/Users/Henrik/Desktop/activator-1.3.2-minimal/testApp/}root/*:playForkConfig,ClientInfo(c51bc121-aed8-4313-819b-acf9489d77f1,play-fork-run,Play Fork Run,1,Vector()))
Sending msg to client play-fork-run-c51bc121-aed8-4313-819b-acf9489d77f1: ExecutionStarting(13)
Sending msg to client play-fork-run-c51bc121-aed8-4313-819b-acf9489d77f1: DetachedLogEvent(LogMessage(debug,> {file:/C:/Users/Henrik/Desktop/activator-1.3.2-minimal/testApp/}root/*:playForkConfig))
Sending msg to client play-fork-run-c51bc121-aed8-4313-819b-acf9489d77f1: DetachedLogEvent(LogMessage(debug,Evaluating tasks: *:playForkConfig))
Sending msg to client play-fork-run-c51bc121-aed8-4313-819b-acf9489d77f1: DetachedLogEvent(LogMessage(debug,Running task... Cancel: sbt.server.ServerTaskCancellation@363a89, check cycles: false))
Sending msg to client play-fork-run-c51bc121-aed8-4313-819b-acf9489d77f1: DetachedLogEvent(LogMessage(debug,cancel strategy start enabled=true lastCommand=Some(LastCommand(CommandExecutionWork(ExecutionId(13),{file:/C:/Users/Henrik/Desktop/activator-1.3.2-minimal/testApp/}root/*:playForkConfig,Set(LiveClient(play-fork-run c51bc121-aed8-4313-819b-acf9489d77f1)),sbt.server.WorkCancellationStatus$$anon$1@1df587d)))))
Sending msg to client play-fork-run-c51bc121-aed8-4313-819b-acf9489d77f1: TaskStarted(13,440,None)
Sending msg to client play-fork-run-c51bc121-aed8-4313-819b-acf9489d77f1: TaskStarted(13,444,Some(AttributeKey[boolean]("skip") in Scope(Global)))
Sending msg to client play-fork-run-c51bc121-aed8-4313-819b-acf9489d77f1: TaskStarted(13,446,None)
Sending msg to client play-fork-run-c51bc121-aed8-4313-819b-acf9489d77f1: TaskStarted(13,447,None)
Sending msg to client play-fork-run-c51bc121-aed8-4313-819b-acf9489d77f1: TaskStarted(13,448,None)
Sending msg to client play-fork-run-c51bc121-aed8-4313-819b-acf9489d77f1: TaskStarted(13,452,None)
Sending msg to client play-fork-run-c51bc121-aed8-4313-819b-acf9489d77f1: TaskStarted(13,453,Some(AttributeKey[java.lang.String]("updateCacheName") in Scope(Build: file:/C:/Users/Henrik/Desktop/activator-1.3.2-minimal/testApp/, , Project: ProjectReference(file:/C:/Users/Henrik/Desktop/activator-1.3.2-minimal/testApp/,root))))
Sending msg to client play-fork-run-c51bc121-aed8-4313-819b-acf9489d77f1: TaskStarted(13,458,Some(AttributeKey[scala.Option[java.lang.String]]("echoTraceAkkaVersion") in Scope(Build: file:/C:/Users/Henrik/Desktop/activator-1.3.2-minimal/testApp/, , Project: ProjectReference(file:/C:/Users/Henrik/Desktop/activator-1.3.2-minimal/testApp/,root), Config: echo)))
Sending msg to client play-fork-run-c51bc121-aed8-4313-819b-acf9489d77f1: TaskStarted(13,467,None)
Sending msg to client play-fork-run-c51bc121-aed8-4313-819b-acf9489d77f1: TaskStarted(13,468,Some(AttributeKey[scala.Option[scala.collection.Seq[sbt.Resolver]]]("bootResolvers") in Scope(Build: file:/C:/Users/Henrik/Desktop/activator-1.3.2-minimal/testApp/, , Project: ProjectReference(file:/C:/Users/Henrik/Desktop/activator-1.3.2-minimal/testApp/,root))))
Sending msg to client play-fork-run-c51bc121-aed8-4313-819b-acf9489d77f1: TaskStarted(13,469,Some(AttributeKey[scala.collection.Seq[sbt.Resolver]]("externalResolvers") in Scope(Build: file:/C:/Users/Henrik/Desktop/activator-1.3.2-minimal/testApp/, , Project: ProjectReference(file:/C:/Users/Henrik/Desktop/activator-1.3.2-minimal/testApp/,root))))
Sending msg to client play-fork-run-c51bc121-aed8-4313-819b-acf9489d77f1: TaskStarted(13,471,Some(AttributeKey[scala.collection.Seq[sbt.Credentials]]("credentials") in Scope(Global)))
Sending msg to client play-fork-run-c51bc121-aed8-4313-819b-acf9489d77f1: TaskStarted(13,479,Some(AttributeKey[scala.Tuple2[java.lang.String,java.io.File]]("playPrefixAndAssets") in Scope(Build: file:/C:/Users/Henrik/Desktop/activator-1.3.2-minimal/testApp/, , Project: ProjectReference(file:/C:/Users/Henrik/Desktop/activator-1.3.2-minimal/testApp/,root))))
Sending msg to client play-fork-run-c51bc121-aed8-4313-819b-acf9489d77f1: TaskStarted(13,482,Some(AttributeKey[scala.collection.Seq[java.lang.String]]("javaOptions") in Scope(Global)))
Sending msg to client play-fork-run-c51bc121-aed8-4313-819b-acf9489d77f1: TaskStarted(13,491,None)
Sending msg to client play-fork-run-c51bc121-aed8-4313-819b-acf9489d77f1: TaskFinished(13,440,None,true,None)
Sending msg to client play-fork-run-c51bc121-aed8-4313-819b-acf9489d77f1: TaskStarted(13,439,Some(AttributeKey[scala.collection.Seq[java.lang.String]]("playMonitoredFiles") in Scope(Build: file:/C:/Users/Henrik/Desktop/activator-1.3.2-minimal/testApp/, , Project: ProjectReference(file:/C:/Users/Henrik/Desktop/activator-1.3.2-minimal/testApp/,root))))
Sending msg to client play-fork-run-c51bc121-aed8-4313-819b-acf9489d77f1: TaskStarted(13,451,Some(AttributeKey[sbt.BuildStructure]("buildStructure") in Scope(Global)))
Sending msg to client play-fork-run-c51bc121-aed8-4313-819b-acf9489d77f1: TaskStarted(13,473,Some(AttributeKey[java.io.File]("dependencyCacheDirectory") in Scope(Build: file:/C:/Users/Henrik/Desktop/activator-1.3.2-minimal/testApp/, , Project: ProjectReference(file:/C:/Users/Henrik/Desktop/activator-1.3.2-minimal/testApp/,root))))
Sending msg to client play-fork-run-c51bc121-aed8-4313-819b-acf9489d77f1: TaskFinished(13,444,Some(AttributeKey[boolean]("skip") in Scope(Global)),true,None)
Sending msg to client play-fork-run-c51bc121-aed8-4313-819b-acf9489d77f1: TaskFinished(13,446,None,true,None)
Sending msg to client play-fork-run-c51bc121-aed8-4313-819b-acf9489d77f1: TaskFinished(13,447,None,true,None)
Sending msg to client play-fork-run-c51bc121-aed8-4313-819b-acf9489d77f1: TaskStarted(13,445,Some(AttributeKey[scala.collection.Seq[sbt.UpdateReport]]("transitiveUpdate") in Scope(Build: file:/C:/Users/Henrik/Desktop/activator-1.3.2-minimal/testApp/, , Project: ProjectReference(file:/C:/Users/Henrik/Desktop/activator-1.3.2-minimal/testApp/,root))))
Sending msg to client play-fork-run-c51bc121-aed8-4313-819b-acf9489d77f1: TaskFinished(13,448,None,true,None)
Sending msg to client play-fork-run-c51bc121-aed8-4313-819b-acf9489d77f1: TaskFinished(13,452,None,true,None)
Sending msg to client play-fork-run-c51bc121-aed8-4313-819b-acf9489d77f1: TaskFinished(13,453,Some(AttributeKey[java.lang.String]("updateCacheName") in Scope(Build: file:/C:/Users/Henrik/Desktop/activator-1.3.2-minimal/testApp/, , Project: ProjectReference(file:/C:/Users/Henrik/Desktop/activator-1.3.2-minimal/testApp/,root))),true,None)
Sending msg to client play-fork-run-c51bc121-aed8-4313-819b-acf9489d77f1: TaskFinished(13,458,Some(AttributeKey[scala.Option[java.lang.String]]("echoTraceAkkaVersion") in Scope(Build: file:/C:/Users/Henrik/Desktop/activator-1.3.2-minimal/testApp/, , Project: ProjectReference(file:/C:/Users/Henrik/Desktop/activator-1.3.2-minimal/testApp/,root), Config: echo)),true,None)
Sending msg to client play-fork-run-c51bc121-aed8-4313-819b-acf9489d77f1: TaskStarted(13,457,Some(AttributeKey[scala.collection.Seq[sbt.ModuleID]]("echoTraceDependencies") in Scope(Build: file:/C:/Users/Henrik/Desktop/activator-1.3.2-minimal/testApp/, , Project: ProjectReference(file:/C:/Users/Henrik/Desktop/activator-1.3.2-minimal/testApp/,root), Config: echo)))
Sending msg to client play-fork-run-c51bc121-aed8-4313-819b-acf9489d77f1: TaskFinished(13,467,None,true,None)
Sending msg to client play-fork-run-c51bc121-aed8-4313-819b-acf9489d77f1: TaskStarted(13,466,None)
Sending msg to client play-fork-run-c51bc121-aed8-4313-819b-acf9489d77f1: TaskStarted(13,470,None)
Sending msg to client play-fork-run-c51bc121-aed8-4313-819b-acf9489d77f1: TaskStarted(13,472,None)
Sending msg to client play-fork-run-c51bc121-aed8-4313-819b-acf9489d77f1: TaskStarted(13,476,None)
Sending msg to client play-fork-run-c51bc121-aed8-4313-819b-acf9489d77f1: TaskStarted(13,477,None)
Sending msg to client play-fork-run-c51bc121-aed8-4313-819b-acf9489d77f1: TaskStarted(13,486,None)
Sending msg to client play-fork-run-c51bc121-aed8-4313-819b-acf9489d77f1: TaskStarted(13,494,None)
Sending msg to client play-fork-run-c51bc121-aed8-4313-819b-acf9489d77f1: TaskStarted(13,495,None)
Sending msg to client play-fork-run-c51bc121-aed8-4313-819b-acf9489d77f1: TaskFinished(13,468,Some(AttributeKey[scala.Option[scala.collection.Seq[sbt.Resolver]]]("bootResolvers") in Scope(Build: file:/C:/Users/Henrik/Desktop/activator-1.3.2-minimal/testApp/, , Project: ProjectReference(file:/C:/Users/Henrik/Desktop/activator-1.3.2-minimal/testApp/,root))),true,None)
Sending msg to client play-fork-run-c51bc121-aed8-4313-819b-acf9489d77f1: TaskFinished(13,469,Some(AttributeKey[scala.collection.Seq[sbt.Resolver]]("externalResolvers") in Scope(Build: file:/C:/Users/Henrik/Desktop/activator-1.3.2-minimal/testApp/, , Project: ProjectReference(file:/C:/Users/Henrik/Desktop/activator-1.3.2-minimal/testApp/,root))),true,None)
Sending msg to client play-fork-run-c51bc121-aed8-4313-819b-acf9489d77f1: TaskFinished(13,471,Some(AttributeKey[scala.collection.Seq[sbt.Credentials]]("credentials") in Scope(Global)),true,None)
Sending msg to client play-fork-run-c51bc121-aed8-4313-819b-acf9489d77f1: TaskFinished(13,479,Some(AttributeKey[scala.Tuple2[java.lang.String,java.io.File]]("playPrefixAndAssets") in Scope(Build: file:/C:/Users/Henrik/Desktop/activator-1.3.2-minimal/testApp/, , Project: ProjectReference(file:/C:/Users/Henrik/Desktop/activator-1.3.2-minimal/testApp/,root))),true,None)
Sending msg to client play-fork-run-c51bc121-aed8-4313-819b-acf9489d77f1: TaskStarted(13,481,None)
Sending msg to client play-fork-run-c51bc121-aed8-4313-819b-acf9489d77f1: TaskFinished(13,482,Some(AttributeKey[scala.collection.Seq[java.lang.String]]("javaOptions") in Scope(Global)),true,None)
Sending msg to client play-fork-run-c51bc121-aed8-4313-819b-acf9489d77f1: TaskFinished(13,491,None,true,None)
Sending msg to client play-fork-run-c51bc121-aed8-4313-819b-acf9489d77f1: TaskFinished(13,451,Some(AttributeKey[sbt.BuildStructure]("buildStructure") in Scope(Global)),true,None)
Sending msg to client play-fork-run-c51bc121-aed8-4313-819b-acf9489d77f1: TaskStarted(13,450,Some(AttributeKey[sbt.Settings[sbt.Scope]]("settingsData") in Scope(Global)))
Sending msg to client play-fork-run-c51bc121-aed8-4313-819b-acf9489d77f1: TaskFinished(13,473,Some(AttributeKey[java.io.File]("dependencyCacheDirectory") in Scope(Build: file:/C:/Users/Henrik/Desktop/activator-1.3.2-minimal/testApp/, , Project: ProjectReference(file:/C:/Users/Henrik/Desktop/activator-1.3.2-minimal/testApp/,root))),true,None)
Sending msg to client play-fork-run-c51bc121-aed8-4313-819b-acf9489d77f1: TaskFinished(13,445,Some(AttributeKey[scala.collection.Seq[sbt.UpdateReport]]("transitiveUpdate") in Scope(Build: file:/C:/Users/Henrik/Desktop/activator-1.3.2-minimal/testApp/, , Project: ProjectReference(file:/C:/Users/Henrik/Desktop/activator-1.3.2-minimal/testApp/,root))),true,None)
Sending msg to client play-fork-run-c51bc121-aed8-4313-819b-acf9489d77f1: TaskFinished(13,457,Some(AttributeKey[scala.collection.Seq[sbt.ModuleID]]("echoTraceDependencies") in Scope(Build: file:/C:/Users/Henrik/Desktop/activator-1.3.2-minimal/testApp/, , Project: ProjectReference(file:/C:/Users/Henrik/Desktop/activator-1.3.2-minimal/testApp/,root), Config: echo)),true,None)
Sending msg to client play-fork-run-c51bc121-aed8-4313-819b-acf9489d77f1: TaskFinished(13,466,None,true,None)
Sending msg to client play-fork-run-c51bc121-aed8-4313-819b-acf9489d77f1: TaskFinished(13,470,None,true,None)
Sending msg to client play-fork-run-c51bc121-aed8-4313-819b-acf9489d77f1: TaskFinished(13,472,None,true,None)
Sending msg to client play-fork-run-c51bc121-aed8-4313-819b-acf9489d77f1: TaskFinished(13,476,None,true,None)
Sending msg to client play-fork-run-c51bc121-aed8-4313-819b-acf9489d77f1: TaskStarted(13,475,Some(AttributeKey[scala.collection.immutable.Map[sbt.ModuleID,sbt.SourcePosition]]("dependencyPositions") in Scope(Build: file:/C:/Users/Henrik/Desktop/activator-1.3.2-minimal/testApp/, , Project: ProjectReference(file:/C:/Users/Henrik/Desktop/activator-1.3.2-minimal/testApp/,root))))
Sending msg to client play-fork-run-c51bc121-aed8-4313-819b-acf9489d77f1: TaskFinished(13,477,None,true,None)
Sending msg to client play-fork-run-c51bc121-aed8-4313-819b-acf9489d77f1: TaskFinished(13,486,None,true,None)
Sending msg to client play-fork-run-c51bc121-aed8-4313-819b-acf9489d77f1: TaskFinished(13,494,None,true,None)
Sending msg to client play-fork-run-c51bc121-aed8-4313-819b-acf9489d77f1: TaskFinished(13,495,None,true,None)
Sending msg to client play-fork-run-c51bc121-aed8-4313-819b-acf9489d77f1: TaskFinished(13,439,Some(AttributeKey[scala.collection.Seq[java.lang.String]]("playMonitoredFiles") in Scope(Build: file:/C:/Users/Henrik/Desktop/activator-1.3.2-minimal/testApp/, , Project: ProjectReference(file:/C:/Users/Henrik/Desktop/activator-1.3.2-minimal/testApp/,root))),true,None)
Sending msg to client play-fork-run-c51bc121-aed8-4313-819b-acf9489d77f1: TaskFinished(13,481,None,true,None)
Sending msg to client play-fork-run-c51bc121-aed8-4313-819b-acf9489d77f1: TaskStarted(13,480,None)
Sending msg to client play-fork-run-c51bc121-aed8-4313-819b-acf9489d77f1: TaskFinished(13,450,Some(AttributeKey[sbt.Settings[sbt.Scope]]("settingsData") in Scope(Global)),true,None)
Sending msg to client play-fork-run-c51bc121-aed8-4313-819b-acf9489d77f1: TaskStarted(13,449,None)
Sending msg to client play-fork-run-c51bc121-aed8-4313-819b-acf9489d77f1: TaskStarted(13,460,Some(AttributeKey[scala.collection.Seq[sbt.ModuleID]]("projectDependencies") in Scope(Build: file:/C:/Users/Henrik/Desktop/activator-1.3.2-minimal/testApp/, , Project: ProjectReference(file:/C:/Users/Henrik/Desktop/activator-1.3.2-minimal/testApp/,root))))
Sending msg to client play-fork-run-c51bc121-aed8-4313-819b-acf9489d77f1: TaskStarted(13,465,Some(AttributeKey[scala.collection.immutable.Map[org.apache.ivy.core.module.id.ModuleRevisionId,org.apache.ivy.core.module.descriptor.ModuleDescriptor]]("projectDescriptors") in Scope(Build: file:/C:/Users/Henrik/Desktop/activator-1.3.2-minimal/testApp/, , Project: ProjectReference(file:/C:/Users/Henrik/Desktop/activator-1.3.2-minimal/testApp/,root))))
Sending msg to client play-fork-run-c51bc121-aed8-4313-819b-acf9489d77f1: TaskStarted(13,493,None)
Sending msg to client play-fork-run-c51bc121-aed8-4313-819b-acf9489d77f1: TaskFinished(13,475,Some(AttributeKey[scala.collection.immutable.Map[sbt.ModuleID,sbt.SourcePosition]]("dependencyPositions") in Scope(Build: file:/C:/Users/Henrik/Desktop/activator-1.3.2-minimal/testApp/, , Project: ProjectReference(file:/C:/Users/Henrik/Desktop/activator-1.3.2-minimal/testApp/,root))),true,None)
Sending msg to client play-fork-run-c51bc121-aed8-4313-819b-acf9489d77f1: TaskStarted(13,474,Some(AttributeKey[sbt.UnresolvedWarningConfiguration]("unresolvedWarningConfiguration") in Scope(Build: file:/C:/Users/Henrik/Desktop/activator-1.3.2-minimal/testApp/, , Project: ProjectReference(file:/C:/Users/Henrik/Desktop/activator-1.3.2-minimal/testApp/,root), Task: AttributeKey[sbt.UpdateReport]("update"))))
Sending msg to client play-fork-run-c51bc121-aed8-4313-819b-acf9489d77f1: TaskFinished(13,480,None,true,None)
Sending msg to client play-fork-run-c51bc121-aed8-4313-819b-acf9489d77f1: TaskStarted(13,478,Some(AttributeKey[scala.collection.Seq[scala.Tuple2[java.lang.String,java.io.File]]]("playAllAssets") in Scope(Build: file:/C:/Users/Henrik/Desktop/activator-1.3.2-minimal/testApp/, , Project: ProjectReference(file:/C:/Users/Henrik/Desktop/activator-1.3.2-minimal/testApp/,root))))
Sending msg to client play-fork-run-c51bc121-aed8-4313-819b-acf9489d77f1: TaskStarted(13,496,None)
Sending msg to client play-fork-run-c51bc121-aed8-4313-819b-acf9489d77f1: TaskFinished(13,460,Some(AttributeKey[scala.collection.Seq[sbt.ModuleID]]("projectDependencies") in Scope(Build: file:/C:/Users/Henrik/Desktop/activator-1.3.2-minimal/testApp/, , Project: ProjectReference(file:/C:/Users/Henrik/Desktop/activator-1.3.2-minimal/testApp/,root))),true,None)
Sending msg to client play-fork-run-c51bc121-aed8-4313-819b-acf9489d77f1: TaskStarted(13,459,Some(AttributeKey[scala.collection.Seq[sbt.ModuleID]]("allDependencies") in Scope(Build: file:/C:/Users/Henrik/Desktop/activator-1.3.2-minimal/testApp/, , Project: ProjectReference(file:/C:/Users/Henrik/Desktop/activator-1.3.2-minimal/testApp/,root))))
Sending msg to client play-fork-run-c51bc121-aed8-4313-819b-acf9489d77f1: TaskStarted(13,498,None)
Sending msg to client play-fork-run-c51bc121-aed8-4313-819b-acf9489d77f1: TaskStarted(13,503,None)
Sending msg to client play-fork-run-c51bc121-aed8-4313-819b-acf9489d77f1: TaskStarted(13,504,None)
Sending msg to client play-fork-run-c51bc121-aed8-4313-819b-acf9489d77f1: TaskStarted(13,506,None)
Sending msg to client play-fork-run-c51bc121-aed8-4313-819b-acf9489d77f1: TaskStarted(13,508,None)
Sending msg to client play-fork-run-c51bc121-aed8-4313-819b-acf9489d77f1: TaskStarted(13,509,None)
Sending msg to client play-fork-run-c51bc121-aed8-4313-819b-acf9489d77f1: TaskFinished(13,478,Some(AttributeKey[scala.collection.Seq[scala.Tuple2[java.lang.String,java.io.File]]]("playAllAssets") in Scope(Build: file:/C:/Users/Henrik/Desktop/activator-1.3.2-minimal/testApp/, , Project: ProjectReference(file:/C:/Users/Henrik/Desktop/activator-1.3.2-minimal/testApp/,root))),true,None)
Sending msg to client play-fork-run-c51bc121-aed8-4313-819b-acf9489d77f1: TaskFinished(13,496,None,true,None)
Sending msg to client play-fork-run-c51bc121-aed8-4313-819b-acf9489d77f1: TaskFinished(13,449,None,true,None)
Sending msg to client play-fork-run-c51bc121-aed8-4313-819b-acf9489d77f1: TaskFinished(13,474,Some(AttributeKey[sbt.UnresolvedWarningConfiguration]("unresolvedWarningConfiguration") in Scope(Build: file:/C:/Users/Henrik/Desktop/activator-1.3.2-minimal/testApp/, , Project: ProjectReference(file:/C:/Users/Henrik/Desktop/activator-1.3.2-minimal/testApp/,root), Task: AttributeKey[sbt.UpdateReport]("update"))),true,None)
Sending msg to client play-fork-run-c51bc121-aed8-4313-819b-acf9489d77f1: TaskFinished(13,459,Some(AttributeKey[scala.collection.Seq[sbt.ModuleID]]("allDependencies") in Scope(Build: file:/C:/Users/Henrik/Desktop/activator-1.3.2-minimal/testApp/, , Project: ProjectReference(file:/C:/Users/Henrik/Desktop/activator-1.3.2-minimal/testApp/,root))),true,None)
Sending msg to client play-fork-run-c51bc121-aed8-4313-819b-acf9489d77f1: TaskStarted(13,456,Some(AttributeKey[scala.collection.Seq[sbt.ModuleID]]("allDependencies") in Scope(Build: file:/C:/Users/Henrik/Desktop/activator-1.3.2-minimal/testApp/, , Project: ProjectReference(file:/C:/Users/Henrik/Desktop/activator-1.3.2-minimal/testApp/,root))))
Sending msg to client play-fork-run-c51bc121-aed8-4313-819b-acf9489d77f1: TaskFinished(13,498,None,true,None)
Sending msg to client play-fork-run-c51bc121-aed8-4313-819b-acf9489d77f1: TaskStarted(13,497,None)
Sending msg to client play-fork-run-c51bc121-aed8-4313-819b-acf9489d77f1: TaskFinished(13,503,None,true,None)
Sending msg to client play-fork-run-c51bc121-aed8-4313-819b-acf9489d77f1: TaskFinished(13,504,None,true,None)
Sending msg to client play-fork-run-c51bc121-aed8-4313-819b-acf9489d77f1: TaskStarted(13,502,Some(AttributeKey[scala.collection.Seq[sbt.Attributed[java.io.File]]]("unmanagedJars") in Scope(Build: file:/C:/Users/Henrik/Desktop/activator-1.3.2-minimal/testApp/, , Project: ProjectReference(file:/C:/Users/Henrik/Desktop/activator-1.3.2-minimal/testApp/,root), Config: compile)))
Sending msg to client play-fork-run-c51bc121-aed8-4313-819b-acf9489d77f1: TaskFinished(13,506,None,true,None)
Sending msg to client play-fork-run-c51bc121-aed8-4313-819b-acf9489d77f1: TaskStarted(13,505,None)
Sending msg to client play-fork-run-c51bc121-aed8-4313-819b-acf9489d77f1: TaskFinished(13,508,None,true,None)
Sending msg to client play-fork-run-c51bc121-aed8-4313-819b-acf9489d77f1: TaskFinished(13,509,None,true,None)
Sending msg to client play-fork-run-c51bc121-aed8-4313-819b-acf9489d77f1: TaskStarted(13,507,Some(AttributeKey[scala.collection.Seq[sbt.Attributed[java.io.File]]]("unmanagedJars") in Scope(Build: file:/C:/Users/Henrik/Desktop/activator-1.3.2-minimal/testApp/, , Project: ProjectReference(file:/C:/Users/Henrik/Desktop/activator-1.3.2-minimal/testApp/,root), Config: runtime)))
Sending msg to client play-fork-run-c51bc121-aed8-4313-819b-acf9489d77f1: TaskFinished(13,456,Some(AttributeKey[scala.collection.Seq[sbt.ModuleID]]("allDependencies") in Scope(Build: file:/C:/Users/Henrik/Desktop/activator-1.3.2-minimal/testApp/, , Project: ProjectReference(file:/C:/Users/Henrik/Desktop/activator-1.3.2-minimal/testApp/,root))),true,None)
Sending msg to client play-fork-run-c51bc121-aed8-4313-819b-acf9489d77f1: TaskStarted(13,455,Some(AttributeKey[sbt.ModuleSettings]("moduleSettings") in Scope(Build: file:/C:/Users/Henrik/Desktop/activator-1.3.2-minimal/testApp/, , Project: ProjectReference(file:/C:/Users/Henrik/Desktop/activator-1.3.2-minimal/testApp/,root))))
Sending msg to client play-fork-run-c51bc121-aed8-4313-819b-acf9489d77f1: TaskFinished(13,497,None,true,None)
Sending msg to client play-fork-run-c51bc121-aed8-4313-819b-acf9489d77f1: TaskFinished(13,465,Some(AttributeKey[scala.collection.immutable.Map[org.apache.ivy.core.module.id.ModuleRevisionId,org.apache.ivy.core.module.descriptor.ModuleDescriptor]]("projectDescriptors") in Scope(Build: file:/C:/Users/Henrik/Desktop/activator-1.3.2-minimal/testApp/, , Project: ProjectReference(file:/C:/Users/Henrik/Desktop/activator-1.3.2-minimal/testApp/,root))),true,None)
Sending msg to client play-fork-run-c51bc121-aed8-4313-819b-acf9489d77f1: TaskStarted(13,464,Some(AttributeKey[sbt.Resolver]("projectResolver") in Scope(Build: file:/C:/Users/Henrik/Desktop/activator-1.3.2-minimal/testApp/, , Project: ProjectReference(file:/C:/Users/Henrik/Desktop/activator-1.3.2-minimal/testApp/,root))))
Sending msg to client play-fork-run-c51bc121-aed8-4313-819b-acf9489d77f1: TaskStarted(13,510,None)
Sending msg to client play-fork-run-c51bc121-aed8-4313-819b-acf9489d77f1: TaskFinished(13,502,Some(AttributeKey[scala.collection.Seq[sbt.Attributed[java.io.File]]]("unmanagedJars") in Scope(Build: file:/C:/Users/Henrik/Desktop/activator-1.3.2-minimal/testApp/, , Project: ProjectReference(file:/C:/Users/Henrik/Desktop/activator-1.3.2-minimal/testApp/,root), Config: compile)),true,None)
Sending msg to client play-fork-run-c51bc121-aed8-4313-819b-acf9489d77f1: TaskFinished(13,507,Some(AttributeKey[scala.collection.Seq[sbt.Attributed[java.io.File]]]("unmanagedJars") in Scope(Build: file:/C:/Users/Henrik/Desktop/activator-1.3.2-minimal/testApp/, , Project: ProjectReference(file:/C:/Users/Henrik/Desktop/activator-1.3.2-minimal/testApp/,root), Config: runtime)),true,None)
Sending msg to client play-fork-run-c51bc121-aed8-4313-819b-acf9489d77f1: TaskFinished(13,455,Some(AttributeKey[sbt.ModuleSettings]("moduleSettings") in Scope(Build: file:/C:/Users/Henrik/Desktop/activator-1.3.2-minimal/testApp/, , Project: ProjectReference(file:/C:/Users/Henrik/Desktop/activator-1.3.2-minimal/testApp/,root))),true,None)
Sending msg to client play-fork-run-c51bc121-aed8-4313-819b-acf9489d77f1: TaskFinished(13,464,Some(AttributeKey[sbt.Resolver]("projectResolver") in Scope(Build: file:/C:/Users/Henrik/Desktop/activator-1.3.2-minimal/testApp/, , Project: ProjectReference(file:/C:/Users/Henrik/Desktop/activator-1.3.2-minimal/testApp/,root))),true,None)
Sending msg to client play-fork-run-c51bc121-aed8-4313-819b-acf9489d77f1: TaskStarted(13,463,Some(AttributeKey[scala.collection.Seq[sbt.Resolver]]("fullResolvers") in Scope(Build: file:/C:/Users/Henrik/Desktop/activator-1.3.2-minimal/testApp/, , Project: ProjectReference(file:/C:/Users/Henrik/Desktop/activator-1.3.2-minimal/testApp/,root))))
Sending msg to client play-fork-run-c51bc121-aed8-4313-819b-acf9489d77f1: TaskFinished(13,510,None,true,None)
Sending msg to client play-fork-run-c51bc121-aed8-4313-819b-acf9489d77f1: TaskFinished(13,505,None,true,None)
Sending msg to client play-fork-run-c51bc121-aed8-4313-819b-acf9489d77f1: TaskStarted(13,501,Some(AttributeKey[scala.collection.Seq[sbt.Attributed[java.io.File]]]("unmanagedJars") in Scope(Build: file:/C:/Users/Henrik/Desktop/activator-1.3.2-minimal/testApp/, , Project: ProjectReference(file:/C:/Users/Henrik/Desktop/activator-1.3.2-minimal/testApp/,root), Config: compile)))
Sending msg to client play-fork-run-c51bc121-aed8-4313-819b-acf9489d77f1: TaskFinished(13,463,Some(AttributeKey[scala.collection.Seq[sbt.Resolver]]("fullResolvers") in Scope(Build: file:/C:/Users/Henrik/Desktop/activator-1.3.2-minimal/testApp/, , Project: ProjectReference(file:/C:/Users/Henrik/Desktop/activator-1.3.2-minimal/testApp/,root))),true,None)
Sending msg to client play-fork-run-c51bc121-aed8-4313-819b-acf9489d77f1: TaskStarted(13,462,Some(AttributeKey[sbt.IvyConfiguration]("ivyConfiguration") in Scope(Build: file:/C:/Users/Henrik/Desktop/activator-1.3.2-minimal/testApp/, , Project: ProjectReference(file:/C:/Users/Henrik/Desktop/activator-1.3.2-minimal/testApp/,root))))
Sending msg to client play-fork-run-c51bc121-aed8-4313-819b-acf9489d77f1: TaskFinished(13,501,Some(AttributeKey[scala.collection.Seq[sbt.Attributed[java.io.File]]]("unmanagedJars") in Scope(Build: file:/C:/Users/Henrik/Desktop/activator-1.3.2-minimal/testApp/, , Project: ProjectReference(file:/C:/Users/Henrik/Desktop/activator-1.3.2-minimal/testApp/,root), Config: compile)),true,None)
Sending msg to client play-fork-run-c51bc121-aed8-4313-819b-acf9489d77f1: TaskStarted(13,500,None)
Sending msg to client play-fork-run-c51bc121-aed8-4313-819b-acf9489d77f1: TaskFinished(13,500,None,true,None)
Sending msg to client play-fork-run-c51bc121-aed8-4313-819b-acf9489d77f1: TaskStarted(13,499,None)
Sending msg to client play-fork-run-c51bc121-aed8-4313-819b-acf9489d77f1: TaskFinished(13,499,None,true,None)
Sending msg to client play-fork-run-c51bc121-aed8-4313-819b-acf9489d77f1: TaskFinished(13,493,None,true,None)
Sending msg to client play-fork-run-c51bc121-aed8-4313-819b-acf9489d77f1: TaskStarted(13,492,Some(AttributeKey[scala.collection.Seq[sbt.Attributed[java.io.File]]]("unmanagedClasspath") in Scope(Build: file:/C:/Users/Henrik/Desktop/activator-1.3.2-minimal/testApp/, , Project: ProjectReference(file:/C:/Users/Henrik/Desktop/activator-1.3.2-minimal/testApp/,root), Config: runtime)))
Sending msg to client play-fork-run-c51bc121-aed8-4313-819b-acf9489d77f1: TaskFinished(13,462,Some(AttributeKey[sbt.IvyConfiguration]("ivyConfiguration") in Scope(Build: file:/C:/Users/Henrik/Desktop/activator-1.3.2-minimal/testApp/, , Project: ProjectReference(file:/C:/Users/Henrik/Desktop/activator-1.3.2-minimal/testApp/,root))),true,None)
Sending msg to client play-fork-run-c51bc121-aed8-4313-819b-acf9489d77f1: TaskStarted(13,461,Some(AttributeKey[sbt.IvySbt]("ivySbt") in Scope(Build: file:/C:/Users/Henrik/Desktop/activator-1.3.2-minimal/testApp/, , Project: ProjectReference(file:/C:/Users/Henrik/Desktop/activator-1.3.2-minimal/testApp/,root))))
Sending msg to client play-fork-run-c51bc121-aed8-4313-819b-acf9489d77f1: TaskFinished(13,492,Some(AttributeKey[scala.collection.Seq[sbt.Attributed[java.io.File]]]("unmanagedClasspath") in Scope(Build: file:/C:/Users/Henrik/Desktop/activator-1.3.2-minimal/testApp/, , Project: ProjectReference(file:/C:/Users/Henrik/Desktop/activator-1.3.2-minimal/testApp/,root), Config: runtime)),true,None)
Sending msg to client play-fork-run-c51bc121-aed8-4313-819b-acf9489d77f1: TaskFinished(13,461,Some(AttributeKey[sbt.IvySbt]("ivySbt") in Scope(Build: file:/C:/Users/Henrik/Desktop/activator-1.3.2-minimal/testApp/, , Project: ProjectReference(file:/C:/Users/Henrik/Desktop/activator-1.3.2-minimal/testApp/,root))),true,None)
Sending msg to client play-fork-run-c51bc121-aed8-4313-819b-acf9489d77f1: TaskStarted(13,454,Some(AttributeKey[sbt.IvySbt$Module]("ivyModule") in Scope(Build: file:/C:/Users/Henrik/Desktop/activator-1.3.2-minimal/testApp/, , Project: ProjectReference(file:/C:/Users/Henrik/Desktop/activator-1.3.2-minimal/testApp/,root))))
Sending msg to client play-fork-run-c51bc121-aed8-4313-819b-acf9489d77f1: TaskFinished(13,454,Some(AttributeKey[sbt.IvySbt$Module]("ivyModule") in Scope(Build: file:/C:/Users/Henrik/Desktop/activator-1.3.2-minimal/testApp/, , Project: ProjectReference(file:/C:/Users/Henrik/Desktop/activator-1.3.2-minimal/testApp/,root))),true,None)
Sending msg to client play-fork-run-c51bc121-aed8-4313-819b-acf9489d77f1: TaskStarted(13,443,Some(AttributeKey[sbt.UpdateReport]("update") in Scope(Build: file:/C:/Users/Henrik/Desktop/activator-1.3.2-minimal/testApp/, , Project: ProjectReference(file:/C:/Users/Henrik/Desktop/activator-1.3.2-minimal/testApp/,root))))
Sending msg to client play-fork-run-c51bc121-aed8-4313-819b-acf9489d77f1: TaskFinished(13,443,Some(AttributeKey[sbt.UpdateReport]("update") in Scope(Build: file:/C:/Users/Henrik/Desktop/activator-1.3.2-minimal/testApp/, , Project: ProjectReference(file:/C:/Users/Henrik/Desktop/activator-1.3.2-minimal/testApp/,root))),true,None)
Sending msg to client play-fork-run-c51bc121-aed8-4313-819b-acf9489d77f1: TaskStarted(13,442,Some(AttributeKey[sbt.UpdateReport]("update") in Scope(Build: file:/C:/Users/Henrik/Desktop/activator-1.3.2-minimal/testApp/, , Project: ProjectReference(file:/C:/Users/Henrik/Desktop/activator-1.3.2-minimal/testApp/,root))))
Sending msg to client play-fork-run-c51bc121-aed8-4313-819b-acf9489d77f1: TaskFinished(13,442,Some(AttributeKey[sbt.UpdateReport]("update") in Scope(Build: file:/C:/Users/Henrik/Desktop/activator-1.3.2-minimal/testApp/, , Project: ProjectReference(file:/C:/Users/Henrik/Desktop/activator-1.3.2-minimal/testApp/,root))),true,None)
Sending msg to client play-fork-run-c51bc121-aed8-4313-819b-acf9489d77f1: TaskStarted(13,441,Some(AttributeKey[scala.collection.Seq[sbt.Attributed[java.io.File]]]("managedClasspath") in Scope(Build: file:/C:/Users/Henrik/Desktop/activator-1.3.2-minimal/testApp/, , Project: ProjectReference(file:/C:/Users/Henrik/Desktop/activator-1.3.2-minimal/testApp/,root), Config: docs)))
Sending msg to client play-fork-run-c51bc121-aed8-4313-819b-acf9489d77f1: TaskStarted(13,490,Some(AttributeKey[sbt.Configuration]("classpathConfiguration") in Scope(Build: file:/C:/Users/Henrik/Desktop/activator-1.3.2-minimal/testApp/, , Project: ProjectReference(file:/C:/Users/Henrik/Desktop/activator-1.3.2-minimal/testApp/,root), Config: compile)))
Sending msg to client play-fork-run-c51bc121-aed8-4313-819b-acf9489d77f1: TaskFinished(13,490,Some(AttributeKey[sbt.Configuration]("classpathConfiguration") in Scope(Build: file:/C:/Users/Henrik/Desktop/activator-1.3.2-minimal/testApp/, , Project: ProjectReference(file:/C:/Users/Henrik/Desktop/activator-1.3.2-minimal/testApp/,root), Config: compile)),true,None)
Sending msg to client play-fork-run-c51bc121-aed8-4313-819b-acf9489d77f1: TaskStarted(13,489,None)
Sending msg to client play-fork-run-c51bc121-aed8-4313-819b-acf9489d77f1: TaskFinished(13,489,None,true,None)
Sending msg to client play-fork-run-c51bc121-aed8-4313-819b-acf9489d77f1: TaskStarted(13,488,Some(AttributeKey[sbt.Configuration]("classpathConfiguration") in Scope(Build: file:/C:/Users/Henrik/Desktop/activator-1.3.2-minimal/testApp/, , Project: ProjectReference(file:/C:/Users/Henrik/Desktop/activator-1.3.2-minimal/testApp/,root), Config: runtime)))
Sending msg to client play-fork-run-c51bc121-aed8-4313-819b-acf9489d77f1: TaskFinished(13,441,Some(AttributeKey[scala.collection.Seq[sbt.Attributed[java.io.File]]]("managedClasspath") in Scope(Build: file:/C:/Users/Henrik/Desktop/activator-1.3.2-minimal/testApp/, , Project: ProjectReference(file:/C:/Users/Henrik/Desktop/activator-1.3.2-minimal/testApp/,root), Config: docs)),true,None)
Sending msg to client play-fork-run-c51bc121-aed8-4313-819b-acf9489d77f1: TaskFinished(13,488,Some(AttributeKey[sbt.Configuration]("classpathConfiguration") in Scope(Build: file:/C:/Users/Henrik/Desktop/activator-1.3.2-minimal/testApp/, , Project: ProjectReference(file:/C:/Users/Henrik/Desktop/activator-1.3.2-minimal/testApp/,root), Config: runtime)),true,None)
Sending msg to client play-fork-run-c51bc121-aed8-4313-819b-acf9489d77f1: TaskStarted(13,487,None)
Sending msg to client play-fork-run-c51bc121-aed8-4313-819b-acf9489d77f1: TaskFinished(13,487,None,true,None)
Sending msg to client play-fork-run-c51bc121-aed8-4313-819b-acf9489d77f1: TaskStarted(13,485,Some(AttributeKey[scala.collection.Seq[sbt.Attributed[java.io.File]]]("managedClasspath") in Scope(Build: file:/C:/Users/Henrik/Desktop/activator-1.3.2-minimal/testApp/, , Project: ProjectReference(file:/C:/Users/Henrik/Desktop/activator-1.3.2-minimal/testApp/,root), Config: runtime)))
Sending msg to client play-fork-run-c51bc121-aed8-4313-819b-acf9489d77f1: TaskFinished(13,485,Some(AttributeKey[scala.collection.Seq[sbt.Attributed[java.io.File]]]("managedClasspath") in Scope(Build: file:/C:/Users/Henrik/Desktop/activator-1.3.2-minimal/testApp/, , Project: ProjectReference(file:/C:/Users/Henrik/Desktop/activator-1.3.2-minimal/testApp/,root), Config: runtime)),true,None)
Sending msg to client play-fork-run-c51bc121-aed8-4313-819b-acf9489d77f1: TaskStarted(13,484,None)
Sending msg to client play-fork-run-c51bc121-aed8-4313-819b-acf9489d77f1: TaskFinished(13,484,None,true,None)
Sending msg to client play-fork-run-c51bc121-aed8-4313-819b-acf9489d77f1: TaskStarted(13,483,Some(AttributeKey[scala.collection.Seq[sbt.Attributed[java.io.File]]]("playDependencyClasspath") in Scope(Build: file:/C:/Users/Henrik/Desktop/activator-1.3.2-minimal/testApp/, , Project: ProjectReference(file:/C:/Users/Henrik/Desktop/activator-1.3.2-minimal/testApp/,root))))
Sending msg to client play-fork-run-c51bc121-aed8-4313-819b-acf9489d77f1: TaskFinished(13,483,Some(AttributeKey[scala.collection.Seq[sbt.Attributed[java.io.File]]]("playDependencyClasspath") in Scope(Build: file:/C:/Users/Henrik/Desktop/activator-1.3.2-minimal/testApp/, , Project: ProjectReference(file:/C:/Users/Henrik/Desktop/activator-1.3.2-minimal/testApp/,root))),true,None)
Sending msg to client play-fork-run-c51bc121-aed8-4313-819b-acf9489d77f1: TaskStarted(13,438,Some(AttributeKey[play.forkrun.protocol.ForkConfig]("playForkConfig") in Scope(Build: file:/C:/Users/Henrik/Desktop/activator-1.3.2-minimal/testApp/, , Project: ProjectReference(file:/C:/Users/Henrik/Desktop/activator-1.3.2-minimal/testApp/,root))))
Sending msg to client play-fork-run-c51bc121-aed8-4313-819b-acf9489d77f1: TaskFinished(13,438,Some(AttributeKey[play.forkrun.protocol.ForkConfig]("playForkConfig") in Scope(Build: file:/C:/Users/Henrik/Desktop/activator-1.3.2-minimal/testApp/, , Project: ProjectReference(file:/C:/Users/Henrik/Desktop/activator-1.3.2-minimal/testApp/,root))),true,None)
Sending msg to client play-fork-run-c51bc121-aed8-4313-819b-acf9489d77f1: ValueChanged(AttributeKey[play.forkrun.protocol.ForkConfig]("playForkConfig") in Scope(Build: file:/C:/Users/Henrik/Desktop/activator-1.3.2-minimal/testApp/, , Project: ProjectReference(file:/C:/Users/Henrik/Desktop/activator-1.3.2-minimal/testApp/,root)),TaskSuccess(BuildValue(LazyValue(ForkConfig(C:\Users\Henrik\Desktop\activator-1.3.2-minimal\testApp,List(),List(C:\Users\Henrik\.ivy2\cache\org.scala-lang\scala-library\jars\scala-library-2.11.1.jar, C:\Users\Henrik\.ivy2\cache\com.typesafe.play\twirl-api_2.11\jars\twirl-api_2.11-1.0.2.jar, C:\Users\Henrik\.ivy2\cache\org.apache.commons\commons-lang3\jars\commons-lang3-3.1.jar, C:\Users\Henrik\.ivy2\cache\org.scala-lang.modules\scala-xml_2.11\bundles\scala-xml_2.11-1.0.1.jar, C:\Users\Henrik\.ivy2\cache\com.typesafe.play\play_2.11\jars\play_2.11-2.3.8.jar, C:\Users\Henrik\.ivy2\cache\com.typesafe.play\build-link\jars\build-link-2.3.8.jar, C:\Users\Henrik\.ivy2\cache\com.typesafe.play\play-exceptions\jars\play-exceptions-2.3.8.jar, C:\Users\Henrik\.ivy2\cache\com.typesafe.play\play-iteratees_2.11\jars\play-iteratees_2.11-2.3.8.jar, C:\Users\Henrik\.ivy2\cache\org.scala-stm\scala-stm_2.11\jars\scala-stm_2.11-0.7.jar, C:\Users\Henrik\.ivy2\cache\com.typesafe\config\bundles\config-1.2.1.jar, C:\Users\Henrik\.ivy2\cache\com.typesafe.play\play-json_2.11\jars\play-json_2.11-2.3.8.jar, C:\Users\Henrik\.ivy2\cache\com.typesafe.play\play-functional_2.11\jars\play-functional_2.11-2.3.8.jar, C:\Users\Henrik\.ivy2\cache\com.typesafe.play\play-datacommons_2.11\jars\play-datacommons_2.11-2.3.8.jar, C:\Users\Henrik\.ivy2\cache\joda-time\joda-time\jars\joda-time-2.3.jar, C:\Users\Henrik\.ivy2\cache\org.joda\joda-convert\jars\joda-convert-1.6.jar, C:\Users\Henrik\.ivy2\cache\com.fasterxml.jackson.core\jackson-annotations\bundles\jackson-annotations-2.3.2.jar, C:\Users\Henrik\.ivy2\cache\com.fasterxml.jackson.core\jackson-core\bundles\jackson-core-2.3.2.jar, C:\Users\Henrik\.ivy2\cache\com.fasterxml.jackson.core\jackson-databind\bundles\jackson-databind-2.3.2.jar, C:\Users\Henrik\.ivy2\cache\org.scala-lang\scala-reflect\jars\scala-reflect-2.11.1.jar, C:\Users\Henrik\.ivy2\cache\org.scala-lang.modules\scala-parser-combinators_2.11\bundles\scala-parser-combinators_2.11-1.0.1.jar, C:\Users\Henrik\.ivy2\cache\io.netty\netty\bundles\netty-3.9.3.Final.jar, C:\Users\Henrik\.ivy2\cache\com.typesafe.netty\netty-http-pipelining\jars\netty-http-pipelining-1.1.2.jar, C:\Users\Henrik\.ivy2\cache\org.slf4j\slf4j-api\jars\slf4j-api-1.7.6.jar, C:\Users\Henrik\.ivy2\cache\org.slf4j\jul-to-slf4j\jars\jul-to-slf4j-1.7.6.jar, C:\Users\Henrik\.ivy2\cache\org.slf4j\jcl-over-slf4j\jars\jcl-over-slf4j-1.7.6.jar, C:\Users\Henrik\.ivy2\cache\ch.qos.logback\logback-core\jars\logback-core-1.1.1.jar, C:\Users\Henrik\.ivy2\cache\ch.qos.logback\logback-classic\jars\logback-classic-1.1.1.jar, C:\Users\Henrik\.ivy2\cache\com.typesafe.akka\akka-actor_2.11\jars\akka-actor_2.11-2.3.4.jar, C:\Users\Henrik\.ivy2\cache\com.typesafe.akka\akka-slf4j_2.11\jars\akka-slf4j_2.11-2.3.4.jar, C:\Users\Henrik\.ivy2\cache\commons-codec\commons-codec\jars\commons-codec-1.9.jar, C:\Users\Henrik\.ivy2\cache\xerces\xercesImpl\jars\xercesImpl-2.11.0.jar, C:\Users\Henrik\.ivy2\cache\xml-apis\xml-apis\jars\xml-apis-1.4.01.jar, C:\Users\Henrik\.ivy2\cache\javax.transaction\jta\jars\jta-1.1.jar, C:\Users\Henrik\.ivy2\cache\com.typesafe.play\play-java_2.11\jars\play-java_2.11-2.3.8.jar, C:\Users\Henrik\.ivy2\cache\org.yaml\snakeyaml\bundles\snakeyaml-1.13.jar, C:\Users\Henrik\.ivy2\cache\org.hibernate\hibernate-validator\jars\hibernate-validator-5.0.3.Final.jar, C:\Users\Henrik\.ivy2\cache\javax.validation\validation-api\jars\validation-api-1.1.0.Final.jar, C:\Users\Henrik\.ivy2\cache\com.fasterxml\classmate\bundles\classmate-1.0.0.jar, C:\Users\Henrik\.ivy2\cache\org.jboss.logging\jboss-logging\jars\jboss-logging-3.2.0.Final.jar, C:\Users\Henrik\.ivy2\cache\org.springframework\spring-context\jars\spring-context-4.0.3.RELEASE.jar, C:\Users\Henrik\.ivy2\cache\org.springframework\spring-core\jars\spring-core-4.0.3.RELEASE.jar, C:\Users\Henrik\.ivy2\cache\org.springframework\spring-beans\jars\spring-beans-4.0.3.RELEASE.jar, C:\Users\Henrik\.ivy2\cache\org.javassist\javassist\bundles\javassist-3.19.0-GA.jar, C:\Users\Henrik\.ivy2\cache\org.reflections\reflections\jars\reflections-0.9.8.jar, C:\Users\Henrik\.ivy2\cache\com.google.guava\guava\bundles\guava-16.0.1.jar, C:\Users\Henrik\.ivy2\cache\dom4j\dom4j\jars\dom4j-1.6.1.jar, C:\Users\Henrik\.ivy2\cache\com.google.code.findbugs\jsr305\jars\jsr305-2.0.3.jar, C:\Users\Henrik\.ivy2\cache\org.apache.tomcat\tomcat-servlet-api\jars\tomcat-servlet-api-8.0.5.jar, C:\Users\Henrik\.ivy2\cache\mysql\mysql-connector-java\jars\mysql-connector-java-5.1.27.jar, C:\Users\Henrik\.ivy2\cache\com.typesafe.play\play-java-jdbc_2.11\jars\play-java-jdbc_2.11-2.3.8.jar, C:\Users\Henrik\.ivy2\cache\com.typesafe.play\play-jdbc_2.11\jars\play-jdbc_2.11-2.3.8.jar, C:\Users\Henrik\.ivy2\cache\com.jolbox\bonecp\bundles\bonecp-0.8.0.RELEASE.jar, C:\Users\Henrik\.ivy2\cache\com.h2database\h2\jars\h2-1.3.175.jar, C:\Users\Henrik\.ivy2\cache\tyrex\tyrex\jars\tyrex-1.0.1.jar, C:\Users\Henrik\.ivy2\cache\com.typesafe.play\play-java-ebean_2.11\jars\play-java-ebean_2.11-2.3.8.jar, C:\Users\Henrik\.ivy2\cache\org.avaje.ebeanorm\avaje-ebeanorm\jars\avaje-ebeanorm-3.3.4.jar, C:\Users\Henrik\.ivy2\cache\org.avaje.ebeanorm\avaje-ebeanorm-agent\jars\avaje-ebeanorm-agent-3.2.2.jar, C:\Users\Henrik\.ivy2\cache\org.hibernate.javax.persistence\hibernate-jpa-2.0-api\jars\hibernate-jpa-2.0-api-1.0.1.Final.jar, C:\Users\Henrik\.ivy2\cache\com.typesafe.play\play-cache_2.11\jars\play-cache_2.11-2.3.8.jar, C:\Users\Henrik\.ivy2\cache\net.sf.ehcache\ehcache-core\jars\ehcache-core-2.6.8.jar, C:\Users\Henrik\.ivy2\cache\com.typesafe.play\play-java-ws_2.11\jars\play-java-ws_2.11-2.3.8.jar, C:\Users\Henrik\.ivy2\cache\com.typesafe.play\play-ws_2.11\jars\play-ws_2.11-2.3.8.jar, C:\Users\Henrik\.ivy2\cache\com.ning\async-http-client\jars\async-http-client-1.8.15.jar, C:\Users\Henrik\.ivy2\cache\oauth.signpost\signpost-core\jars\signpost-core-1.2.1.2.jar, C:\Users\Henrik\.ivy2\cache\oauth.signpost\signpost-commonshttp4\jars\signpost-commonshttp4-1.2.1.2.jar, C:\Users\Henrik\.ivy2\cache\org.apache.httpcomponents\httpcore\jars\httpcore-4.0.1.jar, C:\Users\Henrik\.ivy2\cache\org.apache.httpcomponents\httpclient\jars\httpclient-4.0.1.jar, C:\Users\Henrik\.ivy2\cache\commons-logging\commons-logging\jars\commons-logging-1.1.1.jar),List((public/,C:\Users\Henrik\Desktop\activator-1.3.2-minimal\testApp\target\web\public\main)),List(C:\Users\Henrik\.ivy2\cache\com.typesafe.play\play-docs_2.11\jars\play-docs_2.11-2.3.8.jar, C:\Users\Henrik\.ivy2\cache\org.scala-lang\scala-library\jars\scala-library-2.11.1.jar, C:\Users\Henrik\.ivy2\cache\com.typesafe.play\play_2.11\jars\play_2.11-2.3.8.jar, C:\Users\Henrik\.ivy2\cache\com.typesafe.play\build-link\jars\build-link-2.3.8.jar, C:\Users\Henrik\.ivy2\cache\com.typesafe.play\play-exceptions\jars\play-exceptions-2.3.8.jar, C:\Users\Henrik\.ivy2\cache\org.javassist\javassist\bundles\javassist-3.18.2-GA.jar, C:\Users\Henrik\.ivy2\cache\com.typesafe.play\play-iteratees_2.11\jars\play-iteratees_2.11-2.3.8.jar, C:\Users\Henrik\.ivy2\cache\org.scala-stm\scala-stm_2.11\jars\scala-stm_2.11-0.7.jar, C:\Users\Henrik\.ivy2\cache\com.typesafe\config\bundles\config-1.2.1.jar, C:\Users\Henrik\.ivy2\cache\com.typesafe.play\play-json_2.11\jars\play-json_2.11-2.3.8.jar, C:\Users\Henrik\.ivy2\cache\com.typesafe.play\play-functional_2.11\jars\play-functional_2.11-2.3.8.jar, C:\Users\Henrik\.ivy2\cache\com.typesafe.play\play-datacommons_2.11\jars\play-datacommons_2.11-2.3.8.jar, C:\Users\Henrik\.ivy2\cache\joda-time\joda-time\jars\joda-time-2.3.jar, C:\Users\Henrik\.ivy2\cache\org.joda\joda-convert\jars\joda-convert-1.6.jar, C:\Users\Henrik\.ivy2\cache\com.fasterxml.jackson.core\jackson-annotations\bundles\jackson-annotations-2.3.2.jar, C:\Users\Henrik\.ivy2\cache\com.fasterxml.jackson.core\jackson-core\bundles\jackson-core-2.3.2.jar, C:\Users\Henrik\.ivy2\cache\com.fasterxml.jackson.core\jackson-databind\bundles\jackson-databind-2.3.2.jar, C:\Users\Henrik\.ivy2\cache\org.scala-lang\scala-reflect\jars\scala-reflect-2.11.1.jar, C:\Users\Henrik\.ivy2\cache\com.typesafe.play\twirl-api_2.11\jars\twirl-api_2.11-1.0.2.jar, C:\Users\Henrik\.ivy2\cache\org.apache.commons\commons-lang3\jars\commons-lang3-3.1.jar, C:\Users\Henrik\.ivy2\cache\org.scala-lang.modules\scala-xml_2.11\bundles\scala-xml_2.11-1.0.1.jar, C:\Users\Henrik\.ivy2\cache\org.scala-lang.modules\scala-parser-combinators_2.11\bundles\scala-parser-combinators_2.11-1.0.1.jar, C:\Users\Henrik\.ivy2\cache\io.netty\netty\bundles\netty-3.9.3.Final.jar, C:\Users\Henrik\.ivy2\cache\com.typesafe.netty\netty-http-pipelining\jars\netty-http-pipelining-1.1.2.jar, C:\Users\Henrik\.ivy2\cache\org.slf4j\slf4j-api\jars\slf4j-api-1.7.6.jar, C:\Users\Henrik\.ivy2\cache\org.slf4j\jul-to-slf4j\jars\jul-to-slf4j-1.7.6.jar, C:\Users\Henrik\.ivy2\cache\org.slf4j\jcl-over-slf4j\jars\jcl-over-slf4j-1.7.6.jar, C:\Users\Henrik\.ivy2\cache\ch.qos.logback\logback-core\jars\logback-core-1.1.1.jar, C:\Users\Henrik\.ivy2\cache\ch.qos.logback\logback-classic\jars\logback-classic-1.1.1.jar, C:\Users\Henrik\.ivy2\cache\com.typesafe.akka\akka-actor_2.11\jars\akka-actor_2.11-2.3.4.jar, C:\Users\Henrik\.ivy2\cache\com.typesafe.akka\akka-slf4j_2.11\jars\akka-slf4j_2.11-2.3.4.jar, C:\Users\Henrik\.ivy2\cache\commons-codec\commons-codec\jars\commons-codec-1.9.jar, C:\Users\Henrik\.ivy2\cache\xerces\xercesImpl\jars\xercesImpl-2.11.0.jar, C:\Users\Henrik\.ivy2\cache\xml-apis\xml-apis\jars\xml-apis-1.4.01.jar, C:\Users\Henrik\.ivy2\cache\javax.transaction\jta\jars\jta-1.1.jar, C:\Users\Henrik\.ivy2\cache\com.typesafe.play\play-doc_2.11\jars\play-doc_2.11-1.1.0.jar, C:\Users\Henrik\.ivy2\cache\org.pegdown\pegdown\jars\pegdown-1.4.0.jar, C:\Users\Henrik\.ivy2\cache\org.parboiled\parboiled-java\bundles\parboiled-java-1.1.5.jar, C:\Users\Henrik\.ivy2\cache\org.parboiled\parboiled-core\bundles\parboiled-core-1.1.5.jar, C:\Users\Henrik\.ivy2\cache\org.ow2.asm\asm\jars\asm-4.1.jar, C:\Users\Henrik\.ivy2\cache\org.ow2.asm\asm-tree\jars\asm-tree-4.1.jar, C:\Users\Henrik\.ivy2\cache\org.ow2.asm\asm-analysis\jars\asm-analysis-4.1.jar, C:\Users\Henrik\.ivy2\cache\org.ow2.asm\asm-util\jars\asm-util-4.1.jar, C:\Users\Henrik\.ivy2\cache\commons-io\commons-io\jars\commons-io-2.4.jar),List(),9000,DefaultWatchService,List(C:\Users\Henrik\Desktop\activator-1.3.2-minimal\testApp\app-2.11, C:\Users\Henrik\Desktop\activator-1.3.2-minimal\testApp\app, C:\Users\Henrik\Desktop\activator-1.3.2-minimal\testApp\conf, C:\Users\Henrik\Desktop\activator-1.3.2-minimal\testApp\app\assets, C:\Users\Henrik\Desktop\activator-1.3.2-minimal\testApp\public),C:\Users\Henrik\Desktop\activator-1.3.2-minimal\testApp\target,500,root/playForkNotifyStart,root/playForkReload,300000),scala.pickling.PicklerUnpickler$DelegatingPicklerUnpickler@124906b),ForkConfig(C:\Users\Henrik\Desktop\activator-1.3.2-minimal\testApp,List(),List(C:\Users\Henrik\.ivy2\cache\org.scala-lang\scala-library\jars\scala-library-2.11.1.jar, C:\Users\Henrik\.ivy2\cache\com.typesafe.play\twirl-api_2.11\jars\twirl-api_2.11-1.0.2.jar, C:\Users\Henrik\.ivy2\cache\org.apache.commons\commons-lang3\jars\commons-lang3-3.1.jar, C:\Users\Henrik\.ivy2\cache\org.scala-lang.modules\scala-xml_2.11\bundles\scala-xml_2.11-1.0.1.jar, C:\Users\Henrik\.ivy2\cache\com.typesafe.play\play_2.11\jars\play_2.11-2.3.8.jar, C:\Users\Henrik\.ivy2\cache\com.typesafe.play\build-link\jars\build-link-2.3.8.jar, C:\Users\Henrik\.ivy2\cache\com.typesafe.play\play-exceptions\jars\play-exceptions-2.3.8.jar, C:\Users\Henrik\.ivy2\cache\com.typesafe.play\play-iteratees_2.11\jars\play-iteratees_2.11-2.3.8.jar, C:\Users\Henrik\.ivy2\cache\org.scala-stm\scala-stm_2.11\jars\scala-stm_2.11-0.7.jar, C:\Users\Henrik\.ivy2\cache\com.typesafe\config\bundles\config-1.2.1.jar, C:\Users\Henrik\.ivy2\cache\com.typesafe.play\play-json_2.11\jars\play-json_2.11-2.3.8.jar, C:\Users\Henrik\.ivy2\cache\com.typesafe.play\play-functional_2.11\jars\play-functional_2.11-2.3.8.jar, C:\Users\Henrik\.ivy2\cache\com.typesafe.play\play-datacommons_2.11\jars\play-datacommons_2.11-2.3.8.jar, C:\Users\Henrik\.ivy2\cache\joda-time\joda-time\jars\joda-time-2.3.jar, C:\Users\Henrik\.ivy2\cache\org.joda\joda-convert\jars\joda-convert-1.6.jar, C:\Users\Henrik\.ivy2\cache\com.fasterxml.jackson.core\jackson-annotations\bundles\jackson-annotations-2.3.2.jar, C:\Users\Henrik\.ivy2\cache\com.fasterxml.jackson.core\jackson-core\bundles\jackson-core-2.3.2.jar, C:\Users\Henrik\.ivy2\cache\com.fasterxml.jackson.core\jackson-databind\bundles\jackson-databind-2.3.2.jar, C:\Users\Henrik\.ivy2\cache\org.scala-lang\scala-reflect\jars\scala-reflect-2.11.1.jar, C:\Users\Henrik\.ivy2\cache\org.scala-lang.modules\scala-parser-combinators_2.11\bundles\scala-parser-combinators_2.11-1.0.1.jar, C:\Users\Henrik\.ivy2\cache\io.netty\netty\bundles\netty-3.9.3.Final.jar, C:\Users\Henrik\.ivy2\cache\com.typesafe.netty\netty-http-pipelining\jars\netty-http-pipelining-1.1.2.jar, C:\Users\Henrik\.ivy2\cache\org.slf4j\slf4j-api\jars\slf4j-api-1.7.6.jar, C:\Users\Henrik\.ivy2\cache\org.slf4j\jul-to-slf4j\jars\jul-to-slf4j-1.7.6.jar, C:\Users\Henrik\.ivy2\cache\org.slf4j\jcl-over-slf4j\jars\jcl-over-slf4j-1.7.6.jar, C:\Users\Henrik\.ivy2\cache\ch.qos.logback\logback-core\jars\logback-core-1.1.1.jar, C:\Users\Henrik\.ivy2\cache\ch.qos.logback\logback-classic\jars\logback-classic-1.1.1.jar, C:\Users\Henrik\.ivy2\cache\com.typesafe.akka\akka-actor_2.11\jars\akka-actor_2.11-2.3.4.jar, C:\Users\Henrik\.ivy2\cache\com.typesafe.akka\akka-slf4j_2.11\jars\akka-slf4j_2.11-2.3.4.jar, C:\Users\Henrik\.ivy2\cache\commons-codec\commons-codec\jars\commons-codec-1.9.jar, C:\Users\Henrik\.ivy2\cache\xerces\xercesImpl\jars\xercesImpl-2.11.0.jar, C:\Users\Henrik\.ivy2\cache\xml-apis\xml-apis\jars\xml-apis-1.4.01.jar, C:\Users\Henrik\.ivy2\cache\javax.transaction\jta\jars\jta-1.1.jar, C:\Users\Henrik\.ivy2\cache\com.typesafe.play\play-java_2.11\jars\play-java_2.11-2.3.8.jar, C:\Users\Henrik\.ivy2\cache\org.yaml\snakeyaml\bundles\snakeyaml-1.13.jar, C:\Users\Henrik\.ivy2\cache\org.hibernate\hibernate-validator\jars\hibernate-validator-5.0.3.Final.jar, C:\Users\Henrik\.ivy2\cache\javax.validation\validation-api\jars\validation-api-1.1.0.Final.jar, C:\Users\Henrik\.ivy2\cache\com.fasterxml\classmate\bundles\classmate-1.0.0.jar, C:\Users\Henrik\.ivy2\cache\org.jboss.logging\jboss-logging\jars\jboss-logging-3.2.0.Final.jar, C:\Users\Henrik\.ivy2\cache\org.springframework\spring-context\jars\spring-context-4.0.3.RELEASE.jar, C:\Users\Henrik\.ivy2\cache\org.springframework\spring-core\jars\spring-core-4.0.3.RELEASE.jar, C:\Users\Henrik\.ivy2\cache\org.springframework\spring-beans\jars\spring-beans-4.0.3.RELEASE.jar, C:\Users\Henrik\.ivy2\cache\org.javassist\javassist\bundles\javassist-3.19.0-GA.jar, C:\Users\Henrik\.ivy2\cache\org.reflections\reflections\jars\reflections-0.9.8.jar, C:\Users\Henrik\.ivy2\cache\com.google.guava\guava\bundles\guava-16.0.1.jar, C:\Users\Henrik\.ivy2\cache\dom4j\dom4j\jars\dom4j-1.6.1.jar, C:\Users\Henrik\.ivy2\cache\com.google.code.findbugs\jsr305\jars\jsr305-2.0.3.jar, C:\Users\Henrik\.ivy2\cache\org.apache.tomcat\tomcat-servlet-api\jars\tomcat-servlet-api-8.0.5.jar, C:\Users\Henrik\.ivy2\cache\mysql\mysql-connector-java\jars\mysql-connector-java-5.1.27.jar, C:\Users\Henrik\.ivy2\cache\com.typesafe.play\play-java-jdbc_2.11\jars\play-java-jdbc_2.11-2.3.8.jar, C:\Users\Henrik\.ivy2\cache\com.typesafe.play\play-jdbc_2.11\jars\play-jdbc_2.11-2.3.8.jar, C:\Users\Henrik\.ivy2\cache\com.jolbox\bonecp\bundles\bonecp-0.8.0.RELEASE.jar, C:\Users\Henrik\.ivy2\cache\com.h2database\h2\jars\h2-1.3.175.jar, C:\Users\Henrik\.ivy2\cache\tyrex\tyrex\jars\tyrex-1.0.1.jar, C:\Users\Henrik\.ivy2\cache\com.typesafe.play\play-java-ebean_2.11\jars\play-java-ebean_2.11-2.3.8.jar, C:\Users\Henrik\.ivy2\cache\org.avaje.ebeanorm\avaje-ebeanorm\jars\avaje-ebeanorm-3.3.4.jar, C:\Users\Henrik\.ivy2\cache\org.avaje.ebeanorm\avaje-ebeanorm-agent\jars\avaje-ebeanorm-agent-3.2.2.jar, C:\Users\Henrik\.ivy2\cache\org.hibernate.javax.persistence\hibernate-jpa-2.0-api\jars\hibernate-jpa-2.0-api-1.0.1.Final.jar, C:\Users\Henrik\.ivy2\cache\com.typesafe.play\play-cache_2.11\jars\play-cache_2.11-2.3.8.jar, C:\Users\Henrik\.ivy2\cache\net.sf.ehcache\ehcache-core\jars\ehcache-core-2.6.8.jar, C:\Users\Henrik\.ivy2\cache\com.typesafe.play\play-java-ws_2.11\jars\play-java-ws_2.11-2.3.8.jar, C:\Users\Henrik\.ivy2\cache\com.typesafe.play\play-ws_2.11\jars\play-ws_2.11-2.3.8.jar, C:\Users\Henrik\.ivy2\cache\com.ning\async-http-client\jars\async-http-client-1.8.15.jar, C:\Users\Henrik\.ivy2\cache\oauth.signpost\signpost-core\jars\signpost-core-1.2.1.2.jar, C:\Users\Henrik\.ivy2\cache\oauth.signpost\signpost-commonshttp4\jars\signpost-commonshttp4-1.2.1.2.jar, C:\Users\Henrik\.ivy2\cache\org.apache.httpcomponents\httpcore\jars\httpcore-4.0.1.jar, C:\Users\Henrik\.ivy2\cache\org.apache.httpcomponents\httpclient\jars\httpclient-4.0.1.jar, C:\Users\Henrik\.ivy2\cache\commons-logging\commons-logging\jars\commons-logging-1.1.1.jar),List((public/,C:\Users\Henrik\Desktop\activator-1.3.2-minimal\testApp\target\web\public\main)),List(C:\Users\Henrik\.ivy2\cache\com.typesafe.play\play-docs_2.11\jars\play-docs_2.11-2.3.8.jar, C:\Users\Henrik\.ivy2\cache\org.scala-lang\scala-library\jars\scala-library-2.11.1.jar, C:\Users\Henrik\.ivy2\cache\com.typesafe.play\play_2.11\jars\play_2.11-2.3.8.jar, C:\Users\Henrik\.ivy2\cache\com.typesafe.play\build-link\jars\build-link-2.3.8.jar, C:\Users\Henrik\.ivy2\cache\com.typesafe.play\play-exceptions\jars\play-exceptions-2.3.8.jar, C:\Users\Henrik\.ivy2\cache\org.javassist\javassist\bundles\javassist-3.18.2-GA.jar, C:\Users\Henrik\.ivy2\cache\com.typesafe.play\play-iteratees_2.11\jars\play-iteratees_2.11-2.3.8.jar, C:\Users\Henrik\.ivy2\cache\org.scala-stm\scala-stm_2.11\jars\scala-stm_2.11-0.7.jar, C:\Users\Henrik\.ivy2\cache\com.typesafe\config\bundles\config-1.2.1.jar, C:\Users\Henrik\.ivy2\cache\com.typesafe.play\play-json_2.11\jars\play-json_2.11-2.3.8.jar, C:\Users\Henrik\.ivy2\cache\com.typesafe.play\play-functional_2.11\jars\play-functional_2.11-2.3.8.jar, C:\Users\Henrik\.ivy2\cache\com.typesafe.play\play-datacommons_2.11\jars\play-datacommons_2.11-2.3.8.jar, C:\Users\Henrik\.ivy2\cache\joda-time\joda-time\jars\joda-time-2.3.jar, C:\Users\Henrik\.ivy2\cache\org.joda\joda-convert\jars\joda-convert-1.6.jar, C:\Users\Henrik\.ivy2\cache\com.fasterxml.jackson.core\jackson-annotations\bundles\jackson-annotations-2.3.2.jar, C:\Users\Henrik\.ivy2\cache\com.fasterxml.jackson.core\jackson-core\bundles\jackson-core-2.3.2.jar, C:\Users\Henrik\.ivy2\cache\com.fasterxml.jackson.core\jackson-databind\bundles\jackson-databind-2.3.2.jar, C:\Users\Henrik\.ivy2\cache\org.scala-lang\scala-reflect\jars\scala-reflect-2.11.1.jar, C:\Users\Henrik\.ivy2\cache\com.typesafe.play\twirl-api_2.11\jars\twirl-api_2.11-1.0.2.jar, C:\Users\Henrik\.ivy2\cache\org.apache.commons\commons-lang3\jars\commons-lang3-3.1.jar, C:\Users\Henrik\.ivy2\cache\org.scala-lang.modules\scala-xml_2.11\bundles\scala-xml_2.11-1.0.1.jar, C:\Users\Henrik\.ivy2\cache\org.scala-lang.modules\scala-parser-combinators_2.11\bundles\scala-parser-combinators_2.11-1.0.1.jar, C:\Users\Henrik\.ivy2\cache\io.netty\netty\bundles\netty-3.9.3.Final.jar, C:\Users\Henrik\.ivy2\cache\com.typesafe.netty\netty-http-pipelining\jars\netty-http-pipelining-1.1.2.jar, C:\Users\Henrik\.ivy2\cache\org.slf4j\slf4j-api\jars\slf4j-api-1.7.6.jar, C:\Users\Henrik\.ivy2\cache\org.slf4j\jul-to-slf4j\jars\jul-to-slf4j-1.7.6.jar, C:\Users\Henrik\.ivy2\cache\org.slf4j\jcl-over-slf4j\jars\jcl-over-slf4j-1.7.6.jar, C:\Users\Henrik\.ivy2\cache\ch.qos.logback\logback-core\jars\logback-core-1.1.1.jar, C:\Users\Henrik\.ivy2\cache\ch.qos.logback\logback-classic\jars\logback-classic-1.1.1.jar, C:\Users\Henrik\.ivy2\cache\com.typesafe.akka\akka-actor_2.11\jars\akka-actor_2.11-2.3.4.jar, C:\Users\Henrik\.ivy2\cache\com.typesafe.akka\akka-slf4j_2.11\jars\akka-slf4j_2.11-2.3.4.jar, C:\Users\Henrik\.ivy2\cache\commons-codec\commons-codec\jars\commons-codec-1.9.jar, C:\Users\Henrik\.ivy2\cache\xerces\xercesImpl\jars\xercesImpl-2.11.0.jar, C:\Users\Henrik\.ivy2\cache\xml-apis\xml-apis\jars\xml-apis-1.4.01.jar, C:\Users\Henrik\.ivy2\cache\javax.transaction\jta\jars\jta-1.1.jar, C:\Users\Henrik\.ivy2\cache\com.typesafe.play\play-doc_2.11\jars\play-doc_2.11-1.1.0.jar, C:\Users\Henrik\.ivy2\cache\org.pegdown\pegdown\jars\pegdown-1.4.0.jar, C:\Users\Henrik\.ivy2\cache\org.parboiled\parboiled-java\bundles\parboiled-java-1.1.5.jar, C:\Users\Henrik\.ivy2\cache\org.parboiled\parboiled-core\bundles\parboiled-core-1.1.5.jar, C:\Users\Henrik\.ivy2\cache\org.ow2.asm\asm\jars\asm-4.1.jar, C:\Users\Henrik\.ivy2\cache\org.ow2.asm\asm-tree\jars\asm-tree-4.1.jar, C:\Users\Henrik\.ivy2\cache\org.ow2.asm\asm-analysis\jars\asm-analysis-4.1.jar, C:\Users\Henrik\.ivy2\cache\org.ow2.asm\asm-util\jars\asm-util-4.1.jar, C:\Users\Henrik\.ivy2\cache\commons-io\commons-io\jars\commons-io-2.4.jar),List(),9000,DefaultWatchService,List(C:\Users\Henrik\Desktop\activator-1.3.2-minimal\testApp\app-2.11, C:\Users\Henrik\Desktop\activator-1.3.2-minimal\testApp\app, C:\Users\Henrik\Desktop\activator-1.3.2-minimal\testApp\conf, C:\Users\Henrik\Desktop\activator-1.3.2-minimal\testApp\app\assets, C:\Users\Henrik\Desktop\activator-1.3.2-minimal\testApp\public),C:\Users\Henrik\Desktop\activator-1.3.2-minimal\testApp\target,500,root/playForkNotifyStart,root/playForkReload,300000))))
Sending msg to client play-fork-run-c51bc121-aed8-4313-819b-acf9489d77f1: TaskStarted(13,437,None)
Sending msg to client play-fork-run-c51bc121-aed8-4313-819b-acf9489d77f1: TaskFinished(13,437,None,true,None)
Sending msg to client play-fork-run-c51bc121-aed8-4313-819b-acf9489d77f1: TaskStarted(13,436,None)
Sending msg to client play-fork-run-c51bc121-aed8-4313-819b-acf9489d77f1: TaskFinished(13,436,None,true,None)
Sending msg to client play-fork-run-c51bc121-aed8-4313-819b-acf9489d77f1: DetachedLogEvent(LogMessage(debug,cancel strategy finish enabled=false lastCommand=Some(LastCommand(CommandExecutionWork(ExecutionId(13),{file:/C:/Users/Henrik/Desktop/activator-1.3.2-minimal/testApp/}root/*:playForkConfig,Set(LiveClient(play-fork-run c51bc121-aed8-4313-819b-acf9489d77f1)),sbt.server.WorkCancellationStatus$$anon$1@1df587d)))))
Sending msg to client play-fork-run-c51bc121-aed8-4313-819b-acf9489d77f1: DetachedLogEvent(LogSuccess(Total time: 0 s, completed 2015-apr-21 16:41:14))
Sending msg to client play-fork-run-c51bc121-aed8-4313-819b-acf9489d77f1: DetachedLogEvent(LogMessage(debug,> server-post-command-cleanup))
Sending msg to client play-fork-run-c51bc121-aed8-4313-819b-acf9489d77f1: ExecutionSuccess(13)
Sending msg to client play-fork-run-c51bc121-aed8-4313-819b-acf9489d77f1: DetachedLogEvent(LogMessage(debug,> server-handle-next-server-request))
Sending msg to client play-fork-run-c51bc121-aed8-4313-819b-acf9489d77f1: BackgroundJobLogEvent(1,LogMessage(info,))
Sending msg to client play-fork-run-c51bc121-aed8-4313-819b-acf9489d77f1: BackgroundJobLogEvent(1,LogMessage(info,--- (Running the application, auto-reloading is enabled) ---))
Sending msg to client play-fork-run-c51bc121-aed8-4313-819b-acf9489d77f1: BackgroundJobLogEvent(1,LogMessage(info,))
Sending msg to client play-fork-run-c51bc121-aed8-4313-819b-acf9489d77f1: BackgroundJobLogEvent(1,LogMessage(info,play - Listening for HTTP on /0:0:0:0:0:0:0:0:9000))
Sending msg to client play-fork-run-c51bc121-aed8-4313-819b-acf9489d77f1: BackgroundJobLogEvent(1,LogMessage(info,))
Sending msg to client play-fork-run-c51bc121-aed8-4313-819b-acf9489d77f1: BackgroundJobLogEvent(1,LogMessage(info,(Server started, use Ctrl+D to stop and go back to the console...)))
Sending msg to client play-fork-run-c51bc121-aed8-4313-819b-acf9489d77f1: BackgroundJobLogEvent(1,LogMessage(info,))
Got request: ExecutionRequest(root/playForkNotifyStart http://localhost:9000)
Reading next message from client.
Sending msg to client play-fork-run-c51bc121-aed8-4313-819b-acf9489d77f1: (8,ExecutionRequestReceived(14))
Sending msg to client play-fork-run-c51bc121-aed8-4313-819b-acf9489d77f1: ExecutionWaiting(14,root/playForkNotifyStart http://localhost:9000,ClientInfo(c51bc121-aed8-4313-819b-acf9489d77f1,play-fork-run,Play Fork Run,1,Vector()))
Sending msg to client play-fork-run-c51bc121-aed8-4313-819b-acf9489d77f1: ExecutionStarting(14)
Sending msg to client play-fork-run-c51bc121-aed8-4313-819b-acf9489d77f1: DetachedLogEvent(LogMessage(debug,> root/playForkNotifyStart http://localhost:9000))
Sending msg to client play-fork-run-c51bc121-aed8-4313-819b-acf9489d77f1: DetachedLogEvent(LogMessage(debug,Evaluating tasks: *:playForkNotifyStart))
Sending msg to client play-fork-run-c51bc121-aed8-4313-819b-acf9489d77f1: DetachedLogEvent(LogMessage(debug,Running task... Cancel: sbt.server.ServerTaskCancellation@1538966, check cycles: false))
Sending msg to client play-fork-run-c51bc121-aed8-4313-819b-acf9489d77f1: DetachedLogEvent(LogMessage(debug,cancel strategy start enabled=true lastCommand=Some(LastCommand(CommandExecutionWork(ExecutionId(14),root/playForkNotifyStart http://localhost:9000,Set(LiveClient(play-fork-run c51bc121-aed8-4313-819b-acf9489d77f1)),sbt.server.WorkCancellationStatus$$anon$1@111b958)))))
Sending msg to client play-fork-run-c51bc121-aed8-4313-819b-acf9489d77f1: TaskStarted(14,515,Some(AttributeKey[sbt.SendEventService]("sendEventService") in Scope(Global)))
Sending msg to client play-fork-run-c51bc121-aed8-4313-819b-acf9489d77f1: TaskFinished(14,515,Some(AttributeKey[sbt.SendEventService]("sendEventService") in Scope(Global)),true,None)
Sending msg to client play-fork-run-c51bc121-aed8-4313-819b-acf9489d77f1: TaskStarted(14,514,Some(AttributeKey[scala.Function1[java.lang.String,void]]("playForkStarted") in Scope(Build: file:/C:/Users/Henrik/Desktop/activator-1.3.2-minimal/testApp/, , Project: ProjectReference(file:/C:/Users/Henrik/Desktop/activator-1.3.2-minimal/testApp/,root))))
Sending msg to client play-fork-run-c51bc121-aed8-4313-819b-acf9489d77f1: TaskFinished(14,514,Some(AttributeKey[scala.Function1[java.lang.String,void]]("playForkStarted") in Scope(Build: file:/C:/Users/Henrik/Desktop/activator-1.3.2-minimal/testApp/, , Project: ProjectReference(file:/C:/Users/Henrik/Desktop/activator-1.3.2-minimal/testApp/,root))),true,None)
Sending msg to client play-fork-run-c51bc121-aed8-4313-819b-acf9489d77f1: TaskStarted(14,513,Some(AttributeKey[void]("playForkNotifyStart") in Scope(Build: file:/C:/Users/Henrik/Desktop/activator-1.3.2-minimal/testApp/, , Project: ProjectReference(file:/C:/Users/Henrik/Desktop/activator-1.3.2-minimal/testApp/,root))))
Sending msg to client play-fork-run-c51bc121-aed8-4313-819b-acf9489d77f1: TaskEvent(513,LazyValue(PlayServerStarted(http://localhost:9000),play.forkrun.protocol.Serializers$PlayForkrunProtocolPlayServerStartedPickler1$2$@2bb869))
Sending msg to client play-fork-run-c51bc121-aed8-4313-819b-acf9489d77f1: TaskFinished(14,513,Some(AttributeKey[void]("playForkNotifyStart") in Scope(Build: file:/C:/Users/Henrik/Desktop/activator-1.3.2-minimal/testApp/, , Project: ProjectReference(file:/C:/Users/Henrik/Desktop/activator-1.3.2-minimal/testApp/,root))),true,None)
Sending msg to client play-fork-run-c51bc121-aed8-4313-819b-acf9489d77f1: TaskStarted(14,512,None)
Sending msg to client play-fork-run-c51bc121-aed8-4313-819b-acf9489d77f1: TaskFinished(14,512,None,true,None)
Sending msg to client play-fork-run-c51bc121-aed8-4313-819b-acf9489d77f1: TaskStarted(14,511,None)
Sending msg to client play-fork-run-c51bc121-aed8-4313-819b-acf9489d77f1: TaskFinished(14,511,None,true,None)
Sending msg to client play-fork-run-c51bc121-aed8-4313-819b-acf9489d77f1: DetachedLogEvent(LogMessage(debug,cancel strategy finish enabled=false lastCommand=Some(LastCommand(CommandExecutionWork(ExecutionId(14),root/playForkNotifyStart http://localhost:9000,Set(LiveClient(play-fork-run c51bc121-aed8-4313-819b-acf9489d77f1)),sbt.server.WorkCancellationStatus$$anon$1@111b958)))))
Sending msg to client play-fork-run-c51bc121-aed8-4313-819b-acf9489d77f1: DetachedLogEvent(LogSuccess(Total time: 0 s, completed 2015-apr-21 16:41:15))
Sending msg to client play-fork-run-c51bc121-aed8-4313-819b-acf9489d77f1: DetachedLogEvent(LogMessage(debug,> server-post-command-cleanup))
Sending msg to client play-fork-run-c51bc121-aed8-4313-819b-acf9489d77f1: ExecutionSuccess(14)
Sending msg to client play-fork-run-c51bc121-aed8-4313-819b-acf9489d77f1: DetachedLogEvent(LogMessage(debug,> server-handle-next-server-request))
Sending msg to client play-fork-run-c51bc121-aed8-4313-819b-acf9489d77f1: ExecutionWaiting(15,jobStop 1,ClientInfo(b6de188b-037b-4e00-a9d6-3b5d6197eb24,activator,Activator,1,Vector()))
Sending msg to client play-fork-run-c51bc121-aed8-4313-819b-acf9489d77f1: ExecutionStarting(15)
Sending msg to client play-fork-run-c51bc121-aed8-4313-819b-acf9489d77f1: DetachedLogEvent(LogMessage(debug,> jobStop 1))
Sending msg to client play-fork-run-c51bc121-aed8-4313-819b-acf9489d77f1: DetachedLogEvent(LogMessage(debug,Evaluating tasks: *:jobStop))
Sending msg to client play-fork-run-c51bc121-aed8-4313-819b-acf9489d77f1: DetachedLogEvent(LogMessage(debug,Running task... Cancel: sbt.server.ServerTaskCancellation@195c82b, check cycles: false))
Sending msg to client play-fork-run-c51bc121-aed8-4313-819b-acf9489d77f1: DetachedLogEvent(LogMessage(debug,cancel strategy start enabled=true lastCommand=Some(LastCommand(CommandExecutionWork(ExecutionId(15),jobStop 1,Set(LiveClient(activator b6de188b-037b-4e00-a9d6-3b5d6197eb24)),sbt.server.WorkCancellationStatus$$anon$1@1d87e81)))))
Sending msg to client play-fork-run-c51bc121-aed8-4313-819b-acf9489d77f1: TaskStarted(15,518,Some(AttributeKey[void]("jobStop") in Scope(Global)))
Sending msg to client play-fork-run-c51bc121-aed8-4313-819b-acf9489d77f1: TaskFinished(15,518,Some(AttributeKey[void]("jobStop") in Scope(Global)),true,None)
Sending msg to client play-fork-run-c51bc121-aed8-4313-819b-acf9489d77f1: BackgroundJobLogEvent(1,LogMessage(info,Stopping Play fork run ...))
Sending msg to client play-fork-run-c51bc121-aed8-4313-819b-acf9489d77f1: TaskStarted(15,517,None)
Sending msg to client play-fork-run-c51bc121-aed8-4313-819b-acf9489d77f1: TaskFinished(15,517,None,true,None)
Sending msg to client play-fork-run-c51bc121-aed8-4313-819b-acf9489d77f1: TaskStarted(15,516,None)
Sending msg to client play-fork-run-c51bc121-aed8-4313-819b-acf9489d77f1: TaskFinished(15,516,None,true,None)
Sending msg to client play-fork-run-c51bc121-aed8-4313-819b-acf9489d77f1: DetachedLogEvent(LogMessage(debug,cancel strategy finish enabled=false lastCommand=Some(LastCommand(CommandExecutionWork(ExecutionId(15),jobStop 1,Set(LiveClient(activator b6de188b-037b-4e00-a9d6-3b5d6197eb24)),sbt.server.WorkCancellationStatus$$anon$1@1d87e81)))))
Sending msg to client play-fork-run-c51bc121-aed8-4313-819b-acf9489d77f1: DetachedLogEvent(LogSuccess(Total time: 0 s, completed 2015-apr-21 16:41:34))
Sending msg to client play-fork-run-c51bc121-aed8-4313-819b-acf9489d77f1: DetachedLogEvent(LogMessage(debug,> server-post-command-cleanup))
Sending msg to client play-fork-run-c51bc121-aed8-4313-819b-acf9489d77f1: ExecutionSuccess(15)
Sending msg to client play-fork-run-c51bc121-aed8-4313-819b-acf9489d77f1: DetachedLogEvent(LogMessage(debug,> server-handle-next-server-request))
Got request: UnlistenToEvents()
Reading next message from client.
Sending msg to client play-fork-run-c51bc121-aed8-4313-819b-acf9489d77f1: (9,ReceivedResponse())
Got request: UnlistenToValue(AttributeKey[play.forkrun.protocol.ForkConfig]("playForkConfig") in Scope(Build: file:/C:/Users/Henrik/Desktop/activator-1.3.2-minimal/testApp/, , Project: ProjectReference(file:/C:/Users/Henrik/Desktop/activator-1.3.2-minimal/testApp/,root)))
Reading next message from client.
Client play-fork-run-c51bc121-aed8-4313-819b-acf9489d77f1 EOF, shutting down.
Stopping client.
Client play-fork-run-c51bc121-aed8-4313-819b-acf9489d77f1 thread exiting.
Dropping message (10,ReceivedResponse()) to dead client play-fork-run-c51bc121-aed8-4313-819b-acf9489d77f1
Dropping message (0,ReceivedResponse()) to dead client play-fork-run-c51bc121-aed8-4313-819b-acf9489d77f1
