New log file opened at Wed Apr 22 15:14:52 CEST 2015 by 9632@Henrik-Dator
Sending msg to client play-fork-run-8e5cd4fa-ffa7-4879-8ddf-d63d870ae05c: DetachedLogEvent(LogMessage(debug,sbt server socket logs are in: C:\Users\Henrik\Desktop\activator-1.3.2-minimal\testApp\.sbtserver\connections\master.log))
Sending msg to client play-fork-run-8e5cd4fa-ffa7-4879-8ddf-d63d870ae05c: DetachedLogEvent(LogMessage(debug,sbt client logs are in: C:\Users\Henrik\Desktop\activator-1.3.2-minimal\testApp\.sbtserver\connections\play-fork-run-8e5cd4fa-ffa7-4879-8ddf-d63d870ae05c.log))
Sending msg to client play-fork-run-8e5cd4fa-ffa7-4879-8ddf-d63d870ae05c: DetachedLogEvent(LogMessage(debug,sbt general server logs are in: C:\Users\Henrik\Desktop\activator-1.3.2-minimal\testApp\.sbtserver\master.log))
Reading next message from client.
Got request: DaemonRequest(true)
Reading next message from client.
Sending msg to client play-fork-run-8e5cd4fa-ffa7-4879-8ddf-d63d870ae05c: (3,ReceivedResponse())
Got request: ListenToEvents()
Reading next message from client.
Sending msg to client play-fork-run-8e5cd4fa-ffa7-4879-8ddf-d63d870ae05c: BackgroundJobStarted(19,BackgroundJobInfo(3,backgroundRun,AttributeKey[sbt.BackgroundJobHandle]("backgroundRun") in Scope(Build: file:/C:/Users/Henrik/Desktop/activator-1.3.2-minimal/testApp/, , Project: ProjectReference(file:/C:/Users/Henrik/Desktop/activator-1.3.2-minimal/testApp/,root), Config: compile)))
Sending msg to client play-fork-run-8e5cd4fa-ffa7-4879-8ddf-d63d870ae05c: (4,ReceivedResponse())
Got request: KeyLookupRequest(root/playForkConfig)
Reading next message from client.
Sending msg to client play-fork-run-8e5cd4fa-ffa7-4879-8ddf-d63d870ae05c: (5,KeyLookupResponse(root/playForkConfig,Vector(AttributeKey[play.forkrun.protocol.ForkConfig]("playForkConfig") in Scope(Build: file:/C:/Users/Henrik/Desktop/activator-1.3.2-minimal/testApp/, , Project: ProjectReference(file:/C:/Users/Henrik/Desktop/activator-1.3.2-minimal/testApp/,root)))))
Got request: ListenToValue(AttributeKey[play.forkrun.protocol.ForkConfig]("playForkConfig") in Scope(Build: file:/C:/Users/Henrik/Desktop/activator-1.3.2-minimal/testApp/, , Project: ProjectReference(file:/C:/Users/Henrik/Desktop/activator-1.3.2-minimal/testApp/,root)))
Reading next message from client.
Sending msg to client play-fork-run-8e5cd4fa-ffa7-4879-8ddf-d63d870ae05c: (6,ReceivedResponse())
Got request: KeyExecutionRequest(AttributeKey[play.forkrun.protocol.ForkConfig]("playForkConfig") in Scope(Build: file:/C:/Users/Henrik/Desktop/activator-1.3.2-minimal/testApp/, , Project: ProjectReference(file:/C:/Users/Henrik/Desktop/activator-1.3.2-minimal/testApp/,root)))
Reading next message from client.
Sending msg to client play-fork-run-8e5cd4fa-ffa7-4879-8ddf-d63d870ae05c: (7,ExecutionRequestReceived(20))
Sending msg to client play-fork-run-8e5cd4fa-ffa7-4879-8ddf-d63d870ae05c: ExecutionWaiting(20,{file:/C:/Users/Henrik/Desktop/activator-1.3.2-minimal/testApp/}root/*:playForkConfig,ClientInfo(8e5cd4fa-ffa7-4879-8ddf-d63d870ae05c,play-fork-run,Play Fork Run,1,Vector()))
Sending msg to client play-fork-run-8e5cd4fa-ffa7-4879-8ddf-d63d870ae05c: ExecutionStarting(20)
Sending msg to client play-fork-run-8e5cd4fa-ffa7-4879-8ddf-d63d870ae05c: DetachedLogEvent(LogMessage(debug,> {file:/C:/Users/Henrik/Desktop/activator-1.3.2-minimal/testApp/}root/*:playForkConfig))
Sending msg to client play-fork-run-8e5cd4fa-ffa7-4879-8ddf-d63d870ae05c: DetachedLogEvent(LogMessage(debug,Evaluating tasks: *:playForkConfig))
Sending msg to client play-fork-run-8e5cd4fa-ffa7-4879-8ddf-d63d870ae05c: DetachedLogEvent(LogMessage(debug,Running task... Cancel: sbt.server.ServerTaskCancellation@5157e53e, check cycles: false))
Sending msg to client play-fork-run-8e5cd4fa-ffa7-4879-8ddf-d63d870ae05c: DetachedLogEvent(LogMessage(debug,cancel strategy start enabled=true lastCommand=Some(LastCommand(CommandExecutionWork(ExecutionId(20),{file:/C:/Users/Henrik/Desktop/activator-1.3.2-minimal/testApp/}root/*:playForkConfig,Set(LiveClient(play-fork-run 8e5cd4fa-ffa7-4879-8ddf-d63d870ae05c)),sbt.server.WorkCancellationStatus$$anon$1@2923f80e)))))
Sending msg to client play-fork-run-8e5cd4fa-ffa7-4879-8ddf-d63d870ae05c: TaskStarted(20,1167,Some(AttributeKey[boolean]("skip") in Scope(Global)))
Sending msg to client play-fork-run-8e5cd4fa-ffa7-4879-8ddf-d63d870ae05c: TaskStarted(20,1170,None)
Sending msg to client play-fork-run-8e5cd4fa-ffa7-4879-8ddf-d63d870ae05c: TaskStarted(20,1171,Some(AttributeKey[java.lang.String]("updateCacheName") in Scope(Build: file:/C:/Users/Henrik/Desktop/activator-1.3.2-minimal/testApp/, , Project: ProjectReference(file:/C:/Users/Henrik/Desktop/activator-1.3.2-minimal/testApp/,root))))
Sending msg to client play-fork-run-8e5cd4fa-ffa7-4879-8ddf-d63d870ae05c: TaskStarted(20,1173,None)
Sending msg to client play-fork-run-8e5cd4fa-ffa7-4879-8ddf-d63d870ae05c: TaskStarted(20,1174,None)
Sending msg to client play-fork-run-8e5cd4fa-ffa7-4879-8ddf-d63d870ae05c: TaskStarted(20,1176,None)
Sending msg to client play-fork-run-8e5cd4fa-ffa7-4879-8ddf-d63d870ae05c: TaskStarted(20,1177,None)
Sending msg to client play-fork-run-8e5cd4fa-ffa7-4879-8ddf-d63d870ae05c: TaskStarted(20,1179,None)
Sending msg to client play-fork-run-8e5cd4fa-ffa7-4879-8ddf-d63d870ae05c: TaskStarted(20,1188,Some(AttributeKey[scala.Option[java.lang.String]]("echoTraceAkkaVersion") in Scope(Build: file:/C:/Users/Henrik/Desktop/activator-1.3.2-minimal/testApp/, , Project: ProjectReference(file:/C:/Users/Henrik/Desktop/activator-1.3.2-minimal/testApp/,root), Config: echo)))
Sending msg to client play-fork-run-8e5cd4fa-ffa7-4879-8ddf-d63d870ae05c: TaskStarted(20,1193,Some(AttributeKey[scala.collection.Seq[sbt.Credentials]]("credentials") in Scope(Global)))
Sending msg to client play-fork-run-8e5cd4fa-ffa7-4879-8ddf-d63d870ae05c: TaskStarted(20,1200,Some(AttributeKey[scala.collection.Seq[sbt.Resolver]]("externalResolvers") in Scope(Build: file:/C:/Users/Henrik/Desktop/activator-1.3.2-minimal/testApp/, , Project: ProjectReference(file:/C:/Users/Henrik/Desktop/activator-1.3.2-minimal/testApp/,root))))
Sending msg to client play-fork-run-8e5cd4fa-ffa7-4879-8ddf-d63d870ae05c: TaskStarted(20,1201,Some(AttributeKey[scala.Option[scala.collection.Seq[sbt.Resolver]]]("bootResolvers") in Scope(Build: file:/C:/Users/Henrik/Desktop/activator-1.3.2-minimal/testApp/, , Project: ProjectReference(file:/C:/Users/Henrik/Desktop/activator-1.3.2-minimal/testApp/,root))))
Sending msg to client play-fork-run-8e5cd4fa-ffa7-4879-8ddf-d63d870ae05c: TaskStarted(20,1213,None)
Sending msg to client play-fork-run-8e5cd4fa-ffa7-4879-8ddf-d63d870ae05c: TaskStarted(20,1219,Some(AttributeKey[scala.Tuple2[java.lang.String,java.io.File]]("playPrefixAndAssets") in Scope(Build: file:/C:/Users/Henrik/Desktop/activator-1.3.2-minimal/testApp/, , Project: ProjectReference(file:/C:/Users/Henrik/Desktop/activator-1.3.2-minimal/testApp/,root))))
Sending msg to client play-fork-run-8e5cd4fa-ffa7-4879-8ddf-d63d870ae05c: TaskStarted(20,1220,Some(AttributeKey[scala.collection.Seq[java.lang.String]]("javaOptions") in Scope(Global)))
Sending msg to client play-fork-run-8e5cd4fa-ffa7-4879-8ddf-d63d870ae05c: TaskFinished(20,1171,Some(AttributeKey[java.lang.String]("updateCacheName") in Scope(Build: file:/C:/Users/Henrik/Desktop/activator-1.3.2-minimal/testApp/, , Project: ProjectReference(file:/C:/Users/Henrik/Desktop/activator-1.3.2-minimal/testApp/,root))),true,None)
Sending msg to client play-fork-run-8e5cd4fa-ffa7-4879-8ddf-d63d870ae05c: TaskFinished(20,1176,None,true,None)
Sending msg to client play-fork-run-8e5cd4fa-ffa7-4879-8ddf-d63d870ae05c: TaskFinished(20,1177,None,true,None)
Sending msg to client play-fork-run-8e5cd4fa-ffa7-4879-8ddf-d63d870ae05c: TaskStarted(20,1175,Some(AttributeKey[scala.collection.Seq[sbt.UpdateReport]]("transitiveUpdate") in Scope(Build: file:/C:/Users/Henrik/Desktop/activator-1.3.2-minimal/testApp/, , Project: ProjectReference(file:/C:/Users/Henrik/Desktop/activator-1.3.2-minimal/testApp/,root))))
Sending msg to client play-fork-run-8e5cd4fa-ffa7-4879-8ddf-d63d870ae05c: TaskFinished(20,1179,None,true,None)
Sending msg to client play-fork-run-8e5cd4fa-ffa7-4879-8ddf-d63d870ae05c: TaskFinished(20,1200,Some(AttributeKey[scala.collection.Seq[sbt.Resolver]]("externalResolvers") in Scope(Build: file:/C:/Users/Henrik/Desktop/activator-1.3.2-minimal/testApp/, , Project: ProjectReference(file:/C:/Users/Henrik/Desktop/activator-1.3.2-minimal/testApp/,root))),true,None)
Sending msg to client play-fork-run-8e5cd4fa-ffa7-4879-8ddf-d63d870ae05c: TaskFinished(20,1201,Some(AttributeKey[scala.Option[scala.collection.Seq[sbt.Resolver]]]("bootResolvers") in Scope(Build: file:/C:/Users/Henrik/Desktop/activator-1.3.2-minimal/testApp/, , Project: ProjectReference(file:/C:/Users/Henrik/Desktop/activator-1.3.2-minimal/testApp/,root))),true,None)
Sending msg to client play-fork-run-8e5cd4fa-ffa7-4879-8ddf-d63d870ae05c: TaskFinished(20,1213,None,true,None)
Sending msg to client play-fork-run-8e5cd4fa-ffa7-4879-8ddf-d63d870ae05c: TaskFinished(20,1219,Some(AttributeKey[scala.Tuple2[java.lang.String,java.io.File]]("playPrefixAndAssets") in Scope(Build: file:/C:/Users/Henrik/Desktop/activator-1.3.2-minimal/testApp/, , Project: ProjectReference(file:/C:/Users/Henrik/Desktop/activator-1.3.2-minimal/testApp/,root))),true,None)
Sending msg to client play-fork-run-8e5cd4fa-ffa7-4879-8ddf-d63d870ae05c: TaskStarted(20,1218,None)
Sending msg to client play-fork-run-8e5cd4fa-ffa7-4879-8ddf-d63d870ae05c: TaskFinished(20,1220,Some(AttributeKey[scala.collection.Seq[java.lang.String]]("javaOptions") in Scope(Global)),true,None)
Sending msg to client play-fork-run-8e5cd4fa-ffa7-4879-8ddf-d63d870ae05c: TaskFinished(20,1193,Some(AttributeKey[scala.collection.Seq[sbt.Credentials]]("credentials") in Scope(Global)),true,None)
Sending msg to client play-fork-run-8e5cd4fa-ffa7-4879-8ddf-d63d870ae05c: TaskFinished(20,1174,None,true,None)
Sending msg to client play-fork-run-8e5cd4fa-ffa7-4879-8ddf-d63d870ae05c: TaskFinished(20,1170,None,true,None)
Sending msg to client play-fork-run-8e5cd4fa-ffa7-4879-8ddf-d63d870ae05c: TaskStarted(20,1181,Some(AttributeKey[sbt.BuildStructure]("buildStructure") in Scope(Global)))
Sending msg to client play-fork-run-8e5cd4fa-ffa7-4879-8ddf-d63d870ae05c: TaskStarted(20,1183,Some(AttributeKey[java.io.File]("dependencyCacheDirectory") in Scope(Build: file:/C:/Users/Henrik/Desktop/activator-1.3.2-minimal/testApp/, , Project: ProjectReference(file:/C:/Users/Henrik/Desktop/activator-1.3.2-minimal/testApp/,root))))
Sending msg to client play-fork-run-8e5cd4fa-ffa7-4879-8ddf-d63d870ae05c: TaskStarted(20,1202,Some(AttributeKey[scala.collection.Seq[java.lang.String]]("playMonitoredFiles") in Scope(Build: file:/C:/Users/Henrik/Desktop/activator-1.3.2-minimal/testApp/, , Project: ProjectReference(file:/C:/Users/Henrik/Desktop/activator-1.3.2-minimal/testApp/,root))))
Sending msg to client play-fork-run-8e5cd4fa-ffa7-4879-8ddf-d63d870ae05c: TaskFinished(20,1173,None,true,None)
Sending msg to client play-fork-run-8e5cd4fa-ffa7-4879-8ddf-d63d870ae05c: TaskStarted(20,1172,None)
Sending msg to client play-fork-run-8e5cd4fa-ffa7-4879-8ddf-d63d870ae05c: TaskStarted(20,1182,None)
Sending msg to client play-fork-run-8e5cd4fa-ffa7-4879-8ddf-d63d870ae05c: TaskStarted(20,1192,None)
Sending msg to client play-fork-run-8e5cd4fa-ffa7-4879-8ddf-d63d870ae05c: TaskStarted(20,1195,None)
Sending msg to client play-fork-run-8e5cd4fa-ffa7-4879-8ddf-d63d870ae05c: TaskStarted(20,1199,None)
Sending msg to client play-fork-run-8e5cd4fa-ffa7-4879-8ddf-d63d870ae05c: TaskStarted(20,1206,None)
Sending msg to client play-fork-run-8e5cd4fa-ffa7-4879-8ddf-d63d870ae05c: TaskStarted(20,1214,None)
Sending msg to client play-fork-run-8e5cd4fa-ffa7-4879-8ddf-d63d870ae05c: TaskStarted(20,1215,None)
Sending msg to client play-fork-run-8e5cd4fa-ffa7-4879-8ddf-d63d870ae05c: TaskFinished(20,1175,Some(AttributeKey[scala.collection.Seq[sbt.UpdateReport]]("transitiveUpdate") in Scope(Build: file:/C:/Users/Henrik/Desktop/activator-1.3.2-minimal/testApp/, , Project: ProjectReference(file:/C:/Users/Henrik/Desktop/activator-1.3.2-minimal/testApp/,root))),true,None)
Sending msg to client play-fork-run-8e5cd4fa-ffa7-4879-8ddf-d63d870ae05c: TaskFinished(20,1167,Some(AttributeKey[boolean]("skip") in Scope(Global)),true,None)
Sending msg to client play-fork-run-8e5cd4fa-ffa7-4879-8ddf-d63d870ae05c: TaskFinished(20,1181,Some(AttributeKey[sbt.BuildStructure]("buildStructure") in Scope(Global)),true,None)
Sending msg to client play-fork-run-8e5cd4fa-ffa7-4879-8ddf-d63d870ae05c: TaskStarted(20,1180,Some(AttributeKey[sbt.Settings[sbt.Scope]]("settingsData") in Scope(Global)))
Sending msg to client play-fork-run-8e5cd4fa-ffa7-4879-8ddf-d63d870ae05c: TaskFinished(20,1195,None,true,None)
Sending msg to client play-fork-run-8e5cd4fa-ffa7-4879-8ddf-d63d870ae05c: TaskFinished(20,1172,None,true,None)
Sending msg to client play-fork-run-8e5cd4fa-ffa7-4879-8ddf-d63d870ae05c: TaskStarted(20,1169,Some(AttributeKey[scala.collection.immutable.Map[sbt.ModuleID,sbt.SourcePosition]]("dependencyPositions") in Scope(Build: file:/C:/Users/Henrik/Desktop/activator-1.3.2-minimal/testApp/, , Project: ProjectReference(file:/C:/Users/Henrik/Desktop/activator-1.3.2-minimal/testApp/,root))))
Sending msg to client play-fork-run-8e5cd4fa-ffa7-4879-8ddf-d63d870ae05c: TaskFinished(20,1206,None,true,None)
Sending msg to client play-fork-run-8e5cd4fa-ffa7-4879-8ddf-d63d870ae05c: TaskFinished(20,1199,None,true,None)
Sending msg to client play-fork-run-8e5cd4fa-ffa7-4879-8ddf-d63d870ae05c: TaskFinished(20,1215,None,true,None)
Sending msg to client play-fork-run-8e5cd4fa-ffa7-4879-8ddf-d63d870ae05c: TaskFinished(20,1214,None,true,None)
Sending msg to client play-fork-run-8e5cd4fa-ffa7-4879-8ddf-d63d870ae05c: TaskFinished(20,1188,Some(AttributeKey[scala.Option[java.lang.String]]("echoTraceAkkaVersion") in Scope(Build: file:/C:/Users/Henrik/Desktop/activator-1.3.2-minimal/testApp/, , Project: ProjectReference(file:/C:/Users/Henrik/Desktop/activator-1.3.2-minimal/testApp/,root), Config: echo)),true,None)
Sending msg to client play-fork-run-8e5cd4fa-ffa7-4879-8ddf-d63d870ae05c: TaskStarted(20,1187,Some(AttributeKey[scala.collection.Seq[sbt.ModuleID]]("echoTraceDependencies") in Scope(Build: file:/C:/Users/Henrik/Desktop/activator-1.3.2-minimal/testApp/, , Project: ProjectReference(file:/C:/Users/Henrik/Desktop/activator-1.3.2-minimal/testApp/,root), Config: echo)))
Sending msg to client play-fork-run-8e5cd4fa-ffa7-4879-8ddf-d63d870ae05c: TaskFinished(20,1218,None,true,None)
Sending msg to client play-fork-run-8e5cd4fa-ffa7-4879-8ddf-d63d870ae05c: TaskStarted(20,1217,None)
Sending msg to client play-fork-run-8e5cd4fa-ffa7-4879-8ddf-d63d870ae05c: TaskFinished(20,1180,Some(AttributeKey[sbt.Settings[sbt.Scope]]("settingsData") in Scope(Global)),true,None)
Sending msg to client play-fork-run-8e5cd4fa-ffa7-4879-8ddf-d63d870ae05c: TaskStarted(20,1178,None)
Sending msg to client play-fork-run-8e5cd4fa-ffa7-4879-8ddf-d63d870ae05c: TaskStarted(20,1190,Some(AttributeKey[scala.collection.Seq[sbt.ModuleID]]("projectDependencies") in Scope(Build: file:/C:/Users/Henrik/Desktop/activator-1.3.2-minimal/testApp/, , Project: ProjectReference(file:/C:/Users/Henrik/Desktop/activator-1.3.2-minimal/testApp/,root))))
Sending msg to client play-fork-run-8e5cd4fa-ffa7-4879-8ddf-d63d870ae05c: TaskStarted(20,1198,Some(AttributeKey[scala.collection.immutable.Map[org.apache.ivy.core.module.id.ModuleRevisionId,org.apache.ivy.core.module.descriptor.ModuleDescriptor]]("projectDescriptors") in Scope(Build: file:/C:/Users/Henrik/Desktop/activator-1.3.2-minimal/testApp/, , Project: ProjectReference(file:/C:/Users/Henrik/Desktop/activator-1.3.2-minimal/testApp/,root))))
Sending msg to client play-fork-run-8e5cd4fa-ffa7-4879-8ddf-d63d870ae05c: TaskStarted(20,1207,None)
Sending msg to client play-fork-run-8e5cd4fa-ffa7-4879-8ddf-d63d870ae05c: TaskFinished(20,1202,Some(AttributeKey[scala.collection.Seq[java.lang.String]]("playMonitoredFiles") in Scope(Build: file:/C:/Users/Henrik/Desktop/activator-1.3.2-minimal/testApp/, , Project: ProjectReference(file:/C:/Users/Henrik/Desktop/activator-1.3.2-minimal/testApp/,root))),true,None)
Sending msg to client play-fork-run-8e5cd4fa-ffa7-4879-8ddf-d63d870ae05c: TaskFinished(20,1183,Some(AttributeKey[java.io.File]("dependencyCacheDirectory") in Scope(Build: file:/C:/Users/Henrik/Desktop/activator-1.3.2-minimal/testApp/, , Project: ProjectReference(file:/C:/Users/Henrik/Desktop/activator-1.3.2-minimal/testApp/,root))),true,None)
Sending msg to client play-fork-run-8e5cd4fa-ffa7-4879-8ddf-d63d870ae05c: TaskFinished(20,1182,None,true,None)
Sending msg to client play-fork-run-8e5cd4fa-ffa7-4879-8ddf-d63d870ae05c: TaskFinished(20,1192,None,true,None)
Sending msg to client play-fork-run-8e5cd4fa-ffa7-4879-8ddf-d63d870ae05c: TaskFinished(20,1217,None,true,None)
Sending msg to client play-fork-run-8e5cd4fa-ffa7-4879-8ddf-d63d870ae05c: TaskStarted(20,1216,Some(AttributeKey[scala.collection.Seq[scala.Tuple2[java.lang.String,java.io.File]]]("playAllAssets") in Scope(Build: file:/C:/Users/Henrik/Desktop/activator-1.3.2-minimal/testApp/, , Project: ProjectReference(file:/C:/Users/Henrik/Desktop/activator-1.3.2-minimal/testApp/,root))))
Sending msg to client play-fork-run-8e5cd4fa-ffa7-4879-8ddf-d63d870ae05c: TaskStarted(20,1221,None)
Sending msg to client play-fork-run-8e5cd4fa-ffa7-4879-8ddf-d63d870ae05c: TaskFinished(20,1187,Some(AttributeKey[scala.collection.Seq[sbt.ModuleID]]("echoTraceDependencies") in Scope(Build: file:/C:/Users/Henrik/Desktop/activator-1.3.2-minimal/testApp/, , Project: ProjectReference(file:/C:/Users/Henrik/Desktop/activator-1.3.2-minimal/testApp/,root), Config: echo)),true,None)
Sending msg to client play-fork-run-8e5cd4fa-ffa7-4879-8ddf-d63d870ae05c: TaskStarted(20,1223,None)
Sending msg to client play-fork-run-8e5cd4fa-ffa7-4879-8ddf-d63d870ae05c: TaskStarted(20,1227,None)
Sending msg to client play-fork-run-8e5cd4fa-ffa7-4879-8ddf-d63d870ae05c: TaskStarted(20,1228,None)
Sending msg to client play-fork-run-8e5cd4fa-ffa7-4879-8ddf-d63d870ae05c: TaskStarted(20,1231,None)
Sending msg to client play-fork-run-8e5cd4fa-ffa7-4879-8ddf-d63d870ae05c: TaskStarted(20,1232,None)
Sending msg to client play-fork-run-8e5cd4fa-ffa7-4879-8ddf-d63d870ae05c: TaskStarted(20,1234,None)
Sending msg to client play-fork-run-8e5cd4fa-ffa7-4879-8ddf-d63d870ae05c: TaskFinished(20,1216,Some(AttributeKey[scala.collection.Seq[scala.Tuple2[java.lang.String,java.io.File]]]("playAllAssets") in Scope(Build: file:/C:/Users/Henrik/Desktop/activator-1.3.2-minimal/testApp/, , Project: ProjectReference(file:/C:/Users/Henrik/Desktop/activator-1.3.2-minimal/testApp/,root))),true,None)
Sending msg to client play-fork-run-8e5cd4fa-ffa7-4879-8ddf-d63d870ae05c: TaskFinished(20,1190,Some(AttributeKey[scala.collection.Seq[sbt.ModuleID]]("projectDependencies") in Scope(Build: file:/C:/Users/Henrik/Desktop/activator-1.3.2-minimal/testApp/, , Project: ProjectReference(file:/C:/Users/Henrik/Desktop/activator-1.3.2-minimal/testApp/,root))),true,None)
Sending msg to client play-fork-run-8e5cd4fa-ffa7-4879-8ddf-d63d870ae05c: TaskStarted(20,1189,Some(AttributeKey[scala.collection.Seq[sbt.ModuleID]]("allDependencies") in Scope(Build: file:/C:/Users/Henrik/Desktop/activator-1.3.2-minimal/testApp/, , Project: ProjectReference(file:/C:/Users/Henrik/Desktop/activator-1.3.2-minimal/testApp/,root))))
Sending msg to client play-fork-run-8e5cd4fa-ffa7-4879-8ddf-d63d870ae05c: TaskFinished(20,1231,None,true,None)
Sending msg to client play-fork-run-8e5cd4fa-ffa7-4879-8ddf-d63d870ae05c: TaskFinished(20,1169,Some(AttributeKey[scala.collection.immutable.Map[sbt.ModuleID,sbt.SourcePosition]]("dependencyPositions") in Scope(Build: file:/C:/Users/Henrik/Desktop/activator-1.3.2-minimal/testApp/, , Project: ProjectReference(file:/C:/Users/Henrik/Desktop/activator-1.3.2-minimal/testApp/,root))),true,None)
Sending msg to client play-fork-run-8e5cd4fa-ffa7-4879-8ddf-d63d870ae05c: TaskStarted(20,1168,Some(AttributeKey[sbt.UnresolvedWarningConfiguration]("unresolvedWarningConfiguration") in Scope(Build: file:/C:/Users/Henrik/Desktop/activator-1.3.2-minimal/testApp/, , Project: ProjectReference(file:/C:/Users/Henrik/Desktop/activator-1.3.2-minimal/testApp/,root), Task: AttributeKey[sbt.UpdateReport]("update"))))
Sending msg to client play-fork-run-8e5cd4fa-ffa7-4879-8ddf-d63d870ae05c: TaskFinished(20,1234,None,true,None)
Sending msg to client play-fork-run-8e5cd4fa-ffa7-4879-8ddf-d63d870ae05c: TaskStarted(20,1233,None)
Sending msg to client play-fork-run-8e5cd4fa-ffa7-4879-8ddf-d63d870ae05c: TaskFinished(20,1228,None,true,None)
Sending msg to client play-fork-run-8e5cd4fa-ffa7-4879-8ddf-d63d870ae05c: TaskFinished(20,1227,None,true,None)
Sending msg to client play-fork-run-8e5cd4fa-ffa7-4879-8ddf-d63d870ae05c: TaskStarted(20,1226,Some(AttributeKey[scala.collection.Seq[sbt.Attributed[java.io.File]]]("unmanagedJars") in Scope(Build: file:/C:/Users/Henrik/Desktop/activator-1.3.2-minimal/testApp/, , Project: ProjectReference(file:/C:/Users/Henrik/Desktop/activator-1.3.2-minimal/testApp/,root), Config: runtime)))
Sending msg to client play-fork-run-8e5cd4fa-ffa7-4879-8ddf-d63d870ae05c: TaskFinished(20,1189,Some(AttributeKey[scala.collection.Seq[sbt.ModuleID]]("allDependencies") in Scope(Build: file:/C:/Users/Henrik/Desktop/activator-1.3.2-minimal/testApp/, , Project: ProjectReference(file:/C:/Users/Henrik/Desktop/activator-1.3.2-minimal/testApp/,root))),true,None)
Sending msg to client play-fork-run-8e5cd4fa-ffa7-4879-8ddf-d63d870ae05c: TaskStarted(20,1186,Some(AttributeKey[scala.collection.Seq[sbt.ModuleID]]("allDependencies") in Scope(Build: file:/C:/Users/Henrik/Desktop/activator-1.3.2-minimal/testApp/, , Project: ProjectReference(file:/C:/Users/Henrik/Desktop/activator-1.3.2-minimal/testApp/,root))))
Sending msg to client play-fork-run-8e5cd4fa-ffa7-4879-8ddf-d63d870ae05c: TaskFinished(20,1221,None,true,None)
Sending msg to client play-fork-run-8e5cd4fa-ffa7-4879-8ddf-d63d870ae05c: TaskFinished(20,1178,None,true,None)
Sending msg to client play-fork-run-8e5cd4fa-ffa7-4879-8ddf-d63d870ae05c: TaskFinished(20,1168,Some(AttributeKey[sbt.UnresolvedWarningConfiguration]("unresolvedWarningConfiguration") in Scope(Build: file:/C:/Users/Henrik/Desktop/activator-1.3.2-minimal/testApp/, , Project: ProjectReference(file:/C:/Users/Henrik/Desktop/activator-1.3.2-minimal/testApp/,root), Task: AttributeKey[sbt.UpdateReport]("update"))),true,None)
Sending msg to client play-fork-run-8e5cd4fa-ffa7-4879-8ddf-d63d870ae05c: TaskFinished(20,1223,None,true,None)
Sending msg to client play-fork-run-8e5cd4fa-ffa7-4879-8ddf-d63d870ae05c: TaskStarted(20,1222,None)
Sending msg to client play-fork-run-8e5cd4fa-ffa7-4879-8ddf-d63d870ae05c: TaskStarted(20,1235,None)
Sending msg to client play-fork-run-8e5cd4fa-ffa7-4879-8ddf-d63d870ae05c: TaskFinished(20,1235,None,true,None)
Sending msg to client play-fork-run-8e5cd4fa-ffa7-4879-8ddf-d63d870ae05c: TaskFinished(20,1233,None,true,None)
Sending msg to client play-fork-run-8e5cd4fa-ffa7-4879-8ddf-d63d870ae05c: TaskFinished(20,1222,None,true,None)
Sending msg to client play-fork-run-8e5cd4fa-ffa7-4879-8ddf-d63d870ae05c: TaskFinished(20,1198,Some(AttributeKey[scala.collection.immutable.Map[org.apache.ivy.core.module.id.ModuleRevisionId,org.apache.ivy.core.module.descriptor.ModuleDescriptor]]("projectDescriptors") in Scope(Build: file:/C:/Users/Henrik/Desktop/activator-1.3.2-minimal/testApp/, , Project: ProjectReference(file:/C:/Users/Henrik/Desktop/activator-1.3.2-minimal/testApp/,root))),true,None)
Sending msg to client play-fork-run-8e5cd4fa-ffa7-4879-8ddf-d63d870ae05c: TaskStarted(20,1197,Some(AttributeKey[sbt.Resolver]("projectResolver") in Scope(Build: file:/C:/Users/Henrik/Desktop/activator-1.3.2-minimal/testApp/, , Project: ProjectReference(file:/C:/Users/Henrik/Desktop/activator-1.3.2-minimal/testApp/,root))))
Sending msg to client play-fork-run-8e5cd4fa-ffa7-4879-8ddf-d63d870ae05c: TaskFinished(20,1197,Some(AttributeKey[sbt.Resolver]("projectResolver") in Scope(Build: file:/C:/Users/Henrik/Desktop/activator-1.3.2-minimal/testApp/, , Project: ProjectReference(file:/C:/Users/Henrik/Desktop/activator-1.3.2-minimal/testApp/,root))),true,None)
Sending msg to client play-fork-run-8e5cd4fa-ffa7-4879-8ddf-d63d870ae05c: TaskStarted(20,1196,Some(AttributeKey[scala.collection.Seq[sbt.Resolver]]("fullResolvers") in Scope(Build: file:/C:/Users/Henrik/Desktop/activator-1.3.2-minimal/testApp/, , Project: ProjectReference(file:/C:/Users/Henrik/Desktop/activator-1.3.2-minimal/testApp/,root))))
Sending msg to client play-fork-run-8e5cd4fa-ffa7-4879-8ddf-d63d870ae05c: TaskFinished(20,1196,Some(AttributeKey[scala.collection.Seq[sbt.Resolver]]("fullResolvers") in Scope(Build: file:/C:/Users/Henrik/Desktop/activator-1.3.2-minimal/testApp/, , Project: ProjectReference(file:/C:/Users/Henrik/Desktop/activator-1.3.2-minimal/testApp/,root))),true,None)
Sending msg to client play-fork-run-8e5cd4fa-ffa7-4879-8ddf-d63d870ae05c: TaskStarted(20,1194,Some(AttributeKey[sbt.IvyConfiguration]("ivyConfiguration") in Scope(Build: file:/C:/Users/Henrik/Desktop/activator-1.3.2-minimal/testApp/, , Project: ProjectReference(file:/C:/Users/Henrik/Desktop/activator-1.3.2-minimal/testApp/,root))))
Sending msg to client play-fork-run-8e5cd4fa-ffa7-4879-8ddf-d63d870ae05c: TaskFinished(20,1194,Some(AttributeKey[sbt.IvyConfiguration]("ivyConfiguration") in Scope(Build: file:/C:/Users/Henrik/Desktop/activator-1.3.2-minimal/testApp/, , Project: ProjectReference(file:/C:/Users/Henrik/Desktop/activator-1.3.2-minimal/testApp/,root))),true,None)
Sending msg to client play-fork-run-8e5cd4fa-ffa7-4879-8ddf-d63d870ae05c: TaskStarted(20,1191,Some(AttributeKey[sbt.IvySbt]("ivySbt") in Scope(Build: file:/C:/Users/Henrik/Desktop/activator-1.3.2-minimal/testApp/, , Project: ProjectReference(file:/C:/Users/Henrik/Desktop/activator-1.3.2-minimal/testApp/,root))))
Sending msg to client play-fork-run-8e5cd4fa-ffa7-4879-8ddf-d63d870ae05c: TaskFinished(20,1186,Some(AttributeKey[scala.collection.Seq[sbt.ModuleID]]("allDependencies") in Scope(Build: file:/C:/Users/Henrik/Desktop/activator-1.3.2-minimal/testApp/, , Project: ProjectReference(file:/C:/Users/Henrik/Desktop/activator-1.3.2-minimal/testApp/,root))),true,None)
Sending msg to client play-fork-run-8e5cd4fa-ffa7-4879-8ddf-d63d870ae05c: TaskStarted(20,1185,Some(AttributeKey[sbt.ModuleSettings]("moduleSettings") in Scope(Build: file:/C:/Users/Henrik/Desktop/activator-1.3.2-minimal/testApp/, , Project: ProjectReference(file:/C:/Users/Henrik/Desktop/activator-1.3.2-minimal/testApp/,root))))
Sending msg to client play-fork-run-8e5cd4fa-ffa7-4879-8ddf-d63d870ae05c: TaskFinished(20,1185,Some(AttributeKey[sbt.ModuleSettings]("moduleSettings") in Scope(Build: file:/C:/Users/Henrik/Desktop/activator-1.3.2-minimal/testApp/, , Project: ProjectReference(file:/C:/Users/Henrik/Desktop/activator-1.3.2-minimal/testApp/,root))),true,None)
Sending msg to client play-fork-run-8e5cd4fa-ffa7-4879-8ddf-d63d870ae05c: TaskFinished(20,1191,Some(AttributeKey[sbt.IvySbt]("ivySbt") in Scope(Build: file:/C:/Users/Henrik/Desktop/activator-1.3.2-minimal/testApp/, , Project: ProjectReference(file:/C:/Users/Henrik/Desktop/activator-1.3.2-minimal/testApp/,root))),true,None)
Sending msg to client play-fork-run-8e5cd4fa-ffa7-4879-8ddf-d63d870ae05c: TaskStarted(20,1184,Some(AttributeKey[sbt.IvySbt$Module]("ivyModule") in Scope(Build: file:/C:/Users/Henrik/Desktop/activator-1.3.2-minimal/testApp/, , Project: ProjectReference(file:/C:/Users/Henrik/Desktop/activator-1.3.2-minimal/testApp/,root))))
Sending msg to client play-fork-run-8e5cd4fa-ffa7-4879-8ddf-d63d870ae05c: TaskFinished(20,1184,Some(AttributeKey[sbt.IvySbt$Module]("ivyModule") in Scope(Build: file:/C:/Users/Henrik/Desktop/activator-1.3.2-minimal/testApp/, , Project: ProjectReference(file:/C:/Users/Henrik/Desktop/activator-1.3.2-minimal/testApp/,root))),true,None)
Sending msg to client play-fork-run-8e5cd4fa-ffa7-4879-8ddf-d63d870ae05c: TaskStarted(20,1166,Some(AttributeKey[sbt.UpdateReport]("update") in Scope(Build: file:/C:/Users/Henrik/Desktop/activator-1.3.2-minimal/testApp/, , Project: ProjectReference(file:/C:/Users/Henrik/Desktop/activator-1.3.2-minimal/testApp/,root))))
Sending msg to client play-fork-run-8e5cd4fa-ffa7-4879-8ddf-d63d870ae05c: TaskFinished(20,1232,None,true,None)
Sending msg to client play-fork-run-8e5cd4fa-ffa7-4879-8ddf-d63d870ae05c: TaskStarted(20,1230,Some(AttributeKey[scala.collection.Seq[sbt.Attributed[java.io.File]]]("unmanagedJars") in Scope(Build: file:/C:/Users/Henrik/Desktop/activator-1.3.2-minimal/testApp/, , Project: ProjectReference(file:/C:/Users/Henrik/Desktop/activator-1.3.2-minimal/testApp/,root), Config: compile)))
Sending msg to client play-fork-run-8e5cd4fa-ffa7-4879-8ddf-d63d870ae05c: TaskFinished(20,1226,Some(AttributeKey[scala.collection.Seq[sbt.Attributed[java.io.File]]]("unmanagedJars") in Scope(Build: file:/C:/Users/Henrik/Desktop/activator-1.3.2-minimal/testApp/, , Project: ProjectReference(file:/C:/Users/Henrik/Desktop/activator-1.3.2-minimal/testApp/,root), Config: runtime)),true,None)
Sending msg to client play-fork-run-8e5cd4fa-ffa7-4879-8ddf-d63d870ae05c: TaskFinished(20,1230,Some(AttributeKey[scala.collection.Seq[sbt.Attributed[java.io.File]]]("unmanagedJars") in Scope(Build: file:/C:/Users/Henrik/Desktop/activator-1.3.2-minimal/testApp/, , Project: ProjectReference(file:/C:/Users/Henrik/Desktop/activator-1.3.2-minimal/testApp/,root), Config: compile)),true,None)
Sending msg to client play-fork-run-8e5cd4fa-ffa7-4879-8ddf-d63d870ae05c: TaskStarted(20,1229,Some(AttributeKey[scala.collection.Seq[sbt.Attributed[java.io.File]]]("unmanagedJars") in Scope(Build: file:/C:/Users/Henrik/Desktop/activator-1.3.2-minimal/testApp/, , Project: ProjectReference(file:/C:/Users/Henrik/Desktop/activator-1.3.2-minimal/testApp/,root), Config: compile)))
Sending msg to client play-fork-run-8e5cd4fa-ffa7-4879-8ddf-d63d870ae05c: TaskFinished(20,1229,Some(AttributeKey[scala.collection.Seq[sbt.Attributed[java.io.File]]]("unmanagedJars") in Scope(Build: file:/C:/Users/Henrik/Desktop/activator-1.3.2-minimal/testApp/, , Project: ProjectReference(file:/C:/Users/Henrik/Desktop/activator-1.3.2-minimal/testApp/,root), Config: compile)),true,None)
Sending msg to client play-fork-run-8e5cd4fa-ffa7-4879-8ddf-d63d870ae05c: TaskStarted(20,1225,None)
Sending msg to client play-fork-run-8e5cd4fa-ffa7-4879-8ddf-d63d870ae05c: TaskFinished(20,1225,None,true,None)
Sending msg to client play-fork-run-8e5cd4fa-ffa7-4879-8ddf-d63d870ae05c: TaskStarted(20,1224,None)
Sending msg to client play-fork-run-8e5cd4fa-ffa7-4879-8ddf-d63d870ae05c: TaskFinished(20,1224,None,true,None)
Sending msg to client play-fork-run-8e5cd4fa-ffa7-4879-8ddf-d63d870ae05c: TaskFinished(20,1207,None,true,None)
Sending msg to client play-fork-run-8e5cd4fa-ffa7-4879-8ddf-d63d870ae05c: TaskStarted(20,1205,Some(AttributeKey[scala.collection.Seq[sbt.Attributed[java.io.File]]]("unmanagedClasspath") in Scope(Build: file:/C:/Users/Henrik/Desktop/activator-1.3.2-minimal/testApp/, , Project: ProjectReference(file:/C:/Users/Henrik/Desktop/activator-1.3.2-minimal/testApp/,root), Config: runtime)))
Sending msg to client play-fork-run-8e5cd4fa-ffa7-4879-8ddf-d63d870ae05c: TaskFinished(20,1205,Some(AttributeKey[scala.collection.Seq[sbt.Attributed[java.io.File]]]("unmanagedClasspath") in Scope(Build: file:/C:/Users/Henrik/Desktop/activator-1.3.2-minimal/testApp/, , Project: ProjectReference(file:/C:/Users/Henrik/Desktop/activator-1.3.2-minimal/testApp/,root), Config: runtime)),true,None)
Sending msg to client play-fork-run-8e5cd4fa-ffa7-4879-8ddf-d63d870ae05c: TaskFinished(20,1166,Some(AttributeKey[sbt.UpdateReport]("update") in Scope(Build: file:/C:/Users/Henrik/Desktop/activator-1.3.2-minimal/testApp/, , Project: ProjectReference(file:/C:/Users/Henrik/Desktop/activator-1.3.2-minimal/testApp/,root))),true,None)
Sending msg to client play-fork-run-8e5cd4fa-ffa7-4879-8ddf-d63d870ae05c: TaskStarted(20,1165,Some(AttributeKey[sbt.UpdateReport]("update") in Scope(Build: file:/C:/Users/Henrik/Desktop/activator-1.3.2-minimal/testApp/, , Project: ProjectReference(file:/C:/Users/Henrik/Desktop/activator-1.3.2-minimal/testApp/,root))))
Sending msg to client play-fork-run-8e5cd4fa-ffa7-4879-8ddf-d63d870ae05c: TaskFinished(20,1165,Some(AttributeKey[sbt.UpdateReport]("update") in Scope(Build: file:/C:/Users/Henrik/Desktop/activator-1.3.2-minimal/testApp/, , Project: ProjectReference(file:/C:/Users/Henrik/Desktop/activator-1.3.2-minimal/testApp/,root))),true,None)
Sending msg to client play-fork-run-8e5cd4fa-ffa7-4879-8ddf-d63d870ae05c: TaskStarted(20,1164,Some(AttributeKey[scala.collection.Seq[sbt.Attributed[java.io.File]]]("managedClasspath") in Scope(Build: file:/C:/Users/Henrik/Desktop/activator-1.3.2-minimal/testApp/, , Project: ProjectReference(file:/C:/Users/Henrik/Desktop/activator-1.3.2-minimal/testApp/,root), Config: docs)))
Sending msg to client play-fork-run-8e5cd4fa-ffa7-4879-8ddf-d63d870ae05c: TaskStarted(20,1212,Some(AttributeKey[sbt.Configuration]("classpathConfiguration") in Scope(Build: file:/C:/Users/Henrik/Desktop/activator-1.3.2-minimal/testApp/, , Project: ProjectReference(file:/C:/Users/Henrik/Desktop/activator-1.3.2-minimal/testApp/,root), Config: compile)))
Sending msg to client play-fork-run-8e5cd4fa-ffa7-4879-8ddf-d63d870ae05c: TaskFinished(20,1212,Some(AttributeKey[sbt.Configuration]("classpathConfiguration") in Scope(Build: file:/C:/Users/Henrik/Desktop/activator-1.3.2-minimal/testApp/, , Project: ProjectReference(file:/C:/Users/Henrik/Desktop/activator-1.3.2-minimal/testApp/,root), Config: compile)),true,None)
Sending msg to client play-fork-run-8e5cd4fa-ffa7-4879-8ddf-d63d870ae05c: TaskStarted(20,1211,None)
Sending msg to client play-fork-run-8e5cd4fa-ffa7-4879-8ddf-d63d870ae05c: TaskFinished(20,1211,None,true,None)
Sending msg to client play-fork-run-8e5cd4fa-ffa7-4879-8ddf-d63d870ae05c: TaskStarted(20,1210,Some(AttributeKey[sbt.Configuration]("classpathConfiguration") in Scope(Build: file:/C:/Users/Henrik/Desktop/activator-1.3.2-minimal/testApp/, , Project: ProjectReference(file:/C:/Users/Henrik/Desktop/activator-1.3.2-minimal/testApp/,root), Config: runtime)))
Sending msg to client play-fork-run-8e5cd4fa-ffa7-4879-8ddf-d63d870ae05c: TaskFinished(20,1164,Some(AttributeKey[scala.collection.Seq[sbt.Attributed[java.io.File]]]("managedClasspath") in Scope(Build: file:/C:/Users/Henrik/Desktop/activator-1.3.2-minimal/testApp/, , Project: ProjectReference(file:/C:/Users/Henrik/Desktop/activator-1.3.2-minimal/testApp/,root), Config: docs)),true,None)
Sending msg to client play-fork-run-8e5cd4fa-ffa7-4879-8ddf-d63d870ae05c: TaskFinished(20,1210,Some(AttributeKey[sbt.Configuration]("classpathConfiguration") in Scope(Build: file:/C:/Users/Henrik/Desktop/activator-1.3.2-minimal/testApp/, , Project: ProjectReference(file:/C:/Users/Henrik/Desktop/activator-1.3.2-minimal/testApp/,root), Config: runtime)),true,None)
Sending msg to client play-fork-run-8e5cd4fa-ffa7-4879-8ddf-d63d870ae05c: TaskStarted(20,1209,None)
Sending msg to client play-fork-run-8e5cd4fa-ffa7-4879-8ddf-d63d870ae05c: TaskFinished(20,1209,None,true,None)
Sending msg to client play-fork-run-8e5cd4fa-ffa7-4879-8ddf-d63d870ae05c: TaskStarted(20,1208,Some(AttributeKey[scala.collection.Seq[sbt.Attributed[java.io.File]]]("managedClasspath") in Scope(Build: file:/C:/Users/Henrik/Desktop/activator-1.3.2-minimal/testApp/, , Project: ProjectReference(file:/C:/Users/Henrik/Desktop/activator-1.3.2-minimal/testApp/,root), Config: runtime)))
Sending msg to client play-fork-run-8e5cd4fa-ffa7-4879-8ddf-d63d870ae05c: TaskFinished(20,1208,Some(AttributeKey[scala.collection.Seq[sbt.Attributed[java.io.File]]]("managedClasspath") in Scope(Build: file:/C:/Users/Henrik/Desktop/activator-1.3.2-minimal/testApp/, , Project: ProjectReference(file:/C:/Users/Henrik/Desktop/activator-1.3.2-minimal/testApp/,root), Config: runtime)),true,None)
Sending msg to client play-fork-run-8e5cd4fa-ffa7-4879-8ddf-d63d870ae05c: TaskStarted(20,1204,None)
Sending msg to client play-fork-run-8e5cd4fa-ffa7-4879-8ddf-d63d870ae05c: TaskFinished(20,1204,None,true,None)
Sending msg to client play-fork-run-8e5cd4fa-ffa7-4879-8ddf-d63d870ae05c: TaskStarted(20,1203,Some(AttributeKey[scala.collection.Seq[sbt.Attributed[java.io.File]]]("playDependencyClasspath") in Scope(Build: file:/C:/Users/Henrik/Desktop/activator-1.3.2-minimal/testApp/, , Project: ProjectReference(file:/C:/Users/Henrik/Desktop/activator-1.3.2-minimal/testApp/,root))))
Sending msg to client play-fork-run-8e5cd4fa-ffa7-4879-8ddf-d63d870ae05c: TaskFinished(20,1203,Some(AttributeKey[scala.collection.Seq[sbt.Attributed[java.io.File]]]("playDependencyClasspath") in Scope(Build: file:/C:/Users/Henrik/Desktop/activator-1.3.2-minimal/testApp/, , Project: ProjectReference(file:/C:/Users/Henrik/Desktop/activator-1.3.2-minimal/testApp/,root))),true,None)
Sending msg to client play-fork-run-8e5cd4fa-ffa7-4879-8ddf-d63d870ae05c: TaskStarted(20,1163,Some(AttributeKey[play.forkrun.protocol.ForkConfig]("playForkConfig") in Scope(Build: file:/C:/Users/Henrik/Desktop/activator-1.3.2-minimal/testApp/, , Project: ProjectReference(file:/C:/Users/Henrik/Desktop/activator-1.3.2-minimal/testApp/,root))))
Sending msg to client play-fork-run-8e5cd4fa-ffa7-4879-8ddf-d63d870ae05c: TaskFinished(20,1163,Some(AttributeKey[play.forkrun.protocol.ForkConfig]("playForkConfig") in Scope(Build: file:/C:/Users/Henrik/Desktop/activator-1.3.2-minimal/testApp/, , Project: ProjectReference(file:/C:/Users/Henrik/Desktop/activator-1.3.2-minimal/testApp/,root))),true,None)
Sending msg to client play-fork-run-8e5cd4fa-ffa7-4879-8ddf-d63d870ae05c: ValueChanged(AttributeKey[play.forkrun.protocol.ForkConfig]("playForkConfig") in Scope(Build: file:/C:/Users/Henrik/Desktop/activator-1.3.2-minimal/testApp/, , Project: ProjectReference(file:/C:/Users/Henrik/Desktop/activator-1.3.2-minimal/testApp/,root)),TaskSuccess(BuildValue(LazyValue(ForkConfig(C:\Users\Henrik\Desktop\activator-1.3.2-minimal\testApp,List(),List(C:\Users\Henrik\.ivy2\cache\org.scala-lang\scala-library\jars\scala-library-2.11.1.jar, C:\Users\Henrik\.ivy2\cache\com.typesafe.play\twirl-api_2.11\jars\twirl-api_2.11-1.0.2.jar, C:\Users\Henrik\.ivy2\cache\org.apache.commons\commons-lang3\jars\commons-lang3-3.1.jar, C:\Users\Henrik\.ivy2\cache\org.scala-lang.modules\scala-xml_2.11\bundles\scala-xml_2.11-1.0.1.jar, C:\Users\Henrik\.ivy2\cache\com.typesafe.play\play_2.11\jars\play_2.11-2.3.8.jar, C:\Users\Henrik\.ivy2\cache\com.typesafe.play\build-link\jars\build-link-2.3.8.jar, C:\Users\Henrik\.ivy2\cache\com.typesafe.play\play-exceptions\jars\play-exceptions-2.3.8.jar, C:\Users\Henrik\.ivy2\cache\com.typesafe.play\play-iteratees_2.11\jars\play-iteratees_2.11-2.3.8.jar, C:\Users\Henrik\.ivy2\cache\org.scala-stm\scala-stm_2.11\jars\scala-stm_2.11-0.7.jar, C:\Users\Henrik\.ivy2\cache\com.typesafe\config\bundles\config-1.2.1.jar, C:\Users\Henrik\.ivy2\cache\com.typesafe.play\play-json_2.11\jars\play-json_2.11-2.3.8.jar, C:\Users\Henrik\.ivy2\cache\com.typesafe.play\play-functional_2.11\jars\play-functional_2.11-2.3.8.jar, C:\Users\Henrik\.ivy2\cache\com.typesafe.play\play-datacommons_2.11\jars\play-datacommons_2.11-2.3.8.jar, C:\Users\Henrik\.ivy2\cache\joda-time\joda-time\jars\joda-time-2.3.jar, C:\Users\Henrik\.ivy2\cache\org.joda\joda-convert\jars\joda-convert-1.6.jar, C:\Users\Henrik\.ivy2\cache\com.fasterxml.jackson.core\jackson-annotations\bundles\jackson-annotations-2.3.2.jar, C:\Users\Henrik\.ivy2\cache\com.fasterxml.jackson.core\jackson-core\bundles\jackson-core-2.3.2.jar, C:\Users\Henrik\.ivy2\cache\com.fasterxml.jackson.core\jackson-databind\bundles\jackson-databind-2.3.2.jar, C:\Users\Henrik\.ivy2\cache\org.scala-lang\scala-reflect\jars\scala-reflect-2.11.1.jar, C:\Users\Henrik\.ivy2\cache\org.scala-lang.modules\scala-parser-combinators_2.11\bundles\scala-parser-combinators_2.11-1.0.1.jar, C:\Users\Henrik\.ivy2\cache\io.netty\netty\bundles\netty-3.9.3.Final.jar, C:\Users\Henrik\.ivy2\cache\com.typesafe.netty\netty-http-pipelining\jars\netty-http-pipelining-1.1.2.jar, C:\Users\Henrik\.ivy2\cache\org.slf4j\slf4j-api\jars\slf4j-api-1.7.6.jar, C:\Users\Henrik\.ivy2\cache\org.slf4j\jul-to-slf4j\jars\jul-to-slf4j-1.7.6.jar, C:\Users\Henrik\.ivy2\cache\org.slf4j\jcl-over-slf4j\jars\jcl-over-slf4j-1.7.6.jar, C:\Users\Henrik\.ivy2\cache\ch.qos.logback\logback-core\jars\logback-core-1.1.1.jar, C:\Users\Henrik\.ivy2\cache\ch.qos.logback\logback-classic\jars\logback-classic-1.1.1.jar, C:\Users\Henrik\.ivy2\cache\com.typesafe.akka\akka-actor_2.11\jars\akka-actor_2.11-2.3.4.jar, C:\Users\Henrik\.ivy2\cache\com.typesafe.akka\akka-slf4j_2.11\jars\akka-slf4j_2.11-2.3.4.jar, C:\Users\Henrik\.ivy2\cache\commons-codec\commons-codec\jars\commons-codec-1.9.jar, C:\Users\Henrik\.ivy2\cache\xerces\xercesImpl\jars\xercesImpl-2.11.0.jar, C:\Users\Henrik\.ivy2\cache\xml-apis\xml-apis\jars\xml-apis-1.4.01.jar, C:\Users\Henrik\.ivy2\cache\javax.transaction\jta\jars\jta-1.1.jar, C:\Users\Henrik\.ivy2\cache\com.typesafe.play\play-java_2.11\jars\play-java_2.11-2.3.8.jar, C:\Users\Henrik\.ivy2\cache\org.yaml\snakeyaml\bundles\snakeyaml-1.13.jar, C:\Users\Henrik\.ivy2\cache\org.hibernate\hibernate-validator\jars\hibernate-validator-5.0.3.Final.jar, C:\Users\Henrik\.ivy2\cache\javax.validation\validation-api\jars\validation-api-1.1.0.Final.jar, C:\Users\Henrik\.ivy2\cache\com.fasterxml\classmate\bundles\classmate-1.0.0.jar, C:\Users\Henrik\.ivy2\cache\org.jboss.logging\jboss-logging\jars\jboss-logging-3.2.0.Final.jar, C:\Users\Henrik\.ivy2\cache\org.springframework\spring-context\jars\spring-context-4.0.3.RELEASE.jar, C:\Users\Henrik\.ivy2\cache\org.springframework\spring-core\jars\spring-core-4.0.3.RELEASE.jar, C:\Users\Henrik\.ivy2\cache\org.springframework\spring-beans\jars\spring-beans-4.0.3.RELEASE.jar, C:\Users\Henrik\.ivy2\cache\org.javassist\javassist\bundles\javassist-3.19.0-GA.jar, C:\Users\Henrik\.ivy2\cache\org.reflections\reflections\jars\reflections-0.9.8.jar, C:\Users\Henrik\.ivy2\cache\com.google.guava\guava\bundles\guava-16.0.1.jar, C:\Users\Henrik\.ivy2\cache\dom4j\dom4j\jars\dom4j-1.6.1.jar, C:\Users\Henrik\.ivy2\cache\com.google.code.findbugs\jsr305\jars\jsr305-2.0.3.jar, C:\Users\Henrik\.ivy2\cache\org.apache.tomcat\tomcat-servlet-api\jars\tomcat-servlet-api-8.0.5.jar, C:\Users\Henrik\.ivy2\cache\mysql\mysql-connector-java\jars\mysql-connector-java-5.1.27.jar, C:\Users\Henrik\.ivy2\cache\com.typesafe.play\play-java-jdbc_2.11\jars\play-java-jdbc_2.11-2.3.8.jar, C:\Users\Henrik\.ivy2\cache\com.typesafe.play\play-jdbc_2.11\jars\play-jdbc_2.11-2.3.8.jar, C:\Users\Henrik\.ivy2\cache\com.jolbox\bonecp\bundles\bonecp-0.8.0.RELEASE.jar, C:\Users\Henrik\.ivy2\cache\com.h2database\h2\jars\h2-1.3.175.jar, C:\Users\Henrik\.ivy2\cache\tyrex\tyrex\jars\tyrex-1.0.1.jar, C:\Users\Henrik\.ivy2\cache\com.typesafe.play\play-java-ebean_2.11\jars\play-java-ebean_2.11-2.3.8.jar, C:\Users\Henrik\.ivy2\cache\org.avaje.ebeanorm\avaje-ebeanorm\jars\avaje-ebeanorm-3.3.4.jar, C:\Users\Henrik\.ivy2\cache\org.avaje.ebeanorm\avaje-ebeanorm-agent\jars\avaje-ebeanorm-agent-3.2.2.jar, C:\Users\Henrik\.ivy2\cache\org.hibernate.javax.persistence\hibernate-jpa-2.0-api\jars\hibernate-jpa-2.0-api-1.0.1.Final.jar, C:\Users\Henrik\.ivy2\cache\com.typesafe.play\play-cache_2.11\jars\play-cache_2.11-2.3.8.jar, C:\Users\Henrik\.ivy2\cache\net.sf.ehcache\ehcache-core\jars\ehcache-core-2.6.8.jar, C:\Users\Henrik\.ivy2\cache\com.typesafe.play\play-java-ws_2.11\jars\play-java-ws_2.11-2.3.8.jar, C:\Users\Henrik\.ivy2\cache\com.typesafe.play\play-ws_2.11\jars\play-ws_2.11-2.3.8.jar, C:\Users\Henrik\.ivy2\cache\com.ning\async-http-client\jars\async-http-client-1.8.15.jar, C:\Users\Henrik\.ivy2\cache\oauth.signpost\signpost-core\jars\signpost-core-1.2.1.2.jar, C:\Users\Henrik\.ivy2\cache\oauth.signpost\signpost-commonshttp4\jars\signpost-commonshttp4-1.2.1.2.jar, C:\Users\Henrik\.ivy2\cache\org.apache.httpcomponents\httpcore\jars\httpcore-4.0.1.jar, C:\Users\Henrik\.ivy2\cache\org.apache.httpcomponents\httpclient\jars\httpclient-4.0.1.jar, C:\Users\Henrik\.ivy2\cache\commons-logging\commons-logging\jars\commons-logging-1.1.1.jar),List((public/,C:\Users\Henrik\Desktop\activator-1.3.2-minimal\testApp\target\web\public\main)),List(C:\Users\Henrik\.ivy2\cache\com.typesafe.play\play-docs_2.11\jars\play-docs_2.11-2.3.8.jar, C:\Users\Henrik\.ivy2\cache\org.scala-lang\scala-library\jars\scala-library-2.11.1.jar, C:\Users\Henrik\.ivy2\cache\com.typesafe.play\play_2.11\jars\play_2.11-2.3.8.jar, C:\Users\Henrik\.ivy2\cache\com.typesafe.play\build-link\jars\build-link-2.3.8.jar, C:\Users\Henrik\.ivy2\cache\com.typesafe.play\play-exceptions\jars\play-exceptions-2.3.8.jar, C:\Users\Henrik\.ivy2\cache\org.javassist\javassist\bundles\javassist-3.18.2-GA.jar, C:\Users\Henrik\.ivy2\cache\com.typesafe.play\play-iteratees_2.11\jars\play-iteratees_2.11-2.3.8.jar, C:\Users\Henrik\.ivy2\cache\org.scala-stm\scala-stm_2.11\jars\scala-stm_2.11-0.7.jar, C:\Users\Henrik\.ivy2\cache\com.typesafe\config\bundles\config-1.2.1.jar, C:\Users\Henrik\.ivy2\cache\com.typesafe.play\play-json_2.11\jars\play-json_2.11-2.3.8.jar, C:\Users\Henrik\.ivy2\cache\com.typesafe.play\play-functional_2.11\jars\play-functional_2.11-2.3.8.jar, C:\Users\Henrik\.ivy2\cache\com.typesafe.play\play-datacommons_2.11\jars\play-datacommons_2.11-2.3.8.jar, C:\Users\Henrik\.ivy2\cache\joda-time\joda-time\jars\joda-time-2.3.jar, C:\Users\Henrik\.ivy2\cache\org.joda\joda-convert\jars\joda-convert-1.6.jar, C:\Users\Henrik\.ivy2\cache\com.fasterxml.jackson.core\jackson-annotations\bundles\jackson-annotations-2.3.2.jar, C:\Users\Henrik\.ivy2\cache\com.fasterxml.jackson.core\jackson-core\bundles\jackson-core-2.3.2.jar, C:\Users\Henrik\.ivy2\cache\com.fasterxml.jackson.core\jackson-databind\bundles\jackson-databind-2.3.2.jar, C:\Users\Henrik\.ivy2\cache\org.scala-lang\scala-reflect\jars\scala-reflect-2.11.1.jar, C:\Users\Henrik\.ivy2\cache\com.typesafe.play\twirl-api_2.11\jars\twirl-api_2.11-1.0.2.jar, C:\Users\Henrik\.ivy2\cache\org.apache.commons\commons-lang3\jars\commons-lang3-3.1.jar, C:\Users\Henrik\.ivy2\cache\org.scala-lang.modules\scala-xml_2.11\bundles\scala-xml_2.11-1.0.1.jar, C:\Users\Henrik\.ivy2\cache\org.scala-lang.modules\scala-parser-combinators_2.11\bundles\scala-parser-combinators_2.11-1.0.1.jar, C:\Users\Henrik\.ivy2\cache\io.netty\netty\bundles\netty-3.9.3.Final.jar, C:\Users\Henrik\.ivy2\cache\com.typesafe.netty\netty-http-pipelining\jars\netty-http-pipelining-1.1.2.jar, C:\Users\Henrik\.ivy2\cache\org.slf4j\slf4j-api\jars\slf4j-api-1.7.6.jar, C:\Users\Henrik\.ivy2\cache\org.slf4j\jul-to-slf4j\jars\jul-to-slf4j-1.7.6.jar, C:\Users\Henrik\.ivy2\cache\org.slf4j\jcl-over-slf4j\jars\jcl-over-slf4j-1.7.6.jar, C:\Users\Henrik\.ivy2\cache\ch.qos.logback\logback-core\jars\logback-core-1.1.1.jar, C:\Users\Henrik\.ivy2\cache\ch.qos.logback\logback-classic\jars\logback-classic-1.1.1.jar, C:\Users\Henrik\.ivy2\cache\com.typesafe.akka\akka-actor_2.11\jars\akka-actor_2.11-2.3.4.jar, C:\Users\Henrik\.ivy2\cache\com.typesafe.akka\akka-slf4j_2.11\jars\akka-slf4j_2.11-2.3.4.jar, C:\Users\Henrik\.ivy2\cache\commons-codec\commons-codec\jars\commons-codec-1.9.jar, C:\Users\Henrik\.ivy2\cache\xerces\xercesImpl\jars\xercesImpl-2.11.0.jar, C:\Users\Henrik\.ivy2\cache\xml-apis\xml-apis\jars\xml-apis-1.4.01.jar, C:\Users\Henrik\.ivy2\cache\javax.transaction\jta\jars\jta-1.1.jar, C:\Users\Henrik\.ivy2\cache\com.typesafe.play\play-doc_2.11\jars\play-doc_2.11-1.1.0.jar, C:\Users\Henrik\.ivy2\cache\org.pegdown\pegdown\jars\pegdown-1.4.0.jar, C:\Users\Henrik\.ivy2\cache\org.parboiled\parboiled-java\bundles\parboiled-java-1.1.5.jar, C:\Users\Henrik\.ivy2\cache\org.parboiled\parboiled-core\bundles\parboiled-core-1.1.5.jar, C:\Users\Henrik\.ivy2\cache\org.ow2.asm\asm\jars\asm-4.1.jar, C:\Users\Henrik\.ivy2\cache\org.ow2.asm\asm-tree\jars\asm-tree-4.1.jar, C:\Users\Henrik\.ivy2\cache\org.ow2.asm\asm-analysis\jars\asm-analysis-4.1.jar, C:\Users\Henrik\.ivy2\cache\org.ow2.asm\asm-util\jars\asm-util-4.1.jar, C:\Users\Henrik\.ivy2\cache\commons-io\commons-io\jars\commons-io-2.4.jar),List(),9000,DefaultWatchService,List(C:\Users\Henrik\Desktop\activator-1.3.2-minimal\testApp\app-2.11, C:\Users\Henrik\Desktop\activator-1.3.2-minimal\testApp\app, C:\Users\Henrik\Desktop\activator-1.3.2-minimal\testApp\conf, C:\Users\Henrik\Desktop\activator-1.3.2-minimal\testApp\app\assets, C:\Users\Henrik\Desktop\activator-1.3.2-minimal\testApp\public),C:\Users\Henrik\Desktop\activator-1.3.2-minimal\testApp\target,500,root/playForkNotifyStart,root/playForkReload,300000),scala.pickling.PicklerUnpickler$DelegatingPicklerUnpickler@79acb83c),ForkConfig(C:\Users\Henrik\Desktop\activator-1.3.2-minimal\testApp,List(),List(C:\Users\Henrik\.ivy2\cache\org.scala-lang\scala-library\jars\scala-library-2.11.1.jar, C:\Users\Henrik\.ivy2\cache\com.typesafe.play\twirl-api_2.11\jars\twirl-api_2.11-1.0.2.jar, C:\Users\Henrik\.ivy2\cache\org.apache.commons\commons-lang3\jars\commons-lang3-3.1.jar, C:\Users\Henrik\.ivy2\cache\org.scala-lang.modules\scala-xml_2.11\bundles\scala-xml_2.11-1.0.1.jar, C:\Users\Henrik\.ivy2\cache\com.typesafe.play\play_2.11\jars\play_2.11-2.3.8.jar, C:\Users\Henrik\.ivy2\cache\com.typesafe.play\build-link\jars\build-link-2.3.8.jar, C:\Users\Henrik\.ivy2\cache\com.typesafe.play\play-exceptions\jars\play-exceptions-2.3.8.jar, C:\Users\Henrik\.ivy2\cache\com.typesafe.play\play-iteratees_2.11\jars\play-iteratees_2.11-2.3.8.jar, C:\Users\Henrik\.ivy2\cache\org.scala-stm\scala-stm_2.11\jars\scala-stm_2.11-0.7.jar, C:\Users\Henrik\.ivy2\cache\com.typesafe\config\bundles\config-1.2.1.jar, C:\Users\Henrik\.ivy2\cache\com.typesafe.play\play-json_2.11\jars\play-json_2.11-2.3.8.jar, C:\Users\Henrik\.ivy2\cache\com.typesafe.play\play-functional_2.11\jars\play-functional_2.11-2.3.8.jar, C:\Users\Henrik\.ivy2\cache\com.typesafe.play\play-datacommons_2.11\jars\play-datacommons_2.11-2.3.8.jar, C:\Users\Henrik\.ivy2\cache\joda-time\joda-time\jars\joda-time-2.3.jar, C:\Users\Henrik\.ivy2\cache\org.joda\joda-convert\jars\joda-convert-1.6.jar, C:\Users\Henrik\.ivy2\cache\com.fasterxml.jackson.core\jackson-annotations\bundles\jackson-annotations-2.3.2.jar, C:\Users\Henrik\.ivy2\cache\com.fasterxml.jackson.core\jackson-core\bundles\jackson-core-2.3.2.jar, C:\Users\Henrik\.ivy2\cache\com.fasterxml.jackson.core\jackson-databind\bundles\jackson-databind-2.3.2.jar, C:\Users\Henrik\.ivy2\cache\org.scala-lang\scala-reflect\jars\scala-reflect-2.11.1.jar, C:\Users\Henrik\.ivy2\cache\org.scala-lang.modules\scala-parser-combinators_2.11\bundles\scala-parser-combinators_2.11-1.0.1.jar, C:\Users\Henrik\.ivy2\cache\io.netty\netty\bundles\netty-3.9.3.Final.jar, C:\Users\Henrik\.ivy2\cache\com.typesafe.netty\netty-http-pipelining\jars\netty-http-pipelining-1.1.2.jar, C:\Users\Henrik\.ivy2\cache\org.slf4j\slf4j-api\jars\slf4j-api-1.7.6.jar, C:\Users\Henrik\.ivy2\cache\org.slf4j\jul-to-slf4j\jars\jul-to-slf4j-1.7.6.jar, C:\Users\Henrik\.ivy2\cache\org.slf4j\jcl-over-slf4j\jars\jcl-over-slf4j-1.7.6.jar, C:\Users\Henrik\.ivy2\cache\ch.qos.logback\logback-core\jars\logback-core-1.1.1.jar, C:\Users\Henrik\.ivy2\cache\ch.qos.logback\logback-classic\jars\logback-classic-1.1.1.jar, C:\Users\Henrik\.ivy2\cache\com.typesafe.akka\akka-actor_2.11\jars\akka-actor_2.11-2.3.4.jar, C:\Users\Henrik\.ivy2\cache\com.typesafe.akka\akka-slf4j_2.11\jars\akka-slf4j_2.11-2.3.4.jar, C:\Users\Henrik\.ivy2\cache\commons-codec\commons-codec\jars\commons-codec-1.9.jar, C:\Users\Henrik\.ivy2\cache\xerces\xercesImpl\jars\xercesImpl-2.11.0.jar, C:\Users\Henrik\.ivy2\cache\xml-apis\xml-apis\jars\xml-apis-1.4.01.jar, C:\Users\Henrik\.ivy2\cache\javax.transaction\jta\jars\jta-1.1.jar, C:\Users\Henrik\.ivy2\cache\com.typesafe.play\play-java_2.11\jars\play-java_2.11-2.3.8.jar, C:\Users\Henrik\.ivy2\cache\org.yaml\snakeyaml\bundles\snakeyaml-1.13.jar, C:\Users\Henrik\.ivy2\cache\org.hibernate\hibernate-validator\jars\hibernate-validator-5.0.3.Final.jar, C:\Users\Henrik\.ivy2\cache\javax.validation\validation-api\jars\validation-api-1.1.0.Final.jar, C:\Users\Henrik\.ivy2\cache\com.fasterxml\classmate\bundles\classmate-1.0.0.jar, C:\Users\Henrik\.ivy2\cache\org.jboss.logging\jboss-logging\jars\jboss-logging-3.2.0.Final.jar, C:\Users\Henrik\.ivy2\cache\org.springframework\spring-context\jars\spring-context-4.0.3.RELEASE.jar, C:\Users\Henrik\.ivy2\cache\org.springframework\spring-core\jars\spring-core-4.0.3.RELEASE.jar, C:\Users\Henrik\.ivy2\cache\org.springframework\spring-beans\jars\spring-beans-4.0.3.RELEASE.jar, C:\Users\Henrik\.ivy2\cache\org.javassist\javassist\bundles\javassist-3.19.0-GA.jar, C:\Users\Henrik\.ivy2\cache\org.reflections\reflections\jars\reflections-0.9.8.jar, C:\Users\Henrik\.ivy2\cache\com.google.guava\guava\bundles\guava-16.0.1.jar, C:\Users\Henrik\.ivy2\cache\dom4j\dom4j\jars\dom4j-1.6.1.jar, C:\Users\Henrik\.ivy2\cache\com.google.code.findbugs\jsr305\jars\jsr305-2.0.3.jar, C:\Users\Henrik\.ivy2\cache\org.apache.tomcat\tomcat-servlet-api\jars\tomcat-servlet-api-8.0.5.jar, C:\Users\Henrik\.ivy2\cache\mysql\mysql-connector-java\jars\mysql-connector-java-5.1.27.jar, C:\Users\Henrik\.ivy2\cache\com.typesafe.play\play-java-jdbc_2.11\jars\play-java-jdbc_2.11-2.3.8.jar, C:\Users\Henrik\.ivy2\cache\com.typesafe.play\play-jdbc_2.11\jars\play-jdbc_2.11-2.3.8.jar, C:\Users\Henrik\.ivy2\cache\com.jolbox\bonecp\bundles\bonecp-0.8.0.RELEASE.jar, C:\Users\Henrik\.ivy2\cache\com.h2database\h2\jars\h2-1.3.175.jar, C:\Users\Henrik\.ivy2\cache\tyrex\tyrex\jars\tyrex-1.0.1.jar, C:\Users\Henrik\.ivy2\cache\com.typesafe.play\play-java-ebean_2.11\jars\play-java-ebean_2.11-2.3.8.jar, C:\Users\Henrik\.ivy2\cache\org.avaje.ebeanorm\avaje-ebeanorm\jars\avaje-ebeanorm-3.3.4.jar, C:\Users\Henrik\.ivy2\cache\org.avaje.ebeanorm\avaje-ebeanorm-agent\jars\avaje-ebeanorm-agent-3.2.2.jar, C:\Users\Henrik\.ivy2\cache\org.hibernate.javax.persistence\hibernate-jpa-2.0-api\jars\hibernate-jpa-2.0-api-1.0.1.Final.jar, C:\Users\Henrik\.ivy2\cache\com.typesafe.play\play-cache_2.11\jars\play-cache_2.11-2.3.8.jar, C:\Users\Henrik\.ivy2\cache\net.sf.ehcache\ehcache-core\jars\ehcache-core-2.6.8.jar, C:\Users\Henrik\.ivy2\cache\com.typesafe.play\play-java-ws_2.11\jars\play-java-ws_2.11-2.3.8.jar, C:\Users\Henrik\.ivy2\cache\com.typesafe.play\play-ws_2.11\jars\play-ws_2.11-2.3.8.jar, C:\Users\Henrik\.ivy2\cache\com.ning\async-http-client\jars\async-http-client-1.8.15.jar, C:\Users\Henrik\.ivy2\cache\oauth.signpost\signpost-core\jars\signpost-core-1.2.1.2.jar, C:\Users\Henrik\.ivy2\cache\oauth.signpost\signpost-commonshttp4\jars\signpost-commonshttp4-1.2.1.2.jar, C:\Users\Henrik\.ivy2\cache\org.apache.httpcomponents\httpcore\jars\httpcore-4.0.1.jar, C:\Users\Henrik\.ivy2\cache\org.apache.httpcomponents\httpclient\jars\httpclient-4.0.1.jar, C:\Users\Henrik\.ivy2\cache\commons-logging\commons-logging\jars\commons-logging-1.1.1.jar),List((public/,C:\Users\Henrik\Desktop\activator-1.3.2-minimal\testApp\target\web\public\main)),List(C:\Users\Henrik\.ivy2\cache\com.typesafe.play\play-docs_2.11\jars\play-docs_2.11-2.3.8.jar, C:\Users\Henrik\.ivy2\cache\org.scala-lang\scala-library\jars\scala-library-2.11.1.jar, C:\Users\Henrik\.ivy2\cache\com.typesafe.play\play_2.11\jars\play_2.11-2.3.8.jar, C:\Users\Henrik\.ivy2\cache\com.typesafe.play\build-link\jars\build-link-2.3.8.jar, C:\Users\Henrik\.ivy2\cache\com.typesafe.play\play-exceptions\jars\play-exceptions-2.3.8.jar, C:\Users\Henrik\.ivy2\cache\org.javassist\javassist\bundles\javassist-3.18.2-GA.jar, C:\Users\Henrik\.ivy2\cache\com.typesafe.play\play-iteratees_2.11\jars\play-iteratees_2.11-2.3.8.jar, C:\Users\Henrik\.ivy2\cache\org.scala-stm\scala-stm_2.11\jars\scala-stm_2.11-0.7.jar, C:\Users\Henrik\.ivy2\cache\com.typesafe\config\bundles\config-1.2.1.jar, C:\Users\Henrik\.ivy2\cache\com.typesafe.play\play-json_2.11\jars\play-json_2.11-2.3.8.jar, C:\Users\Henrik\.ivy2\cache\com.typesafe.play\play-functional_2.11\jars\play-functional_2.11-2.3.8.jar, C:\Users\Henrik\.ivy2\cache\com.typesafe.play\play-datacommons_2.11\jars\play-datacommons_2.11-2.3.8.jar, C:\Users\Henrik\.ivy2\cache\joda-time\joda-time\jars\joda-time-2.3.jar, C:\Users\Henrik\.ivy2\cache\org.joda\joda-convert\jars\joda-convert-1.6.jar, C:\Users\Henrik\.ivy2\cache\com.fasterxml.jackson.core\jackson-annotations\bundles\jackson-annotations-2.3.2.jar, C:\Users\Henrik\.ivy2\cache\com.fasterxml.jackson.core\jackson-core\bundles\jackson-core-2.3.2.jar, C:\Users\Henrik\.ivy2\cache\com.fasterxml.jackson.core\jackson-databind\bundles\jackson-databind-2.3.2.jar, C:\Users\Henrik\.ivy2\cache\org.scala-lang\scala-reflect\jars\scala-reflect-2.11.1.jar, C:\Users\Henrik\.ivy2\cache\com.typesafe.play\twirl-api_2.11\jars\twirl-api_2.11-1.0.2.jar, C:\Users\Henrik\.ivy2\cache\org.apache.commons\commons-lang3\jars\commons-lang3-3.1.jar, C:\Users\Henrik\.ivy2\cache\org.scala-lang.modules\scala-xml_2.11\bundles\scala-xml_2.11-1.0.1.jar, C:\Users\Henrik\.ivy2\cache\org.scala-lang.modules\scala-parser-combinators_2.11\bundles\scala-parser-combinators_2.11-1.0.1.jar, C:\Users\Henrik\.ivy2\cache\io.netty\netty\bundles\netty-3.9.3.Final.jar, C:\Users\Henrik\.ivy2\cache\com.typesafe.netty\netty-http-pipelining\jars\netty-http-pipelining-1.1.2.jar, C:\Users\Henrik\.ivy2\cache\org.slf4j\slf4j-api\jars\slf4j-api-1.7.6.jar, C:\Users\Henrik\.ivy2\cache\org.slf4j\jul-to-slf4j\jars\jul-to-slf4j-1.7.6.jar, C:\Users\Henrik\.ivy2\cache\org.slf4j\jcl-over-slf4j\jars\jcl-over-slf4j-1.7.6.jar, C:\Users\Henrik\.ivy2\cache\ch.qos.logback\logback-core\jars\logback-core-1.1.1.jar, C:\Users\Henrik\.ivy2\cache\ch.qos.logback\logback-classic\jars\logback-classic-1.1.1.jar, C:\Users\Henrik\.ivy2\cache\com.typesafe.akka\akka-actor_2.11\jars\akka-actor_2.11-2.3.4.jar, C:\Users\Henrik\.ivy2\cache\com.typesafe.akka\akka-slf4j_2.11\jars\akka-slf4j_2.11-2.3.4.jar, C:\Users\Henrik\.ivy2\cache\commons-codec\commons-codec\jars\commons-codec-1.9.jar, C:\Users\Henrik\.ivy2\cache\xerces\xercesImpl\jars\xercesImpl-2.11.0.jar, C:\Users\Henrik\.ivy2\cache\xml-apis\xml-apis\jars\xml-apis-1.4.01.jar, C:\Users\Henrik\.ivy2\cache\javax.transaction\jta\jars\jta-1.1.jar, C:\Users\Henrik\.ivy2\cache\com.typesafe.play\play-doc_2.11\jars\play-doc_2.11-1.1.0.jar, C:\Users\Henrik\.ivy2\cache\org.pegdown\pegdown\jars\pegdown-1.4.0.jar, C:\Users\Henrik\.ivy2\cache\org.parboiled\parboiled-java\bundles\parboiled-java-1.1.5.jar, C:\Users\Henrik\.ivy2\cache\org.parboiled\parboiled-core\bundles\parboiled-core-1.1.5.jar, C:\Users\Henrik\.ivy2\cache\org.ow2.asm\asm\jars\asm-4.1.jar, C:\Users\Henrik\.ivy2\cache\org.ow2.asm\asm-tree\jars\asm-tree-4.1.jar, C:\Users\Henrik\.ivy2\cache\org.ow2.asm\asm-analysis\jars\asm-analysis-4.1.jar, C:\Users\Henrik\.ivy2\cache\org.ow2.asm\asm-util\jars\asm-util-4.1.jar, C:\Users\Henrik\.ivy2\cache\commons-io\commons-io\jars\commons-io-2.4.jar),List(),9000,DefaultWatchService,List(C:\Users\Henrik\Desktop\activator-1.3.2-minimal\testApp\app-2.11, C:\Users\Henrik\Desktop\activator-1.3.2-minimal\testApp\app, C:\Users\Henrik\Desktop\activator-1.3.2-minimal\testApp\conf, C:\Users\Henrik\Desktop\activator-1.3.2-minimal\testApp\app\assets, C:\Users\Henrik\Desktop\activator-1.3.2-minimal\testApp\public),C:\Users\Henrik\Desktop\activator-1.3.2-minimal\testApp\target,500,root/playForkNotifyStart,root/playForkReload,300000))))
Sending msg to client play-fork-run-8e5cd4fa-ffa7-4879-8ddf-d63d870ae05c: TaskStarted(20,1162,None)
Sending msg to client play-fork-run-8e5cd4fa-ffa7-4879-8ddf-d63d870ae05c: TaskFinished(20,1162,None,true,None)
Sending msg to client play-fork-run-8e5cd4fa-ffa7-4879-8ddf-d63d870ae05c: TaskStarted(20,1161,None)
Sending msg to client play-fork-run-8e5cd4fa-ffa7-4879-8ddf-d63d870ae05c: TaskFinished(20,1161,None,true,None)
Sending msg to client play-fork-run-8e5cd4fa-ffa7-4879-8ddf-d63d870ae05c: DetachedLogEvent(LogMessage(debug,cancel strategy finish enabled=false lastCommand=Some(LastCommand(CommandExecutionWork(ExecutionId(20),{file:/C:/Users/Henrik/Desktop/activator-1.3.2-minimal/testApp/}root/*:playForkConfig,Set(LiveClient(play-fork-run 8e5cd4fa-ffa7-4879-8ddf-d63d870ae05c)),sbt.server.WorkCancellationStatus$$anon$1@2923f80e)))))
Sending msg to client play-fork-run-8e5cd4fa-ffa7-4879-8ddf-d63d870ae05c: DetachedLogEvent(LogSuccess(Total time: 0 s, completed 2015-apr-22 15:14:52))
Sending msg to client play-fork-run-8e5cd4fa-ffa7-4879-8ddf-d63d870ae05c: DetachedLogEvent(LogMessage(debug,> server-post-command-cleanup))
Sending msg to client play-fork-run-8e5cd4fa-ffa7-4879-8ddf-d63d870ae05c: ExecutionSuccess(20)
Sending msg to client play-fork-run-8e5cd4fa-ffa7-4879-8ddf-d63d870ae05c: DetachedLogEvent(LogMessage(debug,> server-handle-next-server-request))
Sending msg to client play-fork-run-8e5cd4fa-ffa7-4879-8ddf-d63d870ae05c: BackgroundJobLogEvent(3,LogMessage(info,))
Sending msg to client play-fork-run-8e5cd4fa-ffa7-4879-8ddf-d63d870ae05c: BackgroundJobLogEvent(3,LogMessage(info,--- (Running the application, auto-reloading is enabled) ---))
Sending msg to client play-fork-run-8e5cd4fa-ffa7-4879-8ddf-d63d870ae05c: BackgroundJobLogEvent(3,LogMessage(info,))
Sending msg to client play-fork-run-8e5cd4fa-ffa7-4879-8ddf-d63d870ae05c: BackgroundJobLogEvent(3,LogMessage(info,play - Listening for HTTP on /0:0:0:0:0:0:0:0:9000))
Sending msg to client play-fork-run-8e5cd4fa-ffa7-4879-8ddf-d63d870ae05c: BackgroundJobLogEvent(3,LogMessage(info,))
Sending msg to client play-fork-run-8e5cd4fa-ffa7-4879-8ddf-d63d870ae05c: BackgroundJobLogEvent(3,LogMessage(info,(Server started, use Ctrl+D to stop and go back to the console...)))
Sending msg to client play-fork-run-8e5cd4fa-ffa7-4879-8ddf-d63d870ae05c: BackgroundJobLogEvent(3,LogMessage(info,))
Got request: ExecutionRequest(root/playForkNotifyStart http://localhost:9000)
Reading next message from client.
Sending msg to client play-fork-run-8e5cd4fa-ffa7-4879-8ddf-d63d870ae05c: (8,ExecutionRequestReceived(21))
Sending msg to client play-fork-run-8e5cd4fa-ffa7-4879-8ddf-d63d870ae05c: ExecutionWaiting(21,root/playForkNotifyStart http://localhost:9000,ClientInfo(8e5cd4fa-ffa7-4879-8ddf-d63d870ae05c,play-fork-run,Play Fork Run,1,Vector()))
Sending msg to client play-fork-run-8e5cd4fa-ffa7-4879-8ddf-d63d870ae05c: ExecutionStarting(21)
Sending msg to client play-fork-run-8e5cd4fa-ffa7-4879-8ddf-d63d870ae05c: DetachedLogEvent(LogMessage(debug,> root/playForkNotifyStart http://localhost:9000))
Sending msg to client play-fork-run-8e5cd4fa-ffa7-4879-8ddf-d63d870ae05c: DetachedLogEvent(LogMessage(debug,Evaluating tasks: *:playForkNotifyStart))
Sending msg to client play-fork-run-8e5cd4fa-ffa7-4879-8ddf-d63d870ae05c: DetachedLogEvent(LogMessage(debug,Running task... Cancel: sbt.server.ServerTaskCancellation@108e474a, check cycles: false))
Sending msg to client play-fork-run-8e5cd4fa-ffa7-4879-8ddf-d63d870ae05c: DetachedLogEvent(LogMessage(debug,cancel strategy start enabled=true lastCommand=Some(LastCommand(CommandExecutionWork(ExecutionId(21),root/playForkNotifyStart http://localhost:9000,Set(LiveClient(play-fork-run 8e5cd4fa-ffa7-4879-8ddf-d63d870ae05c)),sbt.server.WorkCancellationStatus$$anon$1@6ede906b)))))
Sending msg to client play-fork-run-8e5cd4fa-ffa7-4879-8ddf-d63d870ae05c: TaskStarted(21,1240,Some(AttributeKey[sbt.SendEventService]("sendEventService") in Scope(Global)))
Sending msg to client play-fork-run-8e5cd4fa-ffa7-4879-8ddf-d63d870ae05c: TaskFinished(21,1240,Some(AttributeKey[sbt.SendEventService]("sendEventService") in Scope(Global)),true,None)
Sending msg to client play-fork-run-8e5cd4fa-ffa7-4879-8ddf-d63d870ae05c: TaskStarted(21,1239,Some(AttributeKey[scala.Function1[java.lang.String,void]]("playForkStarted") in Scope(Build: file:/C:/Users/Henrik/Desktop/activator-1.3.2-minimal/testApp/, , Project: ProjectReference(file:/C:/Users/Henrik/Desktop/activator-1.3.2-minimal/testApp/,root))))
Sending msg to client play-fork-run-8e5cd4fa-ffa7-4879-8ddf-d63d870ae05c: TaskFinished(21,1239,Some(AttributeKey[scala.Function1[java.lang.String,void]]("playForkStarted") in Scope(Build: file:/C:/Users/Henrik/Desktop/activator-1.3.2-minimal/testApp/, , Project: ProjectReference(file:/C:/Users/Henrik/Desktop/activator-1.3.2-minimal/testApp/,root))),true,None)
Sending msg to client play-fork-run-8e5cd4fa-ffa7-4879-8ddf-d63d870ae05c: TaskStarted(21,1238,Some(AttributeKey[void]("playForkNotifyStart") in Scope(Build: file:/C:/Users/Henrik/Desktop/activator-1.3.2-minimal/testApp/, , Project: ProjectReference(file:/C:/Users/Henrik/Desktop/activator-1.3.2-minimal/testApp/,root))))
Sending msg to client play-fork-run-8e5cd4fa-ffa7-4879-8ddf-d63d870ae05c: TaskEvent(1238,LazyValue(PlayServerStarted(http://localhost:9000),play.forkrun.protocol.Serializers$PlayForkrunProtocolPlayServerStartedPickler1$2$@2d98c7e5))
Sending msg to client play-fork-run-8e5cd4fa-ffa7-4879-8ddf-d63d870ae05c: TaskFinished(21,1238,Some(AttributeKey[void]("playForkNotifyStart") in Scope(Build: file:/C:/Users/Henrik/Desktop/activator-1.3.2-minimal/testApp/, , Project: ProjectReference(file:/C:/Users/Henrik/Desktop/activator-1.3.2-minimal/testApp/,root))),true,None)
Sending msg to client play-fork-run-8e5cd4fa-ffa7-4879-8ddf-d63d870ae05c: TaskStarted(21,1237,None)
Sending msg to client play-fork-run-8e5cd4fa-ffa7-4879-8ddf-d63d870ae05c: TaskFinished(21,1237,None,true,None)
Sending msg to client play-fork-run-8e5cd4fa-ffa7-4879-8ddf-d63d870ae05c: TaskStarted(21,1236,None)
Sending msg to client play-fork-run-8e5cd4fa-ffa7-4879-8ddf-d63d870ae05c: TaskFinished(21,1236,None,true,None)
Sending msg to client play-fork-run-8e5cd4fa-ffa7-4879-8ddf-d63d870ae05c: DetachedLogEvent(LogMessage(debug,cancel strategy finish enabled=false lastCommand=Some(LastCommand(CommandExecutionWork(ExecutionId(21),root/playForkNotifyStart http://localhost:9000,Set(LiveClient(play-fork-run 8e5cd4fa-ffa7-4879-8ddf-d63d870ae05c)),sbt.server.WorkCancellationStatus$$anon$1@6ede906b)))))
Sending msg to client play-fork-run-8e5cd4fa-ffa7-4879-8ddf-d63d870ae05c: DetachedLogEvent(LogSuccess(Total time: 0 s, completed 2015-apr-22 15:14:53))
Sending msg to client play-fork-run-8e5cd4fa-ffa7-4879-8ddf-d63d870ae05c: DetachedLogEvent(LogMessage(debug,> server-post-command-cleanup))
Sending msg to client play-fork-run-8e5cd4fa-ffa7-4879-8ddf-d63d870ae05c: ExecutionSuccess(21)
Sending msg to client play-fork-run-8e5cd4fa-ffa7-4879-8ddf-d63d870ae05c: DetachedLogEvent(LogMessage(debug,> server-handle-next-server-request))
Sending msg to client play-fork-run-8e5cd4fa-ffa7-4879-8ddf-d63d870ae05c: ExecutionWaiting(22,jobStop 3,ClientInfo(f411267e-e5ca-4a66-b113-9d910835878b,activator,Activator,1,Vector()))
Sending msg to client play-fork-run-8e5cd4fa-ffa7-4879-8ddf-d63d870ae05c: ExecutionStarting(22)
Sending msg to client play-fork-run-8e5cd4fa-ffa7-4879-8ddf-d63d870ae05c: DetachedLogEvent(LogMessage(debug,> jobStop 3))
Sending msg to client play-fork-run-8e5cd4fa-ffa7-4879-8ddf-d63d870ae05c: DetachedLogEvent(LogMessage(debug,Evaluating tasks: *:jobStop))
Sending msg to client play-fork-run-8e5cd4fa-ffa7-4879-8ddf-d63d870ae05c: DetachedLogEvent(LogMessage(debug,Running task... Cancel: sbt.server.ServerTaskCancellation@c977f94, check cycles: false))
Sending msg to client play-fork-run-8e5cd4fa-ffa7-4879-8ddf-d63d870ae05c: DetachedLogEvent(LogMessage(debug,cancel strategy start enabled=true lastCommand=Some(LastCommand(CommandExecutionWork(ExecutionId(22),jobStop 3,Set(LiveClient(activator f411267e-e5ca-4a66-b113-9d910835878b)),sbt.server.WorkCancellationStatus$$anon$1@420cbffe)))))
Sending msg to client play-fork-run-8e5cd4fa-ffa7-4879-8ddf-d63d870ae05c: TaskStarted(22,1243,Some(AttributeKey[void]("jobStop") in Scope(Global)))
Sending msg to client play-fork-run-8e5cd4fa-ffa7-4879-8ddf-d63d870ae05c: TaskFinished(22,1243,Some(AttributeKey[void]("jobStop") in Scope(Global)),true,None)
Sending msg to client play-fork-run-8e5cd4fa-ffa7-4879-8ddf-d63d870ae05c: BackgroundJobLogEvent(3,LogMessage(info,Stopping Play fork run ...))
Sending msg to client play-fork-run-8e5cd4fa-ffa7-4879-8ddf-d63d870ae05c: TaskStarted(22,1242,None)
Sending msg to client play-fork-run-8e5cd4fa-ffa7-4879-8ddf-d63d870ae05c: TaskFinished(22,1242,None,true,None)
Sending msg to client play-fork-run-8e5cd4fa-ffa7-4879-8ddf-d63d870ae05c: TaskStarted(22,1241,None)
Sending msg to client play-fork-run-8e5cd4fa-ffa7-4879-8ddf-d63d870ae05c: TaskFinished(22,1241,None,true,None)
Sending msg to client play-fork-run-8e5cd4fa-ffa7-4879-8ddf-d63d870ae05c: DetachedLogEvent(LogMessage(debug,cancel strategy finish enabled=false lastCommand=Some(LastCommand(CommandExecutionWork(ExecutionId(22),jobStop 3,Set(LiveClient(activator f411267e-e5ca-4a66-b113-9d910835878b)),sbt.server.WorkCancellationStatus$$anon$1@420cbffe)))))
Sending msg to client play-fork-run-8e5cd4fa-ffa7-4879-8ddf-d63d870ae05c: DetachedLogEvent(LogSuccess(Total time: 0 s, completed 2015-apr-22 15:15:13))
Sending msg to client play-fork-run-8e5cd4fa-ffa7-4879-8ddf-d63d870ae05c: DetachedLogEvent(LogMessage(debug,> server-post-command-cleanup))
Sending msg to client play-fork-run-8e5cd4fa-ffa7-4879-8ddf-d63d870ae05c: ExecutionSuccess(22)
Sending msg to client play-fork-run-8e5cd4fa-ffa7-4879-8ddf-d63d870ae05c: DetachedLogEvent(LogMessage(debug,> server-handle-next-server-request))
Got request: UnlistenToEvents()
Reading next message from client.
Sending msg to client play-fork-run-8e5cd4fa-ffa7-4879-8ddf-d63d870ae05c: (9,ReceivedResponse())
Got request: UnlistenToValue(AttributeKey[play.forkrun.protocol.ForkConfig]("playForkConfig") in Scope(Build: file:/C:/Users/Henrik/Desktop/activator-1.3.2-minimal/testApp/, , Project: ProjectReference(file:/C:/Users/Henrik/Desktop/activator-1.3.2-minimal/testApp/,root)))
Reading next message from client.
Client play-fork-run-8e5cd4fa-ffa7-4879-8ddf-d63d870ae05c EOF, shutting down.
Stopping client.
Client play-fork-run-8e5cd4fa-ffa7-4879-8ddf-d63d870ae05c thread exiting.
Dropping message (10,ReceivedResponse()) to dead client play-fork-run-8e5cd4fa-ffa7-4879-8ddf-d63d870ae05c
Dropping message (0,ReceivedResponse()) to dead client play-fork-run-8e5cd4fa-ffa7-4879-8ddf-d63d870ae05c
