New log file opened at Wed May 06 13:07:46 CEST 2015 by 638@Anderss-MacBook-Pro-2.local
jvm 638@Anderss-MacBook-Pro-2.local
jvm vmName=Java HotSpot(TM) 64-Bit Server VM vmVendor=Oracle Corporation vmVersion=24.75-b04
jvm specName=Java Virtual Machine Specification specVendor=Oracle Corporation specVersion=1.7
jvm arguments: [-Xms256m, -Xmx1024m, -XX:PermSize=64m, -XX:MaxPermSize=256m]
Starting event engine
Starting sbt command engine
Waiting for sbt command engine
Command engine arguments=List()
Command engine baseDirectory=/Users/andersdahl/Documents/pvt/testApp
Command engine initial remaining commands List(--initialize, onFailure load-failed, boot, server-send-ready-for-request, server-handle-next-server-request)
> --initialize
> initialize
> onFailure load-failed
> boot
> reload
[Loading] Scanning directory /Users/andersdahl/Documents/pvt/testApp/project
[Loading] Found non-root projects 
[Loading] Done in /Users/andersdahl/Documents/pvt/testApp/project, returning: ()
deducing auto plugins based on known facts Set(Atom(sbt.plugins.CorePlugin)) and clauses Clauses(List(Clause(Atom(sbt.plugins.JvmPlugin),Set(Atom(sbt.plugins.IvyPlugin))), Clause(Atom(sbt.plugins.JUnitXmlReportPlugin),Set(Atom(sbt.plugins.JvmPlugin))), Clause(Atom(sbt.plugins.CorePlugin),Set(Atom(sbt.plugins.IvyPlugin))), Clause(Atom(sbt.plugins.IvyPlugin),Set(Atom(sbt.plugins.JvmPlugin))), Clause(Atom(sbt.plugins.JvmPlugin),Set(Atom(sbt.plugins.JUnitXmlReportPlugin)))))
  :: deduced result: Matched(sbt.plugins.CorePlugin,sbt.plugins.IvyPlugin,sbt.plugins.JvmPlugin,sbt.plugins.JUnitXmlReportPlugin)
sorting: ns: List(sbt.plugins.CorePlugin, sbt.plugins.IvyPlugin, sbt.plugins.JvmPlugin, sbt.plugins.JUnitXmlReportPlugin)
  :: sorting:: found: List(sbt.plugins.CorePlugin) not found List(sbt.plugins.IvyPlugin, sbt.plugins.JvmPlugin, sbt.plugins.JUnitXmlReportPlugin)
  :: sorting:: found: List(sbt.plugins.CorePlugin, sbt.plugins.IvyPlugin) not found List(sbt.plugins.JvmPlugin, sbt.plugins.JUnitXmlReportPlugin)
  :: sorting:: found: List(sbt.plugins.CorePlugin, sbt.plugins.IvyPlugin, sbt.plugins.JvmPlugin) not found List(sbt.plugins.JUnitXmlReportPlugin)
  :: sorting:: found: List(sbt.plugins.CorePlugin, sbt.plugins.IvyPlugin, sbt.plugins.JvmPlugin, sbt.plugins.JUnitXmlReportPlugin) not found List()
  :: sorted deduced result: List(sbt.plugins.CorePlugin, sbt.plugins.IvyPlugin, sbt.plugins.JvmPlugin, sbt.plugins.JUnitXmlReportPlugin)
[Loading] Done in /Users/andersdahl/Documents/pvt/testApp/project, returning: (testapp-build)
Loading project definition from /Users/andersdahl/Documents/pvt/testApp/project
Running task... Cancel: sbt.TaskCancellationStrategy$Null$@588a46da, check cycles: false

Initial source changes: 
	removed:Set()
	added: Set()
	modified: Set()
Removed products: Set()
External API changes: API Changes: Set()
Modified binary dependencies: Set()
Initial directly invalidated sources: Set()

Sources indirectly invalidated by:
	product: Set()
	binary dep: Set()
	external source: Set()
All initially invalidated sources: Set()

Copy resource mappings: 
	
[Loading] Scanning directory /Users/andersdahl/Documents/pvt/testApp
[Loading] Found root project root w/ remaining 
deducing auto plugins based on known facts Set(Atom(play.PlayJava), Atom(sbt.plugins.CorePlugin)) and clauses Clauses(List(Clause(Atom(sbt.plugins.JvmPlugin),Set(Atom(sbt.plugins.IvyPlugin))), Clause(Atom(sbt.plugins.JUnitXmlReportPlugin),Set(Atom(sbt.plugins.JvmPlugin))), Clause(Atom(com.typesafe.sbt.SbtEcho),Set(Atom(sbt.plugins.JvmPlugin))), Clause(Atom(com.typesafe.sbt.SbtEcho),Set(Atom(sbt.plugins.BackgroundRunPlugin))), Clause(Atom(sbt.plugins.BackgroundRunPlugin),Set(Atom(sbt.plugins.JvmPlugin))), Clause(Atom(play.sbt.forkrun.PlayForkRun),Set(Atom(sbt.plugins.BackgroundRunPlugin))), Clause(Atom(play.sbt.forkrun.PlayForkRun),Set(Atom(play.Play))), Clause(Atom(play.sbt.forkrun.PlayForkRun),Set(Atom(sbt.plugins.SerializersPlugin))), Clause(Atom(play.Play),Set(Atom(com.typesafe.sbt.webdriver.SbtWebDriver))), Clause(Atom(play.Play),Set(Atom(play.twirl.sbt.SbtTwirl))), Clause(Atom(play.Play),Set(Atom(com.typesafe.sbt.jse.SbtJsTask))), Clause(Atom(play.PlayJava),Set(Atom(play.Play))), Clause(Atom(play.PlayScala),Set(Atom(play.Play))), Clause(Atom(play.twirl.sbt.SbtTwirl),Set(Atom(sbt.plugins.JvmPlugin))), Clause(Atom(com.typesafe.sbt.packager.archetypes.AkkaAppPackaging),Set(Atom(com.typesafe.sbt.packager.archetypes.JavaAppPackaging))), Clause(Atom(com.typesafe.sbt.packager.archetypes.JavaAppPackaging),Set(Atom(com.typesafe.sbt.packager.windows.WindowsPlugin))), Clause(Atom(com.typesafe.sbt.packager.archetypes.JavaAppPackaging),Set(Atom(com.typesafe.sbt.packager.docker.DockerPlugin))), Clause(Atom(com.typesafe.sbt.packager.archetypes.JavaAppPackaging),Set(Atom(com.typesafe.sbt.packager.debian.DebianPlugin))), Clause(Atom(com.typesafe.sbt.packager.archetypes.JavaAppPackaging),Set(Atom(com.typesafe.sbt.packager.rpm.RpmPlugin))), Clause(Atom(com.typesafe.sbt.packager.archetypes.JavaServerAppPackaging),Set(Atom(com.typesafe.sbt.packager.archetypes.JavaAppPackaging))), Clause(Atom(com.typesafe.sbt.packager.archetypes.jar.ClasspathJarPlugin),Set(Atom(com.typesafe.sbt.packager.archetypes.JavaAppPackaging))), Clause(Atom(com.typesafe.sbt.packager.debian.DebianDeployPlugin),Set(Atom(com.typesafe.sbt.packager.debian.DebianPlugin))), Clause(Atom(com.typesafe.sbt.packager.debian.DebianPlugin),Set(Atom(com.typesafe.sbt.packager.linux.LinuxPlugin))), Clause(Atom(com.typesafe.sbt.packager.debian.JDebPackaging),Set(Atom(com.typesafe.sbt.packager.debian.DebianPlugin))), Clause(Atom(com.typesafe.sbt.packager.docker.DockerPlugin),Set(Atom(com.typesafe.sbt.packager.universal.UniversalPlugin))), Clause(Atom(com.typesafe.sbt.packager.jdkpackager.JDKPackagerDeployPlugin),Set(Atom(com.typesafe.sbt.packager.jdkpackager.JDKPackagerPlugin))), Clause(Atom(com.typesafe.sbt.packager.jdkpackager.JDKPackagerPlugin),Set(Atom(com.typesafe.sbt.packager.archetypes.JavaAppPackaging))), Clause(Atom(com.typesafe.sbt.packager.jdkpackager.JDKPackagerPlugin),Set(Atom(com.typesafe.sbt.packager.archetypes.jar.ClasspathJarPlugin))), Clause(Atom(com.typesafe.sbt.packager.linux.LinuxPlugin),Set(Atom(com.typesafe.sbt.packager.universal.UniversalPlugin))), Clause(Atom(com.typesafe.sbt.packager.rpm.RpmDeployPlugin),Set(Atom(com.typesafe.sbt.packager.rpm.RpmPlugin))), Clause(Atom(com.typesafe.sbt.packager.rpm.RpmPlugin),Set(Atom(com.typesafe.sbt.packager.linux.LinuxPlugin))), Clause(Atom(com.typesafe.sbt.packager.universal.UniversalDeployPlugin),Set(Atom(com.typesafe.sbt.packager.universal.UniversalPlugin))), Clause(Atom(com.typesafe.sbt.packager.universal.UniversalPlugin),Set(Atom(com.typesafe.sbt.SbtNativePackager))), Clause(Atom(com.typesafe.sbt.packager.windows.WindowsDeployPlugin),Set(Atom(com.typesafe.sbt.packager.windows.WindowsPlugin))), Clause(Atom(com.typesafe.sbt.packager.windows.WindowsPlugin),Set(Atom(com.typesafe.sbt.packager.universal.UniversalPlugin))), Clause(Atom(com.typesafe.sbt.jse.SbtJsEngine),Set(Atom(com.typesafe.sbt.web.SbtWeb))), Clause(Atom(com.typesafe.sbt.jse.SbtJsTask),Set(Atom(com.typesafe.sbt.jse.SbtJsEngine))), Clause(Atom(com.typesafe.sbt.webdriver.SbtWebDriver),Set(Atom(com.typesafe.sbt.web.SbtWeb))), Clause(Atom(com.heroku.sbt.HerokuPlugin),Set(Atom(sbt.plugins.JvmPlugin))), Clause(Atom(com.typesafe.sbt.coffeescript.SbtCoffeeScript),Set(Atom(com.typesafe.sbt.jse.SbtJsTask))), Clause(Atom(com.typesafe.sbt.less.SbtLess),Set(Atom(com.typesafe.sbt.jse.SbtJsTask))), Clause(Atom(com.typesafe.sbt.jshint.SbtJSHint),Set(Atom(com.typesafe.sbt.jse.SbtJsTask))), Clause(Atom(com.typesafe.sbt.rjs.SbtRjs),Set(Atom(com.typesafe.sbt.jse.SbtJsTask))), Clause(Atom(com.typesafe.sbt.digest.SbtDigest),Set(Atom(com.typesafe.sbt.web.SbtWeb))), Clause(Atom(com.typesafe.sbt.mocha.SbtMocha),Set(Atom(com.typesafe.sbt.jse.SbtJsTask))), Clause(Atom(sbt.plugins.CorePlugin),Set(Atom(sbt.plugins.IvyPlugin))), Clause(Atom(sbt.plugins.IvyPlugin),Set(Atom(sbt.plugins.JvmPlugin))), Clause(Atom(sbt.plugins.JvmPlugin),Set(Atom(sbt.plugins.JUnitXmlReportPlugin))), Clause(And(Set(Atom(sbt.plugins.JvmPlugin), Atom(sbt.plugins.BackgroundRunPlugin))),Set(Atom(com.typesafe.sbt.SbtEcho))), Clause(Atom(sbt.plugins.JvmPlugin),Set(Atom(sbt.plugins.BackgroundRunPlugin))), Clause(Atom(sbt.plugins.CorePlugin),Set(Atom(sbt.plugins.InteractionServicePlugin))), Clause(Atom(sbt.plugins.CorePlugin),Set(Atom(sbt.plugins.SendEventServicePlugin))), Clause(Atom(sbt.plugins.CorePlugin),Set(Atom(sbt.plugins.SerializersPlugin))), Clause(And(Set(Atom(sbt.plugins.BackgroundRunPlugin), Atom(play.Play), Atom(sbt.plugins.SerializersPlugin))),Set(Atom(play.sbt.forkrun.PlayForkRun))), Clause(Atom(com.typesafe.sbt.web.SbtWeb),Set(Atom(com.typesafe.sbt.jse.SbtJsEngine))), Clause(Atom(com.typesafe.sbt.jse.SbtJsEngine),Set(Atom(com.typesafe.sbt.jse.SbtJsTask))), Clause(Atom(com.typesafe.sbt.web.SbtWeb),Set(Atom(com.typesafe.sbt.webdriver.SbtWebDriver))), Clause(Atom(sbt.plugins.JvmPlugin),Set(Atom(com.heroku.sbt.HerokuPlugin))), Clause(Atom(com.typesafe.sbt.jse.SbtJsTask),Set(Atom(com.typesafe.sbt.coffeescript.SbtCoffeeScript))), Clause(Atom(com.typesafe.sbt.jse.SbtJsTask),Set(Atom(com.typesafe.sbt.less.SbtLess))), Clause(Atom(com.typesafe.sbt.jse.SbtJsTask),Set(Atom(com.typesafe.sbt.jshint.SbtJSHint))), Clause(Atom(com.typesafe.sbt.jse.SbtJsTask),Set(Atom(com.typesafe.sbt.rjs.SbtRjs))), Clause(Atom(com.typesafe.sbt.web.SbtWeb),Set(Atom(com.typesafe.sbt.digest.SbtDigest))), Clause(Atom(com.typesafe.sbt.jse.SbtJsTask),Set(Atom(com.typesafe.sbt.mocha.SbtMocha)))))
  :: deduced result: Matched(sbt.plugins.CorePlugin,play.PlayJava,sbt.plugins.InteractionServicePlugin,sbt.plugins.SendEventServicePlugin,play.Play,sbt.plugins.SerializersPlugin,sbt.plugins.IvyPlugin,sbt.plugins.JvmPlugin,com.typesafe.sbt.jse.SbtJsTask,play.twirl.sbt.SbtTwirl,com.typesafe.sbt.webdriver.SbtWebDriver,com.typesafe.sbt.jshint.SbtJSHint,sbt.plugins.JUnitXmlReportPlugin,com.typesafe.sbt.mocha.SbtMocha,com.typesafe.sbt.less.SbtLess,com.typesafe.sbt.web.SbtWeb,com.typesafe.sbt.rjs.SbtRjs,com.typesafe.sbt.jse.SbtJsEngine,com.typesafe.sbt.coffeescript.SbtCoffeeScript,com.heroku.sbt.HerokuPlugin,sbt.plugins.BackgroundRunPlugin,com.typesafe.sbt.digest.SbtDigest,play.sbt.forkrun.PlayForkRun,com.typesafe.sbt.SbtEcho)
sorting: ns: List(sbt.plugins.CorePlugin, play.PlayJava, sbt.plugins.InteractionServicePlugin, sbt.plugins.SendEventServicePlugin, play.Play, sbt.plugins.SerializersPlugin, sbt.plugins.IvyPlugin, sbt.plugins.JvmPlugin, com.typesafe.sbt.jse.SbtJsTask, play.twirl.sbt.SbtTwirl, com.typesafe.sbt.webdriver.SbtWebDriver, com.typesafe.sbt.jshint.SbtJSHint, sbt.plugins.JUnitXmlReportPlugin, com.typesafe.sbt.mocha.SbtMocha, com.typesafe.sbt.less.SbtLess, com.typesafe.sbt.web.SbtWeb, com.typesafe.sbt.rjs.SbtRjs, com.typesafe.sbt.jse.SbtJsEngine, com.typesafe.sbt.coffeescript.SbtCoffeeScript, com.heroku.sbt.HerokuPlugin, sbt.plugins.BackgroundRunPlugin, com.typesafe.sbt.digest.SbtDigest, play.sbt.forkrun.PlayForkRun, com.typesafe.sbt.SbtEcho)
  :: sorting:: found: List(sbt.plugins.CorePlugin, com.typesafe.sbt.web.SbtWeb) not found List(play.PlayJava, sbt.plugins.InteractionServicePlugin, sbt.plugins.SendEventServicePlugin, play.Play, sbt.plugins.SerializersPlugin, sbt.plugins.IvyPlugin, sbt.plugins.JvmPlugin, com.typesafe.sbt.jse.SbtJsTask, play.twirl.sbt.SbtTwirl, com.typesafe.sbt.webdriver.SbtWebDriver, com.typesafe.sbt.jshint.SbtJSHint, sbt.plugins.JUnitXmlReportPlugin, com.typesafe.sbt.mocha.SbtMocha, com.typesafe.sbt.less.SbtLess, com.typesafe.sbt.rjs.SbtRjs, com.typesafe.sbt.jse.SbtJsEngine, com.typesafe.sbt.coffeescript.SbtCoffeeScript, com.heroku.sbt.HerokuPlugin, sbt.plugins.BackgroundRunPlugin, com.typesafe.sbt.digest.SbtDigest, play.sbt.forkrun.PlayForkRun, com.typesafe.sbt.SbtEcho)
  :: sorting:: found: List(sbt.plugins.CorePlugin, com.typesafe.sbt.web.SbtWeb, sbt.plugins.InteractionServicePlugin, sbt.plugins.SendEventServicePlugin, sbt.plugins.SerializersPlugin, sbt.plugins.IvyPlugin, com.typesafe.sbt.webdriver.SbtWebDriver, com.typesafe.sbt.jse.SbtJsEngine, com.typesafe.sbt.digest.SbtDigest) not found List(play.PlayJava, play.Play, sbt.plugins.JvmPlugin, com.typesafe.sbt.jse.SbtJsTask, play.twirl.sbt.SbtTwirl, com.typesafe.sbt.jshint.SbtJSHint, sbt.plugins.JUnitXmlReportPlugin, com.typesafe.sbt.mocha.SbtMocha, com.typesafe.sbt.less.SbtLess, com.typesafe.sbt.rjs.SbtRjs, com.typesafe.sbt.coffeescript.SbtCoffeeScript, com.heroku.sbt.HerokuPlugin, sbt.plugins.BackgroundRunPlugin, play.sbt.forkrun.PlayForkRun, com.typesafe.sbt.SbtEcho)
  :: sorting:: found: List(sbt.plugins.CorePlugin, com.typesafe.sbt.web.SbtWeb, sbt.plugins.InteractionServicePlugin, sbt.plugins.SendEventServicePlugin, sbt.plugins.SerializersPlugin, sbt.plugins.IvyPlugin, com.typesafe.sbt.webdriver.SbtWebDriver, com.typesafe.sbt.jse.SbtJsEngine, com.typesafe.sbt.digest.SbtDigest, sbt.plugins.JvmPlugin, com.typesafe.sbt.jse.SbtJsTask) not found List(play.PlayJava, play.Play, play.twirl.sbt.SbtTwirl, com.typesafe.sbt.jshint.SbtJSHint, sbt.plugins.JUnitXmlReportPlugin, com.typesafe.sbt.mocha.SbtMocha, com.typesafe.sbt.less.SbtLess, com.typesafe.sbt.rjs.SbtRjs, com.typesafe.sbt.coffeescript.SbtCoffeeScript, com.heroku.sbt.HerokuPlugin, sbt.plugins.BackgroundRunPlugin, play.sbt.forkrun.PlayForkRun, com.typesafe.sbt.SbtEcho)
  :: sorting:: found: List(sbt.plugins.CorePlugin, com.typesafe.sbt.web.SbtWeb, sbt.plugins.InteractionServicePlugin, sbt.plugins.SendEventServicePlugin, sbt.plugins.SerializersPlugin, sbt.plugins.IvyPlugin, com.typesafe.sbt.webdriver.SbtWebDriver, com.typesafe.sbt.jse.SbtJsEngine, com.typesafe.sbt.digest.SbtDigest, sbt.plugins.JvmPlugin, com.typesafe.sbt.jse.SbtJsTask, play.twirl.sbt.SbtTwirl, com.typesafe.sbt.jshint.SbtJSHint, sbt.plugins.JUnitXmlReportPlugin, com.typesafe.sbt.mocha.SbtMocha, com.typesafe.sbt.less.SbtLess, com.typesafe.sbt.rjs.SbtRjs, com.typesafe.sbt.coffeescript.SbtCoffeeScript, com.heroku.sbt.HerokuPlugin, sbt.plugins.BackgroundRunPlugin) not found List(play.PlayJava, play.Play, play.sbt.forkrun.PlayForkRun, com.typesafe.sbt.SbtEcho)
  :: sorting:: found: List(sbt.plugins.CorePlugin, com.typesafe.sbt.web.SbtWeb, sbt.plugins.InteractionServicePlugin, sbt.plugins.SendEventServicePlugin, sbt.plugins.SerializersPlugin, sbt.plugins.IvyPlugin, com.typesafe.sbt.webdriver.SbtWebDriver, com.typesafe.sbt.jse.SbtJsEngine, com.typesafe.sbt.digest.SbtDigest, sbt.plugins.JvmPlugin, com.typesafe.sbt.jse.SbtJsTask, play.twirl.sbt.SbtTwirl, com.typesafe.sbt.jshint.SbtJSHint, sbt.plugins.JUnitXmlReportPlugin, com.typesafe.sbt.mocha.SbtMocha, com.typesafe.sbt.less.SbtLess, com.typesafe.sbt.rjs.SbtRjs, com.typesafe.sbt.coffeescript.SbtCoffeeScript, com.heroku.sbt.HerokuPlugin, sbt.plugins.BackgroundRunPlugin, play.Play, com.typesafe.sbt.SbtEcho) not found List(play.PlayJava, play.sbt.forkrun.PlayForkRun)
  :: sorting:: found: List(sbt.plugins.CorePlugin, com.typesafe.sbt.web.SbtWeb, sbt.plugins.InteractionServicePlugin, sbt.plugins.SendEventServicePlugin, sbt.plugins.SerializersPlugin, sbt.plugins.IvyPlugin, com.typesafe.sbt.webdriver.SbtWebDriver, com.typesafe.sbt.jse.SbtJsEngine, com.typesafe.sbt.digest.SbtDigest, sbt.plugins.JvmPlugin, com.typesafe.sbt.jse.SbtJsTask, play.twirl.sbt.SbtTwirl, com.typesafe.sbt.jshint.SbtJSHint, sbt.plugins.JUnitXmlReportPlugin, com.typesafe.sbt.mocha.SbtMocha, com.typesafe.sbt.less.SbtLess, com.typesafe.sbt.rjs.SbtRjs, com.typesafe.sbt.coffeescript.SbtCoffeeScript, com.heroku.sbt.HerokuPlugin, sbt.plugins.BackgroundRunPlugin, play.Play, com.typesafe.sbt.SbtEcho, play.PlayJava, play.sbt.forkrun.PlayForkRun) not found List()
  :: sorted deduced result: List(sbt.plugins.CorePlugin, com.typesafe.sbt.web.SbtWeb, sbt.plugins.InteractionServicePlugin, sbt.plugins.SendEventServicePlugin, sbt.plugins.SerializersPlugin, sbt.plugins.IvyPlugin, com.typesafe.sbt.webdriver.SbtWebDriver, com.typesafe.sbt.jse.SbtJsEngine, com.typesafe.sbt.digest.SbtDigest, sbt.plugins.JvmPlugin, com.typesafe.sbt.jse.SbtJsTask, play.twirl.sbt.SbtTwirl, com.typesafe.sbt.jshint.SbtJSHint, sbt.plugins.JUnitXmlReportPlugin, com.typesafe.sbt.mocha.SbtMocha, com.typesafe.sbt.less.SbtLess, com.typesafe.sbt.rjs.SbtRjs, com.typesafe.sbt.coffeescript.SbtCoffeeScript, com.heroku.sbt.HerokuPlugin, sbt.plugins.BackgroundRunPlugin, play.Play, com.typesafe.sbt.SbtEcho, play.PlayJava, play.sbt.forkrun.PlayForkRun)
[Loading] Done in /Users/andersdahl/Documents/pvt/testApp, returning: (root)
Set current project to Grupp 11 App (in build file:/Users/andersdahl/Documents/pvt/testApp/)
Reapplying settings...
Set current project to Grupp 11 App (in build file:/Users/andersdahl/Documents/pvt/testApp/)
> iflast shell
> server-send-ready-for-request
> server-handle-next-server-request
> compile
Evaluating tasks: compile:compile
Running task... Cancel: sbt.server.ServerTaskCancellation@34be51e8, check cycles: false

Initial source changes: 
	removed:Set()
	added: Set()
	modified: Set(/Users/andersdahl/Documents/pvt/testApp/target/scala-2.11/src_managed/main/routes_reverseRouting.scala, /Users/andersdahl/Documents/pvt/testApp/app/controllers/QuizController.java, /Users/andersdahl/Documents/pvt/testApp/target/scala-2.11/src_managed/main/controllers/routes.java, /Users/andersdahl/Documents/pvt/testApp/app/controllers/Question.java, /Users/andersdahl/Documents/pvt/testApp/app/controllers/Answer.java, /Users/andersdahl/Documents/pvt/testApp/target/scala-2.11/src_managed/main/routes_routing.scala)
Removed products: Set()
External API changes: API Changes: Set()
Modified binary dependencies: Set()
Initial directly invalidated sources: Set(/Users/andersdahl/Documents/pvt/testApp/target/scala-2.11/src_managed/main/routes_reverseRouting.scala, /Users/andersdahl/Documents/pvt/testApp/app/controllers/QuizController.java, /Users/andersdahl/Documents/pvt/testApp/target/scala-2.11/src_managed/main/controllers/routes.java, /Users/andersdahl/Documents/pvt/testApp/app/controllers/Question.java, /Users/andersdahl/Documents/pvt/testApp/app/controllers/Answer.java, /Users/andersdahl/Documents/pvt/testApp/target/scala-2.11/src_managed/main/routes_routing.scala)

Sources indirectly invalidated by:
	product: Set()
	binary dep: Set()
	external source: Set()
All initially invalidated sources: Set(/Users/andersdahl/Documents/pvt/testApp/target/scala-2.11/src_managed/main/routes_reverseRouting.scala, /Users/andersdahl/Documents/pvt/testApp/app/controllers/QuizController.java, /Users/andersdahl/Documents/pvt/testApp/target/scala-2.11/src_managed/main/controllers/routes.java, /Users/andersdahl/Documents/pvt/testApp/app/controllers/Question.java, /Users/andersdahl/Documents/pvt/testApp/app/controllers/Answer.java, /Users/andersdahl/Documents/pvt/testApp/target/scala-2.11/src_managed/main/routes_routing.scala)

Read from stdout: Compiling 2 Scala sources and 4 Java sources to /Users/andersdahl/Documents/pvt/testApp/target/scala-2.11/classes...
Compiling 2 Scala sources and 4 Java sources to /Users/andersdahl/Documents/pvt/testApp/target/scala-2.11/classes...
Getting compiler-interface from component compiler for Scala 2.11.1
Other repositories:
Default repositories:
Getting compiler-interface from component compiler for Scala 2.11.1
Other repositories:
Default repositories:
Running cached compiler 4837ce5a, interfacing (CompilerInterface) with Scala compiler version 2.11.1
Calling Scala compiler with arguments  (CompilerInterface):
	-deprecation
	-unchecked
	-encoding
	utf8
	-bootclasspath
	/Library/Java/JavaVirtualMachines/jdk1.7.0_75.jdk/Contents/Home/jre/lib/resources.jar:/Library/Java/JavaVirtualMachines/jdk1.7.0_75.jdk/Contents/Home/jre/lib/rt.jar:/Library/Java/JavaVirtualMachines/jdk1.7.0_75.jdk/Contents/Home/jre/lib/sunrsasign.jar:/Library/Java/JavaVirtualMachines/jdk1.7.0_75.jdk/Contents/Home/jre/lib/jsse.jar:/Library/Java/JavaVirtualMachines/jdk1.7.0_75.jdk/Contents/Home/jre/lib/jce.jar:/Library/Java/JavaVirtualMachines/jdk1.7.0_75.jdk/Contents/Home/jre/lib/charsets.jar:/Library/Java/JavaVirtualMachines/jdk1.7.0_75.jdk/Contents/Home/jre/lib/jfr.jar:/Library/Java/JavaVirtualMachines/jdk1.7.0_75.jdk/Contents/Home/jre/classes:/Users/andersdahl/Desktop/activator-1.3.2/repository/org.scala-lang/scala-library/2.11.1/jars/scala-library.jar
	-classpath
	/Users/andersdahl/Documents/pvt/testApp/target/scala-2.11/classes:/Users/andersdahl/.ivy2/cache/com.typesafe.play/twirl-api_2.11/jars/twirl-api_2.11-1.0.2.jar:/Users/andersdahl/.ivy2/cache/org.apache.commons/commons-lang3/jars/commons-lang3-3.1.jar:/Users/andersdahl/.ivy2/cache/org.scala-lang.modules/scala-xml_2.11/bundles/scala-xml_2.11-1.0.1.jar:/Users/andersdahl/.ivy2/cache/com.typesafe.play/play_2.11/jars/play_2.11-2.3.8.jar:/Users/andersdahl/.ivy2/cache/com.typesafe.play/build-link/jars/build-link-2.3.8.jar:/Users/andersdahl/.ivy2/cache/com.typesafe.play/play-exceptions/jars/play-exceptions-2.3.8.jar:/Users/andersdahl/.ivy2/cache/com.typesafe.play/play-iteratees_2.11/jars/play-iteratees_2.11-2.3.8.jar:/Users/andersdahl/.ivy2/cache/org.scala-stm/scala-stm_2.11/jars/scala-stm_2.11-0.7.jar:/Users/andersdahl/.ivy2/cache/com.typesafe/config/bundles/config-1.2.1.jar:/Users/andersdahl/.ivy2/cache/com.typesafe.play/play-json_2.11/jars/play-json_2.11-2.3.8.jar:/Users/andersdahl/.ivy2/cache/com.typesafe.play/play-functional_2.11/jars/play-functional_2.11-2.3.8.jar:/Users/andersdahl/.ivy2/cache/com.typesafe.play/play-datacommons_2.11/jars/play-datacommons_2.11-2.3.8.jar:/Users/andersdahl/.ivy2/cache/joda-time/joda-time/jars/joda-time-2.3.jar:/Users/andersdahl/.ivy2/cache/org.joda/joda-convert/jars/joda-convert-1.6.jar:/Users/andersdahl/.ivy2/cache/com.fasterxml.jackson.core/jackson-annotations/bundles/jackson-annotations-2.3.2.jar:/Users/andersdahl/.ivy2/cache/com.fasterxml.jackson.core/jackson-core/bundles/jackson-core-2.3.2.jar:/Users/andersdahl/.ivy2/cache/com.fasterxml.jackson.core/jackson-databind/bundles/jackson-databind-2.3.2.jar:/Users/andersdahl/Desktop/activator-1.3.2/repository/org.scala-lang/scala-reflect/2.11.1/jars/scala-reflect.jar:/Users/andersdahl/.ivy2/cache/org.scala-lang.modules/scala-parser-combinators_2.11/bundles/scala-parser-combinators_2.11-1.0.1.jar:/Users/andersdahl/.ivy2/cache/io.netty/netty/bundles/netty-3.9.3.Final.jar:/Users/andersdahl/.ivy2/cache/com.typesafe.netty/netty-http-pipelining/jars/netty-http-pipelining-1.1.2.jar:/Users/andersdahl/.ivy2/cache/org.slf4j/slf4j-api/jars/slf4j-api-1.7.6.jar:/Users/andersdahl/.ivy2/cache/org.slf4j/jul-to-slf4j/jars/jul-to-slf4j-1.7.6.jar:/Users/andersdahl/.ivy2/cache/org.slf4j/jcl-over-slf4j/jars/jcl-over-slf4j-1.7.6.jar:/Users/andersdahl/.ivy2/cache/ch.qos.logback/logback-core/jars/logback-core-1.1.1.jar:/Users/andersdahl/.ivy2/cache/ch.qos.logback/logback-classic/jars/logback-classic-1.1.1.jar:/Users/andersdahl/Desktop/activator-1.3.2/repository/com.typesafe.akka/akka-actor_2.11/2.3.4/jars/akka-actor_2.11.jar:/Users/andersdahl/Desktop/activator-1.3.2/repository/com.typesafe.akka/akka-slf4j_2.11/2.3.4/jars/akka-slf4j_2.11.jar:/Users/andersdahl/.ivy2/cache/commons-codec/commons-codec/jars/commons-codec-1.9.jar:/Users/andersdahl/.ivy2/cache/xerces/xercesImpl/jars/xercesImpl-2.11.0.jar:/Users/andersdahl/.ivy2/cache/xml-apis/xml-apis/jars/xml-apis-1.4.01.jar:/Users/andersdahl/.ivy2/cache/javax.transaction/jta/jars/jta-1.1.jar:/Users/andersdahl/Desktop/activator-1.3.2/repository/com.typesafe.play/play-java_2.11/2.3.8/jars/play-java_2.11.jar:/Users/andersdahl/Desktop/activator-1.3.2/repository/org.yaml/snakeyaml/1.13/bundles/snakeyaml.jar:/Users/andersdahl/Desktop/activator-1.3.2/repository/org.hibernate/hibernate-validator/5.0.3.Final/jars/hibernate-validator.jar:/Users/andersdahl/Desktop/activator-1.3.2/repository/javax.validation/validation-api/1.1.0.Final/jars/validation-api.jar:/Users/andersdahl/Desktop/activator-1.3.2/repository/com.fasterxml/classmate/1.0.0/bundles/classmate.jar:/Users/andersdahl/Desktop/activator-1.3.2/repository/org.jboss.logging/jboss-logging/3.2.0.Final/jars/jboss-logging.jar:/Users/andersdahl/Desktop/activator-1.3.2/repository/org.springframework/spring-context/4.0.3.RELEASE/jars/spring-context.jar:/Users/andersdahl/Desktop/activator-1.3.2/repository/org.springframework/spring-core/4.0.3.RELEASE/jars/spring-core.jar:/Users/andersdahl/Desktop/activator-1.3.2/repository/org.springframework/spring-beans/4.0.3.RELEASE/jars/spring-beans.jar:/Users/andersdahl/Desktop/activator-1.3.2/repository/org.javassist/javassist/3.19.0-GA/bundles/javassist.jar:/Users/andersdahl/Desktop/activator-1.3.2/repository/org.reflections/reflections/0.9.8/jars/reflections.jar:/Users/andersdahl/.ivy2/cache/com.google.guava/guava/bundles/guava-16.0.1.jar:/Users/andersdahl/Desktop/activator-1.3.2/repository/dom4j/dom4j/1.6.1/jars/dom4j.jar:/Users/andersdahl/Desktop/activator-1.3.2/repository/com.google.code.findbugs/jsr305/2.0.3/jars/jsr305.jar:/Users/andersdahl/Desktop/activator-1.3.2/repository/org.apache.tomcat/tomcat-servlet-api/8.0.5/jars/tomcat-servlet-api.jar:/Users/andersdahl/.ivy2/cache/mysql/mysql-connector-java/jars/mysql-connector-java-5.1.27.jar:/Users/andersdahl/Desktop/activator-1.3.2/repository/com.typesafe.play/play-java-jdbc_2.11/2.3.8/jars/play-java-jdbc_2.11.jar:/Users/andersdahl/Desktop/activator-1.3.2/repository/com.typesafe.play/play-jdbc_2.11/2.3.8/jars/play-jdbc_2.11.jar:/Users/andersdahl/Desktop/activator-1.3.2/repository/com.jolbox/bonecp/0.8.0.RELEASE/bundles/bonecp.jar:/Users/andersdahl/Desktop/activator-1.3.2/repository/com.h2database/h2/1.3.175/jars/h2.jar:/Users/andersdahl/Desktop/activator-1.3.2/repository/tyrex/tyrex/1.0.1/jars/tyrex.jar:/Users/andersdahl/Desktop/activator-1.3.2/repository/com.typesafe.play/play-java-ebean_2.11/2.3.8/jars/play-java-ebean_2.11.jar:/Users/andersdahl/Desktop/activator-1.3.2/repository/org.avaje.ebeanorm/avaje-ebeanorm/3.3.4/jars/avaje-ebeanorm.jar:/Users/andersdahl/Desktop/activator-1.3.2/repository/org.avaje.ebeanorm/avaje-ebeanorm-agent/3.2.2/jars/avaje-ebeanorm-agent.jar:/Users/andersdahl/Desktop/activator-1.3.2/repository/org.hibernate.javax.persistence/hibernate-jpa-2.0-api/1.0.1.Final/jars/hibernate-jpa-2.0-api.jar:/Users/andersdahl/Desktop/activator-1.3.2/repository/com.typesafe.play/play-cache_2.11/2.3.8/jars/play-cache_2.11.jar:/Users/andersdahl/Desktop/activator-1.3.2/repository/net.sf.ehcache/ehcache-core/2.6.8/jars/ehcache-core.jar:/Users/andersdahl/Desktop/activator-1.3.2/repository/com.typesafe.play/play-java-ws_2.11/2.3.8/jars/play-java-ws_2.11.jar:/Users/andersdahl/.ivy2/cache/com.typesafe.play/play-ws_2.11/jars/play-ws_2.11-2.3.8.jar:/Users/andersdahl/.ivy2/cache/com.ning/async-http-client/jars/async-http-client-1.8.15.jar:/Users/andersdahl/.ivy2/cache/oauth.signpost/signpost-core/jars/signpost-core-1.2.1.2.jar:/Users/andersdahl/.ivy2/cache/oauth.signpost/signpost-commonshttp4/jars/signpost-commonshttp4-1.2.1.2.jar:/Users/andersdahl/Desktop/activator-1.3.2/repository/org.apache.httpcomponents/httpcore/4.0.1/jars/httpcore.jar:/Users/andersdahl/Desktop/activator-1.3.2/repository/org.apache.httpcomponents/httpclient/4.0.1/jars/httpclient.jar:/Users/andersdahl/.ivy2/cache/commons-logging/commons-logging/jars/commons-logging-1.1.1.jar
Read from stdout: /Users/andersdahl/Documents/pvt/testApp/app/controllers/Answer.java:16: `;' expected but `public' found.
/Users/andersdahl/Documents/pvt/testApp/app/controllers/Answer.java:16: `;' expected but `public' found.
Read from stdout: public static Result list() {
    public static Result list() {
Read from stdout: ^
    ^
Read from stdout: /Users/andersdahl/Documents/pvt/testApp/app/controllers/QuizController.java:69: `}' expected but eof found.
/Users/andersdahl/Documents/pvt/testApp/app/controllers/QuizController.java:69: `}' expected but eof found.
Read from stdout: }
}
Read from stdout: ^
 ^
Read from stdout: two errors found
two errors found
Compilation failed (CompilerInterface)
Read from stdout: (compile:compileIncremental) Compilation failed
(compile:31mcompileIncremental0m) Compilation failed
Total time: 9 s, completed 2015-maj-06 13:08:15
> server-post-command-error-handler
> server-post-command-cleanup
> server-handle-next-server-request
> {file:/Users/andersdahl/Documents/pvt/testApp/}root/compile:discoveredMainClasses
Evaluating tasks: compile:discoveredMainClasses
Running task... Cancel: sbt.server.ServerTaskCancellation@57c8df40, check cycles: false

Initial source changes: 
	removed:Set()
	added: Set()
	modified: Set(/Users/andersdahl/Documents/pvt/testApp/target/scala-2.11/src_managed/main/routes_reverseRouting.scala, /Users/andersdahl/Documents/pvt/testApp/app/controllers/QuizController.java, /Users/andersdahl/Documents/pvt/testApp/target/scala-2.11/src_managed/main/controllers/routes.java, /Users/andersdahl/Documents/pvt/testApp/app/controllers/Question.java, /Users/andersdahl/Documents/pvt/testApp/app/controllers/Answer.java, /Users/andersdahl/Documents/pvt/testApp/target/scala-2.11/src_managed/main/routes_routing.scala)
Removed products: Set()
External API changes: API Changes: Set()
Modified binary dependencies: Set()
Initial directly invalidated sources: Set(/Users/andersdahl/Documents/pvt/testApp/target/scala-2.11/src_managed/main/routes_reverseRouting.scala, /Users/andersdahl/Documents/pvt/testApp/app/controllers/QuizController.java, /Users/andersdahl/Documents/pvt/testApp/target/scala-2.11/src_managed/main/controllers/routes.java, /Users/andersdahl/Documents/pvt/testApp/app/controllers/Question.java, /Users/andersdahl/Documents/pvt/testApp/app/controllers/Answer.java, /Users/andersdahl/Documents/pvt/testApp/target/scala-2.11/src_managed/main/routes_routing.scala)

Sources indirectly invalidated by:
	product: Set()
	binary dep: Set()
	external source: Set()
All initially invalidated sources: Set(/Users/andersdahl/Documents/pvt/testApp/target/scala-2.11/src_managed/main/routes_reverseRouting.scala, /Users/andersdahl/Documents/pvt/testApp/app/controllers/QuizController.java, /Users/andersdahl/Documents/pvt/testApp/target/scala-2.11/src_managed/main/controllers/routes.java, /Users/andersdahl/Documents/pvt/testApp/app/controllers/Question.java, /Users/andersdahl/Documents/pvt/testApp/app/controllers/Answer.java, /Users/andersdahl/Documents/pvt/testApp/target/scala-2.11/src_managed/main/routes_routing.scala)

Read from stdout: Compiling 2 Scala sources and 4 Java sources to /Users/andersdahl/Documents/pvt/testApp/target/scala-2.11/classes...
Compiling 2 Scala sources and 4 Java sources to /Users/andersdahl/Documents/pvt/testApp/target/scala-2.11/classes...
Getting compiler-interface from component compiler for Scala 2.11.1
Other repositories:
Default repositories:
Getting compiler-interface from component compiler for Scala 2.11.1
Other repositories:
Default repositories:
Running cached compiler 36edacd5, interfacing (CompilerInterface) with Scala compiler version 2.11.1
Calling Scala compiler with arguments  (CompilerInterface):
	-deprecation
	-unchecked
	-encoding
	utf8
	-bootclasspath
	/Library/Java/JavaVirtualMachines/jdk1.7.0_75.jdk/Contents/Home/jre/lib/resources.jar:/Library/Java/JavaVirtualMachines/jdk1.7.0_75.jdk/Contents/Home/jre/lib/rt.jar:/Library/Java/JavaVirtualMachines/jdk1.7.0_75.jdk/Contents/Home/jre/lib/sunrsasign.jar:/Library/Java/JavaVirtualMachines/jdk1.7.0_75.jdk/Contents/Home/jre/lib/jsse.jar:/Library/Java/JavaVirtualMachines/jdk1.7.0_75.jdk/Contents/Home/jre/lib/jce.jar:/Library/Java/JavaVirtualMachines/jdk1.7.0_75.jdk/Contents/Home/jre/lib/charsets.jar:/Library/Java/JavaVirtualMachines/jdk1.7.0_75.jdk/Contents/Home/jre/lib/jfr.jar:/Library/Java/JavaVirtualMachines/jdk1.7.0_75.jdk/Contents/Home/jre/classes:/Users/andersdahl/Desktop/activator-1.3.2/repository/org.scala-lang/scala-library/2.11.1/jars/scala-library.jar
	-classpath
	/Users/andersdahl/Documents/pvt/testApp/target/scala-2.11/classes:/Users/andersdahl/.ivy2/cache/com.typesafe.play/twirl-api_2.11/jars/twirl-api_2.11-1.0.2.jar:/Users/andersdahl/.ivy2/cache/org.apache.commons/commons-lang3/jars/commons-lang3-3.1.jar:/Users/andersdahl/.ivy2/cache/org.scala-lang.modules/scala-xml_2.11/bundles/scala-xml_2.11-1.0.1.jar:/Users/andersdahl/.ivy2/cache/com.typesafe.play/play_2.11/jars/play_2.11-2.3.8.jar:/Users/andersdahl/.ivy2/cache/com.typesafe.play/build-link/jars/build-link-2.3.8.jar:/Users/andersdahl/.ivy2/cache/com.typesafe.play/play-exceptions/jars/play-exceptions-2.3.8.jar:/Users/andersdahl/.ivy2/cache/com.typesafe.play/play-iteratees_2.11/jars/play-iteratees_2.11-2.3.8.jar:/Users/andersdahl/.ivy2/cache/org.scala-stm/scala-stm_2.11/jars/scala-stm_2.11-0.7.jar:/Users/andersdahl/.ivy2/cache/com.typesafe/config/bundles/config-1.2.1.jar:/Users/andersdahl/.ivy2/cache/com.typesafe.play/play-json_2.11/jars/play-json_2.11-2.3.8.jar:/Users/andersdahl/.ivy2/cache/com.typesafe.play/play-functional_2.11/jars/play-functional_2.11-2.3.8.jar:/Users/andersdahl/.ivy2/cache/com.typesafe.play/play-datacommons_2.11/jars/play-datacommons_2.11-2.3.8.jar:/Users/andersdahl/.ivy2/cache/joda-time/joda-time/jars/joda-time-2.3.jar:/Users/andersdahl/.ivy2/cache/org.joda/joda-convert/jars/joda-convert-1.6.jar:/Users/andersdahl/.ivy2/cache/com.fasterxml.jackson.core/jackson-annotations/bundles/jackson-annotations-2.3.2.jar:/Users/andersdahl/.ivy2/cache/com.fasterxml.jackson.core/jackson-core/bundles/jackson-core-2.3.2.jar:/Users/andersdahl/.ivy2/cache/com.fasterxml.jackson.core/jackson-databind/bundles/jackson-databind-2.3.2.jar:/Users/andersdahl/Desktop/activator-1.3.2/repository/org.scala-lang/scala-reflect/2.11.1/jars/scala-reflect.jar:/Users/andersdahl/.ivy2/cache/org.scala-lang.modules/scala-parser-combinators_2.11/bundles/scala-parser-combinators_2.11-1.0.1.jar:/Users/andersdahl/.ivy2/cache/io.netty/netty/bundles/netty-3.9.3.Final.jar:/Users/andersdahl/.ivy2/cache/com.typesafe.netty/netty-http-pipelining/jars/netty-http-pipelining-1.1.2.jar:/Users/andersdahl/.ivy2/cache/org.slf4j/slf4j-api/jars/slf4j-api-1.7.6.jar:/Users/andersdahl/.ivy2/cache/org.slf4j/jul-to-slf4j/jars/jul-to-slf4j-1.7.6.jar:/Users/andersdahl/.ivy2/cache/org.slf4j/jcl-over-slf4j/jars/jcl-over-slf4j-1.7.6.jar:/Users/andersdahl/.ivy2/cache/ch.qos.logback/logback-core/jars/logback-core-1.1.1.jar:/Users/andersdahl/.ivy2/cache/ch.qos.logback/logback-classic/jars/logback-classic-1.1.1.jar:/Users/andersdahl/Desktop/activator-1.3.2/repository/com.typesafe.akka/akka-actor_2.11/2.3.4/jars/akka-actor_2.11.jar:/Users/andersdahl/Desktop/activator-1.3.2/repository/com.typesafe.akka/akka-slf4j_2.11/2.3.4/jars/akka-slf4j_2.11.jar:/Users/andersdahl/.ivy2/cache/commons-codec/commons-codec/jars/commons-codec-1.9.jar:/Users/andersdahl/.ivy2/cache/xerces/xercesImpl/jars/xercesImpl-2.11.0.jar:/Users/andersdahl/.ivy2/cache/xml-apis/xml-apis/jars/xml-apis-1.4.01.jar:/Users/andersdahl/.ivy2/cache/javax.transaction/jta/jars/jta-1.1.jar:/Users/andersdahl/Desktop/activator-1.3.2/repository/com.typesafe.play/play-java_2.11/2.3.8/jars/play-java_2.11.jar:/Users/andersdahl/Desktop/activator-1.3.2/repository/org.yaml/snakeyaml/1.13/bundles/snakeyaml.jar:/Users/andersdahl/Desktop/activator-1.3.2/repository/org.hibernate/hibernate-validator/5.0.3.Final/jars/hibernate-validator.jar:/Users/andersdahl/Desktop/activator-1.3.2/repository/javax.validation/validation-api/1.1.0.Final/jars/validation-api.jar:/Users/andersdahl/Desktop/activator-1.3.2/repository/com.fasterxml/classmate/1.0.0/bundles/classmate.jar:/Users/andersdahl/Desktop/activator-1.3.2/repository/org.jboss.logging/jboss-logging/3.2.0.Final/jars/jboss-logging.jar:/Users/andersdahl/Desktop/activator-1.3.2/repository/org.springframework/spring-context/4.0.3.RELEASE/jars/spring-context.jar:/Users/andersdahl/Desktop/activator-1.3.2/repository/org.springframework/spring-core/4.0.3.RELEASE/jars/spring-core.jar:/Users/andersdahl/Desktop/activator-1.3.2/repository/org.springframework/spring-beans/4.0.3.RELEASE/jars/spring-beans.jar:/Users/andersdahl/Desktop/activator-1.3.2/repository/org.javassist/javassist/3.19.0-GA/bundles/javassist.jar:/Users/andersdahl/Desktop/activator-1.3.2/repository/org.reflections/reflections/0.9.8/jars/reflections.jar:/Users/andersdahl/.ivy2/cache/com.google.guava/guava/bundles/guava-16.0.1.jar:/Users/andersdahl/Desktop/activator-1.3.2/repository/dom4j/dom4j/1.6.1/jars/dom4j.jar:/Users/andersdahl/Desktop/activator-1.3.2/repository/com.google.code.findbugs/jsr305/2.0.3/jars/jsr305.jar:/Users/andersdahl/Desktop/activator-1.3.2/repository/org.apache.tomcat/tomcat-servlet-api/8.0.5/jars/tomcat-servlet-api.jar:/Users/andersdahl/.ivy2/cache/mysql/mysql-connector-java/jars/mysql-connector-java-5.1.27.jar:/Users/andersdahl/Desktop/activator-1.3.2/repository/com.typesafe.play/play-java-jdbc_2.11/2.3.8/jars/play-java-jdbc_2.11.jar:/Users/andersdahl/Desktop/activator-1.3.2/repository/com.typesafe.play/play-jdbc_2.11/2.3.8/jars/play-jdbc_2.11.jar:/Users/andersdahl/Desktop/activator-1.3.2/repository/com.jolbox/bonecp/0.8.0.RELEASE/bundles/bonecp.jar:/Users/andersdahl/Desktop/activator-1.3.2/repository/com.h2database/h2/1.3.175/jars/h2.jar:/Users/andersdahl/Desktop/activator-1.3.2/repository/tyrex/tyrex/1.0.1/jars/tyrex.jar:/Users/andersdahl/Desktop/activator-1.3.2/repository/com.typesafe.play/play-java-ebean_2.11/2.3.8/jars/play-java-ebean_2.11.jar:/Users/andersdahl/Desktop/activator-1.3.2/repository/org.avaje.ebeanorm/avaje-ebeanorm/3.3.4/jars/avaje-ebeanorm.jar:/Users/andersdahl/Desktop/activator-1.3.2/repository/org.avaje.ebeanorm/avaje-ebeanorm-agent/3.2.2/jars/avaje-ebeanorm-agent.jar:/Users/andersdahl/Desktop/activator-1.3.2/repository/org.hibernate.javax.persistence/hibernate-jpa-2.0-api/1.0.1.Final/jars/hibernate-jpa-2.0-api.jar:/Users/andersdahl/Desktop/activator-1.3.2/repository/com.typesafe.play/play-cache_2.11/2.3.8/jars/play-cache_2.11.jar:/Users/andersdahl/Desktop/activator-1.3.2/repository/net.sf.ehcache/ehcache-core/2.6.8/jars/ehcache-core.jar:/Users/andersdahl/Desktop/activator-1.3.2/repository/com.typesafe.play/play-java-ws_2.11/2.3.8/jars/play-java-ws_2.11.jar:/Users/andersdahl/.ivy2/cache/com.typesafe.play/play-ws_2.11/jars/play-ws_2.11-2.3.8.jar:/Users/andersdahl/.ivy2/cache/com.ning/async-http-client/jars/async-http-client-1.8.15.jar:/Users/andersdahl/.ivy2/cache/oauth.signpost/signpost-core/jars/signpost-core-1.2.1.2.jar:/Users/andersdahl/.ivy2/cache/oauth.signpost/signpost-commonshttp4/jars/signpost-commonshttp4-1.2.1.2.jar:/Users/andersdahl/Desktop/activator-1.3.2/repository/org.apache.httpcomponents/httpcore/4.0.1/jars/httpcore.jar:/Users/andersdahl/Desktop/activator-1.3.2/repository/org.apache.httpcomponents/httpclient/4.0.1/jars/httpclient.jar:/Users/andersdahl/.ivy2/cache/commons-logging/commons-logging/jars/commons-logging-1.1.1.jar
Read from stdout: /Users/andersdahl/Documents/pvt/testApp/app/controllers/Answer.java:16: `;' expected but `public' found.
/Users/andersdahl/Documents/pvt/testApp/app/controllers/Answer.java:16: `;' expected but `public' found.
Read from stdout: public static Result list() {
    public static Result list() {
Read from stdout: ^
    ^
Read from stdout: /Users/andersdahl/Documents/pvt/testApp/app/controllers/QuizController.java:69: `}' expected but eof found.
/Users/andersdahl/Documents/pvt/testApp/app/controllers/QuizController.java:69: `}' expected but eof found.
Read from stdout: }
}
Read from stdout: ^
 ^
Read from stdout: two errors found
two errors found
Compilation failed (CompilerInterface)
Read from stdout: (compile:compileIncremental) Compilation failed
(compile:31mcompileIncremental0m) Compilation failed
Total time: 1 s, completed 2015-maj-06 13:08:16
> server-post-command-error-handler
> server-post-command-cleanup
> server-handle-next-server-request
> {file:/Users/andersdahl/Documents/pvt/testApp/}root/compile:mainClass
Evaluating tasks: compile:mainClass
Running task... Cancel: sbt.server.ServerTaskCancellation@1c8541eb, check cycles: false
Total time: 0 s, completed 2015-maj-06 13:08:16
> server-post-command-cleanup
> server-handle-next-server-request
> {file:/Users/andersdahl/Documents/pvt/testApp/}root/echo:echoTraceSupported
Evaluating tasks: echo:echoTraceSupported
Running task... Cancel: sbt.server.ServerTaskCancellation@6a500238, check cycles: false
Total time: 0 s, completed 2015-maj-06 13:08:17
> server-post-command-cleanup
> server-handle-next-server-request
> {file:/Users/andersdahl/Documents/pvt/testApp/}root/echo:echoPlayVersionReport
Evaluating tasks: echo:echoPlayVersionReport
Running task... Cancel: sbt.server.ServerTaskCancellation@553d70ce, check cycles: false
Total time: 0 s, completed 2015-maj-06 13:08:17
> server-post-command-cleanup
> server-handle-next-server-request
> {file:/Users/andersdahl/Documents/pvt/testApp/}root/echo:echoAkkaVersionReport
Evaluating tasks: echo:echoAkkaVersionReport
Running task... Cancel: sbt.server.ServerTaskCancellation@7b587649, check cycles: false
Total time: 0 s, completed 2015-maj-06 13:08:17
> server-post-command-cleanup
> server-handle-next-server-request
> {file:/Users/andersdahl/Documents/pvt/testApp/}root/compile:discoveredMainClasses
Evaluating tasks: compile:discoveredMainClasses
Running task... Cancel: sbt.server.ServerTaskCancellation@379b0d0f, check cycles: false

Initial source changes: 
	removed:Set()
	added: Set()
	modified: Set(/Users/andersdahl/Documents/pvt/testApp/target/scala-2.11/src_managed/main/routes_reverseRouting.scala, /Users/andersdahl/Documents/pvt/testApp/app/controllers/QuizController.java, /Users/andersdahl/Documents/pvt/testApp/target/scala-2.11/src_managed/main/controllers/routes.java, /Users/andersdahl/Documents/pvt/testApp/app/controllers/Question.java, /Users/andersdahl/Documents/pvt/testApp/app/controllers/Answer.java, /Users/andersdahl/Documents/pvt/testApp/target/scala-2.11/src_managed/main/routes_routing.scala)
Removed products: Set()
External API changes: API Changes: Set()
Modified binary dependencies: Set()
Initial directly invalidated sources: Set(/Users/andersdahl/Documents/pvt/testApp/target/scala-2.11/src_managed/main/routes_reverseRouting.scala, /Users/andersdahl/Documents/pvt/testApp/app/controllers/QuizController.java, /Users/andersdahl/Documents/pvt/testApp/target/scala-2.11/src_managed/main/controllers/routes.java, /Users/andersdahl/Documents/pvt/testApp/app/controllers/Question.java, /Users/andersdahl/Documents/pvt/testApp/app/controllers/Answer.java, /Users/andersdahl/Documents/pvt/testApp/target/scala-2.11/src_managed/main/routes_routing.scala)

Sources indirectly invalidated by:
	product: Set()
	binary dep: Set()
	external source: Set()
All initially invalidated sources: Set(/Users/andersdahl/Documents/pvt/testApp/target/scala-2.11/src_managed/main/routes_reverseRouting.scala, /Users/andersdahl/Documents/pvt/testApp/app/controllers/QuizController.java, /Users/andersdahl/Documents/pvt/testApp/target/scala-2.11/src_managed/main/controllers/routes.java, /Users/andersdahl/Documents/pvt/testApp/app/controllers/Question.java, /Users/andersdahl/Documents/pvt/testApp/app/controllers/Answer.java, /Users/andersdahl/Documents/pvt/testApp/target/scala-2.11/src_managed/main/routes_routing.scala)

Read from stdout: Compiling 2 Scala sources and 4 Java sources to /Users/andersdahl/Documents/pvt/testApp/target/scala-2.11/classes...
Compiling 2 Scala sources and 4 Java sources to /Users/andersdahl/Documents/pvt/testApp/target/scala-2.11/classes...
Getting compiler-interface from component compiler for Scala 2.11.1
Other repositories:
Default repositories:
Getting compiler-interface from component compiler for Scala 2.11.1
Other repositories:
Default repositories:
Running cached compiler 3d14b8c7, interfacing (CompilerInterface) with Scala compiler version 2.11.1
Calling Scala compiler with arguments  (CompilerInterface):
	-deprecation
	-unchecked
	-encoding
	utf8
	-bootclasspath
	/Library/Java/JavaVirtualMachines/jdk1.7.0_75.jdk/Contents/Home/jre/lib/resources.jar:/Library/Java/JavaVirtualMachines/jdk1.7.0_75.jdk/Contents/Home/jre/lib/rt.jar:/Library/Java/JavaVirtualMachines/jdk1.7.0_75.jdk/Contents/Home/jre/lib/sunrsasign.jar:/Library/Java/JavaVirtualMachines/jdk1.7.0_75.jdk/Contents/Home/jre/lib/jsse.jar:/Library/Java/JavaVirtualMachines/jdk1.7.0_75.jdk/Contents/Home/jre/lib/jce.jar:/Library/Java/JavaVirtualMachines/jdk1.7.0_75.jdk/Contents/Home/jre/lib/charsets.jar:/Library/Java/JavaVirtualMachines/jdk1.7.0_75.jdk/Contents/Home/jre/lib/jfr.jar:/Library/Java/JavaVirtualMachines/jdk1.7.0_75.jdk/Contents/Home/jre/classes:/Users/andersdahl/Desktop/activator-1.3.2/repository/org.scala-lang/scala-library/2.11.1/jars/scala-library.jar
	-classpath
	/Users/andersdahl/Documents/pvt/testApp/target/scala-2.11/classes:/Users/andersdahl/.ivy2/cache/com.typesafe.play/twirl-api_2.11/jars/twirl-api_2.11-1.0.2.jar:/Users/andersdahl/.ivy2/cache/org.apache.commons/commons-lang3/jars/commons-lang3-3.1.jar:/Users/andersdahl/.ivy2/cache/org.scala-lang.modules/scala-xml_2.11/bundles/scala-xml_2.11-1.0.1.jar:/Users/andersdahl/.ivy2/cache/com.typesafe.play/play_2.11/jars/play_2.11-2.3.8.jar:/Users/andersdahl/.ivy2/cache/com.typesafe.play/build-link/jars/build-link-2.3.8.jar:/Users/andersdahl/.ivy2/cache/com.typesafe.play/play-exceptions/jars/play-exceptions-2.3.8.jar:/Users/andersdahl/.ivy2/cache/com.typesafe.play/play-iteratees_2.11/jars/play-iteratees_2.11-2.3.8.jar:/Users/andersdahl/.ivy2/cache/org.scala-stm/scala-stm_2.11/jars/scala-stm_2.11-0.7.jar:/Users/andersdahl/.ivy2/cache/com.typesafe/config/bundles/config-1.2.1.jar:/Users/andersdahl/.ivy2/cache/com.typesafe.play/play-json_2.11/jars/play-json_2.11-2.3.8.jar:/Users/andersdahl/.ivy2/cache/com.typesafe.play/play-functional_2.11/jars/play-functional_2.11-2.3.8.jar:/Users/andersdahl/.ivy2/cache/com.typesafe.play/play-datacommons_2.11/jars/play-datacommons_2.11-2.3.8.jar:/Users/andersdahl/.ivy2/cache/joda-time/joda-time/jars/joda-time-2.3.jar:/Users/andersdahl/.ivy2/cache/org.joda/joda-convert/jars/joda-convert-1.6.jar:/Users/andersdahl/.ivy2/cache/com.fasterxml.jackson.core/jackson-annotations/bundles/jackson-annotations-2.3.2.jar:/Users/andersdahl/.ivy2/cache/com.fasterxml.jackson.core/jackson-core/bundles/jackson-core-2.3.2.jar:/Users/andersdahl/.ivy2/cache/com.fasterxml.jackson.core/jackson-databind/bundles/jackson-databind-2.3.2.jar:/Users/andersdahl/Desktop/activator-1.3.2/repository/org.scala-lang/scala-reflect/2.11.1/jars/scala-reflect.jar:/Users/andersdahl/.ivy2/cache/org.scala-lang.modules/scala-parser-combinators_2.11/bundles/scala-parser-combinators_2.11-1.0.1.jar:/Users/andersdahl/.ivy2/cache/io.netty/netty/bundles/netty-3.9.3.Final.jar:/Users/andersdahl/.ivy2/cache/com.typesafe.netty/netty-http-pipelining/jars/netty-http-pipelining-1.1.2.jar:/Users/andersdahl/.ivy2/cache/org.slf4j/slf4j-api/jars/slf4j-api-1.7.6.jar:/Users/andersdahl/.ivy2/cache/org.slf4j/jul-to-slf4j/jars/jul-to-slf4j-1.7.6.jar:/Users/andersdahl/.ivy2/cache/org.slf4j/jcl-over-slf4j/jars/jcl-over-slf4j-1.7.6.jar:/Users/andersdahl/.ivy2/cache/ch.qos.logback/logback-core/jars/logback-core-1.1.1.jar:/Users/andersdahl/.ivy2/cache/ch.qos.logback/logback-classic/jars/logback-classic-1.1.1.jar:/Users/andersdahl/Desktop/activator-1.3.2/repository/com.typesafe.akka/akka-actor_2.11/2.3.4/jars/akka-actor_2.11.jar:/Users/andersdahl/Desktop/activator-1.3.2/repository/com.typesafe.akka/akka-slf4j_2.11/2.3.4/jars/akka-slf4j_2.11.jar:/Users/andersdahl/.ivy2/cache/commons-codec/commons-codec/jars/commons-codec-1.9.jar:/Users/andersdahl/.ivy2/cache/xerces/xercesImpl/jars/xercesImpl-2.11.0.jar:/Users/andersdahl/.ivy2/cache/xml-apis/xml-apis/jars/xml-apis-1.4.01.jar:/Users/andersdahl/.ivy2/cache/javax.transaction/jta/jars/jta-1.1.jar:/Users/andersdahl/Desktop/activator-1.3.2/repository/com.typesafe.play/play-java_2.11/2.3.8/jars/play-java_2.11.jar:/Users/andersdahl/Desktop/activator-1.3.2/repository/org.yaml/snakeyaml/1.13/bundles/snakeyaml.jar:/Users/andersdahl/Desktop/activator-1.3.2/repository/org.hibernate/hibernate-validator/5.0.3.Final/jars/hibernate-validator.jar:/Users/andersdahl/Desktop/activator-1.3.2/repository/javax.validation/validation-api/1.1.0.Final/jars/validation-api.jar:/Users/andersdahl/Desktop/activator-1.3.2/repository/com.fasterxml/classmate/1.0.0/bundles/classmate.jar:/Users/andersdahl/Desktop/activator-1.3.2/repository/org.jboss.logging/jboss-logging/3.2.0.Final/jars/jboss-logging.jar:/Users/andersdahl/Desktop/activator-1.3.2/repository/org.springframework/spring-context/4.0.3.RELEASE/jars/spring-context.jar:/Users/andersdahl/Desktop/activator-1.3.2/repository/org.springframework/spring-core/4.0.3.RELEASE/jars/spring-core.jar:/Users/andersdahl/Desktop/activator-1.3.2/repository/org.springframework/spring-beans/4.0.3.RELEASE/jars/spring-beans.jar:/Users/andersdahl/Desktop/activator-1.3.2/repository/org.javassist/javassist/3.19.0-GA/bundles/javassist.jar:/Users/andersdahl/Desktop/activator-1.3.2/repository/org.reflections/reflections/0.9.8/jars/reflections.jar:/Users/andersdahl/.ivy2/cache/com.google.guava/guava/bundles/guava-16.0.1.jar:/Users/andersdahl/Desktop/activator-1.3.2/repository/dom4j/dom4j/1.6.1/jars/dom4j.jar:/Users/andersdahl/Desktop/activator-1.3.2/repository/com.google.code.findbugs/jsr305/2.0.3/jars/jsr305.jar:/Users/andersdahl/Desktop/activator-1.3.2/repository/org.apache.tomcat/tomcat-servlet-api/8.0.5/jars/tomcat-servlet-api.jar:/Users/andersdahl/.ivy2/cache/mysql/mysql-connector-java/jars/mysql-connector-java-5.1.27.jar:/Users/andersdahl/Desktop/activator-1.3.2/repository/com.typesafe.play/play-java-jdbc_2.11/2.3.8/jars/play-java-jdbc_2.11.jar:/Users/andersdahl/Desktop/activator-1.3.2/repository/com.typesafe.play/play-jdbc_2.11/2.3.8/jars/play-jdbc_2.11.jar:/Users/andersdahl/Desktop/activator-1.3.2/repository/com.jolbox/bonecp/0.8.0.RELEASE/bundles/bonecp.jar:/Users/andersdahl/Desktop/activator-1.3.2/repository/com.h2database/h2/1.3.175/jars/h2.jar:/Users/andersdahl/Desktop/activator-1.3.2/repository/tyrex/tyrex/1.0.1/jars/tyrex.jar:/Users/andersdahl/Desktop/activator-1.3.2/repository/com.typesafe.play/play-java-ebean_2.11/2.3.8/jars/play-java-ebean_2.11.jar:/Users/andersdahl/Desktop/activator-1.3.2/repository/org.avaje.ebeanorm/avaje-ebeanorm/3.3.4/jars/avaje-ebeanorm.jar:/Users/andersdahl/Desktop/activator-1.3.2/repository/org.avaje.ebeanorm/avaje-ebeanorm-agent/3.2.2/jars/avaje-ebeanorm-agent.jar:/Users/andersdahl/Desktop/activator-1.3.2/repository/org.hibernate.javax.persistence/hibernate-jpa-2.0-api/1.0.1.Final/jars/hibernate-jpa-2.0-api.jar:/Users/andersdahl/Desktop/activator-1.3.2/repository/com.typesafe.play/play-cache_2.11/2.3.8/jars/play-cache_2.11.jar:/Users/andersdahl/Desktop/activator-1.3.2/repository/net.sf.ehcache/ehcache-core/2.6.8/jars/ehcache-core.jar:/Users/andersdahl/Desktop/activator-1.3.2/repository/com.typesafe.play/play-java-ws_2.11/2.3.8/jars/play-java-ws_2.11.jar:/Users/andersdahl/.ivy2/cache/com.typesafe.play/play-ws_2.11/jars/play-ws_2.11-2.3.8.jar:/Users/andersdahl/.ivy2/cache/com.ning/async-http-client/jars/async-http-client-1.8.15.jar:/Users/andersdahl/.ivy2/cache/oauth.signpost/signpost-core/jars/signpost-core-1.2.1.2.jar:/Users/andersdahl/.ivy2/cache/oauth.signpost/signpost-commonshttp4/jars/signpost-commonshttp4-1.2.1.2.jar:/Users/andersdahl/Desktop/activator-1.3.2/repository/org.apache.httpcomponents/httpcore/4.0.1/jars/httpcore.jar:/Users/andersdahl/Desktop/activator-1.3.2/repository/org.apache.httpcomponents/httpclient/4.0.1/jars/httpclient.jar:/Users/andersdahl/.ivy2/cache/commons-logging/commons-logging/jars/commons-logging-1.1.1.jar
Read from stdout: /Users/andersdahl/Documents/pvt/testApp/app/controllers/Answer.java:16: `;' expected but `public' found.
/Users/andersdahl/Documents/pvt/testApp/app/controllers/Answer.java:16: `;' expected but `public' found.
Read from stdout: public static Result list() {
    public static Result list() {
Read from stdout: ^
    ^
Read from stdout: /Users/andersdahl/Documents/pvt/testApp/app/controllers/QuizController.java:69: `}' expected but eof found.
/Users/andersdahl/Documents/pvt/testApp/app/controllers/QuizController.java:69: `}' expected but eof found.
Read from stdout: }
}
Read from stdout: ^
 ^
Read from stdout: two errors found
two errors found
Compilation failed (CompilerInterface)
Read from stdout: (compile:compileIncremental) Compilation failed
(compile:31mcompileIncremental0m) Compilation failed
Total time: 1 s, completed 2015-maj-06 13:08:18
> server-post-command-error-handler
> server-post-command-cleanup
> server-handle-next-server-request
> {file:/Users/andersdahl/Documents/pvt/testApp/}root/compile:mainClass
Evaluating tasks: compile:mainClass
Running task... Cancel: sbt.server.ServerTaskCancellation@3a98bcdd, check cycles: false
Total time: 0 s, completed 2015-maj-06 13:08:18
> server-post-command-cleanup
> server-handle-next-server-request
> {file:/Users/andersdahl/Documents/pvt/testApp/}root/echo:echoTraceSupported
Evaluating tasks: echo:echoTraceSupported
Running task... Cancel: sbt.server.ServerTaskCancellation@39ca7988, check cycles: false
Total time: 0 s, completed 2015-maj-06 13:08:18
> server-post-command-cleanup
> server-handle-next-server-request
> {file:/Users/andersdahl/Documents/pvt/testApp/}root/echo:echoPlayVersionReport
Evaluating tasks: echo:echoPlayVersionReport
Running task... Cancel: sbt.server.ServerTaskCancellation@7d888aed, check cycles: false
Total time: 0 s, completed 2015-maj-06 13:08:18
> server-post-command-cleanup
> server-handle-next-server-request
